Script started on 2014년 01월 12일 (일) 오후 11시 50분 58초
scripts/kconfig/conf --silentoldconfig Kconfig
  CHK     include/linux/version.h
  CHK     include/generated/utsrelease.h
  UPD     include/generated/utsrelease.h
make[1]: `include/generated/mach-types.h'는 이미 갱신되었습니다.
  CC      arch/arm/kernel/asm-offsets.s
  GEN     include/generated/asm-offsets.h
  CALL    scripts/checksyscalls.sh
  CC      arch/arm/common/gic.o
  CC      arch/arm/common/cpaccess.o
  CC      arch/arm/vfp/vfpmodule.o
  CC      arch/arm/perfmon/perf-function-hooks.o
  CC      init/main.o
  CC      ipc/util.o
  CC      security/keys/gc.o
  CC      arch/arm/mm/dma-mapping.o
  CC      drivers/base/core.o
  CC      block/elevator.o
  CC      security/keys/key.o
  CC      arch/arm/kernel/elf.o
  AS      arch/arm/vfp/entry.o
  AS      arch/arm/vfp/vfphw.o
  LD      arch/arm/vfp/vfp.o
  AS      arch/arm/kernel/entry-armv.o
  CC      ipc/msgutil.o
  CC      crypto/api.o
  CC      arch/arm/mm/extable.o
  AS      arch/arm/kernel/entry-common.o
  CC      security/keys/keyring.o
  CC [M]  arch/arm/perfmon/perf-v7.o
  LD      arch/arm/common/built-in.o
  CC      security/keys/keyctl.o
  CC      mm/filemap.o
  CC      mm/mempool.o
  LD      arch/arm/vfp/built-in.o
  CC      drivers/base/bus.o
  CC      security/keys/permission.o
  CC      arch/arm/kernel/irq.o
  CC      ipc/msg.o
  CC      arch/arm/mm/fault.o
  CC      fs/open.o
  CC [M]  arch/arm/perfmon/per.o
  CC      kernel/fork.o
  CC [M]  arch/arm/perfmon/per-process-perf.o
  CC      arch/arm/mach-msm/io.o
  CC      arch/arm/kernel/opcodes.o
  CC      arch/arm/kernel/process.o
arch/arm/perfmon/per-process-perf.c: In function 'per_process_create_results_proc':
arch/arm/perfmon/per-process-perf.c:438:3: error: invalid use of flexible array member
arch/arm/perfmon/per-process-perf.c: In function 'per_process_create_l2_results_proc':
arch/arm/perfmon/per-process-perf.c:461:3: error: invalid use of flexible array member
make[1]: *** [arch/arm/perfmon/per-process-perf.o] 오류 1
make: *** [arch/arm/perfmon] 오류 2
make: *** 끝나지 않은 작업을 기다리고 있습니다....
  CC      arch/arm/kernel/ptrace.o
  CC      mm/oom_kill.o
  CC      block/blk-core.o
  CC      arch/arm/kernel/return_address.o
  CC      security/keys/process_keys.o
  CHK     include/generated/compile.h
  CC      crypto/cipher.o
  CC      drivers/base/dd.o
  CC      arch/arm/mach-msm/dma.o
  CC      arch/arm/mm/init.o
  CC      ipc/sem.o
  CC      init/do_mounts.o
  CC      security/keys/request_key.o
arch/arm/kernel/return_address.c:62:2: warning: #warning "TODO: return_address should use unwind tables" [-Wcpp]
  CC      fs/read_write.o
arch/arm/kernel/return_address.c:62:2: warning: #warning "TODO: return_address should use unwind tables" [-Wcpp]
  CC      arch/arm/kernel/sched_clock.o
  CC      arch/arm/kernel/setup.o
  CC      crypto/compress.o
  CC      arch/arm/kernel/signal.o
  CC      drivers/base/syscore.o
  CC      fs/file_table.o
  CC      fs/super.o
  CC      security/keys/request_key_auth.o
  CC      fs/char_dev.o
  CC      arch/arm/mach-msm/memory.o
  CC      crypto/algapi.o
  CC      mm/fadvise.o
  CC      drivers/base/driver.o
  CC      arch/arm/mm/iomap.o
  CC      init/do_mounts_rd.o
  CC      security/keys/user_defined.o
  CC      arch/arm/mm/fault-armv.o
  CC      drivers/base/class.o
  CC      arch/arm/kernel/stacktrace.o
  CC      drivers/block/brd.o
  CC      security/keys/proc.o
  CC      mm/maccess.o
  CC      fs/stat.o
  CC      arch/arm/mach-msm/timer.o
  CC      ipc/shm.o
  CC      fs/exec.o
  CC      arch/arm/mm/flush.o
  CC      arch/arm/kernel/sys_arm.o
  CC      security/keys/sysctl.o
  CC      kernel/exec_domain.o
  CC      mm/page_alloc.o
  CC      init/do_mounts_initrd.o
  LD      security/keys/built-in.o
  CC      arch/arm/kernel/time.o
  CC      security/commoncap.o
  CC      drivers/base/platform.o
  CC      drivers/block/loop.o
  CC      crypto/scatterwalk.o
  CC      fs/pipe.o
  CC      arch/arm/kernel/traps.o
  CC      arch/arm/mm/idmap.o
  CC      fs/namei.o
  CC      arch/arm/kernel/cpuidle.o
  CC      init/initramfs.o
  CC      arch/arm/mach-msm/clock.o
  CC      arch/arm/kernel/armksyms.o
  CC      kernel/panic.o
  CC      ipc/ipcns_notifier.o
  CC      arch/arm/mm/ioremap.o
  CC      security/min_addr.o
  CC      ipc/ipc_sysctl.o
  CC      drivers/base/cpu.o
  CC      crypto/proc.o
  CC      crypto/ablkcipher.o
  CC      arch/arm/mach-msm/clock-voter.o
  CC      kernel/printk.o
  LD      security/built-in.o
  CC      kernel/cpu.o
  CC      arch/arm/kernel/module.o
  CC      init/version.o
  CC      block/blk-tag.o
  LD      ipc/built-in.o
  CC      kernel/exit.o
  CC      arch/arm/mm/mmap.o
  CC      arch/arm/mach-msm/clock-dummy.o
  CC      drivers/base/firmware.o
  CC      crypto/blkcipher.o
  LD      init/mounts.o
  LD      init/built-in.o
  CC      fs/fcntl.o
  CC      arch/arm/mach-msm/modem_notifier.o
  CC      arch/arm/mach-msm/subsystem_map.o
  AS      arch/arm/kernel/sleep.o
  CC      drivers/base/map.o
  CC      arch/arm/kernel/suspend.o
  LD      drivers/block/built-in.o
  CC      arch/arm/mm/pgd.o
  CC      drivers/bluetooth/hci_ldisc.o
  CC      fs/ioctl.o
  CC      arch/arm/mach-msm/cpufreq.o
  CC      drivers/base/devres.o
  CC      arch/arm/mach-msm/nohlt.o
  CC      block/blk-sysfs.o
  CC      arch/arm/kernel/smp.o
  CC      crypto/ahash.o
  CC      arch/arm/mm/mmu.o
  CC      kernel/itimer.o
  CC      mm/page-writeback.o
  CC      crypto/shash.o
  CC      arch/arm/mach-msm/clock-debug.o
  CC      drivers/base/attribute_container.o
  CC      fs/readdir.o
  CC      fs/select.o
  CC      drivers/bluetooth/hci_h4.o
  CC      arch/arm/kernel/smp_tlb.o
  CC      mm/readahead.o
  CC      kernel/time.o
  CC      block/blk-flush.o
  CC      block/blk-settings.o
  CC      drivers/base/topology.o
  CC      crypto/algboss.o
  CC      arch/arm/kernel/smp_scu.o
  CC      arch/arm/mach-msm/pmu.o
  CC      arch/arm/mm/vmregion.o
  CC      fs/fifo.o
  CC      drivers/base/sys.o
  CC      kernel/softirq.o
  CC      arch/arm/kernel/kprobes.o
  CC      fs/dcache.o
  CC      crypto/testmgr.o
  CC      drivers/bluetooth/hci_ibs.o
  CC      crypto/crypto_wq.o
  CC      kernel/resource.o
  CC      block/blk-ioc.o
  CC      arch/arm/mach-msm/perf_event_msm_l2.o
  CC      arch/arm/mm/proc-syms.o
  CC      fs/inode.o
  CC      fs/attr.o
  CC      block/blk-map.o
  CC      crypto/aead.o
  CC      drivers/base/power/common.o
  CC      fs/bad_inode.o
  CC      arch/arm/kernel/kprobes-common.o
  CC      arch/arm/kernel/patch.o
  CC      arch/arm/mm/alignment.o
  CC      arch/arm/mach-msm/perf_debug.o
  CC      drivers/base/power/qos.o
  CC      fs/file.o
  CC      arch/arm/kernel/kprobes-arm.o
  CC      mm/swap.o
  CC      kernel/sysctl.o
  CC      kernel/sysctl_binary.o
  CC      arch/arm/mach-msm/platsmp.o
  CC      block/blk-exec.o
  CC      kernel/capability.o
  CC      crypto/chainiv.o
  LD      drivers/bluetooth/hci_uart.o
  LD      drivers/bluetooth/built-in.o
  CC      arch/arm/kernel/unwind.o
  CC      arch/arm/mach-msm/hotplug.o
  CC      arch/arm/mm/highmem.o
  CC      drivers/base/power/main.o
  CC      arch/arm/kernel/swp_emulate.o
  CC      arch/arm/mach-msm/jtag.o
  CC      crypto/eseqiv.o
  CC      arch/arm/mach-msm/etm.o
  CC      kernel/ptrace.o
kernel/sysctl_binary.c:527:13: error: 'NET_IPV6_ACCEPT_RA_PREFIX_ROUTE' undeclared here (not in a function)
  CC      fs/filesystems.o
make[1]: *** [kernel/sysctl_binary.o] 오류 1
make[1]: *** 끝나지 않은 작업을 기다리고 있습니다....
  CC      fs/namespace.o
  CC      arch/arm/kernel/hw_breakpoint.o
  LD      crypto/crypto_hash.o
  CC      crypto/pcompress.o
  CC      block/blk-merge.o
  CC      mm/truncate.o
  AS      arch/arm/mm/cache-v7.o
  CC      arch/arm/mm/copypage-v6.o
  CC      fs/seq_file.o
  CC      block/blk-softirq.o
  LD      crypto/cryptomgr.o
  CC      crypto/hmac.o
  CC      arch/arm/mm/context.o
  CC      crypto/xcbc.o
  CC      drivers/base/power/wakeup.o
  CC      drivers/base/power/runtime.o
  CC      drivers/base/power/clock_ops.o
  CC      fs/xattr.o
  CC      arch/arm/mach-msm/scm.o
  AS      arch/arm/mm/tlb-v7.o
  CC      arch/arm/kernel/pmu.o
  AS      arch/arm/mm/proc-v7.o
  CC      arch/arm/kernel/perf_event.o
  CC      mm/vmscan.o
make: *** [kernel] 오류 2
  CC      mm/shmem.o
  LD      arch/arm/mm/built-in.o
  CC      mm/prio_tree.o
  CC      crypto/crypto_null.o
  CC      crypto/md4.o
  CC      block/blk-timeout.o
  CC      block/blk-iopoll.o
  CC      fs/libfs.o
  CC      fs/fs-writeback.o
  CC      arch/arm/mach-msm/scm-boot.o
  CC      arch/arm/mach-msm/scm-io.o
  CC      arch/arm/kernel/topology.o
  CC      crypto/md5.o
  CC      arch/arm/mach-msm/peripheral-loader.o
  CC      arch/arm/mach-msm/scm-pas.o
  CC      crypto/sha1_generic.o
  CC      crypto/sha256_generic.o
  CC      arch/arm/kernel/io.o
  CC      fs/pnode.o
  AS      arch/arm/kernel/head.o
  CC      block/blk-lib.o
  CC      crypto/ecb.o
  CC      block/ioctl.o
  CC      arch/arm/kernel/init_task.o
  CC      arch/arm/mach-msm/peripheral-reset.o
  CC      fs/drop_caches.o
  LD      drivers/base/power/built-in.o
  CC      crypto/cbc.o
  CC      drivers/base/regmap/regmap.o
  CC      arch/arm/mach-msm/pil-q6v3.o
  CC      fs/splice.o
  CC      crypto/des_generic.o
  CC      fs/sync.o
  CC      arch/arm/mach-msm/pil-tzapps.o
  LDS     arch/arm/kernel/vmlinux.lds
  CC      fs/utimes.o
  CC      drivers/base/regmap/regcache.o
  CC      block/genhd.o
  CC      arch/arm/mach-msm/pil-modem.o
  CC      crypto/twofish_generic.o
  CC      crypto/twofish_common.o
  CC      block/scsi_ioctl.o
  CC      crypto/aes_generic.o
  LD      arch/arm/kernel/built-in.o
  CC      arch/arm/mach-msm/sdio_al.o
  CC      drivers/base/regmap/regcache-rbtree.o
  CC      block/partition-generic.o
  CC      fs/fs_struct.o
  CC      mm/util.o
  CC      mm/mmzone.o
  CC      crypto/arc4.o
  CC      drivers/base/regmap/regcache-lzo.o
  CC      mm/vmstat.o
  CC      crypto/deflate.o
  CC      crypto/crc32c.o
  CC      block/partitions/check.o
  CC      fs/statfs.o
  CC      fs/buffer.o
  CC      crypto/authenc.o
  CC      drivers/base/regmap/regmap-debugfs.o
  CC      fs/bio.o
  CC      crypto/authencesn.o
  CC      mm/backing-dev.o
  CC      block/bsg.o
  CC      crypto/rng.o
  CC      block/noop-iosched.o
  CC      block/partitions/msdos.o
  CC      drivers/base/regmap/regmap-i2c.o
  CC      drivers/base/regmap/regmap-spi.o
  CC      crypto/krng.o
  CC      fs/block_dev.o
  CC      fs/direct-io.o
  CC      mm/page_isolation.o
  CC      block/deadline-iosched.o
  CC [M]  crypto/ansi_cprng.o
  CC      drivers/base/dma-mapping.o
  CC      drivers/base/dma-coherent.o
  LD      drivers/base/regmap/built-in.o
  CC      mm/mm_init.o
  CC      drivers/base/dma-buf.o
  LD      block/partitions/built-in.o
  CC      block/cfq-iosched.o
  CC [M]  block/test-iosched.o
  CC      mm/mmu_context.o
  CC      mm/percpu.o
  CC      mm/compaction.o
  CC      drivers/base/genlock.o
  CC      mm/fremap.o
  CC      mm/highmem.o
  CC      drivers/base/firmware_class.o
  LD      crypto/crypto.o
  LD      crypto/crypto_algapi.o
  LD      crypto/crypto_blkcipher.o
  CC      mm/madvise.o
  LD      crypto/built-in.o
  CC      fs/mpage.o
  CC      drivers/base/module.o
  CC      mm/memory.o
  CC      mm/mincore.o
  CC      mm/mlock.o
  CC      mm/mmap.o
  CC      arch/arm/mach-msm/sdio_al_test.o
  CC      fs/ioprio.o
  CC      fs/proc_namespace.o
  CC      mm/mprotect.o
  CC      mm/mremap.o
  CC      mm/msync.o
  LD      drivers/base/built-in.o
  CC      mm/rmap.o
  CC      drivers/char/mem.o
  CC      fs/cifs/cifsfs.o
  CC      mm/vmalloc.o
  CC      fs/debugfs/inode.o
  CC      mm/pagewalk.o
  CC      fs/devpts/inode.o
  LD      block/built-in.o
  CC      mm/pgtable-generic.o
  CC      mm/process_vm_access.o
  CC      arch/arm/mach-msm/sdio_al_dloader.o
  CC      arch/arm/mach-msm/sdio_dmux.o
  CC      mm/init-mm.o
  CC      fs/ecryptfs/dentry.o
  CC      drivers/char/random.o
  CC      mm/bootmem.o
  CC      mm/memblock.o
  LD      fs/devpts/devpts.o
  LD      fs/devpts/built-in.o
  CC      fs/ext2/balloc.o
  CC      fs/ecryptfs/file.o
  CC      fs/debugfs/file.o
  CC      mm/bounce.o
  CC      mm/page_io.o
  CC      mm/swap_state.o
  CC      fs/cifs/cifssmb.o
  CC      mm/swapfile.o
  CC      fs/ecryptfs/inode.o
  CC      mm/thrash.o
  CC      mm/dmapool.o
  CC      drivers/char/misc.o
  CC      mm/slub.o
  LD      fs/debugfs/debugfs.o
  LD      fs/debugfs/built-in.o
  CC      mm/migrate.o
  CC      fs/ext3/balloc.o
  CC      arch/arm/mach-msm/smem_log.o
  CC      arch/arm/mach-msm/smd.o
  CC      fs/ecryptfs/main.o
  CC      fs/ext2/dir.o
  CC      arch/arm/mach-msm/smd_debug.o
  CC      fs/ext4/balloc.o
  CC      drivers/char/diag/diagchar_core.o
  CC      drivers/char/diag/diagchar_hdlc.o
  CC      fs/ext4/bitmap.o
  CC      fs/ecryptfs/super.o
  CC      fs/ext2/file.o
  CC      fs/ecryptfs/mmap.o
  CC      drivers/char/diag/diagfwd.o
  CC      fs/ext4/dir.o
  CC      arch/arm/mach-msm/remote_spinlock.o
  CC      drivers/char/diag/diagmem.o
  CC      drivers/char/diag/diagfwd_cntl.o
  CC      fs/ext2/ialloc.o
  CC      fs/ecryptfs/read_write.o
  CC      arch/arm/mach-msm/smd_private.o
  CC      fs/ext4/file.o
  CC      fs/ext4/fsync.o
  CC      drivers/char/diag/diag_dci.o
  CC      fs/ecryptfs/crypto.o
  CC      arch/arm/mach-msm/socinfo.o
  CC      arch/arm/mach-msm/sdio_tty.o
  CC      drivers/char/diag/diag_masks.o
  CC      fs/ext4/ialloc.o
  CC      fs/ext3/bitmap.o
  CC      fs/ext3/dir.o
  CC      fs/ext2/inode.o
  CC      fs/ext4/inode.o
  CC      fs/ext4/page-io.o
  CC      arch/arm/mach-msm/smd_tty.o
  CC      fs/ext3/file.o
  CC      drivers/char/diag/diag_debugfs.o
  CC      arch/arm/mach-msm/smd_pkt.o
  CC      fs/ext3/fsync.o
  LD      mm/built-in.o
  CC      drivers/char/diag/diagfwd_sdio.o
  CC      fs/ext3/ialloc.o
  CC      fs/ext3/inode.o
  CC      fs/ext3/ioctl.o
  LD      drivers/char/diag/diagchar.o
  CC      fs/fat/cache.o
  CC      arch/arm/mach-msm/sdio_cmux.o
  CC      fs/ext3/namei.o
  CC      fs/ecryptfs/keystore.o
  CC      fs/ext4/ioctl.o
  CC      fs/ext2/ioctl.o
  CC      fs/ext4/namei.o
  CC      fs/ext4/super.o
  LD      drivers/char/diag/built-in.o
  CC      drivers/char/hw_random/core.o
  CC      arch/arm/mach-msm/msm_dsps.o
  CC      fs/ecryptfs/messaging.o
  CC      fs/fat/dir.o
  CC      fs/ext2/namei.o
  CC      fs/ext2/super.o
  CC      fs/ext3/super.o
  CC      fs/ext4/symlink.o
  CC      arch/arm/mach-msm/sdio_ctl.o
  CC      drivers/char/hw_random/msm_rng.o
  CC      arch/arm/mach-msm/smd_rpcrouter.o
  CC      fs/ecryptfs/miscdev.o
  CC      fs/cifs/cifs_debug.o
  CC      fs/ext4/hash.o
  LD      drivers/char/hw_random/rng-core.o
  LD      drivers/char/hw_random/built-in.o
  CC      arch/arm/mach-msm/smd_rpcrouter_device.o
  CC      drivers/char/msm_rotator.o
  CC      fs/ext3/symlink.o
  CC      fs/ecryptfs/kthread.o
  CC      arch/arm/mach-msm/smd_rpc_sym.o
  CC      fs/ecryptfs/debug.o
  CC      fs/ext4/resize.o
  CC      fs/ext2/xattr.o
  CC      arch/arm/mach-msm/smd_rpcrouter_servers.o
  CC      fs/ext4/extents.o
  CC      fs/ext4/ext4_jbd2.o
  CC      arch/arm/mach-msm/smd_rpcrouter_clients.o
  CC      fs/fat/fatent.o
  CC      fs/cifs/connect.o
  CC      arch/arm/mach-msm/smd_rpcrouter_xdr.o
  LD      fs/ecryptfs/ecryptfs.o
  LD      fs/ecryptfs/built-in.o
  CC      arch/arm/mach-msm/rpcrouter_smd_xprt.o
  CC      arch/arm/mach-msm/rpcrouter_sdio_xprt.o
  CC      fs/fuse/dev.o
  CC      fs/ext4/migrate.o
  CC      fs/ext4/mballoc.o
  CC      fs/ext4/block_validity.o
  CC      fs/fat/file.o
  LD      fs/ext2/ext2.o
  LD      fs/ext2/built-in.o
  CC      fs/jbd/transaction.o
  CC      arch/arm/mach-msm/ping_mdm_rpc_client.o
  CC      fs/fat/inode.o
  CC      fs/ext4/move_extent.o
  CC      arch/arm/mach-msm/ping_apps_server.o
  CC      fs/ext4/mmp.o
  CC      fs/ext4/indirect.o
  CC      fs/ext4/xattr.o
  CC      arch/arm/mach-msm/oem_rapi_client.o
  CC      arch/arm/mach-msm/dal.o
  LD      drivers/char/built-in.o
  CC      drivers/clk/clkdev.o
  CC      fs/ext4/xattr_user.o
  CC      fs/ext4/xattr_trusted.o
  CC      arch/arm/mach-msm/msm_bus/msm_bus_core.o
  LD      drivers/clk/built-in.o
  CC      drivers/cpufreq/cpufreq.o
  CC      arch/arm/mach-msm/qdsp6v2/audio_dev_ctl.o
  CC      fs/ext4/acl.o
  CC      fs/ext4/xattr_security.o
  CC      arch/arm/mach-msm/msm_bus/msm_bus_fabric.o
  CC      arch/arm/mach-msm/pm-boot.o
  CC      fs/fuse/dir.o
  CC      fs/fat/misc.o
  CC      fs/jbd/commit.o
  CC      fs/ext3/hash.o
  CC      fs/ext3/resize.o
  CC      arch/arm/mach-msm/pm-8x60.o
  CC      fs/ext3/ext3_jbd.o
  CC      fs/ext3/xattr.o
arch/arm/mach-msm/pm-8x60.c: In function 'msm_pm_power_collapse_standalone':
arch/arm/mach-msm/pm-8x60.c:596:2: warning: implicit declaration of function 'avs_set_avscsr' [-Wimplicit-function-declaration]
arch/arm/mach-msm/pm-8x60.c:600:2: warning: implicit declaration of function 'avs_set_avsdscr' [-Wimplicit-function-declaration]
  CC      drivers/cpuidle/cpuidle.o
  CC      fs/fat/namei_vfat.o
  CC [M]  drivers/crypto/msm/qcedev.o
  CC      fs/fuse/file.o
  CC      arch/arm/mach-msm/msm_bus/msm_bus_config.o
  CC      fs/ext3/xattr_user.o
  CC      fs/cifs/dir.o
  CC      arch/arm/mach-msm/msm_bus/msm_bus_arb.o
  CC      fs/ext3/xattr_trusted.o
  CC      fs/fuse/inode.o
  CC      drivers/cpuidle/driver.o
  CC      arch/arm/mach-msm/qdsp6v2/board-msm8x60-audio.o
  CC      fs/fuse/control.o
  CC      drivers/cpufreq/cpufreq_stats.o
  CC      fs/cifs/file.o
  CC      drivers/cpuidle/governor.o
  CC      fs/jbd/recovery.o
  LD      fs/fat/fat.o
  LD      fs/fat/vfat.o
  LD      fs/fat/built-in.o
  CC      arch/arm/mach-msm/msm_bus/msm_bus_bimc.o
  LD      fs/ext3/ext3.o
  LD      fs/ext3/built-in.o
  CC      fs/jbd/checkpoint.o
  CC      fs/cifs/inode.o
  CC      drivers/cpuidle/sysfs.o
  CC      drivers/cpufreq/cpufreq_performance.o
  CC      drivers/cpufreq/cpufreq_powersave.o
  CC      arch/arm/mach-msm/qdsp6v2/snddev_icodec.o
  CC      arch/arm/mach-msm/qdsp6v2/snddev_ecodec.o
  CC      drivers/cpufreq/cpufreq_userspace.o
  CC      fs/cifs/link.o
  CC      arch/arm/mach-msm/msm_bus/msm_bus_noc.o
  CC      fs/jbd/revoke.o
  CC [M]  drivers/crypto/msm/qce.o
  CC      drivers/cpuidle/governors/ladder.o
  CC      arch/arm/mach-msm/msm_bus/msm_bus_of.o
  CC      arch/arm/mach-msm/pm-stats.o
  CC      drivers/cpufreq/cpufreq_ondemand.o
  CC [M]  drivers/crypto/msm/qcrypto.o
  LD      fs/fuse/fuse.o
  CC      drivers/cpuidle/governors/menu.o
  LD      fs/fuse/built-in.o
  CC      arch/arm/mach-msm/msm_bus/msm_bus_rpm.o
  CC      arch/arm/mach-msm/msm_bus/msm_bus_board_8660.o
  CC      fs/jbd/journal.o
  CC      arch/arm/mach-msm/qdsp6v2/snddev_mi2s.o
  CC      arch/arm/mach-msm/qdsp6v2/snddev_virtual.o
  CC      arch/arm/mach-msm/msm_bus/msm_bus_dbg.o
  CC      arch/arm/mach-msm/qdsp6v2/pcm_out.o
  CC      arch/arm/mach-msm/spm.o
  LD      drivers/cpuidle/governors/built-in.o
  LD      drivers/cpuidle/built-in.o
  CC      drivers/gpio/gpiolib.o
  CC      fs/cifs/misc.o
  CC      drivers/gpio/devres.o
  CC      arch/arm/mach-msm/qdsp6v2/pcm_in.o
  CC      arch/arm/mach-msm/devices-msm8x60.o
  CC      arch/arm/mach-msm/qdsp6v2/fm.o
  CC      arch/arm/mach-msm/clock-local.o
  CC      drivers/gpio/gpio-msm-common.o
  CC      drivers/cpufreq/cpufreq_conservative.o
  CC      arch/arm/mach-msm/qdsp6v2/audio_lpa.o
  LD      fs/ext4/ext4.o
  LD      fs/ext4/built-in.o
  LD      arch/arm/mach-msm/msm_bus/built-in.o
  CC      arch/arm/mach-msm/clock-8x60.o
  CC      fs/jbd2/transaction.o
  CC      fs/cifs/netmisc.o
  CC      fs/cifs/smbencrypt.o
  CC      arch/arm/mach-msm/qdsp6v2/q6voice.o
  CC      arch/arm/mach-msm/acpuclock-8x60.o
  CC      drivers/cpufreq/freq_table.o
  CC      arch/arm/mach-msm/clock-pll.o
  CC      fs/cifs/transport.o
  CC      arch/arm/mach-msm/clock-rpm.o
  CC      arch/arm/mach-msm/saw-regulator.o
  CC      fs/cifs/asn1.o
  LD      drivers/cpufreq/built-in.o
  CC      drivers/gpu/ion/ion.o
  CC      drivers/gpu/ion/ion_heap.o
  CC      drivers/gpu/ion/ion_system_heap.o
  CC      arch/arm/mach-msm/footswitch-8x60.o
  CC      arch/arm/mach-msm/rpm-regulator.o
  CC      arch/arm/mach-msm/rpm-regulator-8660.o
  CC      drivers/gpu/ion/ion_carveout_heap.o
  CC      arch/arm/mach-msm/subsystem_notif.o
  CC      drivers/gpio/gpio-msm-v2.o
  CC      drivers/gpu/msm/adreno_ringbuffer.o
  CC      arch/arm/mach-msm/qdsp6v2/snddev_hdmi.o
  CC      drivers/hid/hid-debug.o
  CC      arch/arm/mach-msm/subsystem_restart.o
  LD      fs/jbd/jbd.o
  LD      fs/jbd/built-in.o
  CC      drivers/gpio/pm8xxx-gpio.o
  CC      fs/cifs/cifs_unicode.o
  CC      arch/arm/mach-msm/ramdump.o
  CC      arch/arm/mach-msm/modem-8660.o
  CC      drivers/gpu/ion/ion_iommu_heap.o
  CC      fs/lockd/clntlock.o
  CC      fs/cifs/xattr.o
  CC      drivers/gpu/ion/ion_cp_heap.o
  CC      arch/arm/mach-msm/qdsp6v2/audio_mvs.o
  CC      arch/arm/mach-msm/lpass-8660.o
  CC      drivers/gpu/ion/msm/msm_ion.o
  CC      fs/jbd2/commit.o
  CC      arch/arm/mach-msm/sec_switch.o
  CC      arch/arm/mach-msm/sysmon.o
  CC      drivers/gpio/pm8xxx-mpp.o
  CC      drivers/hid/hid-core.o
  CC      fs/cifs/cifsencrypt.o
  CC      fs/cifs/readdir.o
  CC      drivers/gpu/msm/adreno_drawctxt.o
  CC      arch/arm/mach-msm/cpuidle.o
  CC      fs/lockd/clntproc.o
  CC      fs/jbd2/recovery.o
  CC      arch/arm/mach-msm/qdsp6v2/lpa_if_hdmi.o
  CC      arch/arm/mach-msm/qdsp6v2/apr.o
  CC      drivers/hid/hid-input.o
  LD      drivers/gpu/ion/msm/built-in.o
  LD      drivers/gpu/ion/built-in.o
  CC      arch/arm/mach-msm/msm_watchdog.o
  CC      arch/arm/mach-msm/board-msm8x60_dali.o
  CC      arch/arm/mach-msm/mdm.o
  CC      drivers/gpio/gpio-sx150x.o
  CC      drivers/gpu/msm/adreno_postmortem.o
  CC      fs/lockd/clntxdr.o
In file included from arch/arm/mach-msm/board-msm8x60_dali.c:25:0:
include/linux/regulator/gpio-regulator.h:87:22: error: field 'type' has incomplete type
  CC      drivers/gpu/msm/adreno_snapshot.o
In file included from arch/arm/mach-msm/board-msm8x60_dali.c:180:0:
include/linux/video/sec_mipi_lcd_esd_refresh.h:50:21: error: 'PM_GPIO_VIN_L5' undeclared here (not in a function)
include/linux/video/sec_mipi_lcd_esd_refresh.h:56:2: warning: implicit declaration of function 'PM8058_GPIO' [-Wimplicit-function-declaration]
include/linux/video/sec_mipi_lcd_esd_refresh.h:56:2: error: initializer element is not constant
include/linux/video/sec_mipi_lcd_esd_refresh.h:56:2: error: (near initialization for 'sec_mipi_esd_refresh_data.esd_int')
arch/arm/mach-msm/board-msm8x60_dali.c: In function 'msm_hsusb_smb328a_vbus_power':
arch/arm/mach-msm/board-msm8x60_dali.c:1763:18: error: 'POWER_SUPPLY_CAPACITY_OTG_ENABLE' undeclared (first use in this function)
arch/arm/mach-msm/board-msm8x60_dali.c:1763:18: note: each undeclared identifier is reported only once for each function it appears in
arch/arm/mach-msm/board-msm8x60_dali.c:1765:18: error: 'POWER_SUPPLY_CAPACITY_OTG_DISABLE' undeclared (first use in this function)
arch/arm/mach-msm/board-msm8x60_dali.c:1768:32: error: 'POWER_SUPPLY_PROP_OTG' undeclared (first use in this function)
arch/arm/mach-msm/board-msm8x60_dali.c: In function 'fsa9480_otg_cb':
arch/arm/mach-msm/board-msm8x60_dali.c:4518:18: error: 'POWER_SUPPLY_CAPACITY_OTG_ENABLE' undeclared (first use in this function)
arch/arm/mach-msm/board-msm8x60_dali.c:4520:18: error: 'POWER_SUPPLY_CAPACITY_OTG_DISABLE' undeclared (first use in this function)
arch/arm/mach-msm/board-msm8x60_dali.c:4523:32: error: 'POWER_SUPPLY_PROP_OTG' undeclared (first use in this function)
arch/arm/mach-msm/board-msm8x60_dali.c: In function 'fsa9480_jig_cb':
arch/arm/mach-msm/board-msm8x60_dali.c:4691:19: error: 'POWER_SUPPLY_TYPE_UARTOFF' undeclared (first use in this function)
arch/arm/mach-msm/board-msm8x60_dali.c: In function 'fsa9480_mhl_cb':
arch/arm/mach-msm/board-msm8x60_dali.c:4746:19: error: 'POWER_SUPPLY_TYPE_MISC' undeclared (first use in this function)
arch/arm/mach-msm/board-msm8x60_dali.c: In function 'fsa9480_deskdock_cb':
arch/arm/mach-msm/board-msm8x60_dali.c:4806:19: error: 'POWER_SUPPLY_TYPE_MISC' undeclared (first use in this function)
arch/arm/mach-msm/board-msm8x60_dali.c:4809:19: error: 'POWER_SUPPLY_TYPE_CARDOCK' undeclared (first use in this function)
arch/arm/mach-msm/board-msm8x60_dali.c: In function 'fsa9480_cardock_cb':
arch/arm/mach-msm/board-msm8x60_dali.c:4866:19: error: 'POWER_SUPPLY_TYPE_CARDOCK' undeclared (first use in this function)
arch/arm/mach-msm/board-msm8x60_dali.c: In function 'sec_jack_read_adc':
arch/arm/mach-msm/board-msm8x60_dali.c:6353:3: warning: implicit declaration of function 'pm8058_xoadc_clear_recentQ' [-Wimplicit-function-declaration]
arch/arm/mach-msm/board-msm8x60_dali.c: At top level:
arch/arm/mach-msm/board-msm8x60_dali.c:6413:2: error: initializer element is not constant
arch/arm/mach-msm/board-msm8x60_dali.c:6413:2: error: (near initialization for 'sec_jack_data.det_int')
arch/arm/mach-msm/board-msm8x60_dali.c:6414:2: error: initializer element is not constant
arch/arm/mach-msm/board-msm8x60_dali.c:6414:2: error: (near initialization for 'sec_jack_data.send_int')
arch/arm/mach-msm/board-msm8x60_dali.c:6519:2: error: unknown field 'hw_init' specified in initializer
arch/arm/mach-msm/board-msm8x60_dali.c:6519:2: warning: initialization from incompatible pointer type [enabled by default]
arch/arm/mach-msm/board-msm8x60_dali.c:6519:2: warning: (near initialization for 'max17040_pdata.battery_online') [enabled by default]
arch/arm/mach-msm/board-msm8x60_dali.c:6520:2: error: unknown field 'low_batt_cb' specified in initializer
arch/arm/mach-msm/board-msm8x60_dali.c:6532:2: error: unknown field 'rcomp_value' specified in initializer
arch/arm/mach-msm/board-msm8x60_dali.c:6532:2: warning: initialization makes pointer from integer without a cast [enabled by default]
arch/arm/mach-msm/board-msm8x60_dali.c:6532:2: warning: (near initialization for 'max17040_pdata.charger_enable') [enabled by default]
arch/arm/mach-msm/board-msm8x60_dali.c:6557:3: error: initializer element is not constant
arch/arm/mach-msm/board-msm8x60_dali.c:6557:3: error: (near initialization for 'fg_smb_i2c_devices[0].irq')
arch/arm/mach-msm/board-msm8x60_dali.c:6951:2: error: initializer element is not constant
arch/arm/mach-msm/board-msm8x60_dali.c:6951:2: error: (near initialization for 'akm8975_pdata.gpio_data_ready_gpio')
arch/arm/mach-msm/board-msm8x60_dali.c:6952:2: error: initializer element is not constant
arch/arm/mach-msm/board-msm8x60_dali.c:6952:2: error: (near initialization for 'akm8975_pdata.gpio_data_ready_int')
arch/arm/mach-msm/board-msm8x60_dali.c:6960:2: error: initializer element is not constant
arch/arm/mach-msm/board-msm8x60_dali.c:6960:2: error: (near initialization for 'k3dh_data.gpio_acc_int')
arch/arm/mach-msm/board-msm8x60_dali.c:8873:16: error: 'CHANNEL_ADC_LIGHT_LUX' undeclared here (not in a function)
arch/arm/mach-msm/board-msm8x60_dali.c:8873:2: error: initializer element is not constant
arch/arm/mach-msm/board-msm8x60_dali.c:8873:2: error: (near initialization for 'msm_adc_channels_data[1].channel_name')
arch/arm/mach-msm/board-msm8x60_dali.c:8884:45: error: 'scale_sec_settherm' undeclared here (not in a function)
arch/arm/mach-msm/board-msm8x60_dali.c:8884:3: error: initializer element is not constant
arch/arm/mach-msm/board-msm8x60_dali.c:8884:3: error: (near initialization for 'msm_adc_channels_data[4].chan_processor')
arch/arm/mach-msm/board-msm8x60_dali.c:8886:17: error: 'CHANNEL_ADC_PMIC_THERM' undeclared here (not in a function)
arch/arm/mach-msm/board-msm8x60_dali.c:8886:2: error: initializer element is not constant
arch/arm/mach-msm/board-msm8x60_dali.c:8886:2: error: (near initialization for 'msm_adc_channels_data[5].channel_name')
arch/arm/mach-msm/board-msm8x60_dali.c:8889:3: error: initializer element is not constant
arch/arm/mach-msm/board-msm8x60_dali.c:8889:3: error: (near initialization for 'msm_adc_channels_data[6].chan_processor')
arch/arm/mach-msm/board-msm8x60_dali.c:8891:3: error: initializer element is not constant
arch/arm/mach-msm/board-msm8x60_dali.c:8891:3: error: (near initialization for 'msm_adc_channels_data[7].chan_processor')
arch/arm/mach-msm/board-msm8x60_dali.c:9680:3: error: 'msm_rpm_device' undeclared here (not in a function)
arch/arm/mach-msm/board-msm8x60_dali.c:9680:2: error: initializer element is not constant
arch/arm/mach-msm/board-msm8x60_dali.c:9680:2: error: (near initialization for 'surf_devices[41]')
arch/arm/mach-msm/board-msm8x60_dali.c:9717:15: error: variable 'cp_mm_ion_pdata' has initializer but incomplete type
arch/arm/mach-msm/board-msm8x60_dali.c:9718:2: error: unknown field 'permission_type' specified in initializer
arch/arm/mach-msm/board-msm8x60_dali.c:9718:2: warning: excess elements in struct initializer [enabled by default]
arch/arm/mach-msm/board-msm8x60_dali.c:9718:2: warning: (near initialization for 'cp_mm_ion_pdata') [enabled by default]
arch/arm/mach-msm/board-msm8x60_dali.c:9719:2: error: unknown field 'align' specified in initializer
arch/arm/mach-msm/board-msm8x60_dali.c:9719:2: warning: excess elements in struct initializer [enabled by default]
arch/arm/mach-msm/board-msm8x60_dali.c:9719:2: warning: (near initialization for 'cp_mm_ion_pdata') [enabled by default]
arch/arm/mach-msm/board-msm8x60_dali.c:9720:2: error: unknown field 'request_region' specified in initializer
arch/arm/mach-msm/board-msm8x60_dali.c:9720:2: warning: excess elements in struct initializer [enabled by default]
arch/arm/mach-msm/board-msm8x60_dali.c:9720:2: warning: (near initialization for 'cp_mm_ion_pdata') [enabled by default]
arch/arm/mach-msm/board-msm8x60_dali.c:9721:2: error: unknown field 'release_region' specified in initializer
arch/arm/mach-msm/board-msm8x60_dali.c:9721:2: warning: excess elements in struct initializer [enabled by default]
arch/arm/mach-msm/board-msm8x60_dali.c:9721:2: warning: (near initialization for 'cp_mm_ion_pdata') [enabled by default]
arch/arm/mach-msm/board-msm8x60_dali.c:9722:2: error: unknown field 'setup_region' specified in initializer
arch/arm/mach-msm/board-msm8x60_dali.c:9722:2: warning: excess elements in struct initializer [enabled by default]
arch/arm/mach-msm/board-msm8x60_dali.c:9722:2: warning: (near initialization for 'cp_mm_ion_pdata') [enabled by default]
arch/arm/mach-msm/board-msm8x60_dali.c:9723:2: error: unknown field 'iommu_map_all' specified in initializer
arch/arm/mach-msm/board-msm8x60_dali.c:9723:2: warning: excess elements in struct initializer [enabled by default]
arch/arm/mach-msm/board-msm8x60_dali.c:9723:2: warning: (near initialization for 'cp_mm_ion_pdata') [enabled by default]
arch/arm/mach-msm/board-msm8x60_dali.c:9724:2: error: unknown field 'iommu_2x_map_domain' specified in initializer
arch/arm/mach-msm/board-msm8x60_dali.c:9724:2: warning: excess elements in struct initializer [enabled by default]
arch/arm/mach-msm/board-msm8x60_dali.c:9724:2: warning: (near initialization for 'cp_mm_ion_pdata') [enabled by default]
arch/arm/mach-msm/board-msm8x60_dali.c:9727:15: error: variable 'cp_mfc_ion_pdata' has initializer but incomplete type
arch/arm/mach-msm/board-msm8x60_dali.c:9728:2: error: unknown field 'permission_type' specified in initializer
arch/arm/mach-msm/board-msm8x60_dali.c:9728:2: warning: excess elements in struct initializer [enabled by default]
arch/arm/mach-msm/board-msm8x60_dali.c:9728:2: warning: (near initialization for 'cp_mfc_ion_pdata') [enabled by default]
arch/arm/mach-msm/board-msm8x60_dali.c:9729:2: error: unknown field 'align' specified in initializer
arch/arm/mach-msm/board-msm8x60_dali.c:9729:2: warning: excess elements in struct initializer [enabled by default]
arch/arm/mach-msm/board-msm8x60_dali.c:9729:2: warning: (near initialization for 'cp_mfc_ion_pdata') [enabled by default]
arch/arm/mach-msm/board-msm8x60_dali.c:9730:2: error: unknown field 'request_region' specified in initializer
arch/arm/mach-msm/board-msm8x60_dali.c:9730:2: warning: excess elements in struct initializer [enabled by default]
arch/arm/mach-msm/board-msm8x60_dali.c:9730:2: warning: (near initialization for 'cp_mfc_ion_pdata') [enabled by default]
arch/arm/mach-msm/board-msm8x60_dali.c:9731:2: error: unknown field 'release_region' specified in initializer
arch/arm/mach-msm/board-msm8x60_dali.c:9731:2: warning: excess elements in struct initializer [enabled by default]
arch/arm/mach-msm/board-msm8x60_dali.c:9731:2: warning: (near initialization for 'cp_mfc_ion_pdata') [enabled by default]
arch/arm/mach-msm/board-msm8x60_dali.c:9732:2: error: unknown field 'setup_region' specified in initializer
arch/arm/mach-msm/board-msm8x60_dali.c:9732:2: warning: excess elements in struct initializer [enabled by default]
arch/arm/mach-msm/board-msm8x60_dali.c:9732:2: warning: (near initialization for 'cp_mfc_ion_pdata') [enabled by default]
arch/arm/mach-msm/board-msm8x60_dali.c:9735:15: error: variable 'cp_wb_ion_pdata' has initializer but incomplete type
arch/arm/mach-msm/board-msm8x60_dali.c:9736:2: error: unknown field 'permission_type' specified in initializer
arch/arm/mach-msm/board-msm8x60_dali.c:9736:2: warning: excess elements in struct initializer [enabled by default]
arch/arm/mach-msm/board-msm8x60_dali.c:9736:2: warning: (near initialization for 'cp_wb_ion_pdata') [enabled by default]
arch/arm/mach-msm/board-msm8x60_dali.c:9737:2: error: unknown field 'align' specified in initializer
arch/arm/mach-msm/board-msm8x60_dali.c:9737:2: warning: excess elements in struct initializer [enabled by default]
arch/arm/mach-msm/board-msm8x60_dali.c:9737:2: warning: (near initialization for 'cp_wb_ion_pdata') [enabled by default]
arch/arm/mach-msm/board-msm8x60_dali.c:9740:15: error: variable 'fw_co_ion_pdata' has initializer but incomplete type
arch/arm/mach-msm/board-msm8x60_dali.c:9741:2: error: unknown field 'adjacent_mem_id' specified in initializer
arch/arm/mach-msm/board-msm8x60_dali.c:9741:21: error: 'ION_CP_MM_HEAP_ID' undeclared here (not in a function)
arch/arm/mach-msm/board-msm8x60_dali.c:9741:2: warning: excess elements in struct initializer [enabled by default]
arch/arm/mach-msm/board-msm8x60_dali.c:9741:2: warning: (near initialization for 'fw_co_ion_pdata') [enabled by default]
arch/arm/mach-msm/board-msm8x60_dali.c:9742:2: error: unknown field 'align' specified in initializer
arch/arm/mach-msm/board-msm8x60_dali.c:9742:2: warning: excess elements in struct initializer [enabled by default]
arch/arm/mach-msm/board-msm8x60_dali.c:9742:2: warning: (near initialization for 'fw_co_ion_pdata') [enabled by default]
arch/arm/mach-msm/board-msm8x60_dali.c:9745:15: error: variable 'co_ion_pdata' has initializer but incomplete type
arch/arm/mach-msm/board-msm8x60_dali.c:9746:2: error: unknown field 'adjacent_mem_id' specified in initializer
arch/arm/mach-msm/board-msm8x60_dali.c:9746:21: error: 'INVALID_HEAP_ID' undeclared here (not in a function)
arch/arm/mach-msm/board-msm8x60_dali.c:9746:2: warning: excess elements in struct initializer [enabled by default]
arch/arm/mach-msm/board-msm8x60_dali.c:9746:2: warning: (near initialization for 'co_ion_pdata') [enabled by default]
arch/arm/mach-msm/board-msm8x60_dali.c:9747:2: error: unknown field 'align' specified in initializer
arch/arm/mach-msm/board-msm8x60_dali.c:9747:2: warning: excess elements in struct initializer [enabled by default]
arch/arm/mach-msm/board-msm8x60_dali.c:9747:2: warning: (near initialization for 'co_ion_pdata') [enabled by default]
arch/arm/mach-msm/board-msm8x60_dali.c:9764:2: warning: braces around scalar initializer [enabled by default]
arch/arm/mach-msm/board-msm8x60_dali.c:9764:2: warning: (near initialization for 'ion_pdata.heaps') [enabled by default]
arch/arm/mach-msm/board-msm8x60_dali.c:9765:3: warning: braces around scalar initializer [enabled by default]
arch/arm/mach-msm/board-msm8x60_dali.c:9765:3: warning: (near initialization for 'ion_pdata.heaps') [enabled by default]
arch/arm/mach-msm/board-msm8x60_dali.c:9766:4: error: field name not in record or union initializer
arch/arm/mach-msm/board-msm8x60_dali.c:9766:4: error: (near initialization for 'ion_pdata.heaps')
arch/arm/mach-msm/board-msm8x60_dali.c:9766:10: error: 'ION_SYSTEM_HEAP_ID' undeclared here (not in a function)
arch/arm/mach-msm/board-msm8x60_dali.c:9766:4: error: initializer element is not constant
arch/arm/mach-msm/board-msm8x60_dali.c:9766:4: error: (near initialization for 'ion_pdata.heaps')
arch/arm/mach-msm/board-msm8x60_dali.c:9767:4: error: field name not in record or union initializer
arch/arm/mach-msm/board-msm8x60_dali.c:9767:4: error: (near initialization for 'ion_pdata.heaps')
arch/arm/mach-msm/board-msm8x60_dali.c:9767:4: warning: excess elements in scalar initializer [enabled by default]
arch/arm/mach-msm/board-msm8x60_dali.c:9767:4: warning: (near initialization for 'ion_pdata.heaps') [enabled by default]
arch/arm/mach-msm/board-msm8x60_dali.c:9768:4: error: field name not in record or union initializer
arch/arm/mach-msm/board-msm8x60_dali.c:9768:4: error: (near initialization for 'ion_pdata.heaps')
arch/arm/mach-msm/board-msm8x60_dali.c:9768:12: error: 'ION_VMALLOC_HEAP_NAME' undeclared here (not in a function)
arch/arm/mach-msm/board-msm8x60_dali.c:9768:4: warning: excess elements in scalar initializer [enabled by default]
arch/arm/mach-msm/board-msm8x60_dali.c:9768:4: warning: (near initialization for 'ion_pdata.heaps') [enabled by default]
arch/arm/mach-msm/board-msm8x60_dali.c:9771:3: warning: braces around scalar initializer [enabled by default]
arch/arm/mach-msm/board-msm8x60_dali.c:9771:3: warning: (near initialization for 'ion_pdata.heaps') [enabled by default]
arch/arm/mach-msm/board-msm8x60_dali.c:9772:4: error: field name not in record or union initializer
arch/arm/mach-msm/board-msm8x60_dali.c:9772:4: error: (near initialization for 'ion_pdata.heaps')
arch/arm/mach-msm/board-msm8x60_dali.c:9772:4: error: initializer element is not constant
arch/arm/mach-msm/board-msm8x60_dali.c:9772:4: error: (near initialization for 'ion_pdata.heaps')
arch/arm/mach-msm/board-msm8x60_dali.c:9773:4: error: field name not in record or union initializer
arch/arm/mach-msm/board-msm8x60_dali.c:9773:4: error: (near initialization for 'ion_pdata.heaps')
arch/arm/mach-msm/board-msm8x60_dali.c:9773:12: error: 'ION_HEAP_TYPE_CP' undeclared here (not in a function)
arch/arm/mach-msm/board-msm8x60_dali.c:9773:4: warning: excess elements in scalar initializer [enabled by default]
arch/arm/mach-msm/board-msm8x60_dali.c:9773:4: warning: (near initialization for 'ion_pdata.heaps') [enabled by default]
arch/arm/mach-msm/board-msm8x60_dali.c:9774:4: error: field name not in record or union initializer
arch/arm/mach-msm/board-msm8x60_dali.c:9774:4: error: (near initialization for 'ion_pdata.heaps')
arch/arm/mach-msm/board-msm8x60_dali.c:9774:12: error: 'ION_MM_HEAP_NAME' undeclared here (not in a function)
arch/arm/mach-msm/board-msm8x60_dali.c:9774:4: warning: excess elements in scalar initializer [enabled by default]
arch/arm/mach-msm/board-msm8x60_dali.c:9774:4: warning: (near initialization for 'ion_pdata.heaps') [enabled by default]
arch/arm/mach-msm/board-msm8x60_dali.c:9775:4: error: field name not in record or union initializer
arch/arm/mach-msm/board-msm8x60_dali.c:9775:4: error: (near initialization for 'ion_pdata.heaps')
arch/arm/mach-msm/board-msm8x60_dali.c:9775:4: warning: excess elements in scalar initializer [enabled by default]
arch/arm/mach-msm/board-msm8x60_dali.c:9775:4: warning: (near initialization for 'ion_pdata.heaps') [enabled by default]
arch/arm/mach-msm/board-msm8x60_dali.c:9776:4: error: field name not in record or union initializer
arch/arm/mach-msm/board-msm8x60_dali.c:9776:4: error: (near initialization for 'ion_pdata.heaps')
arch/arm/mach-msm/board-msm8x60_dali.c:9776:4: warning: excess elements in scalar initializer [enabled by default]
arch/arm/mach-msm/board-msm8x60_dali.c:9776:4: warning: (near initialization for 'ion_pdata.heaps') [enabled by default]
arch/arm/mach-msm/board-msm8x60_dali.c:9777:4: error: field name not in record or union initializer
arch/arm/mach-msm/board-msm8x60_dali.c:9777:4: error: (near initialization for 'ion_pdata.heaps')
arch/arm/mach-msm/board-msm8x60_dali.c:9777:4: warning: excess elements in scalar initializer [enabled by default]
arch/arm/mach-msm/board-msm8x60_dali.c:9777:4: warning: (near initialization for 'ion_pdata.heaps') [enabled by default]
arch/arm/mach-msm/board-msm8x60_dali.c:9778:3: warning: excess elements in scalar initializer [enabled by default]
arch/arm/mach-msm/board-msm8x60_dali.c:9778:3: warning: (near initialization for 'ion_pdata.heaps') [enabled by default]
arch/arm/mach-msm/board-msm8x60_dali.c:9779:3: warning: braces around scalar initializer [enabled by default]
arch/arm/mach-msm/board-msm8x60_dali.c:9779:3: warning: (near initialization for 'ion_pdata.heaps') [enabled by default]
arch/arm/mach-msm/board-msm8x60_dali.c:9780:4: error: field name not in record or union initializer
arch/arm/mach-msm/board-msm8x60_dali.c:9780:4: error: (near initialization for 'ion_pdata.heaps')
arch/arm/mach-msm/board-msm8x60_dali.c:9780:10: error: 'ION_MM_FIRMWARE_HEAP_ID' undeclared here (not in a function)
arch/arm/mach-msm/board-msm8x60_dali.c:9780:4: error: initializer element is not constant
arch/arm/mach-msm/board-msm8x60_dali.c:9780:4: error: (near initialization for 'ion_pdata.heaps')
arch/arm/mach-msm/board-msm8x60_dali.c:9781:4: error: field name not in record or union initializer
arch/arm/mach-msm/board-msm8x60_dali.c:9781:4: error: (near initialization for 'ion_pdata.heaps')
arch/arm/mach-msm/board-msm8x60_dali.c:9781:4: warning: excess elements in scalar initializer [enabled by default]
arch/arm/mach-msm/board-msm8x60_dali.c:9781:4: warning: (near initialization for 'ion_pdata.heaps') [enabled by default]
arch/arm/mach-msm/board-msm8x60_dali.c:9782:4: error: field name not in record or union initializer
arch/arm/mach-msm/board-msm8x60_dali.c:9782:4: error: (near initialization for 'ion_pdata.heaps')
arch/arm/mach-msm/board-msm8x60_dali.c:9782:12: error: 'ION_MM_FIRMWARE_HEAP_NAME' undeclared here (not in a function)
arch/arm/mach-msm/board-msm8x60_dali.c:9782:4: warning: excess elements in scalar initializer [enabled by default]
arch/arm/mach-msm/board-msm8x60_dali.c:9782:4: warning: (near initialization for 'ion_pdata.heaps') [enabled by default]
arch/arm/mach-msm/board-msm8x60_dali.c:9783:4: error: field name not in record or union initializer
arch/arm/mach-msm/board-msm8x60_dali.c:9783:4: error: (near initialization for 'ion_pdata.heaps')
arch/arm/mach-msm/board-msm8x60_dali.c:9783:4: warning: excess elements in scalar initializer [enabled by default]
arch/arm/mach-msm/board-msm8x60_dali.c:9783:4: warning: (near initialization for 'ion_pdata.heaps') [enabled by default]
arch/arm/mach-msm/board-msm8x60_dali.c:9784:4: error: field name not in record or union initializer
arch/arm/mach-msm/board-msm8x60_dali.c:9784:4: error: (near initialization for 'ion_pdata.heaps')
arch/arm/mach-msm/board-msm8x60_dali.c:9784:4: warning: excess elements in scalar initializer [enabled by default]
arch/arm/mach-msm/board-msm8x60_dali.c:9784:4: warning: (near initialization for 'ion_pdata.heaps') [enabled by default]
arch/arm/mach-msm/board-msm8x60_dali.c:9785:4: error: field name not in record or union initializer
arch/arm/mach-msm/board-msm8x60_dali.c:9785:4: error: (near initialization for 'ion_pdata.heaps')
arch/arm/mach-msm/board-msm8x60_dali.c:9785:4: warning: excess elements in scalar initializer [enabled by default]
arch/arm/mach-msm/board-msm8x60_dali.c:9785:4: warning: (near initialization for 'ion_pdata.heaps') [enabled by default]
arch/arm/mach-msm/board-msm8x60_dali.c:9786:3: warning: excess elements in scalar initializer [enabled by default]
arch/arm/mach-msm/board-msm8x60_dali.c:9786:3: warning: (near initialization for 'ion_pdata.heaps') [enabled by default]
arch/arm/mach-msm/board-msm8x60_dali.c:9787:3: warning: braces around scalar initializer [enabled by default]
arch/arm/mach-msm/board-msm8x60_dali.c:9787:3: warning: (near initialization for 'ion_pdata.heaps') [enabled by default]
arch/arm/mach-msm/board-msm8x60_dali.c:9788:4: error: field name not in record or union initializer
arch/arm/mach-msm/board-msm8x60_dali.c:9788:4: error: (near initialization for 'ion_pdata.heaps')
arch/arm/mach-msm/board-msm8x60_dali.c:9788:10: error: 'ION_CP_MFC_HEAP_ID' undeclared here (not in a function)
arch/arm/mach-msm/board-msm8x60_dali.c:9788:4: error: initializer element is not constant
arch/arm/mach-msm/board-msm8x60_dali.c:9788:4: error: (near initialization for 'ion_pdata.heaps')
arch/arm/mach-msm/board-msm8x60_dali.c:9789:4: error: field name not in record or union initializer
arch/arm/mach-msm/board-msm8x60_dali.c:9789:4: error: (near initialization for 'ion_pdata.heaps')
arch/arm/mach-msm/board-msm8x60_dali.c:9789:4: warning: excess elements in scalar initializer [enabled by default]
arch/arm/mach-msm/board-msm8x60_dali.c:9789:4: warning: (near initialization for 'ion_pdata.heaps') [enabled by default]
arch/arm/mach-msm/board-msm8x60_dali.c:9790:4: error: field name not in record or union initializer
arch/arm/mach-msm/board-msm8x60_dali.c:9790:4: error: (near initialization for 'ion_pdata.heaps')
arch/arm/mach-msm/board-msm8x60_dali.c:9790:12: error: 'ION_MFC_HEAP_NAME' undeclared here (not in a function)
arch/arm/mach-msm/board-msm8x60_dali.c:9790:4: warning: excess elements in scalar initializer [enabled by default]
arch/arm/mach-msm/board-msm8x60_dali.c:9790:4: warning: (near initialization for 'ion_pdata.heaps') [enabled by default]
arch/arm/mach-msm/board-msm8x60_dali.c:9791:4: error: field name not in record or union initializer
arch/arm/mach-msm/board-msm8x60_dali.c:9791:4: error: (near initialization for 'ion_pdata.heaps')
arch/arm/mach-msm/board-msm8x60_dali.c:9791:4: warning: excess elements in scalar initializer [enabled by default]
arch/arm/mach-msm/board-msm8x60_dali.c:9791:4: warning: (near initialization for 'ion_pdata.heaps') [enabled by default]
arch/arm/mach-msm/board-msm8x60_dali.c:9792:4: error: field name not in record or union initializer
arch/arm/mach-msm/board-msm8x60_dali.c:9792:4: error: (near initialization for 'ion_pdata.heaps')
arch/arm/mach-msm/board-msm8x60_dali.c:9792:4: warning: excess elements in scalar initializer [enabled by default]
arch/arm/mach-msm/board-msm8x60_dali.c:9792:4: warning: (near initialization for 'ion_pdata.heaps') [enabled by default]
arch/arm/mach-msm/board-msm8x60_dali.c:9793:4: error: field name not in record or union initializer
arch/arm/mach-msm/board-msm8x60_dali.c:9793:4: error: (near initialization for 'ion_pdata.heaps')
arch/arm/mach-msm/board-msm8x60_dali.c:9793:4: warning: excess elements in scalar initializer [enabled by default]
arch/arm/mach-msm/board-msm8x60_dali.c:9793:4: warning: (near initialization for 'ion_pdata.heaps') [enabled by default]
arch/arm/mach-msm/board-msm8x60_dali.c:9794:3: warning: excess elements in scalar initializer [enabled by default]
arch/arm/mach-msm/board-msm8x60_dali.c:9794:3: warning: (near initialization for 'ion_pdata.heaps') [enabled by default]
arch/arm/mach-msm/board-msm8x60_dali.c:9795:3: warning: braces around scalar initializer [enabled by default]
arch/arm/mach-msm/board-msm8x60_dali.c:9795:3: warning: (near initialization for 'ion_pdata.heaps') [enabled by default]
arch/arm/mach-msm/board-msm8x60_dali.c:9796:4: error: field name not in record or union initializer
arch/arm/mach-msm/board-msm8x60_dali.c:9796:4: error: (near initialization for 'ion_pdata.heaps')
arch/arm/mach-msm/board-msm8x60_dali.c:9796:10: error: 'ION_SF_HEAP_ID' undeclared here (not in a function)
arch/arm/mach-msm/board-msm8x60_dali.c:9796:4: error: initializer element is not constant
arch/arm/mach-msm/board-msm8x60_dali.c:9796:4: error: (near initialization for 'ion_pdata.heaps')
arch/arm/mach-msm/board-msm8x60_dali.c:9797:4: error: field name not in record or union initializer
arch/arm/mach-msm/board-msm8x60_dali.c:9797:4: error: (near initialization for 'ion_pdata.heaps')
arch/arm/mach-msm/board-msm8x60_dali.c:9797:4: warning: excess elements in scalar initializer [enabled by default]
arch/arm/mach-msm/board-msm8x60_dali.c:9797:4: warning: (near initialization for 'ion_pdata.heaps') [enabled by default]
arch/arm/mach-msm/board-msm8x60_dali.c:9798:4: error: field name not in record or union initializer
arch/arm/mach-msm/board-msm8x60_dali.c:9798:4: error: (near initialization for 'ion_pdata.heaps')
arch/arm/mach-msm/board-msm8x60_dali.c:9798:12: error: 'ION_SF_HEAP_NAME' undeclared here (not in a function)
arch/arm/mach-msm/board-msm8x60_dali.c:9798:4: warning: excess elements in scalar initializer [enabled by default]
arch/arm/mach-msm/board-msm8x60_dali.c:9798:4: warning: (near initialization for 'ion_pdata.heaps') [enabled by default]
arch/arm/mach-msm/board-msm8x60_dali.c:9799:4: error: field name not in record or union initializer
arch/arm/mach-msm/board-msm8x60_dali.c:9799:4: error: (near initialization for 'ion_pdata.heaps')
arch/arm/mach-msm/board-msm8x60_dali.c:9799:4: warning: excess elements in scalar initializer [enabled by default]
arch/arm/mach-msm/board-msm8x60_dali.c:9799:4: warning: (near initialization for 'ion_pdata.heaps') [enabled by default]
arch/arm/mach-msm/board-msm8x60_dali.c:9800:4: error: field name not in record or union initializer
arch/arm/mach-msm/board-msm8x60_dali.c:9800:4: error: (near initialization for 'ion_pdata.heaps')
arch/arm/mach-msm/board-msm8x60_dali.c:9800:4: warning: excess elements in scalar initializer [enabled by default]
arch/arm/mach-msm/board-msm8x60_dali.c:9800:4: warning: (near initialization for 'ion_pdata.heaps') [enabled by default]
arch/arm/mach-msm/board-msm8x60_dali.c:9801:4: error: field name not in record or union initializer
arch/arm/mach-msm/board-msm8x60_dali.c:9801:4: error: (near initialization for 'ion_pdata.heaps')
arch/arm/mach-msm/board-msm8x60_dali.c:9801:4: warning: excess elements in scalar initializer [enabled by default]
arch/arm/mach-msm/board-msm8x60_dali.c:9801:4: warning: (near initialization for 'ion_pdata.heaps') [enabled by default]
arch/arm/mach-msm/board-msm8x60_dali.c:9802:3: warning: excess elements in scalar initializer [enabled by default]
arch/arm/mach-msm/board-msm8x60_dali.c:9802:3: warning: (near initialization for 'ion_pdata.heaps') [enabled by default]
arch/arm/mach-msm/board-msm8x60_dali.c:9803:3: warning: braces around scalar initializer [enabled by default]
arch/arm/mach-msm/board-msm8x60_dali.c:9803:3: warning: (near initialization for 'ion_pdata.heaps') [enabled by default]
arch/arm/mach-msm/board-msm8x60_dali.c:9804:4: error: field name not in record or union initializer
arch/arm/mach-msm/board-msm8x60_dali.c:9804:4: error: (near initialization for 'ion_pdata.heaps')
arch/arm/mach-msm/board-msm8x60_dali.c:9804:10: error: 'ION_CP_WB_HEAP_ID' undeclared here (not in a function)
arch/arm/mach-msm/board-msm8x60_dali.c:9804:4: error: initializer element is not constant
arch/arm/mach-msm/board-msm8x60_dali.c:9804:4: error: (near initialization for 'ion_pdata.heaps')
arch/arm/mach-msm/board-msm8x60_dali.c:9805:4: error: field name not in record or union initializer
arch/arm/mach-msm/board-msm8x60_dali.c:9805:4: error: (near initialization for 'ion_pdata.heaps')
arch/arm/mach-msm/board-msm8x60_dali.c:9805:4: warning: excess elements in scalar initializer [enabled by default]
arch/arm/mach-msm/board-msm8x60_dali.c:9805:4: warning: (near initialization for 'ion_pdata.heaps') [enabled by default]
arch/arm/mach-msm/board-msm8x60_dali.c:9806:4: error: field name not in record or union initializer
arch/arm/mach-msm/board-msm8x60_dali.c:9806:4: error: (near initialization for 'ion_pdata.heaps')
arch/arm/mach-msm/board-msm8x60_dali.c:9806:12: error: 'ION_WB_HEAP_NAME' undeclared here (not in a function)
arch/arm/mach-msm/board-msm8x60_dali.c:9806:4: warning: excess elements in scalar initializer [enabled by default]
arch/arm/mach-msm/board-msm8x60_dali.c:9806:4: warning: (near initialization for 'ion_pdata.heaps') [enabled by default]
arch/arm/mach-msm/board-msm8x60_dali.c:9807:4: error: field name not in record or union initializer
arch/arm/mach-msm/board-msm8x60_dali.c:9807:4: error: (near initialization for 'ion_pdata.heaps')
arch/arm/mach-msm/board-msm8x60_dali.c:9807:4: warning: excess elements in scalar initializer [enabled by default]
arch/arm/mach-msm/board-msm8x60_dali.c:9807:4: warning: (near initialization for 'ion_pdata.heaps') [enabled by default]
arch/arm/mach-msm/board-msm8x60_dali.c:9809:4: error: field name not in record or union initializer
arch/arm/mach-msm/board-msm8x60_dali.c:9809:4: error: (near initialization for 'ion_pdata.heaps')
arch/arm/mach-msm/board-msm8x60_dali.c:9809:19: error: 'ION_ADSP_TYPE' undeclared here (not in a function)
arch/arm/mach-msm/board-msm8x60_dali.c:9809:4: warning: excess elements in scalar initializer [enabled by default]
arch/arm/mach-msm/board-msm8x60_dali.c:9809:4: warning: (near initialization for 'ion_pdata.heaps') [enabled by default]
arch/arm/mach-msm/board-msm8x60_dali.c:9813:4: error: field name not in record or union initializer
arch/arm/mach-msm/board-msm8x60_dali.c:9813:4: error: (near initialization for 'ion_pdata.heaps')
arch/arm/mach-msm/board-msm8x60_dali.c:9813:4: warning: excess elements in scalar initializer [enabled by default]
arch/arm/mach-msm/board-msm8x60_dali.c:9813:4: warning: (near initialization for 'ion_pdata.heaps') [enabled by default]
arch/arm/mach-msm/board-msm8x60_dali.c:9814:3: warning: excess elements in scalar initializer [enabled by default]
arch/arm/mach-msm/board-msm8x60_dali.c:9814:3: warning: (near initialization for 'ion_pdata.heaps') [enabled by default]
arch/arm/mach-msm/board-msm8x60_dali.c:9815:3: warning: braces around scalar initializer [enabled by default]
arch/arm/mach-msm/board-msm8x60_dali.c:9815:3: warning: (near initialization for 'ion_pdata.heaps') [enabled by default]
arch/arm/mach-msm/board-msm8x60_dali.c:9816:4: error: field name not in record or union initializer
arch/arm/mach-msm/board-msm8x60_dali.c:9816:4: error: (near initialization for 'ion_pdata.heaps')
arch/arm/mach-msm/board-msm8x60_dali.c:9816:10: error: 'ION_CAMERA_HEAP_ID' undeclared here (not in a function)
arch/arm/mach-msm/board-msm8x60_dali.c:9816:4: error: initializer element is not constant
arch/arm/mach-msm/board-msm8x60_dali.c:9816:4: error: (near initialization for 'ion_pdata.heaps')
arch/arm/mach-msm/board-msm8x60_dali.c:9817:4: error: field name not in record or union initializer
arch/arm/mach-msm/board-msm8x60_dali.c:9817:4: error: (near initialization for 'ion_pdata.heaps')
arch/arm/mach-msm/board-msm8x60_dali.c:9817:4: warning: excess elements in scalar initializer [enabled by default]
arch/arm/mach-msm/board-msm8x60_dali.c:9817:4: warning: (near initialization for 'ion_pdata.heaps') [enabled by default]
arch/arm/mach-msm/board-msm8x60_dali.c:9818:4: error: field name not in record or union initializer
arch/arm/mach-msm/board-msm8x60_dali.c:9818:4: error: (near initialization for 'ion_pdata.heaps')
arch/arm/mach-msm/board-msm8x60_dali.c:9818:12: error: 'ION_CAMERA_HEAP_NAME' undeclared here (not in a function)
arch/arm/mach-msm/board-msm8x60_dali.c:9818:4: warning: excess elements in scalar initializer [enabled by default]
arch/arm/mach-msm/board-msm8x60_dali.c:9818:4: warning: (near initialization for 'ion_pdata.heaps') [enabled by default]
arch/arm/mach-msm/board-msm8x60_dali.c:9819:4: error: field name not in record or union initializer
arch/arm/mach-msm/board-msm8x60_dali.c:9819:4: error: (near initialization for 'ion_pdata.heaps')
arch/arm/mach-msm/board-msm8x60_dali.c:9819:4: warning: excess elements in scalar initializer [enabled by default]
arch/arm/mach-msm/board-msm8x60_dali.c:9819:4: warning: (near initialization for 'ion_pdata.heaps') [enabled by default]
arch/arm/mach-msm/board-msm8x60_dali.c:9821:4: error: field name not in record or union initializer
arch/arm/mach-msm/board-msm8x60_dali.c:9821:4: error: (near initialization for 'ion_pdata.heaps')
arch/arm/mach-msm/board-msm8x60_dali.c:9821:4: warning: excess elements in scalar initializer [enabled by default]
arch/arm/mach-msm/board-msm8x60_dali.c:9821:4: warning: (near initialization for 'ion_pdata.heaps') [enabled by default]
arch/arm/mach-msm/board-msm8x60_dali.c:9825:4: error: field name not in record or union initializer
arch/arm/mach-msm/board-msm8x60_dali.c:9825:4: error: (near initialization for 'ion_pdata.heaps')
arch/arm/mach-msm/board-msm8x60_dali.c:9825:4: warning: excess elements in scalar initializer [enabled by default]
arch/arm/mach-msm/board-msm8x60_dali.c:9825:4: warning: (near initialization for 'ion_pdata.heaps') [enabled by default]
arch/arm/mach-msm/board-msm8x60_dali.c:9826:3: warning: excess elements in scalar initializer [enabled by default]
arch/arm/mach-msm/board-msm8x60_dali.c:9826:3: warning: (near initialization for 'ion_pdata.heaps') [enabled by default]
arch/arm/mach-msm/board-msm8x60_dali.c:9837:3: warning: braces around scalar initializer [enabled by default]
arch/arm/mach-msm/board-msm8x60_dali.c:9837:3: warning: (near initialization for 'ion_pdata.heaps') [enabled by default]
arch/arm/mach-msm/board-msm8x60_dali.c:9838:4: error: field name not in record or union initializer
arch/arm/mach-msm/board-msm8x60_dali.c:9838:4: error: (near initialization for 'ion_pdata.heaps')
arch/arm/mach-msm/board-msm8x60_dali.c:9838:10: error: 'ION_AUDIO_HEAP_ID' undeclared here (not in a function)
arch/arm/mach-msm/board-msm8x60_dali.c:9838:4: error: initializer element is not constant
arch/arm/mach-msm/board-msm8x60_dali.c:9838:4: error: (near initialization for 'ion_pdata.heaps')
arch/arm/mach-msm/board-msm8x60_dali.c:9839:4: error: field name not in record or union initializer
arch/arm/mach-msm/board-msm8x60_dali.c:9839:4: error: (near initialization for 'ion_pdata.heaps')
arch/arm/mach-msm/board-msm8x60_dali.c:9839:4: warning: excess elements in scalar initializer [enabled by default]
arch/arm/mach-msm/board-msm8x60_dali.c:9839:4: warning: (near initialization for 'ion_pdata.heaps') [enabled by default]
arch/arm/mach-msm/board-msm8x60_dali.c:9840:4: error: field name not in record or union initializer
arch/arm/mach-msm/board-msm8x60_dali.c:9840:4: error: (near initialization for 'ion_pdata.heaps')
arch/arm/mach-msm/board-msm8x60_dali.c:9840:12: error: 'ION_AUDIO_HEAP_NAME' undeclared here (not in a function)
arch/arm/mach-msm/board-msm8x60_dali.c:9840:4: warning: excess elements in scalar initializer [enabled by default]
arch/arm/mach-msm/board-msm8x60_dali.c:9840:4: warning: (near initialization for 'ion_pdata.heaps') [enabled by default]
arch/arm/mach-msm/board-msm8x60_dali.c:9841:4: error: field name not in record or union initializer
arch/arm/mach-msm/board-msm8x60_dali.c:9841:4: error: (near initialization for 'ion_pdata.heaps')
arch/arm/mach-msm/board-msm8x60_dali.c:9841:4: warning: excess elements in scalar initializer [enabled by default]
arch/arm/mach-msm/board-msm8x60_dali.c:9841:4: warning: (near initialization for 'ion_pdata.heaps') [enabled by default]
arch/arm/mach-msm/board-msm8x60_dali.c:9842:4: error: field name not in record or union initializer
arch/arm/mach-msm/board-msm8x60_dali.c:9842:4: error: (near initialization for 'ion_pdata.heaps')
arch/arm/mach-msm/board-msm8x60_dali.c:9842:4: warning: excess elements in scalar initializer [enabled by default]
arch/arm/mach-msm/board-msm8x60_dali.c:9842:4: warning: (near initialization for 'ion_pdata.heaps') [enabled by default]
arch/arm/mach-msm/board-msm8x60_dali.c:9843:4: error: field name not in record or union initializer
arch/arm/mach-msm/board-msm8x60_dali.c:9843:4: error: (near initialization for 'ion_pdata.heaps')
arch/arm/mach-msm/board-msm8x60_dali.c:9843:4: warning: excess elements in scalar initializer [enabled by default]
arch/arm/mach-msm/board-msm8x60_dali.c:9843:4: warning: (near initialization for 'ion_pdata.heaps') [enabled by default]
arch/arm/mach-msm/board-msm8x60_dali.c:9844:3: warning: excess elements in scalar initializer [enabled by default]
arch/arm/mach-msm/board-msm8x60_dali.c:9844:3: warning: (near initialization for 'ion_pdata.heaps') [enabled by default]
arch/arm/mach-msm/board-msm8x60_dali.c:9877:3: error: 'MEMTYPE_PMEM_ADSP' undeclared here (not in a function)
arch/arm/mach-msm/board-msm8x60_dali.c:9877:2: error: array index in initializer not of integer type
arch/arm/mach-msm/board-msm8x60_dali.c:9877:2: error: (near initialization for 'msm8x60_reserve_table')
arch/arm/mach-msm/board-msm8x60_dali.c: In function 'reserve_ion_memory':
arch/arm/mach-msm/board-msm8x60_dali.c:9899:30: warning: comparison between pointer and integer [enabled by default]
arch/arm/mach-msm/board-msm8x60_dali.c:9912:38: warning: comparison between pointer and integer [enabled by default]
arch/arm/mach-msm/board-msm8x60_dali.c:9914:22: error: dereferencing pointer to incomplete type
arch/arm/mach-msm/board-msm8x60_dali.c:9914:22: error: request for member 'iommu_map_all' in something not a structure or union
arch/arm/mach-msm/board-msm8x60_dali.c:9913:18: warning: initialization makes integer from pointer without a cast [enabled by default]
arch/arm/mach-msm/board-msm8x60_dali.c:9933:23: error: array subscript is not an integer
arch/arm/mach-msm/board-msm8x60_dali.c:9933:42: error: request for member 'size' in something not a structure or union
arch/arm/mach-msm/board-msm8x60_dali.c:9933:2: warning: statement with no effect [-Wunused-value]
arch/arm/mach-msm/board-msm8x60_dali.c:9934:23: error: array subscript is not an integer
arch/arm/mach-msm/board-msm8x60_dali.c:9934:42: error: request for member 'size' in something not a structure or union
arch/arm/mach-msm/board-msm8x60_dali.c:9934:2: warning: statement with no effect [-Wunused-value]
  CC      fs/jbd2/checkpoint.o
arch/arm/mach-msm/board-msm8x60_dali.c: In function 'msm_sdcc_cfg_mpm_sdiowakeup':
arch/arm/mach-msm/board-msm8x60_dali.c:13406:19: error: storage size of 'pin' isn't known
arch/arm/mach-msm/board-msm8x60_dali.c:13413:9: error: 'MSM_MPM_PIN_SDC4_DAT1' undeclared (first use in this function)
arch/arm/mach-msm/board-msm8x60_dali.c:13413:3: warning: statement with no effect [-Wunused-value]
arch/arm/mach-msm/board-msm8x60_dali.c:13419:3: warning: passing argument 1 of 'msm_mpm_enable_pin' makes integer from pointer without a cast [enabled by default]
arch/arm/mach-msm/include/mach/mpm.h:54:5: note: expected 'unsigned int' but argument is of type 'struct platform_device **'
arch/arm/mach-msm/board-msm8x60_dali.c:13422:3: warning: passing argument 1 of 'msm_mpm_set_pin_type' makes integer from pointer without a cast [enabled by default]
arch/arm/mach-msm/include/mach/mpm.h:81:5: note: expected 'unsigned int' but argument is of type 'struct platform_device **'
arch/arm/mach-msm/board-msm8x60_dali.c:13423:3: warning: passing argument 1 of 'msm_mpm_enable_pin' makes integer from pointer without a cast [enabled by default]
arch/arm/mach-msm/include/mach/mpm.h:54:5: note: expected 'unsigned int' but argument is of type 'struct platform_device **'
arch/arm/mach-msm/board-msm8x60_dali.c:13426:3: warning: passing argument 1 of 'msm_mpm_set_pin_wake' makes integer from pointer without a cast [enabled by default]
arch/arm/mach-msm/include/mach/mpm.h:68:5: note: expected 'unsigned int' but argument is of type 'struct platform_device **'
arch/arm/mach-msm/board-msm8x60_dali.c:13429:3: warning: passing argument 1 of 'msm_mpm_set_pin_wake' makes integer from pointer without a cast [enabled by default]
arch/arm/mach-msm/include/mach/mpm.h:68:5: note: expected 'unsigned int' but argument is of type 'struct platform_device **'
arch/arm/mach-msm/board-msm8x60_dali.c:13406:19: warning: unused variable 'pin' [-Wunused-variable]
arch/arm/mach-msm/board-msm8x60_dali.c: At top level:
arch/arm/mach-msm/board-msm8x60_dali.c:13453:2: error: unknown field 'pclk_src_dfab' specified in initializer
arch/arm/mach-msm/board-msm8x60_dali.c:13468:2: error: unknown field 'pclk_src_dfab' specified in initializer
arch/arm/mach-msm/board-msm8x60_dali.c:13493:2: error: unknown field 'pclk_src_dfab' specified in initializer
arch/arm/mach-msm/board-msm8x60_dali.c:13507:2: error: unknown field 'pclk_src_dfab' specified in initializer
arch/arm/mach-msm/board-msm8x60_dali.c:13508:2: error: unknown field 'cfg_mpm_sdiowakeup' specified in initializer
arch/arm/mach-msm/board-msm8x60_dali.c:13508:2: warning: initialization makes integer from pointer without a cast [enabled by default]
arch/arm/mach-msm/board-msm8x60_dali.c:13508:2: warning: (near initialization for 'msm8x60_sdc4_data.wpswitch_gpio') [enabled by default]
arch/arm/mach-msm/board-msm8x60_dali.c:13523:2: error: unknown field 'pclk_src_dfab' specified in initializer
  CC      arch/arm/mach-msm/qdsp6v2/apr_v1.o
  CC      arch/arm/mach-msm/rmt_storage_client.o
arch/arm/mach-msm/board-msm8x60_dali.c:16720:13: error: invalid operands to binary << (have 'long unsigned int' and 'struct platform_device **')
arch/arm/mach-msm/board-msm8x60_dali.c:16720:2: error: initializer element is not constant
arch/arm/mach-msm/board-msm8x60_dali.c:16720:2: error: (near initialization for 'mdp_pdata.mem_hid')
arch/arm/mach-msm/board-msm8x60_dali.c:17373:2: error: unknown field 'irq_vmpm' specified in initializer
arch/arm/mach-msm/board-msm8x60_dali.c:17374:2: error: unknown field 'msm_apps_ipc_rpm_reg' specified in initializer
arch/arm/mach-msm/board-msm8x60_dali.c:17375:2: error: unknown field 'msm_apps_ipc_rpm_val' specified in initializer
arch/arm/mach-msm/board-msm8x60_dali.c: In function 'msm8x60_init':
arch/arm/mach-msm/board-msm8x60_dali.c:17539:2: warning: passing argument 1 of 'msm_rpmrs_levels_init' from incompatible pointer type [enabled by default]
arch/arm/mach-msm/rpm_resources.h:142:5: note: expected 'struct msm_rpmrs_platform_data *' but argument is of type 'struct msm_rpmrs_level *'
arch/arm/mach-msm/board-msm8x60_dali.c:17539:2: error: too many arguments to function 'msm_rpmrs_levels_init'
arch/arm/mach-msm/rpm_resources.h:142:5: note: declared here
arch/arm/mach-msm/board-msm8x60_dali.c:17605:3: warning: implicit declaration of function 'acpuclk_init' [-Wimplicit-function-declaration]
arch/arm/mach-msm/board-msm8x60_dali.c:17605:17: error: 'acpuclk_8x60_soc_data' undeclared (first use in this function)
arch/arm/mach-msm/board-msm8x60_dali.c:17809:2: warning: implicit declaration of function 'msm_cpuidle_set_states' [-Wimplicit-function-declaration]
make[1]: *** [arch/arm/mach-msm/board-msm8x60_dali.o] 오류 1
make[1]: *** 끝나지 않은 작업을 기다리고 있습니다....
  CC      arch/arm/mach-msm/qdsp6v2/apr_tal.o
  CC      fs/jbd2/revoke.o
  LD      drivers/gpio/built-in.o
  CC      fs/cifs/ioctl.o
  CC      drivers/hwmon/hwmon.o
  CC      drivers/i2c/i2c-boardinfo.o
  CC      arch/arm/mach-msm/qdsp6v2/q6core.o
  CC      arch/arm/mach-msm/qdsp6v2/dsp_debug.o
  CC      arch/arm/mach-msm/qdsp6v2/audio_acdb.o
  CC      fs/jbd2/journal.o
  CC      drivers/hid/hid-apple.o
  CC      drivers/hwmon/msm_adc.o
  CC      drivers/i2c/i2c-core.o
  CC      drivers/gpu/msm/adreno_a2xx.o
  CC      drivers/gpu/msm/adreno_a2xx_trace.o
  CC      fs/lockd/host.o
  CC      fs/lockd/svc.o
  CC      drivers/hwmon/m_adcproc.o
  CC      fs/cifs/sess.o
  CC      fs/cifs/export.o
  CC      drivers/input/input.o
  CC      arch/arm/mach-msm/qdsp6v2/aac_in.o
  CC      drivers/hid/hid-magicmouse.o
  CC      drivers/hid/hid-microsoft.o
  CC      drivers/gpu/msm/adreno_a2xx_snapshot.o
  CC      arch/arm/mach-msm/qdsp6v2/qcelp_in.o
  CC      drivers/hid/hid-samsung.o
  CC      drivers/input/input-compat.o
  CC      drivers/input/input-mt.o
  CC      drivers/input/ff-core.o
  CC      fs/lockd/svclock.o
  CC      fs/lockd/svcshare.o
  CC      drivers/hid/usbhid/hid-core.o
  CC      drivers/input/mousedev.o
  CC      drivers/gpu/msm/adreno_a3xx.o
  CC      arch/arm/mach-msm/qdsp6v2/evrc_in.o
  LD      drivers/hwmon/built-in.o
  CC      drivers/gpu/msm/adreno_a3xx_trace.o
  CC      drivers/input/serio/serio.o
  CC      drivers/gpu/msm/adreno_a3xx_snapshot.o
  CC      drivers/i2c/i2c-dev.o
  CC      drivers/i2c/algos/i2c-algo-bit.o
  CC      fs/nfs/client.o
  LD      drivers/hid/hid.o
  CC      drivers/input/evdev.o
  CC      drivers/gpu/msm/adreno.o
  CC      fs/lockd/svcproc.o
  CC      arch/arm/mach-msm/qdsp6v2/amrnb_in.o
  LD      fs/cifs/cifs.o
  LD      fs/cifs/built-in.o
  CC      fs/nfs_common/nfsacl.o
  CC      fs/lockd/svcsubs.o
  CC      drivers/hid/usbhid/hid-quirks.o
  LD      drivers/i2c/algos/built-in.o
  CC      drivers/i2c/busses/i2c-gpio.o
  CC      fs/nfs/dir.o
  CC      fs/nls/nls_base.o
  CC      drivers/input/keyboard/atkbd.o
  CC      drivers/input/serio/serport.o
  CC      arch/arm/mach-msm/qdsp6v2/audio_utils.o
  LD      fs/nfs_common/nfs_acl.o
  LD      fs/nfs_common/built-in.o
  CC      drivers/i2c/busses/i2c-qup.o
  CC      fs/nls/nls_cp437.o
  CC      drivers/input/misc/pmic8xxx-pwrkey.o
  CC      drivers/input/serio/libps2.o
  CC      fs/notify/fsnotify.o
  CC      fs/nls/nls_ascii.o
  CC      fs/notify/notification.o
  LD      drivers/hid/usbhid/usbhid.o
  CC      fs/notify/group.o
  LD      drivers/hid/usbhid/built-in.o
  LD      drivers/hid/built-in.o
  LD      fs/jbd2/jbd2.o
  CC      drivers/i2c/busses/i2c-ssbi.o
  LD      fs/jbd2/built-in.o
  CC      fs/nls/nls_iso8859-1.o
  CC      drivers/input/misc/uinput.o
  CC      fs/proc/mmu.o
  CC      fs/lockd/mon.o
  CC      fs/nls/nls_utf8.o
  CC      fs/notify/inode_mark.o
  CC      drivers/gpu/msm/adreno_debugfs.o
  CC      fs/notify/mark.o
  CC      arch/arm/mach-msm/qdsp6v2/audio_wma.o
  CC      drivers/input/keyboard/gpio_keys.o
  CC      fs/proc/task_mmu.o
  LD      drivers/input/serio/built-in.o
  LD      fs/nls/built-in.o
  CC      drivers/leds/led-core.o
  CC      fs/ramfs/inode.o
  CC      fs/sysfs/inode.o
  CC      fs/eventpoll.o
  CC      fs/notify/vfsmount_mark.o
  LD      drivers/i2c/busses/built-in.o
  LD      drivers/i2c/built-in.o
  CC      arch/arm/mach-msm/qdsp6v2/audio_wmapro.o
  CC      drivers/gpu/msm/kgsl.o
  CC      drivers/leds/led-class.o
  CC      drivers/input/misc/pmic8058-othc.o
  CC      drivers/leds/led-triggers.o
  CC      drivers/md/dm-uevent.o
  CC      fs/notify/dnotify/dnotify.o
  CC      fs/ramfs/file-mmu.o
  CC      fs/sysfs/file.o
  CC      fs/lockd/xdr.o
  CC      fs/nfs/file.o
  CC      fs/notify/inotify/inotify_fsnotify.o
  CC      drivers/input/keyboard/matrix_keypad.o
  CC      drivers/leds/leds-gpio.o
  LD      fs/ramfs/ramfs.o
  LD      fs/ramfs/built-in.o
  CC      fs/anon_inodes.o
  CC      arch/arm/mach-msm/qdsp6v2/audio_aac.o
  CC      drivers/gpu/msm/kgsl_trace.o
  CC      drivers/leds/leds-pmic8058.o
  CC      fs/proc/inode.o
  LD      fs/notify/dnotify/built-in.o
  CC      drivers/gpu/msm/kgsl_sharedmem.o
  CC      fs/notify/inotify/inotify_user.o
  CC      drivers/md/dm.o
  CC      drivers/input/mouse/psmouse-base.o
  CC      drivers/input/touchscreen/melfas_ts.o
  CC      arch/arm/mach-msm/qdsp6v2/audio_multi_aac.o
  CC      drivers/input/keyreset.o
  CC      drivers/input/keyboard/pmic8xxx-keypad.o
  CC      fs/sysfs/dir.o
  CC      drivers/leds/ledtrig-timer.o
  CC      fs/lockd/grace.o
drivers/input/touchscreen/melfas_ts.c: In function 'melfas_ts_probe':
drivers/input/touchscreen/melfas_ts.c:1213:5: warning: implicit declaration of function 'PM8058_GPIO' [-Wimplicit-function-declaration]
  LD      drivers/input/misc/built-in.o
  CC [M]  drivers/input/evbug.o
  CC      fs/proc/root.o
  CC      drivers/leds/ledtrig-heartbeat.o
  CC      fs/nfs/getroot.o
  LD      fs/notify/inotify/built-in.o
  LD      fs/notify/built-in.o
  CC      arch/arm/mach-msm/qdsp6v2/audio_utils_aio.o
  CC      fs/signalfd.o
  LD      drivers/input/input-core.o
  CC      fs/lockd/clnt4xdr.o
  CC      fs/lockd/xdr4.o
  CC      fs/timerfd.o
  CC      drivers/leds/ledtrig-sleep.o
  CC      drivers/input/keyboard/cypress-touchkey_dali.o
  CC      fs/lockd/svc4proc.o
  CC      fs/proc/base.o
  CC      drivers/input/mouse/synaptics.o
  CC      fs/sysfs/symlink.o
drivers/input/keyboard/cypress-touchkey_dali.c: In function 'touchkey_work_func':  LD      drivers/leds/built-in.o

drivers/input/keyboard/cypress-touchkey_dali.c:244:17: warning: implicit declaration of function 'PM8058_GPIO' [-Wimplicit-function-declaration]
  CC      drivers/input/keyboard/issp_driver_routines.o
  CC      drivers/input/touchscreen/mcs8000_download.o
  CC      drivers/md/dm-table.o
  CC      fs/nfs/inode.o
  CC      fs/eventfd.o
  CC      fs/sysfs/mount.o
  CC      fs/sysfs/bin.o
  CC      fs/sysfs/group.o
  CC      drivers/input/keyboard/issp_main.o
  LD      fs/lockd/lockd.o
  CC      drivers/gpu/msm/kgsl_pwrctrl.o
  LD      fs/lockd/built-in.o
  CC      fs/aio.o
  CC      drivers/md/dm-target.o
  CC      drivers/input/mouse/alps.o
  CC      drivers/gpu/msm/kgsl_pwrscale.o
  CC      drivers/md/dm-linear.o
  CC      arch/arm/mach-msm/qdsp6v2/rtac.o
  CC      arch/arm/mach-msm/qdsp6v2/q6audio_v1.o
  CC      drivers/input/keyboard/issp_routines.o
  LD      drivers/input/touchscreen/built-in.o
  CC      arch/arm/mach-msm/qdsp6v2/q6audio_v1_aio.o
  LD      fs/sysfs/built-in.o
  CC      fs/locks.o
  CC      fs/binfmt_script.o
  CC      drivers/md/dm-stripe.o
  CC      drivers/md/dm-ioctl.o
  CC      arch/arm/mach-msm/qdsp6v2/audio_mp3.o
  CC      arch/arm/mach-msm/qdsp6v2/audio_amrnb.o
  CC      arch/arm/mach-msm/qdsp6v2/audio_amrwb.o
  CC      arch/arm/mach-msm/qdsp6v2/audio_amrwbplus.o
  CC      fs/binfmt_elf.o
  CC      arch/arm/mach-msm/qdsp6v2/audio_evrc.o
  LD      drivers/input/keyboard/built-in.o
  CC      fs/proc/generic.o
  CC      fs/proc/array.o
  CC      arch/arm/mach-msm/qdsp6v2/audio_qcelp.o
  CC      arch/arm/mach-msm/qdsp6v2/amrwb_in.o
  CC      drivers/gpu/msm/kgsl_mmu.o
  CC      drivers/input/mouse/trackpoint.o
  CC      fs/proc/proc_tty.o
  CC      fs/proc/cmdline.o
  CC      fs/proc/consoles.o
  CC      drivers/md/dm-io.o
  CC      drivers/gpu/msm/kgsl_gpummu.o
  CC      fs/nfs/super.o
  CC      fs/proc/cpuinfo.o
  CC      fs/proc/devices.o
  CC      fs/proc/interrupts.o
  CC      fs/proc/loadavg.o
  LD      arch/arm/mach-msm/qdsp6v2/built-in.o
  LD      drivers/input/mouse/psmouse.o
  LD      drivers/input/mouse/built-in.o
  CC      fs/mbcache.o
  CC      fs/proc/meminfo.o
  LD      drivers/input/built-in.o
  CC      fs/posix_acl.o
  CC      fs/proc/stat.o
make: *** [arch/arm/mach-msm] 오류 2
  CC      fs/proc/uptime.o
  CC      fs/proc/version.o
  CC      drivers/md/dm-kcopyd.o
  CC      fs/proc/softirqs.o
  CC      drivers/media/common/tuners/tuner-xc2028.o
  CC      drivers/media/common/tuners/tuner-simple.o
  CC      fs/xattr_acl.o
  CC      drivers/gpu/msm/kgsl_iommu.o
  CC      drivers/md/dm-sysfs.o
  CC      fs/proc/namespaces.o
  CC      fs/proc/proc_sysctl.o
  CC      drivers/md/dm-crypt.o
  CC      drivers/mfd/marimba-core.o
  CC      fs/proc/proc_net.o
  CC      fs/dcookies.o
  CC      drivers/mfd/timpani-codec.o
  CC      drivers/gpu/msm/kgsl_snapshot.o
  CC      drivers/gpu/msm/kgsl_events.o
  CC      drivers/gpu/msm/kgsl_debugfs.o
  CC      drivers/gpu/msm/kgsl_pwrscale_trustzone.o
  CC      drivers/gpu/msm/z180.o
  LD      drivers/md/dm-mod.o
  CC      drivers/misc/pmem.o
  CC      drivers/misc/uid_stat.o
  CC [M]  drivers/misc/vibetonz/tspdrv.o
  CC      drivers/mfd/msm-adie-codec.o
  CC      drivers/gpu/msm/z180_postmortem.o
  CC      drivers/mfd/mfd-core.o
  CC      drivers/media/common/tuners/tuner-types.o
  CC      drivers/media/common/tuners/mt20xx.o
  CC      drivers/mfd/pmic8058.o
  CC      drivers/gpu/msm/z180_trace.o
  CC      drivers/mfd/pmic8901.o
  CC      fs/proc/kmsg.o
  CC      drivers/misc/fsa9480.o
  CC      fs/nfs/nfs2xdr.o
  CC      fs/nfs/direct.o
  CC      fs/nfs/pagelist.o
  CC      drivers/mfd/pm8xxx-irq.o
  CC      drivers/media/common/tuners/tda8290.o
  LD      drivers/md/built-in.o
  CC      fs/proc/page.o
  CC      drivers/media/common/tuners/tea5767.o
  CC      drivers/mfd/pm8xxx-debug.o
  CC      drivers/mmc/card/block.o
  LD      drivers/gpu/msm/msm_kgsl_core.o
  LD      drivers/gpu/msm/msm_adreno.o
  CC      drivers/mfd/pm8xxx-misc.o
  LD      drivers/gpu/msm/msm_z180.o
  LD      drivers/gpu/msm/built-in.o
  LD [M]  drivers/misc/vibetonz/vibrator.o
  CC      drivers/misc/ak8975.o
  CC      drivers/misc/k3dh.o
  CC      drivers/mfd/pm8xxx-batt-alarm.o
  LD      drivers/gpu/built-in.o
  CC      drivers/mmc/card/queue.o
  LD      fs/proc/proc.o
  CC      drivers/net/dummy.o
  LD      fs/proc/built-in.o
  CC      drivers/net/mii.o
  CC      drivers/net/Space.o
drivers/misc/ak8975.c:429:11: error: 'THIS_MODULE' undeclared here (not in a function)
drivers/misc/ak8975.c:690:20: error: expected declaration specifiers or '...' before string constant
drivers/misc/ak8975.c:691:16: error: expected declaration specifiers or '...' before string constant
make[2]: *** [drivers/misc/ak8975.o] 오류 1
make[2]: *** 끝나지 않은 작업을 기다리고 있습니다....
  CC      drivers/net/loopback.o
  CC      drivers/media/common/tuners/tea5761.o
  CC [M]  drivers/mmc/card/mmc_test.o
  CC      fs/nfs/proc.o
  CC      fs/nfs/read.o
  CC      fs/nfs/symlink.o
  CC      drivers/mmc/core/core.o
  CC      drivers/media/radio/radio-tavarua.o
  CC      drivers/media/common/tuners/tda9887.o
  LD      drivers/mfd/built-in.o
  CC      drivers/net/phy/phy.o
make[1]: *** [drivers/misc] 오류 2
make[1]: *** 끝나지 않은 작업을 기다리고 있습니다....
  CC      drivers/platform/msm/ssbi.o
  CC      drivers/net/ethernet/msm/msm_rmnet.o
  CC      drivers/net/ethernet/smsc/smc91x.o
  CC      drivers/media/common/tuners/tda827x.o
  CC      drivers/net/ppp/ppp_generic.o
  CC      drivers/media/common/tuners/tda18271-maps.o
  CC      drivers/net/slip/slip.o
  LD      drivers/mmc/card/mmc_block.o
  CC      fs/nfs/unlink.o
  LD      drivers/mmc/card/built-in.o
  CC      drivers/net/ethernet/smsc/smc911x.o
  LD      drivers/platform/msm/built-in.o
  LD      drivers/platform/built-in.o
  CC      drivers/net/ethernet/smsc/smsc911x.o
  CC      drivers/media/common/tuners/tda18271-common.o
  CC      drivers/media/common/tuners/tda18271-fe.o
  CC      fs/nfs/write.o
  CC      drivers/net/phy/phy_device.o
  CC      drivers/media/common/tuners/xc5000.o
  CC      drivers/net/ethernet/msm/msm_rmnet_sdio.o
  CC      fs/nfs/namespace.o
  CC      drivers/media/common/tuners/xc4000.o
  CC      drivers/net/slip/slhc.o
  CC      drivers/media/common/tuners/mc44s803.o
  CC      fs/nfs/mount_clnt.o
  LD      drivers/net/ethernet/msm/built-in.o
  CC      fs/nfs/dns_resolve.o
  CC      drivers/mmc/host/msm_sdcc.o
  CC      fs/nfs/cache_lib.o
  CC      drivers/net/phy/mdio_bus.o
  CC      drivers/net/ppp/ppp_async.o
  LD      drivers/media/common/tuners/tda18271.o
  CC      drivers/net/tun.o
  CC      drivers/net/ppp/bsd_comp.o
  LD      drivers/media/radio/built-in.o
  CC      fs/nfs/nfs3proc.o
  CC      fs/nfs/nfs3xdr.o
  CC      drivers/net/ppp/ppp_deflate.o
  CC      drivers/mmc/core/bus.o
  CC      fs/nfs/nfs3acl.o
  CC      drivers/media/rc/keymaps/rc-adstech-dvb-t-pci.o
  LD      drivers/media/common/tuners/built-in.o
  LD      drivers/media/common/built-in.o
  CC      drivers/net/ppp/ppp_mppe.o
  LD      drivers/net/slip/built-in.o
  CC      drivers/net/ppp/pppox.o
  CC      drivers/media/rc/keymaps/rc-alink-dtu-m.o
  CC      drivers/media/video/v4l2-dev.o
  LD      drivers/net/phy/libphy.o
  CC      drivers/net/ppp/pppolac.o
  CC      fs/nfs/nfs4proc.o
  LD      drivers/net/phy/built-in.o
  CC      fs/nfs/nfs4xdr.o
  CC      drivers/mmc/core/host.o
  CC      drivers/media/rc/keymaps/rc-anysee.o
  CC      drivers/net/ppp/pppopns.o
  CC      drivers/media/rc/keymaps/rc-apac-viewcomp.o
  CC      drivers/media/rc/keymaps/rc-asus-pc39.o
  CC      drivers/media/rc/keymaps/rc-ati-tv-wonder-hd-600.o
  CC      fs/nfs/nfs4state.o
  CC      drivers/media/rc/keymaps/rc-ati-x10.o
  CC      fs/nfs/nfs4renewd.o
  CC      drivers/media/rc/keymaps/rc-avermedia-a16d.o
  CC      drivers/media/rc/keymaps/rc-avermedia.o
  CC      drivers/media/rc/keymaps/rc-avermedia-cardbus.o
  CC      drivers/media/rc/keymaps/rc-avermedia-dvbt.o
  CC      drivers/media/video/v4l2-ioctl.o
  CC      drivers/media/rc/rc-main.o
  CC      drivers/media/rc/keymaps/rc-avermedia-m135a.o
  CC      drivers/media/rc/keymaps/rc-avermedia-m733a-rm-k6.o
  CC      fs/nfs/delegation.o
  CC      drivers/mmc/core/mmc.o
  CC      fs/nfs/idmap.o
  CC      drivers/media/rc/keymaps/rc-avermedia-rm-ks.o
  CC      drivers/media/rc/keymaps/rc-avertv-303.o
  CC      drivers/media/rc/keymaps/rc-azurewave-ad-tu700.o
  LD      drivers/net/ppp/built-in.o
  CC      drivers/media/rc/keymaps/rc-behold.o
  CC      fs/nfs/callback.o
  CC      fs/nfs/callback_xdr.o
  CC      drivers/media/rc/keymaps/rc-behold-columbus.o
  CC      drivers/media/rc/keymaps/rc-budget-ci-old.o
  CC      drivers/media/rc/keymaps/rc-cinergy-1400.o
  CC      drivers/media/rc/keymaps/rc-cinergy.o
  CC      drivers/media/rc/keymaps/rc-dib0700-nec.o
  CC      drivers/media/rc/keymaps/rc-dib0700-rc5.o
  CC      drivers/media/rc/keymaps/rc-digitalnow-tinytwin.o
  CC      drivers/media/video/v4l2-device.o
  CC      drivers/media/rc/keymaps/rc-digittrade.o
  CC      drivers/media/rc/keymaps/rc-dm1105-nec.o
  CC      drivers/media/rc/keymaps/rc-dntv-live-dvb-t.o
  CC      fs/nfs/callback_proc.o
  CC      drivers/media/rc/keymaps/rc-dntv-live-dvbt-pro.o
  CC      drivers/media/rc/keymaps/rc-em-terratec.o
  CC      drivers/mmc/core/mmc_ops.o
  CC      drivers/media/rc/ir-raw.o
  CC      fs/nfs/nfs4namespace.o
  CC      fs/nfs/sysctl.o
  CC      drivers/media/rc/lirc_dev.o
  CC      drivers/media/rc/keymaps/rc-encore-enltv2.o
  CC      drivers/media/rc/keymaps/rc-encore-enltv.o
  CC      drivers/mmc/core/sd.o
  CC      drivers/media/video/v4l2-fh.o
  CC      drivers/media/rc/keymaps/rc-encore-enltv-fm53.o
  CC      drivers/media/rc/keymaps/rc-evga-indtube.o
  CC      drivers/media/rc/keymaps/rc-eztv.o
  CC      drivers/media/rc/keymaps/rc-flydvb.o
  CC      drivers/media/rc/keymaps/rc-flyvideo.o
  CC      drivers/media/rc/ir-nec-decoder.o
  CC      drivers/media/rc/keymaps/rc-fusionhdtv-mce.o
  CC      drivers/media/video/v4l2-event.o
  CC      drivers/media/rc/keymaps/rc-gadmei-rm008z.o
  CC      drivers/media/rc/ir-rc5-decoder.o
  CC      drivers/media/rc/keymaps/rc-genius-tvgo-a11mce.o
  CC      drivers/media/video/v4l2-ctrls.o
  CC      drivers/media/rc/keymaps/rc-gotview7135.o
  CC      drivers/media/rc/keymaps/rc-imon-mce.o
  CC      drivers/media/rc/keymaps/rc-imon-pad.o
  CC      drivers/media/rc/keymaps/rc-iodata-bctv7e.o
  CC      drivers/mmc/core/sd_ops.o
  CC      drivers/mmc/core/sdio.o
  CC      drivers/media/rc/keymaps/rc-it913x-v1.o
  CC      drivers/media/rc/ir-rc6-decoder.o
  CC      drivers/mmc/core/sdio_ops.o
  CC      drivers/media/rc/keymaps/rc-it913x-v2.o
  LD      drivers/mmc/host/built-in.o
  CC      drivers/media/rc/keymaps/rc-kaiomy.o
  LD      fs/nfs/nfs.o
  CC      drivers/mmc/core/sdio_bus.o
  CC      drivers/media/rc/keymaps/rc-kworld-315u.o
  CC      drivers/media/rc/keymaps/rc-kworld-pc150u.o
  CC      drivers/media/rc/ir-jvc-decoder.o
  CC      drivers/media/rc/ir-sony-decoder.o
  CC      drivers/media/rc/ir-rc5-sz-decoder.o
  CC      drivers/media/rc/ir-sanyo-decoder.o
  CC      drivers/media/rc/ir-mce_kbd-decoder.o
  LD      fs/nfs/built-in.o
  CC      drivers/mmc/core/sdio_cis.o
  LD      fs/built-in.o
  CC      drivers/media/video/v4l2-subdev.o
  CC      drivers/media/rc/ir-lirc-codec.o
  CC      drivers/media/rc/keymaps/rc-kworld-plus-tv-analog.o
  CC      drivers/media/rc/keymaps/rc-leadtek-y04g0051.o
  CC      drivers/mmc/core/sdio_io.o
  CC      drivers/mmc/core/sdio_irq.o
  CC      drivers/media/rc/keymaps/rc-lirc.o
  LD      drivers/media/rc/rc-core.o
  CC      drivers/mmc/core/cd-gpio.o
  CC      drivers/media/video/v4l2-int-device.o
  CC      drivers/mmc/core/debugfs.o
  CC      drivers/media/rc/keymaps/rc-lme2510.o
  CC      drivers/media/rc/keymaps/rc-manli.o
  CC      drivers/media/rc/keymaps/rc-medion-x10.o
  LD      drivers/net/ethernet/smsc/built-in.o
  LD      drivers/net/ethernet/built-in.o
  LD      drivers/net/built-in.o
  CC      drivers/media/video/v4l2-common.o
  CC      drivers/media/rc/keymaps/rc-msi-digivox-ii.o
  CC      drivers/media/rc/keymaps/rc-msi-digivox-iii.o
  CC      drivers/media/rc/keymaps/rc-msi-tvanywhere.o
  CC      drivers/media/rc/keymaps/rc-msi-tvanywhere-plus.o
  CC      drivers/media/rc/keymaps/rc-nebula.o
  CC      drivers/media/rc/keymaps/rc-nec-terratec-cinergy-xs.o
  CC      drivers/media/video/videobuf2-core.o
  CC      drivers/media/video/videobuf2-memops.o
  CC      drivers/media/video/videobuf2-vmalloc.o
  CC      drivers/media/video/vcap_v4l2.o
  CC      drivers/media/rc/keymaps/rc-norwood.o
  CC      drivers/media/rc/keymaps/rc-npgtech.o
  CC      drivers/media/rc/keymaps/rc-pctv-sedna.o
  CC      drivers/media/rc/keymaps/rc-philips.o
  CC      drivers/media/rc/keymaps/rc-pinnacle-color.o
  CC      drivers/media/rc/keymaps/rc-pinnacle-grey.o
  CC      drivers/media/rc/keymaps/rc-pinnacle-pctv-hd.o
  CC      drivers/media/video/vcap_vc.o
  CC      drivers/media/video/vcap_vp.o
  LD      drivers/mmc/core/mmc_core.o
  CC      drivers/media/rc/keymaps/rc-pixelview.o
  CC      drivers/media/rc/keymaps/rc-pixelview-mk12.o
  CC      drivers/media/rc/keymaps/rc-pixelview-002t.o
  LD      drivers/mmc/core/built-in.o
  CC      drivers/media/rc/keymaps/rc-pixelview-new.o
  CC      drivers/media/rc/keymaps/rc-powercolor-real-angel.o
  LD      drivers/mmc/built-in.o
  CC      drivers/media/rc/keymaps/rc-proteus-2309.o
  CC      drivers/media/rc/keymaps/rc-purpletv.o
  CC      drivers/media/rc/keymaps/rc-pv951.o
  CC [M]  drivers/media/video/gspca/gspca.o
  CC      drivers/media/rc/keymaps/rc-hauppauge.o
  CC      drivers/media/rc/keymaps/rc-rc6-mce.o
  CC      drivers/media/rc/keymaps/rc-real-audio-220-32-keys.o
  CC      drivers/media/video/uvc/uvc_driver.o
  CC      drivers/media/rc/keymaps/rc-snapstream-firefly.o
  CC      drivers/media/video/uvc/uvc_queue.o
  CC      drivers/media/rc/keymaps/rc-samsung-necx.o
  CC      drivers/media/rc/keymaps/rc-streamzap.o
  CC      drivers/media/video/ir-kbd-i2c.o
  LD      drivers/media/video/videodev.o
  CC      drivers/media/rc/keymaps/rc-tbs-nec.o
  CC      drivers/media/rc/keymaps/rc-technisat-usb2.o
  CC      drivers/media/rc/keymaps/rc-terratec-cinergy-xs.o
  CC      drivers/media/rc/keymaps/rc-terratec-slim.o
  CC      drivers/media/rc/keymaps/rc-terratec-slim-2.o
  CC      drivers/media/rc/keymaps/rc-tevii-nec.o
  CC      drivers/media/rc/keymaps/rc-tivo.o
  CC      drivers/media/rc/keymaps/rc-total-media-in-hand.o
  CC      drivers/media/video/uvc/uvc_v4l2.o
  CC      drivers/media/rc/keymaps/rc-trekstor.o
  CC      drivers/media/rc/keymaps/rc-tt-1500.o
  CC      drivers/media/rc/keymaps/rc-twinhan1027.o
  CC      drivers/media/rc/keymaps/rc-ue-rf4ce.o
  CC      drivers/media/rc/keymaps/rc-videomate-m1f.o
  CC      drivers/media/rc/keymaps/rc-videomate-s350.o
  CC      drivers/media/rc/keymaps/rc-videomate-tv-pvr.o
  CC      drivers/media/rc/keymaps/rc-winfast.o
  CC      drivers/media/rc/keymaps/rc-winfast-usbii-deluxe.o
  CC      drivers/media/video/uvc/uvc_video.o
  CC      drivers/media/video/uvc/uvc_ctrl.o
  CC      drivers/media/video/uvc/uvc_status.o
  CC      drivers/media/video/uvc/uvc_isight.o
  CC      drivers/media/video/uvc/uvc_debugfs.o
  LD      drivers/media/rc/keymaps/built-in.o
  LD      drivers/media/rc/built-in.o
  LD [M]  drivers/media/video/gspca/gspca_main.o
  LD      drivers/media/video/uvc/uvcvideo.o
  LD      drivers/media/video/uvc/built-in.o
  LD      drivers/media/video/built-in.o
  LD      drivers/media/built-in.o
make: *** [drivers] 오류 2
