Script started on 2014년 02월 17일 (월) 오전 02시 15분 56초
scripts/kconfig/conf --silentoldconfig Kconfig
  CHK     include/linux/version.h
  CHK     include/generated/utsrelease.h
make[1]: `include/generated/mach-types.h'는 이미 갱신되었습니다.
  CALL    scripts/checksyscalls.sh
  CHK     include/generated/compile.h
  GZIP    kernel/config_data.gz
  CC      arch/arm/mach-msm/qdsp6v2/board-msm8x60-audio.o
  CHK     kernel/config_data.h
  CC      arch/arm/mach-msm/devices-msm8x60.o
arch/arm/mach-msm/qdsp6v2/board-msm8x60-audio.c: In function 'msm_snddev_poweramp_on':
arch/arm/mach-msm/qdsp6v2/board-msm8x60-audio.c:607:2: warning: implicit declaration of function 'config_class_d0_gpio' [-Wimplicit-function-declaration]
arch/arm/mach-msm/qdsp6v2/board-msm8x60-audio.c:612:2: warning: implicit declaration of function 'config_class_d1_gpio' [-Wimplicit-function-declaration]
arch/arm/mach-msm/qdsp6v2/board-msm8x60-audio.c: In function 'msm_snddev_init':
arch/arm/mach-msm/qdsp6v2/board-msm8x60-audio.c:2974:19: error: 'snd_devices_celox' undeclared (first use in this function)
arch/arm/mach-msm/qdsp6v2/board-msm8x60-audio.c:2974:19: note: each undeclared identifier is reported only once for each function it appears in
arch/arm/mach-msm/qdsp6v2/board-msm8x60-audio.c:2974:19: error: negative width in bit-field '<anonymous>'
arch/arm/mach-msm/qdsp6v2/board-msm8x60-audio.c:2978:5: error: negative width in bit-field '<anonymous>'
arch/arm/mach-msm/qdsp6v2/board-msm8x60-audio.c: At top level:
arch/arm/mach-msm/qdsp6v2/board-msm8x60-audio.c:879:12: warning: 'msm_snddev_enable_dmic_sec_power' defined but not used [-Wunused-function]
arch/arm/mach-msm/qdsp6v2/board-msm8x60-audio.c:899:13: warning: 'msm_snddev_disable_dmic_sec_power' defined but not used [-Wunused-function]
make[2]: *** [arch/arm/mach-msm/qdsp6v2/board-msm8x60-audio.o] 오류 1
make[1]: *** [arch/arm/mach-msm/qdsp6v2] 오류 2
make[1]: *** 끝나지 않은 작업을 기다리고 있습니다....
  CC      drivers/video/msm/msm_dss_io_8x60.o
  CC      drivers/video/msm/mipi_dsi_host.o
  CC      drivers/video/msm/mipi_s6e8aa0_hd720.o
  CC      drivers/video/msm/smart_dimming.o
  CC      drivers/video/msm/sec_mipi_lcd_esd_refresh.o
  CC      drivers/video/msm/msm_fb_panel.o
  CC      drivers/video/msm/mipi_s6e8aa0_hd720_pt.o
  CC      drivers/video/msm/hdmi_msm.o
  CC      drivers/video/msm/external_common.o
  CC      drivers/video/msm/vidc/common/init/vidc_init.o
  CC      drivers/video/msm/vidc/common/vcd/vcd_api.o
  CC      drivers/video/msm/vidc/common/vcd/vcd_power_sm.o
  CC      drivers/video/msm/vidc/common/vcd/vcd_client_sm.o
  CC      drivers/video/msm/vidc/common/vcd/vcd_device_sm.o
  CC      drivers/video/msm/vidc/common/vcd/vcd_scheduler.o
make: *** [arch/arm/mach-msm] 오류 2
make: *** 끝나지 않은 작업을 기다리고 있습니다....
  CC      drivers/video/msm/vidc/common/vcd/vcd_sub.o
drivers/video/msm/msm_dss_io_8x60.c:650:39: warning: 'struct hdmi_disp_mode_timing_type' declared inside parameter list [enabled by default]
drivers/video/msm/msm_dss_io_8x60.c:650:39: warning: its scope is only this definition or declaration, which is probably not what you want [enabled by default]
drivers/video/msm/msm_dss_io_8x60.c:650:6: error: conflicting types for 'hdmi_frame_ctrl_cfg'
drivers/video/msm/hdmi_msm.h:124:6: note: previous declaration of 'hdmi_frame_ctrl_cfg' was here
drivers/video/msm/msm_dss_io_8x60.c: In function 'hdmi_frame_ctrl_cfg':
drivers/video/msm/msm_dss_io_8x60.c:668:1: error: dereferencing pointer to incomplete type
drivers/video/msm/msm_dss_io_8x60.c:668:1: error: dereferencing pointer to incomplete type
drivers/video/msm/msm_dss_io_8x60.c:668:1: error: dereferencing pointer to incomplete type
make[3]: *** [drivers/video/msm/msm_dss_io_8x60.o] 오류 1
make[3]: *** 끝나지 않은 작업을 기다리고 있습니다....
  CC      drivers/video/msm/vidc/1080p/ddl/vcd_ddl_helper.o
  CC      drivers/video/msm/vidc/1080p/ddl/vcd_ddl_utils.o
  CC      drivers/video/msm/vidc/1080p/ddl/vcd_ddl_interrupt_handler.o
  CC      drivers/video/msm/vidc/1080p/ddl/vcd_ddl_properties.o
  CC      drivers/video/msm/vidc/1080p/ddl/vcd_ddl_errors.o
  CC      drivers/video/msm/vidc/1080p/ddl/vcd_ddl_shared_mem.o
  CC      drivers/video/msm/vidc/1080p/ddl/vidc.o
  CC      drivers/video/msm/vidc/1080p/ddl/vidc_pix_cache.o
  CC      drivers/video/msm/vidc/1080p/ddl/vcd_ddl_vidc.o
  CC      drivers/video/msm/vidc/1080p/ddl/vcd_ddl.o
  CC      drivers/video/msm/vidc/1080p/ddl/vcd_ddl_metadata.o
  CC      drivers/video/msm/vidc/1080p/resource_tracker/vcd_res_tracker.o
  CC      drivers/video/msm/vidc/common/dec/vdec.o
  CC      drivers/video/msm/vidc/common/enc/venc.o
  CC      drivers/video/msm/vidc/common/enc/venc_internal.o
  LD      drivers/video/msm/vidc/vidc.o
  LD      drivers/video/msm/vidc/vidc_vdec.o
  LD      drivers/video/msm/vidc/vidc_venc.o
  LD      drivers/video/msm/vidc/built-in.o
make[2]: *** [drivers/video/msm] 오류 2
make[1]: *** [drivers/video] 오류 2
make: *** [drivers] 오류 2
