Script started on 2014년 01월 26일 (일) 오전 12시 53분 04초
scripts/kconfig/conf --silentoldconfig Kconfig
  CHK     include/linux/version.h
  CHK     include/generated/utsrelease.h
  UPD     include/generated/utsrelease.h
make[1]: `include/generated/mach-types.h'는 이미 갱신되었습니다.
  CALL    scripts/checksyscalls.sh
  CC      drivers/block/brd.o
  CC      sound/sound_core.o
  CC [M]  arch/arm/perfmon/per-process-perf.o
  CHK     include/generated/compile.h
  CC      init/version.o
  CC      net/socket.o
  CC      arch/arm/oprofile/../../../drivers/oprofile/oprof.o
  CC      arch/arm/oprofile/../../../drivers/oprofile/cpu_buffer.o
  CC      drivers/base/core.o
  CC      block/elevator.o
  CC      net/bluetooth/af_bluetooth.o
  CC      net/bluetooth/hci_core.o
  CC      crypto/api.o
  CC      crypto/cipher.o
  CC      kernel/sys.o
arch/arm/perfmon/per-process-perf.c: In function 'per_process_create_results_proc':
arch/arm/perfmon/per-process-perf.c:438:3: error: invalid use of flexible array member
arch/arm/perfmon/per-process-perf.c: In function 'per_process_create_l2_results_proc':
arch/arm/perfmon/per-process-perf.c:461:3: error: invalid use of flexible array member
make[1]: *** [arch/arm/perfmon/per-process-perf.o] 오류 1
make: *** [arch/arm/perfmon] 오류 2
make: *** 끝나지 않은 작업을 기다리고 있습니다....
  CC      crypto/compress.o
  CC      arch/arm/oprofile/../../../drivers/oprofile/buffer_sync.o
  CC      crypto/algapi.o
  LD      init/built-in.o
  CC      drivers/block/loop.o
  CC      drivers/base/bus.o
  CC      drivers/base/dd.o
  CC      crypto/scatterwalk.o
  CC      arch/arm/oprofile/../../../drivers/oprofile/event_buffer.o
  CC      crypto/proc.o
  LD      arch/arm/mach-msm/msm-etm.o
  CC      block/blk-core.o
  CC      arch/arm/oprofile/../../../drivers/oprofile/oprofilefs.o
  CC      sound/core/hwdep.o
  CC      block/blk-tag.o
  CC      crypto/ablkcipher.o
  CC      net/core/sock.o
  CC      drivers/base/syscore.o
  CC      arch/arm/oprofile/../../../drivers/oprofile/oprofile_stats.o
  CC      drivers/base/driver.o
  CC      arch/arm/mach-msm/sec_switch.o
  CC      arch/arm/oprofile/../../../drivers/oprofile/oprofile_perf.o
  CC      block/blk-sysfs.o
  CC      drivers/base/class.o
  CC      crypto/blkcipher.o
  CC      sound/core/memalloc.o
  CC      drivers/base/platform.o
  CC      drivers/base/cpu.o
  LD      drivers/block/built-in.o
  CC      drivers/bluetooth/hci_ldisc.o
  CC      arch/arm/mach-msm/board-msm8x60_dali.o
  CC      arch/arm/oprofile/common.o
  CC      drivers/bluetooth/hci_h4.o
  CC      drivers/base/firmware.o
  CC      crypto/ahash.o
  CC      sound/core/pcm.o
  CC      net/dns_resolver/dns_key.o
  LD      arch/arm/oprofile/oprofile.o
  LD      arch/arm/oprofile/built-in.o
  CC      drivers/base/map.o
  CC      crypto/shash.o
  CC      net/ethernet/eth.o
  CC      drivers/bluetooth/hci_ibs.o
  CC      kernel/trace/trace.o
  CC      drivers/base/devres.o
  CC      net/key/af_key.o
  CC      net/dns_resolver/dns_query.o
arch/arm/mach-msm/board-msm8x60_dali.c: In function 'sec_jack_read_adc':
arch/arm/mach-msm/board-msm8x60_dali.c:6354:3: warning: implicit declaration of function 'pm8058_xoadc_clear_recentQ' [-Wimplicit-function-declaration]
arch/arm/mach-msm/board-msm8x60_dali.c: At top level:
arch/arm/mach-msm/board-msm8x60_dali.c:8885:45: error: 'scale_sec_settherm' undeclared here (not in a function)
arch/arm/mach-msm/board-msm8x60_dali.c:9681:3: error: 'msm_rpm_device' undeclared here (not in a function)
arch/arm/mach-msm/board-msm8x60_dali.c:9681:2: error: initializer element is not constant
arch/arm/mach-msm/board-msm8x60_dali.c:9681:2: error: (near initialization for 'surf_devices[41]')
arch/arm/mach-msm/board-msm8x60_dali.c:9765:2: warning: braces around scalar initializer [enabled by default]
arch/arm/mach-msm/board-msm8x60_dali.c:9765:2: warning: (near initialization for 'ion_pdata.heaps') [enabled by default]
arch/arm/mach-msm/board-msm8x60_dali.c:9766:3: warning: braces around scalar initializer [enabled by default]
arch/arm/mach-msm/board-msm8x60_dali.c:9766:3: warning: (near initialization for 'ion_pdata.heaps') [enabled by default]
arch/arm/mach-msm/board-msm8x60_dali.c:9767:4: error: field name not in record or union initializer
arch/arm/mach-msm/board-msm8x60_dali.c:9767:4: error: (near initialization for 'ion_pdata.heaps')
arch/arm/mach-msm/board-msm8x60_dali.c:9767:4: warning: initialization makes pointer from integer without a cast [enabled by default]
arch/arm/mach-msm/board-msm8x60_dali.c:9767:4: warning: (near initialization for 'ion_pdata.heaps') [enabled by default]
arch/arm/mach-msm/board-msm8x60_dali.c:9768:4: error: field name not in record or union initializer
arch/arm/mach-msm/board-msm8x60_dali.c:9768:4: error: (near initialization for 'ion_pdata.heaps')
arch/arm/mach-msm/board-msm8x60_dali.c:9768:4: warning: excess elements in scalar initializer [enabled by default]
arch/arm/mach-msm/board-msm8x60_dali.c:9768:4: warning: (near initialization for 'ion_pdata.heaps') [enabled by default]
arch/arm/mach-msm/board-msm8x60_dali.c:9769:4: error: field name not in record or union initializer
arch/arm/mach-msm/board-msm8x60_dali.c:9769:4: error: (near initialization for 'ion_pdata.heaps')
arch/arm/mach-msm/board-msm8x60_dali.c:9769:4: warning: excess elements in scalar initializer [enabled by default]
arch/arm/mach-msm/board-msm8x60_dali.c:9769:4: warning: (near initialization for 'ion_pdata.heaps') [enabled by default]
arch/arm/mach-msm/board-msm8x60_dali.c:9772:3: warning: braces around scalar initializer [enabled by default]
arch/arm/mach-msm/board-msm8x60_dali.c:9772:3: warning: (near initialization for 'ion_pdata.heaps') [enabled by default]
arch/arm/mach-msm/board-msm8x60_dali.c:9773:4: error: field name not in record or union initializer
arch/arm/mach-msm/board-msm8x60_dali.c:9773:4: error: (near initialization for 'ion_pdata.heaps')
arch/arm/mach-msm/board-msm8x60_dali.c:9773:4: warning: initialization makes pointer from integer without a cast [enabled by default]
arch/arm/mach-msm/board-msm8x60_dali.c:9773:4: warning: (near initialization for 'ion_pdata.heaps') [enabled by default]
arch/arm/mach-msm/board-msm8x60_dali.c:9774:4: error: field name not in record or union initializer
arch/arm/mach-msm/board-msm8x60_dali.c:9774:4: error: (near initialization for 'ion_pdata.heaps')
arch/arm/mach-msm/board-msm8x60_dali.c:9774:4: warning: excess elements in scalar initializer [enabled by default]
arch/arm/mach-msm/board-msm8x60_dali.c:9774:4: warning: (near initialization for 'ion_pdata.heaps') [enabled by default]
arch/arm/mach-msm/board-msm8x60_dali.c:9775:4: error: field name not in record or union initializer
arch/arm/mach-msm/board-msm8x60_dali.c:9775:4: error: (near initialization for 'ion_pdata.heaps')
arch/arm/mach-msm/board-msm8x60_dali.c:9775:4: warning: excess elements in scalar initializer [enabled by default]
arch/arm/mach-msm/board-msm8x60_dali.c:9775:4: warning: (near initialization for 'ion_pdata.heaps') [enabled by default]
arch/arm/mach-msm/board-msm8x60_dali.c:9776:4: error: field name not in record or union initializer
arch/arm/mach-msm/board-msm8x60_dali.c:9776:4: error: (near initialization for 'ion_pdata.heaps')
arch/arm/mach-msm/board-msm8x60_dali.c:9776:4: warning: excess elements in scalar initializer [enabled by default]
arch/arm/mach-msm/board-msm8x60_dali.c:9776:4: warning: (near initialization for 'ion_pdata.heaps') [enabled by default]
arch/arm/mach-msm/board-msm8x60_dali.c:9777:4: error: field name not in record or union initializer
arch/arm/mach-msm/board-msm8x60_dali.c:9777:4: error: (near initialization for 'ion_pdata.heaps')
arch/arm/mach-msm/board-msm8x60_dali.c:9777:4: warning: excess elements in scalar initializer [enabled by default]
arch/arm/mach-msm/board-msm8x60_dali.c:9777:4: warning: (near initialization for 'ion_pdata.heaps') [enabled by default]
arch/arm/mach-msm/board-msm8x60_dali.c:9778:4: error: field name not in record or union initializer
arch/arm/mach-msm/board-msm8x60_dali.c:9778:4: error: (near initialization for 'ion_pdata.heaps')
arch/arm/mach-msm/board-msm8x60_dali.c:9778:4: warning: excess elements in scalar initializer [enabled by default]
arch/arm/mach-msm/board-msm8x60_dali.c:9778:4: warning: (near initialization for 'ion_pdata.heaps') [enabled by default]
arch/arm/mach-msm/board-msm8x60_dali.c:9779:3: warning: excess elements in scalar initializer [enabled by default]
arch/arm/mach-msm/board-msm8x60_dali.c:9779:3: warning: (near initialization for 'ion_pdata.heaps') [enabled by default]
arch/arm/mach-msm/board-msm8x60_dali.c:9780:3: warning: braces around scalar initializer [enabled by default]
arch/arm/mach-msm/board-msm8x60_dali.c:9780:3: warning: (near initialization for 'ion_pdata.heaps') [enabled by default]
arch/arm/mach-msm/board-msm8x60_dali.c:9781:4: error: field name not in record or union initializer
arch/arm/mach-msm/board-msm8x60_dali.c:9781:4: error: (near initialization for 'ion_pdata.heaps')
  CC      crypto/algboss.o
arch/arm/mach-msm/board-msm8x60_dali.c:9781:4: warning: initialization makes pointer from integer without a cast [enabled by default]
arch/arm/mach-msm/board-msm8x60_dali.c:9781:4: warning: (near initialization for 'ion_pdata.heaps') [enabled by default]
arch/arm/mach-msm/board-msm8x60_dali.c:9782:4: error: field name not in record or union initializer
arch/arm/mach-msm/board-msm8x60_dali.c:9782:4: error: (near initialization for 'ion_pdata.heaps')
arch/arm/mach-msm/board-msm8x60_dali.c:9782:4: warning: excess elements in scalar initializer [enabled by default]
arch/arm/mach-msm/board-msm8x60_dali.c:9782:4: warning: (near initialization for 'ion_pdata.heaps') [enabled by default]
arch/arm/mach-msm/board-msm8x60_dali.c:9783:4: error: field name not in record or union initializer
arch/arm/mach-msm/board-msm8x60_dali.c:9783:4: error: (near initialization for 'ion_pdata.heaps')
arch/arm/mach-msm/board-msm8x60_dali.c:9783:4: warning: excess elements in scalar initializer [enabled by default]
arch/arm/mach-msm/board-msm8x60_dali.c:9783:4: warning: (near initialization for 'ion_pdata.heaps') [enabled by default]
arch/arm/mach-msm/board-msm8x60_dali.c:9784:4: error: field name not in record or union initializer
arch/arm/mach-msm/board-msm8x60_dali.c:9784:4: error: (near initialization for 'ion_pdata.heaps')
arch/arm/mach-msm/board-msm8x60_dali.c:9784:4: warning: excess elements in scalar initializer [enabled by default]
arch/arm/mach-msm/board-msm8x60_dali.c:9784:4: warning: (near initialization for 'ion_pdata.heaps') [enabled by default]
arch/arm/mach-msm/board-msm8x60_dali.c:9785:4: error: field name not in record or union initializer
arch/arm/mach-msm/board-msm8x60_dali.c:9785:4: error: (near initialization for 'ion_pdata.heaps')
arch/arm/mach-msm/board-msm8x60_dali.c:9785:4: warning: excess elements in scalar initializer [enabled by default]
arch/arm/mach-msm/board-msm8x60_dali.c:9785:4: warning: (near initialization for 'ion_pdata.heaps') [enabled by default]
arch/arm/mach-msm/board-msm8x60_dali.c:9786:4: error: field name not in record or union initializer
arch/arm/mach-msm/board-msm8x60_dali.c:9786:4: error: (near initialization for 'ion_pdata.heaps')
arch/arm/mach-msm/board-msm8x60_dali.c:9786:4: warning: excess elements in scalar initializer [enabled by default]
arch/arm/mach-msm/board-msm8x60_dali.c:9786:4: warning: (near initialization for 'ion_pdata.heaps') [enabled by default]
arch/arm/mach-msm/board-msm8x60_dali.c:9787:3: warning: excess elements in scalar initializer [enabled by default]
arch/arm/mach-msm/board-msm8x60_dali.c:9787:3: warning: (near initialization for 'ion_pdata.heaps') [enabled by default]
arch/arm/mach-msm/board-msm8x60_dali.c:9788:3: warning: braces around scalar initializer [enabled by default]
arch/arm/mach-msm/board-msm8x60_dali.c:9788:3: warning: (near initialization for 'ion_pdata.heaps') [enabled by default]
arch/arm/mach-msm/board-msm8x60_dali.c:9789:4: error: field name not in record or union initializer
arch/arm/mach-msm/board-msm8x60_dali.c:9789:4: error: (near initialization for 'ion_pdata.heaps')
arch/arm/mach-msm/board-msm8x60_dali.c:9789:4: warning: initialization makes pointer from integer without a cast [enabled by default]
arch/arm/mach-msm/board-msm8x60_dali.c:9789:4: warning: (near initialization for 'ion_pdata.heaps') [enabled by default]
arch/arm/mach-msm/board-msm8x60_dali.c:9790:4: error: field name not in record or union initializer
arch/arm/mach-msm/board-msm8x60_dali.c:9790:4: error: (near initialization for 'ion_pdata.heaps')
arch/arm/mach-msm/board-msm8x60_dali.c:9790:4: warning: excess elements in scalar initializer [enabled by default]
arch/arm/mach-msm/board-msm8x60_dali.c:9790:4: warning: (near initialization for 'ion_pdata.heaps') [enabled by default]
arch/arm/mach-msm/board-msm8x60_dali.c:9791:4: error: field name not in record or union initializer
arch/arm/mach-msm/board-msm8x60_dali.c:9791:4: error: (near initialization for 'ion_pdata.heaps')
arch/arm/mach-msm/board-msm8x60_dali.c:9791:4: warning: excess elements in scalar initializer [enabled by default]
arch/arm/mach-msm/board-msm8x60_dali.c:9791:4: warning: (near initialization for 'ion_pdata.heaps') [enabled by default]
arch/arm/mach-msm/board-msm8x60_dali.c:9792:4: error: field name not in record or union initializer
arch/arm/mach-msm/board-msm8x60_dali.c:9792:4: error: (near initialization for 'ion_pdata.heaps')
arch/arm/mach-msm/board-msm8x60_dali.c:9792:4: warning: excess elements in scalar initializer [enabled by default]
arch/arm/mach-msm/board-msm8x60_dali.c:9792:4: warning: (near initialization for 'ion_pdata.heaps') [enabled by default]
arch/arm/mach-msm/board-msm8x60_dali.c:9793:4: error: field name not in record or union initializer
arch/arm/mach-msm/board-msm8x60_dali.c:9793:4: error: (near initialization for 'ion_pdata.heaps')
arch/arm/mach-msm/board-msm8x60_dali.c:9793:4: warning: excess elements in scalar initializer [enabled by default]
arch/arm/mach-msm/board-msm8x60_dali.c:9793:4: warning: (near initialization for 'ion_pdata.heaps') [enabled by default]
arch/arm/mach-msm/board-msm8x60_dali.c:9794:4: error: field name not in record or union initializer
arch/arm/mach-msm/board-msm8x60_dali.c:9794:4: error: (near initialization for 'ion_pdata.heaps')
arch/arm/mach-msm/board-msm8x60_dali.c:9794:4: warning: excess elements in scalar initializer [enabled by default]
arch/arm/mach-msm/board-msm8x60_dali.c:9794:4: warning: (near initialization for 'ion_pdata.heaps') [enabled by default]
arch/arm/mach-msm/board-msm8x60_dali.c:9795:3: warning: excess elements in scalar initializer [enabled by default]
arch/arm/mach-msm/board-msm8x60_dali.c:9795:3: warning: (near initialization for 'ion_pdata.heaps') [enabled by default]
arch/arm/mach-msm/board-msm8x60_dali.c:9796:3: warning: braces around scalar initializer [enabled by default]
arch/arm/mach-msm/board-msm8x60_dali.c:9796:3: warning: (near initialization for 'ion_pdata.heaps') [enabled by default]
arch/arm/mach-msm/board-msm8x60_dali.c:9797:4: error: field name not in record or union initializer
arch/arm/mach-msm/board-msm8x60_dali.c:9797:4: error: (near initialization for 'ion_pdata.heaps')
arch/arm/mach-msm/board-msm8x60_dali.c:9797:4: warning: initialization makes pointer from integer without a cast [enabled by default]
arch/arm/mach-msm/board-msm8x60_dali.c:9797:4: warning: (near initialization for 'ion_pdata.heaps') [enabled by default]
arch/arm/mach-msm/board-msm8x60_dali.c:9798:4: error: field name not in record or union initializer
arch/arm/mach-msm/board-msm8x60_dali.c:9798:4: error: (near initialization for 'ion_pdata.heaps')
arch/arm/mach-msm/board-msm8x60_dali.c:9798:4: warning: excess elements in scalar initializer [enabled by default]
arch/arm/mach-msm/board-msm8x60_dali.c:9798:4: warning: (near initialization for 'ion_pdata.heaps') [enabled by default]
arch/arm/mach-msm/board-msm8x60_dali.c:9799:4: error: field name not in record or union initializer
arch/arm/mach-msm/board-msm8x60_dali.c:9799:4: error: (near initialization for 'ion_pdata.heaps')
arch/arm/mach-msm/board-msm8x60_dali.c:9799:4: warning: excess elements in scalar initializer [enabled by default]
arch/arm/mach-msm/board-msm8x60_dali.c:9799:4: warning: (near initialization for 'ion_pdata.heaps') [enabled by default]
arch/arm/mach-msm/board-msm8x60_dali.c:9800:4: error: field name not in record or union initializer
arch/arm/mach-msm/board-msm8x60_dali.c:9800:4: error: (near initialization for 'ion_pdata.heaps')
arch/arm/mach-msm/board-msm8x60_dali.c:9800:4: warning: excess elements in scalar initializer [enabled by default]
arch/arm/mach-msm/board-msm8x60_dali.c:9800:4: warning: (near initialization for 'ion_pdata.heaps') [enabled by default]
arch/arm/mach-msm/board-msm8x60_dali.c:9801:4: error: field name not in record or union initializer
arch/arm/mach-msm/board-msm8x60_dali.c:9801:4: error: (near initialization for 'ion_pdata.heaps')
arch/arm/mach-msm/board-msm8x60_dali.c:9801:4: warning: excess elements in scalar initializer [enabled by default]
arch/arm/mach-msm/board-msm8x60_dali.c:9801:4: warning: (near initialization for 'ion_pdata.heaps') [enabled by default]
arch/arm/mach-msm/board-msm8x60_dali.c:9802:4: error: field name not in record or union initializer
arch/arm/mach-msm/board-msm8x60_dali.c:9802:4: error: (near initialization for 'ion_pdata.heaps')
arch/arm/mach-msm/board-msm8x60_dali.c:9802:4: warning: excess elements in scalar initializer [enabled by default]
arch/arm/mach-msm/board-msm8x60_dali.c:9802:4: warning: (near initialization for 'ion_pdata.heaps') [enabled by default]
arch/arm/mach-msm/board-msm8x60_dali.c:9803:3: warning: excess elements in scalar initializer [enabled by default]
arch/arm/mach-msm/board-msm8x60_dali.c:9803:3: warning: (near initialization for 'ion_pdata.heaps') [enabled by default]
arch/arm/mach-msm/board-msm8x60_dali.c:9804:3: warning: braces around scalar initializer [enabled by default]
arch/arm/mach-msm/board-msm8x60_dali.c:9804:3: warning: (near initialization for 'ion_pdata.heaps') [enabled by default]
arch/arm/mach-msm/board-msm8x60_dali.c:9805:4: error: field name not in record or union initializer
arch/arm/mach-msm/board-msm8x60_dali.c:9805:4: error: (near initialization for 'ion_pdata.heaps')
arch/arm/mach-msm/board-msm8x60_dali.c:9805:4: warning: initialization makes pointer from integer without a cast [enabled by default]
arch/arm/mach-msm/board-msm8x60_dali.c:9805:4: warning: (near initialization for 'ion_pdata.heaps') [enabled by default]
arch/arm/mach-msm/board-msm8x60_dali.c:9806:4: error: field name not in record or union initializer
arch/arm/mach-msm/board-msm8x60_dali.c:9806:4: error: (near initialization for 'ion_pdata.heaps')
arch/arm/mach-msm/board-msm8x60_dali.c:9806:4: warning: excess elements in scalar initializer [enabled by default]
arch/arm/mach-msm/board-msm8x60_dali.c:9806:4: warning: (near initialization for 'ion_pdata.heaps') [enabled by default]
arch/arm/mach-msm/board-msm8x60_dali.c:9807:4: error: field name not in record or union initializer
arch/arm/mach-msm/board-msm8x60_dali.c:9807:4: error: (near initialization for 'ion_pdata.heaps')
arch/arm/mach-msm/board-msm8x60_dali.c:9807:4: warning: excess elements in scalar initializer [enabled by default]
arch/arm/mach-msm/board-msm8x60_dali.c:9807:4: warning: (near initialization for 'ion_pdata.heaps') [enabled by default]
arch/arm/mach-msm/board-msm8x60_dali.c:9808:4: error: field name not in record or union initializer
arch/arm/mach-msm/board-msm8x60_dali.c:9808:4: error: (near initialization for 'ion_pdata.heaps')
arch/arm/mach-msm/board-msm8x60_dali.c:9808:4: warning: excess elements in scalar initializer [enabled by default]
arch/arm/mach-msm/board-msm8x60_dali.c:9808:4: warning: (near initialization for 'ion_pdata.heaps') [enabled by default]
arch/arm/mach-msm/board-msm8x60_dali.c:9810:4: error: field name not in record or union initializer
arch/arm/mach-msm/board-msm8x60_dali.c:9810:4: error: (near initialization for 'ion_pdata.heaps')
arch/arm/mach-msm/board-msm8x60_dali.c:9810:19: error: 'ION_ADSP_TYPE' undeclared here (not in a function)
arch/arm/mach-msm/board-msm8x60_dali.c:9810:4: warning: excess elements in scalar initializer [enabled by default]
arch/arm/mach-msm/board-msm8x60_dali.c:9810:4: warning: (near initialization for 'ion_pdata.heaps') [enabled by default]
arch/arm/mach-msm/board-msm8x60_dali.c:9814:4: error: field name not in record or union initializer
arch/arm/mach-msm/board-msm8x60_dali.c:9814:4: error: (near initialization for 'ion_pdata.heaps')
arch/arm/mach-msm/board-msm8x60_dali.c:9814:4: warning: excess elements in scalar initializer [enabled by default]
arch/arm/mach-msm/board-msm8x60_dali.c:9814:4: warning: (near initialization for 'ion_pdata.heaps') [enabled by default]
arch/arm/mach-msm/board-msm8x60_dali.c:9815:3: warning: excess elements in scalar initializer [enabled by default]
arch/arm/mach-msm/board-msm8x60_dali.c:9815:3: warning: (near initialization for 'ion_pdata.heaps') [enabled by default]
arch/arm/mach-msm/board-msm8x60_dali.c:9816:3: warning: braces around scalar initializer [enabled by default]
arch/arm/mach-msm/board-msm8x60_dali.c:9816:3: warning: (near initialization for 'ion_pdata.heaps') [enabled by default]
arch/arm/mach-msm/board-msm8x60_dali.c:9817:4: error: field name not in record or union initializer
arch/arm/mach-msm/board-msm8x60_dali.c:9817:4: error: (near initialization for 'ion_pdata.heaps')
arch/arm/mach-msm/board-msm8x60_dali.c:9817:4: warning: initialization makes pointer from integer without a cast [enabled by default]
arch/arm/mach-msm/board-msm8x60_dali.c:9817:4: warning: (near initialization for 'ion_pdata.heaps') [enabled by default]
arch/arm/mach-msm/board-msm8x60_dali.c:9818:4: error: field name not in record or union initializer
arch/arm/mach-msm/board-msm8x60_dali.c:9818:4: error: (near initialization for 'ion_pdata.heaps')
arch/arm/mach-msm/board-msm8x60_dali.c:9818:4: warning: excess elements in scalar initializer [enabled by default]
arch/arm/mach-msm/board-msm8x60_dali.c:9818:4: warning: (near initialization for 'ion_pdata.heaps') [enabled by default]
arch/arm/mach-msm/board-msm8x60_dali.c:9819:4: error: field name not in record or union initializer
arch/arm/mach-msm/board-msm8x60_dali.c:9819:4: error: (near initialization for 'ion_pdata.heaps')
arch/arm/mach-msm/board-msm8x60_dali.c:9819:4: warning: excess elements in scalar initializer [enabled by default]
arch/arm/mach-msm/board-msm8x60_dali.c:9819:4: warning: (near initialization for 'ion_pdata.heaps') [enabled by default]
arch/arm/mach-msm/board-msm8x60_dali.c:9820:4: error: field name not in record or union initializer
arch/arm/mach-msm/board-msm8x60_dali.c:9820:4: error: (near initialization for 'ion_pdata.heaps')
arch/arm/mach-msm/board-msm8x60_dali.c:9820:4: warning: excess elements in scalar initializer [enabled by default]
arch/arm/mach-msm/board-msm8x60_dali.c:9820:4: warning: (near initialization for 'ion_pdata.heaps') [enabled by default]
arch/arm/mach-msm/board-msm8x60_dali.c:9822:4: error: field name not in record or union initializer
arch/arm/mach-msm/board-msm8x60_dali.c:9822:4: error: (near initialization for 'ion_pdata.heaps')
arch/arm/mach-msm/board-msm8x60_dali.c:9822:4: warning: excess elements in scalar initializer [enabled by default]
arch/arm/mach-msm/board-msm8x60_dali.c:9822:4: warning: (near initialization for 'ion_pdata.heaps') [enabled by default]
arch/arm/mach-msm/board-msm8x60_dali.c:9826:4: error: field name not in record or union initializer
arch/arm/mach-msm/board-msm8x60_dali.c:9826:4: error: (near initialization for 'ion_pdata.heaps')
arch/arm/mach-msm/board-msm8x60_dali.c:9826:4: warning: excess elements in scalar initializer [enabled by default]
arch/arm/mach-msm/board-msm8x60_dali.c:9826:4: warning: (near initialization for 'ion_pdata.heaps') [enabled by default]
arch/arm/mach-msm/board-msm8x60_dali.c:9827:3: warning: excess elements in scalar initializer [enabled by default]
arch/arm/mach-msm/board-msm8x60_dali.c:9827:3: warning: (near initialization for 'ion_pdata.heaps') [enabled by default]
arch/arm/mach-msm/board-msm8x60_dali.c:9838:3: warning: braces around scalar initializer [enabled by default]
arch/arm/mach-msm/board-msm8x60_dali.c:9838:3: warning: (near initialization for 'ion_pdata.heaps') [enabled by default]
arch/arm/mach-msm/board-msm8x60_dali.c:9839:4: error: field name not in record or union initializer
arch/arm/mach-msm/board-msm8x60_dali.c:9839:4: error: (near initialization for 'ion_pdata.heaps')
arch/arm/mach-msm/board-msm8x60_dali.c:9839:4: warning: initialization makes pointer from integer without a cast [enabled by default]
arch/arm/mach-msm/board-msm8x60_dali.c:9839:4: warning: (near initialization for 'ion_pdata.heaps') [enabled by default]
arch/arm/mach-msm/board-msm8x60_dali.c:9840:4: error: field name not in record or union initializer
arch/arm/mach-msm/board-msm8x60_dali.c:9840:4: error: (near initialization for 'ion_pdata.heaps')
arch/arm/mach-msm/board-msm8x60_dali.c:9840:4: warning: excess elements in scalar initializer [enabled by default]
arch/arm/mach-msm/board-msm8x60_dali.c:9840:4: warning: (near initialization for 'ion_pdata.heaps') [enabled by default]
arch/arm/mach-msm/board-msm8x60_dali.c:9841:4: error: field name not in record or union initializer
arch/arm/mach-msm/board-msm8x60_dali.c:9841:4: error: (near initialization for 'ion_pdata.heaps')
arch/arm/mach-msm/board-msm8x60_dali.c:9841:4: warning: excess elements in scalar initializer [enabled by default]
arch/arm/mach-msm/board-msm8x60_dali.c:9841:4: warning: (near initialization for 'ion_pdata.heaps') [enabled by default]
arch/arm/mach-msm/board-msm8x60_dali.c:9842:4: error: field name not in record or union initializer
arch/arm/mach-msm/board-msm8x60_dali.c:9842:4: error: (near initialization for 'ion_pdata.heaps')
arch/arm/mach-msm/board-msm8x60_dali.c:9842:4: warning: excess elements in scalar initializer [enabled by default]
arch/arm/mach-msm/board-msm8x60_dali.c:9842:4: warning: (near initialization for 'ion_pdata.heaps') [enabled by default]
arch/arm/mach-msm/board-msm8x60_dali.c:9843:4: error: field name not in record or union initializer
arch/arm/mach-msm/board-msm8x60_dali.c:9843:4: error: (near initialization for 'ion_pdata.heaps')
arch/arm/mach-msm/board-msm8x60_dali.c:9843:4: warning: excess elements in scalar initializer [enabled by default]
arch/arm/mach-msm/board-msm8x60_dali.c:9843:4: warning: (near initialization for 'ion_pdata.heaps') [enabled by default]
arch/arm/mach-msm/board-msm8x60_dali.c:9844:4: error: field name not in record or union initializer
arch/arm/mach-msm/board-msm8x60_dali.c:9844:4: error: (near initialization for 'ion_pdata.heaps')
arch/arm/mach-msm/board-msm8x60_dali.c:9844:4: warning: excess elements in scalar initializer [enabled by default]
arch/arm/mach-msm/board-msm8x60_dali.c:9844:4: warning: (near initialization for 'ion_pdata.heaps') [enabled by default]
arch/arm/mach-msm/board-msm8x60_dali.c:9845:3: warning: excess elements in scalar initializer [enabled by default]
arch/arm/mach-msm/board-msm8x60_dali.c:9845:3: warning: (near initialization for 'ion_pdata.heaps') [enabled by default]
arch/arm/mach-msm/board-msm8x60_dali.c:9878:3: error: 'MEMTYPE_PMEM_ADSP' undeclared here (not in a function)
arch/arm/mach-msm/board-msm8x60_dali.c:9878:2: error: array index in initializer not of integer type
arch/arm/mach-msm/board-msm8x60_dali.c:9878:2: error: (near initialization for 'msm8x60_reserve_table')
arch/arm/mach-msm/board-msm8x60_dali.c: In function 'reserve_ion_memory':
arch/arm/mach-msm/board-msm8x60_dali.c:9913:38: warning: comparison between 'enum ion_heap_type' and 'enum msm_ion_heap_types' [-Wenum-compare]
arch/arm/mach-msm/board-msm8x60_dali.c:9934:23: error: array subscript is not an integer
arch/arm/mach-msm/board-msm8x60_dali.c:9934:42: error: request for member 'size' in something not a structure or union
arch/arm/mach-msm/board-msm8x60_dali.c:9934:2: warning: statement with no effect [-Wunused-value]
arch/arm/mach-msm/board-msm8x60_dali.c:9935:23: error: array subscript is not an integer
arch/arm/mach-msm/board-msm8x60_dali.c:9935:42: error: request for member 'size' in something not a structure or union
arch/arm/mach-msm/board-msm8x60_dali.c:9935:2: warning: statement with no effect [-Wunused-value]
arch/arm/mach-msm/board-msm8x60_dali.c: In function 'msm_sdcc_cfg_mpm_sdiowakeup':
arch/arm/mach-msm/board-msm8x60_dali.c:13407:19: error: storage size of 'pin' isn't known
arch/arm/mach-msm/board-msm8x60_dali.c:13414:9: error: 'MSM_MPM_PIN_SDC4_DAT1' undeclared (first use in this function)
arch/arm/mach-msm/board-msm8x60_dali.c:13414:9: note: each undeclared identifier is reported only once for each function it appears in
arch/arm/mach-msm/board-msm8x60_dali.c:13414:3: warning: statement with no effect [-Wunused-value]
arch/arm/mach-msm/board-msm8x60_dali.c:13420:3: warning: passing argument 1 of 'msm_mpm_enable_pin' makes integer from pointer without a cast [enabled by default]
arch/arm/mach-msm/include/mach/mpm.h:54:5: note: expected 'unsigned int' but argument is of type 'struct platform_device **'
arch/arm/mach-msm/board-msm8x60_dali.c:13423:3: warning: passing argument 1 of 'msm_mpm_set_pin_type' makes integer from pointer without a cast [enabled by default]
arch/arm/mach-msm/include/mach/mpm.h:81:5: note: expected 'unsigned int' but argument is of type 'struct platform_device **'
arch/arm/mach-msm/board-msm8x60_dali.c:13424:3: warning: passing argument 1 of 'msm_mpm_enable_pin' makes integer from pointer without a cast [enabled by default]
arch/arm/mach-msm/include/mach/mpm.h:54:5: note: expected 'unsigned int' but argument is of type 'struct platform_device **'
arch/arm/mach-msm/board-msm8x60_dali.c:13427:3: warning: passing argument 1 of 'msm_mpm_set_pin_wake' makes integer from pointer without a cast [enabled by default]
arch/arm/mach-msm/include/mach/mpm.h:68:5: note: expected 'unsigned int' but argument is of type 'struct platform_device **'
arch/arm/mach-msm/board-msm8x60_dali.c:13430:3: warning: passing argument 1 of 'msm_mpm_set_pin_wake' makes integer from pointer without a cast [enabled by default]
arch/arm/mach-msm/include/mach/mpm.h:68:5: note: expected 'unsigned int' but argument is of type 'struct platform_device **'
arch/arm/mach-msm/board-msm8x60_dali.c:13407:19: warning: unused variable 'pin' [-Wunused-variable]
arch/arm/mach-msm/board-msm8x60_dali.c: At top level:
arch/arm/mach-msm/board-msm8x60_dali.c:13454:2: error: unknown field 'pclk_src_dfab' specified in initializer
arch/arm/mach-msm/board-msm8x60_dali.c:13469:2: error: unknown field 'pclk_src_dfab' specified in initializer
arch/arm/mach-msm/board-msm8x60_dali.c:13494:2: error: unknown field 'pclk_src_dfab' specified in initializer
arch/arm/mach-msm/board-msm8x60_dali.c:13508:2: error: unknown field 'pclk_src_dfab' specified in initializer
arch/arm/mach-msm/board-msm8x60_dali.c:13509:2: error: unknown field 'cfg_mpm_sdiowakeup' specified in initializer
arch/arm/mach-msm/board-msm8x60_dali.c:13509:2: warning: initialization makes integer from pointer without a cast [enabled by default]
arch/arm/mach-msm/board-msm8x60_dali.c:13509:2: warning: (near initialization for 'msm8x60_sdc4_data.wpswitch_gpio') [enabled by default]
arch/arm/mach-msm/board-msm8x60_dali.c:13524:2: error: unknown field 'pclk_src_dfab' specified in initializer
arch/arm/mach-msm/board-msm8x60_dali.c:17374:2: error: unknown field 'irq_vmpm' specified in initializer
arch/arm/mach-msm/board-msm8x60_dali.c:17375:2: error: unknown field 'msm_apps_ipc_rpm_reg' specified in initializer
arch/arm/mach-msm/board-msm8x60_dali.c:17376:2: error: unknown field 'msm_apps_ipc_rpm_val' specified in initializer
arch/arm/mach-msm/board-msm8x60_dali.c: In function 'msm8x60_init':
arch/arm/mach-msm/board-msm8x60_dali.c:17540:2: warning: passing argument 1 of 'msm_rpmrs_levels_init' from incompatible pointer type [enabled by default]
arch/arm/mach-msm/rpm_resources.h:142:5: note: expected 'struct msm_rpmrs_platform_data *' but argument is of type 'struct msm_rpmrs_level *'
arch/arm/mach-msm/board-msm8x60_dali.c:17540:2: error: too many arguments to function 'msm_rpmrs_levels_init'
arch/arm/mach-msm/rpm_resources.h:142:5: note: declared here
arch/arm/mach-msm/board-msm8x60_dali.c:17606:3: warning: implicit declaration of function 'acpuclk_init' [-Wimplicit-function-declaration]
arch/arm/mach-msm/board-msm8x60_dali.c:17606:17: error: 'acpuclk_8x60_soc_data' undeclared (first use in this function)
arch/arm/mach-msm/board-msm8x60_dali.c:17810:2: warning: implicit declaration of function 'msm_cpuidle_set_states' [-Wimplicit-function-declaration]  CC      net/ipv6/af_inet6.o

  CC      net/ipv4/route.o
make[1]: *** [arch/arm/mach-msm/board-msm8x60_dali.o] 오류 1
make: *** [arch/arm/mach-msm] 오류 2
  CC      net/ipv6/anycast.o
  CC      crypto/testmgr.o
  LD      net/dns_resolver/dns_resolver.o
  LD      net/dns_resolver/built-in.o
  CC      sound/core/pcm_native.o
  CC      drivers/base/attribute_container.o
  CC      crypto/crypto_wq.o
  CC      net/bluetooth/hci_conn.o
  LD      net/ethernet/built-in.o
  CC      net/bluetooth/hci_event.o
  CC      net/core/request_sock.o
  CC      crypto/aead.o
  CC      crypto/chainiv.o
  CC      net/netfilter/core.o
  CC      crypto/eseqiv.o
  CC      drivers/base/topology.o
  LD      drivers/bluetooth/hci_uart.o
  LD      drivers/bluetooth/built-in.o
  CC      drivers/char/mem.o
  CC      block/blk-flush.o
  CC      net/ipv6/ip6_output.o
  LD      crypto/crypto_hash.o
  CC      crypto/pcompress.o
  CC      drivers/base/sys.o
  LD      crypto/cryptomgr.o
  CC      crypto/hmac.o
  CC      net/core/skbuff.o
  CC      drivers/base/power/main.o
  CC      net/core/iovec.o
  CC      net/core/datagram.o
  CC      crypto/xcbc.o
  CC      block/blk-settings.o
  CC      net/netfilter/nf_log.o
  CC      drivers/char/random.o
  CC      crypto/crypto_null.o
  CC      crypto/md4.o
  CC      crypto/md5.o
  LD      kernel/trace/built-in.o
  CC      kernel/module.o
  CC      net/bluetooth/mgmt.o
  CC      block/blk-ioc.o
  CC      net/core/stream.o
  CC      drivers/base/power/wakeup.o
  CC      crypto/sha1_generic.o
  CC      net/netfilter/nf_queue.o
  CC      drivers/base/power/runtime.o
  LD      net/key/built-in.o
  CC      drivers/char/misc.o
  CC      net/ipv4/inetpeer.o
  CC      net/netlink/af_netlink.o
  CC      net/core/scm.o
  CC      crypto/sha256_generic.o
  CC      sound/core/pcm_lib.o
  CC      drivers/char/diag/diagchar_core.o
  CC      net/core/gen_stats.o
  CC      block/blk-map.o
  CC      net/ipv6/ip6_input.o
  CC      drivers/char/diag/diagchar_hdlc.o
  CC      net/netfilter/nf_sockopt.o
  CC      net/core/gen_estimator.o
  CC      net/ipv4/protocol.o
  CC      drivers/char/diag/diagfwd.o
  LD      drivers/base/power/built-in.o
  CC      block/blk-exec.o
  CC      drivers/base/regmap/regmap.o
  CC      net/netlink/genetlink.o
  CC      crypto/ecb.o
  CC      crypto/cbc.o
  CC      net/ipv6/addrconf.o
  CC      net/netfilter/nf_conntrack_core.o
  CC      net/ipv4/ip_input.o
  CC      block/blk-merge.o
  CC      net/core/net_namespace.o
  CC      crypto/des_generic.o
  CC      net/packet/af_packet.o
  CC      sound/core/pcm_timer.o
  CC      block/blk-softirq.o
  CC      drivers/clk/clkdev.o
  GZIP    kernel/config_data.gz
  CHK     kernel/config_data.h
  LD      kernel/built-in.o
  CC      sound/core/pcm_misc.o
  LD      drivers/clk/built-in.o
  CC      drivers/base/regmap/regmap-i2c.o
  CC      net/ipv4/ip_fragment.o
  CC      block/blk-timeout.o
  CC      drivers/cpufreq/cpufreq.o
  LD      net/netlink/built-in.o
  CC      net/core/secure_seq.o
  CC      drivers/char/diag/diagmem.o
  CC      net/rfkill/core.o
  CC      net/sched/sch_generic.o
  CC      net/sunrpc/clnt.o
  CC      drivers/base/regmap/regmap-spi.o
  CC      net/sunrpc/xprt.o
  CC      crypto/twofish_generic.o
  CC      sound/core/pcm_memory.o
  CC      net/core/flow_dissector.o
  CC      drivers/char/diag/diagfwd_cntl.o
  CC      block/blk-iopoll.o
  LD      drivers/base/regmap/built-in.o
  CC      drivers/base/dma-coherent.o
  CC      drivers/char/diag/diag_dci.o
  CC      sound/core/rawmidi.o
  CC      crypto/twofish_common.o
  CC      net/core/sysctl_net_core.o
  CC      net/netfilter/nf_conntrack_standalone.o
  LD      net/rfkill/rfkill.o
  LD      net/rfkill/built-in.o
  CC      sound/core/timer.o
  CC      drivers/base/genlock.o
  CC      block/blk-lib.o
  CC      net/ipv4/ip_forward.o
  CC      net/bluetooth/hci_sock.o
  CC      drivers/cpufreq/cpufreq_stats.o
  CC      net/sched/sch_mq.o
  CC      net/core/dev.o
  CC      drivers/char/diag/diag_masks.o
  CC      block/ioctl.o
  LD      net/packet/built-in.o
  CC      net/sched/sch_api.o
  CC      drivers/cpufreq/cpufreq_performance.o
  CC      crypto/aes_generic.o
  CC      crypto/arc4.o
  CC      net/ipv4/ip_options.o
  CC      net/netfilter/nf_conntrack_expect.o
  CC      net/sunrpc/socklib.o
  CC      drivers/cpufreq/cpufreq_powersave.o
  CC      drivers/base/firmware_class.o
  CC      net/sunrpc/xprtsock.o
  CC      net/bluetooth/hci_sysfs.o
  CC      drivers/cpufreq/cpufreq_userspace.o
  CC      net/ipv6/addrlabel.o
  CC      net/ipv6/route.o
  CC      sound/core/sound.o
  CC      drivers/char/diag/diag_debugfs.o
  CC      block/genhd.o
  CC      drivers/cpufreq/cpufreq_ondemand.o
  CC      net/sunrpc/sched.o
  CC      drivers/base/module.o
  CC      drivers/char/diag/diagfwd_sdio.o
  CC      sound/core/init.o
  CC      sound/core/memory.o
  CC      net/ipv4/ip_output.o
  CC      crypto/deflate.o
  LD      drivers/base/built-in.o
  CC      net/netfilter/nf_conntrack_helper.o
  CC      net/netfilter/nf_conntrack_proto.o
  CC      net/netfilter/nf_conntrack_l3proto_generic.o
  CC      net/bluetooth/l2cap_core.o
  CC      net/sched/sch_blackhole.o
  CC      crypto/crc32c.o
  CC      sound/core/info.o
  LD      drivers/char/diag/diagchar.o
  LD      drivers/char/diag/built-in.o
  CC      drivers/char/hw_random/core.o
  CC      drivers/cpufreq/cpufreq_conservative.o
  CC      crypto/authenc.o
  CC      net/sched/cls_api.o
  CC      drivers/cpufreq/freq_table.o
  CC      net/sunrpc/auth.o
  CC      sound/core/control.o
  CC      block/scsi_ioctl.o
  CC      net/netfilter/nf_conntrack_proto_generic.o
  CC      drivers/char/hw_random/msm_rng.o
  CC      net/netfilter/nf_conntrack_proto_tcp.o
  CC      drivers/char/msm_rotator.o
  LD      drivers/cpufreq/built-in.o
  CC      block/partition-generic.o
  CC      sound/core/misc.o
  LD      drivers/char/hw_random/rng-core.o
  LD      drivers/char/hw_random/built-in.o
  CC      net/netfilter/nf_conntrack_proto_udp.o
  CC      net/sunrpc/auth_null.o
  CC      crypto/authencesn.o
  CC      sound/core/device.o
  CC      sound/core/jack.o
  CC      net/sched/act_api.o
  CC      block/partitions/check.o
  CC      net/ipv6/ip6_fib.o
  CC      net/ipv4/ip_sockglue.o
  CC      net/sunrpc/auth_unix.o
  CC      net/sunrpc/auth_generic.o
  CC      net/sunrpc/svc.o
  CC      net/sunrpc/svcsock.o
  CC      net/netfilter/nf_conntrack_extend.o
  CC      sound/soc/soc-core.o
  LD      sound/core/snd.o
  LD      sound/core/snd-hwdep.o
  LD      sound/core/snd-timer.o
  LD      sound/core/snd-pcm.o
  CC      block/partitions/msdos.o
  LD      sound/core/snd-page-alloc.o
  LD      sound/core/snd-rawmidi.o
  LD      sound/core/built-in.o
  CC      crypto/rng.o
  CC      sound/usb/card.o
  CC      net/netfilter/nf_conntrack_acct.o
  CC      net/sunrpc/svcauth.o
  CC      sound/soc/soc-dapm.o
  CC      sound/soc/soc-jack.o
  LD      block/partitions/built-in.o
  CC      block/bsg.o
  CC      crypto/krng.o
  CC      net/netfilter/nf_conntrack_ecache.o
  CC      net/core/ethtool.o
  CC      net/sunrpc/svcauth_unix.o
  CC      net/sched/act_mirred.o
  CC [M]  crypto/ansi_cprng.o
  CC      sound/usb/clock.o
  LD      drivers/char/built-in.o
  CC      drivers/cpuidle/cpuidle.o
  CC      drivers/cpuidle/driver.o
  CC      net/ipv6/ipv6_sockglue.o
  CC      net/ipv6/ndisc.o
  CC      net/netfilter/nf_conntrack_h323_main.o
  CC      net/ipv4/inet_hashtables.o
  CC      sound/usb/endpoint.o
  CC      net/core/dev_addr_lists.o
  CC [M]  drivers/crypto/msm/qcedev.o
  LD      crypto/crypto.o
  LD      crypto/crypto_algapi.o
  LD      crypto/crypto_blkcipher.o
  LD      crypto/built-in.o
  CC [M]  drivers/crypto/msm/qce.o
  CC      drivers/cpuidle/governor.o
  CC      net/sched/sch_fifo.o
  CC      block/noop-iosched.o
  CC      drivers/cpuidle/governors/ladder.o
  CC      drivers/cpuidle/governors/menu.o
  CC      sound/usb/format.o
  CC      block/deadline-iosched.o
  CC      net/sunrpc/addr.o
  CC      net/sched/sch_htb.o
  CC      net/core/dst.o
  CC      net/core/netevent.o
  LD      drivers/cpuidle/governors/built-in.o
  LD      drivers/cpuidle/built-in.o
  CC      net/ipv4/inet_timewait_sock.o
  CC      net/sched/sch_ingress.o
  CC      net/ipv6/udp.o
  CC      sound/soc/soc-cache.o
  CC      block/cfq-iosched.o
  CC      sound/usb/helper.o
  CC      sound/last.o
  CC      net/sunrpc/rpcb_clnt.o
  CC      net/ipv4/inet_connection_sock.o
  CC      net/netfilter/nfnetlink.o
  CC      net/netfilter/nfnetlink_queue.o
  LD      sound/soundcore.o
  CC      net/ipv6/udplite.o
  CC      sound/usb/mixer.o
  CC      sound/soc/soc-utils.o
  CC      net/sched/sch_sfq.o
  CC [M]  drivers/crypto/msm/qcrypto.o
  CC      net/core/neighbour.o
  CC      sound/soc/soc-pcm.o
  CC      net/ipv4/tcp.o
  CC      sound/soc/soc-io.o
  CC      net/ipv6/raw.o
  CC      net/sched/sch_tbf.o
  CC      net/netfilter/nfnetlink_log.o
  CC      net/sunrpc/timer.o
  LD      net/netfilter/nf_conntrack.o
  CC      net/netfilter/nf_conntrack_proto_dccp.o
  CC      net/ipv4/tcp_input.o
  CC      net/sched/sch_prio.o
  CC      net/ipv4/tcp_output.o
  CC      sound/usb/mixer_quirks.o
  CC      net/netfilter/nf_conntrack_proto_gre.o
  CC [M]  block/test-iosched.o
  CC      net/bluetooth/l2cap_sock.o
  CC      net/sunrpc/xdr.o
  LD      block/built-in.o
  CC      net/sched/cls_u32.o
  CC      net/netfilter/nf_conntrack_proto_sctp.o
  CC      net/bluetooth/smp.o
  CC      net/netfilter/nf_conntrack_proto_udplite.o
  CC      sound/usb/pcm.o
  CC      net/ipv6/protocol.o
  CC      net/sunrpc/sunrpc_syms.o
  CC      drivers/gpio/gpiolib.o
  CC      net/ipv6/icmp.o
  CC      sound/soc/msm/lpass-dma.o
  CC      sound/soc/msm/msm8x60-dai.o
  CC      net/netfilter/nf_conntrack_netlink.o
  CC      net/ipv6/mcast.o
  CC      sound/usb/proc.o
  CC      net/netfilter/nf_conntrack_amanda.o
  CC      net/bluetooth/sco.o
  CC      net/sched/cls_fw.o
  CC      net/core/rtnetlink.o
  CC      sound/soc/msm/msm8x60-pcm.o
  CC      net/sunrpc/cache.o
  CC      sound/soc/msm/msm8x60.o
  CC      sound/usb/quirks.o
  CC      net/bluetooth/lib.o
  CC      net/ipv4/tcp_timer.o
  CC      net/ipv4/tcp_ipv4.o
  CC      net/sched/cls_tcindex.o
  CC      net/netfilter/nf_conntrack_ftp.o
  CC      net/ipv6/reassembly.o
  CC      sound/usb/stream.o
  CC      net/bluetooth/amp.o
  CC      drivers/gpio/devres.o
  CC      net/bluetooth/bnep/core.o
  CC      net/bluetooth/hidp/core.o
  CC      net/ipv4/tcp_minisocks.o
  CC      sound/soc/msm/qdsp6/q6asm.o
  CC      drivers/gpio/gpio-msm-common.o
  CC      sound/usb/midi.o
  CC      net/bluetooth/bnep/sock.o
  CC      net/sched/cls_basic.o
  CC      drivers/gpu/ion/ion.o
  CC      net/core/utils.o
  LD      net/netfilter/nf_conntrack_h323.o
  CC      net/netfilter/nf_conntrack_irc.o
  CC      drivers/gpio/pm8xxx-gpio.o
  CC      net/sunrpc/rpc_pipe.o
  CC      net/sunrpc/svc_xprt.o
  CC      net/ipv6/tcp_ipv6.o
  CC      net/bluetooth/bnep/netdev.o
  CC      net/ipv6/exthdrs.o
  CC      net/sched/ematch.o
  CC      net/bluetooth/hidp/sock.o
  CC      net/ipv4/tcp_cong.o
  CC      drivers/gpio/pm8xxx-mpp.o
  CC      net/core/link_watch.o
  CC      net/ipv4/datagram.o
  CC      net/netfilter/nf_conntrack_broadcast.o
  LD      net/bluetooth/bnep/bnep.o
  LD      net/bluetooth/bnep/built-in.o
  LD      sound/usb/snd-usb-audio.o
  CC      net/bluetooth/rfcomm/core.o
  LD      sound/usb/snd-usbmidi-lib.o
  LD      sound/usb/built-in.o
  CC      net/bluetooth/rfcomm/sock.o
  CC      drivers/gpio/gpio-sx150x.o
  CC      drivers/gpu/ion/msm/msm_ion.o
  LD      net/bluetooth/hidp/hidp.o
  LD      net/bluetooth/hidp/built-in.o
  CC      net/unix/af_unix.o
  CC      net/sched/em_cmp.o
  CC      net/unix/garbage.o
  CC      net/ipv6/datagram.o
  CC      net/ipv4/raw.o
  CC      net/core/filter.o
  CC      net/ipv4/udp.o
  LD      drivers/gpio/built-in.o
  CC      net/sunrpc/stats.o
  CC      drivers/hid/hid-debug.o
  CC      net/netfilter/nf_conntrack_netbios_ns.o
  CC      net/ipv6/ip6_flowlabel.o
  LD      drivers/gpu/ion/msm/built-in.o
  LD      drivers/gpu/ion/built-in.o
  CC      net/sched/em_nbyte.o
  CC      drivers/gpu/msm/adreno_ringbuffer.o
  CC      net/ipv6/inet6_connection_sock.o
  CC      net/unix/sysctl_net_unix.o
  CC      net/netfilter/nf_conntrack_pptp.o
  CC      net/bluetooth/rfcomm/tty.o
  CC      sound/soc/msm/qdsp6/q6adm.o
  CC      net/sched/em_u32.o
  CC      drivers/hid/hid-core.o
  CC      drivers/hid/hid-input.o
  CC      net/core/sock_diag.o
  CC      net/sunrpc/sysctl.o
  CC      drivers/hid/hid-apple.o
  CC      net/sched/em_meta.o
  CC      net/ipv4/udplite.o
  CC      net/ipv6/sysctl_net_ipv6.o
  CC      net/ipv6/xfrm6_policy.o
  CC      drivers/gpu/msm/adreno_drawctxt.o
  CC      net/sched/em_text.o
  CC      net/sunrpc/auth_gss/auth_gss.o
  CC      drivers/hid/hid-magicmouse.o
  CC      net/netfilter/nf_conntrack_sane.o
  CC      net/core/flow.o
  CC      sound/soc/msm/qdsp6/q6afe.o
  CC      drivers/gpu/msm/adreno_postmortem.o
  LD      net/unix/unix.o
  LD      net/unix/built-in.o
  CC      drivers/gpu/msm/adreno_snapshot.o
  CC      net/ipv6/xfrm6_state.o
  LD      net/bluetooth/rfcomm/rfcomm.o
  CC      net/wireless/core.o
  CC [M]  net/sched/sch_dsmark.o
  LD      net/bluetooth/rfcomm/built-in.o
  LD      net/bluetooth/bluetooth.o
  CC      net/ipv6/xfrm6_input.o
  CC      drivers/hid/hid-microsoft.o
  LD      net/bluetooth/built-in.o
  CC [M]  net/sched/cls_flow.o
  CC      net/core/net-sysfs.o
  CC      net/ipv6/xfrm6_output.o
  CC      net/netfilter/nf_conntrack_tftp.o
  CC      net/ipv6/netfilter.o
  CC      drivers/hid/hid-samsung.o
  CC      net/ipv4/arp.o
  CC      net/ipv4/icmp.o
  CC      drivers/hid/usbhid/hid-core.o
  CC      drivers/gpu/msm/adreno_a2xx.o
  LD      net/sched/built-in.o
  LD      sound/soc/msm/qdsp6/built-in.o
  LD      sound/soc/msm/snd-soc-msm8x60-dai.o
  LD      sound/soc/msm/snd-soc-msm8x60-pcm.o
  LD      sound/soc/msm/snd-soc-msm8x60.o
  LD      sound/soc/msm/snd-soc-lpass-dma.o
  CC      net/ipv4/devinet.o
  LD      sound/soc/msm/built-in.o
  CC      net/ipv6/fib6_rules.o
  LD      sound/soc/snd-soc-core.o
  CC      net/ipv6/proc.o
  CC      net/sunrpc/auth_gss/gss_generic_token.o
  LD      sound/soc/built-in.o
  LD      sound/built-in.o
  CC      net/netfilter/nf_tproxy_core.o
  CC      net/sunrpc/auth_gss/gss_mech_switch.o
  CC      net/sunrpc/auth_gss/svcauth_gss.o
  CC      net/sysctl_net.o
  CC      net/activity_stats.o
  CC      net/xfrm/xfrm_policy.o
  CC      net/wireless/sysfs.o
  CC      net/ipv4/af_inet.o
  CC      net/netfilter/x_tables.o
  CC      net/ipv6/ah6.o
  CC      net/wireless/radiotap.o
  CC      drivers/gpu/msm/adreno_a2xx_trace.o
  CC      net/core/fib_rules.o
  CC      net/wireless/util.o
  CC      net/ipv4/igmp.o
  CC      net/netfilter/xt_tcpudp.o
  CC      net/ipv4/fib_frontend.o
  CC      net/ipv4/fib_semantics.o
  CC      net/core/net-traces.o
  LD      drivers/hid/usbhid/usbhid.o
  LD      drivers/hid/usbhid/built-in.o
  CC      drivers/gpu/msm/adreno_a2xx_snapshot.o
  LD      drivers/hid/hid.o
  LD      drivers/hid/built-in.o
  CC      drivers/gpu/msm/adreno_a3xx.o
  CC      net/wireless/reg.o
  CC      net/ipv6/esp6.o
  CC      net/ipv4/fib_trie.o
  CC      net/netfilter/xt_mark.o
  LD      net/sunrpc/auth_gss/auth_rpcgss.o
  LD      net/sunrpc/auth_gss/built-in.o
  LD      net/sunrpc/sunrpc.o
  LD      net/sunrpc/built-in.o
  CC      net/netfilter/xt_connmark.o
  CC      net/wireless/scan.o
  CC      net/netfilter/xt_CLASSIFY.o
  CC      drivers/gpu/msm/adreno_a3xx_trace.o
  CC      net/netfilter/xt_NFLOG.o
  CC      drivers/gpu/msm/adreno_a3xx_snapshot.o
  CC      net/ipv4/inet_fragment.o
  CC      net/ipv4/ping.o
  CC      net/wireless/nl80211.o
  CC      net/netfilter/xt_NFQUEUE.o
  CC      net/ipv6/ipcomp6.o
  LD      net/core/built-in.o
  CC      net/netfilter/xt_TCPMSS.o
  CC      drivers/gpu/msm/adreno.o
  CC      net/netfilter/xt_comment.o
  CC      net/netfilter/xt_connlimit.o
  CC      drivers/gpu/msm/adreno_debugfs.o
  CC      net/xfrm/xfrm_state.o
  CC      net/netfilter/xt_conntrack.o
  CC      net/wireless/mlme.o
  CC      net/ipv4/sysctl_net_ipv4.o
  CC      net/netfilter/xt_ecn.o
  CC      drivers/gpu/msm/kgsl.o
  CC      net/ipv4/sysfs_net_ipv4.o
  CC      net/ipv6/xfrm6_tunnel.o
  CC      drivers/gpu/msm/kgsl_trace.o
  CC      drivers/hwmon/hwmon.o
  CC      net/xfrm/xfrm_input.o
  CC      net/xfrm/xfrm_output.o
  CC      net/xfrm/xfrm_algo.o
  CC      net/wireless/ibss.o
  CC      net/netfilter/xt_hashlimit.o
  CC      net/netfilter/xt_helper.o
  CC      drivers/hwmon/msm_adc.o
  CC      net/ipv4/proc.o
  CC      net/ipv4/fib_rules.o
  CC      net/ipv6/tunnel6.o
  CC      net/netfilter/xt_hl.o
  CC      net/wireless/sme.o
  CC      net/xfrm/xfrm_sysctl.o
  CC      drivers/hwmon/m_adcproc.o
  CC      net/xfrm/xfrm_replay.o
  CC      net/ipv4/esp4.o
  CC      net/wireless/chan.o
  CC      net/ipv4/ipcomp.o
  CC      net/netfilter/xt_iprange.o
  CC      net/netfilter/xt_length.o
  LD      drivers/hwmon/built-in.o
  CC      drivers/gpu/msm/kgsl_pwrctrl.o
  CC      drivers/gpu/msm/kgsl_mmu.o
  CC      net/ipv6/xfrm6_mode_transport.o
  CC      drivers/i2c/i2c-boardinfo.o
  CC      net/ipv4/xfrm4_tunnel.o
  CC      net/xfrm/xfrm_user.o
  CC      net/xfrm/xfrm_ipcomp.o
  CC      net/wireless/ethtool.o
  CC      drivers/i2c/i2c-core.o
  CC      net/netfilter/xt_limit.o
  CC      net/ipv4/tunnel4.o
  CC      net/ipv4/xfrm4_mode_transport.o
  CC      net/netfilter/xt_mac.o
  CC      net/ipv6/xfrm6_mode_tunnel.o
  CC      net/wireless/mesh.o
  CC      net/ipv4/xfrm4_mode_tunnel.o
  CC      net/ipv4/ipconfig.o
  CC      net/wireless/wext-compat.o
  CC      net/netfilter/xt_multiport.o
  CC      net/netfilter/xt_pkttype.o
  CC      drivers/i2c/i2c-dev.o
  CC      drivers/i2c/algos/i2c-algo-bit.o
  CC      drivers/i2c/busses/i2c-gpio.o
  CC      net/ipv6/xfrm6_mode_beet.o
  CC      net/ipv4/netfilter.o
  CC      drivers/gpu/msm/kgsl_gpummu.o
  CC      drivers/gpu/msm/kgsl_iommu.o
  CC      net/wireless/wext-sme.o
  CC      net/ipv4/netfilter/nf_nat_rule.o
  CC      drivers/i2c/busses/i2c-qup.o
  CC      drivers/gpu/msm/kgsl_snapshot.o
  LD      drivers/i2c/algos/built-in.o
  CC      drivers/gpu/msm/kgsl_events.o
  CC      net/netfilter/xt_policy.o
  CC      net/netfilter/xt_qtaguid.o
  CC      net/netfilter/xt_quota.o
  LD      net/xfrm/built-in.o
  CC      net/netfilter/xt_quota2.o
  CC      net/ipv6/mip6.o
  CC      drivers/gpu/msm/kgsl_debugfs.o
  CC      net/ipv4/netfilter/nf_nat_standalone.o
  CC      net/wireless/wext-core.o
  CC      net/ipv4/inet_diag.o
  CC      net/ipv4/tcp_diag.o
  CC      net/wireless/wext-proc.o
  CC      net/netfilter/xt_socket.o
  CC      net/netfilter/xt_state.o
  CC      net/ipv6/netfilter/ip6_tables.o
  CC      net/ipv6/netfilter/ip6table_filter.o
  CC      drivers/gpu/msm/z180.o
  CC      drivers/gpu/msm/z180_trace.o
  CC      drivers/i2c/busses/i2c-ssbi.o
  CC      net/ipv4/tcp_bic.o
  CC      net/ipv6/sit.o
  CC      net/ipv6/ip6_tunnel.o
  CC      net/ipv4/netfilter/nf_conntrack_l3proto_ipv4_compat.o
  CC      net/ipv4/netfilter/nf_conntrack_l3proto_ipv4.o
  CC      net/ipv6/addrconf_core.o
  CC      net/netfilter/xt_statistic.o
  CC      net/ipv4/tcp_cubic.o
  LD      net/wireless/cfg80211.o
  CC      net/ipv6/netfilter/ip6table_mangle.o
  LD      net/wireless/built-in.o
  CC      net/ipv4/netfilter/nf_conntrack_proto_icmp.o
  LD      drivers/i2c/busses/built-in.o
  LD      drivers/i2c/built-in.o
  CC      net/ipv4/xfrm4_policy.o
  LD      drivers/gpu/msm/msm_kgsl_core.o
  LD      drivers/gpu/msm/msm_adreno.o
  CC      net/ipv6/netfilter/ip6table_raw.o
  LD      drivers/gpu/msm/msm_z180.o
  LD      drivers/gpu/msm/built-in.o
  CC      net/netfilter/xt_string.o
  CC      net/netfilter/xt_time.o
  LD      drivers/gpu/built-in.o
  CC      net/ipv4/netfilter/nf_nat_core.o
  CC      net/ipv4/netfilter/nf_nat_helper.o
  CC      drivers/input/input.o
  CC      net/ipv6/exthdrs_core.o
  CC      net/ipv6/netfilter/nf_conntrack_l3proto_ipv6.o
  CC      net/ipv4/xfrm4_state.o
  CC      net/ipv4/netfilter/nf_nat_proto_unknown.o
  CC      net/ipv4/netfilter/nf_nat_proto_common.o
  CC      net/netfilter/xt_u32.o
  CC      net/ipv6/netfilter/nf_conntrack_proto_icmpv6.o
  LD      net/netfilter/netfilter.o
  CC      net/ipv6/netfilter/nf_defrag_ipv6_hooks.o
  CC      net/ipv6/netfilter/nf_conntrack_reasm.o
  CC      net/ipv6/inet6_hashtables.o
  CC      net/ipv4/xfrm4_input.o
  CC      net/ipv4/xfrm4_output.o
  LD      net/ipv6/ipv6.o
  CC      net/ipv4/netfilter/nf_nat_proto_tcp.o
  CC      net/ipv4/netfilter/nf_nat_proto_udp.o
  CC      net/ipv6/netfilter/ip6t_REJECT.o
  CC [M]  net/ipv4/tcp_westwood.o
  CC      net/ipv4/netfilter/nf_nat_proto_icmp.o
  CC      drivers/input/serio/serio.o
  LD      net/netfilter/built-in.o
  CC [M]  net/ipv4/tcp_htcp.o
  CC      net/ipv4/netfilter/nf_defrag_ipv4.o
  CC      net/ipv4/netfilter/nf_nat_amanda.o
  CC      net/ipv4/netfilter/nf_nat_ftp.o
  CC      net/ipv4/netfilter/nf_nat_h323.o
  CC      drivers/input/serio/serport.o
  CC      net/ipv4/netfilter/nf_nat_irc.o
  CC      net/ipv4/netfilter/nf_nat_pptp.o
  CC      net/ipv4/netfilter/nf_nat_tftp.o
  CC      net/ipv4/netfilter/nf_nat_proto_dccp.o
  CC      net/ipv4/netfilter/nf_nat_proto_gre.o
  CC      drivers/input/ff-core.o
  CC      net/ipv4/netfilter/nf_nat_proto_udplite.o
  CC      drivers/input/mousedev.o
  LD      net/ipv6/netfilter/nf_conntrack_ipv6.o
  LD      net/ipv6/netfilter/nf_defrag_ipv6.o
  LD      net/ipv6/netfilter/built-in.o
  LD      net/ipv6/built-in.o
  CC      net/ipv4/netfilter/nf_nat_proto_sctp.o
  CC      net/ipv4/netfilter/ip_tables.o
  CC      net/ipv4/netfilter/iptable_filter.o
  CC      drivers/input/evdev.o
  CC      drivers/input/serio/libps2.o
  CC      net/ipv4/netfilter/iptable_mangle.o
  LD      net/ipv4/netfilter/iptable_nat.o
  CC      net/ipv4/netfilter/iptable_raw.o
  CC      net/ipv4/netfilter/ipt_ah.o
  CC      net/ipv4/netfilter/ipt_MASQUERADE.o
  CC      net/ipv4/netfilter/ipt_NETMAP.o
  CC      net/ipv4/netfilter/ipt_REDIRECT.o
  CC      net/ipv4/netfilter/ipt_REJECT.o
  CC      drivers/input/keyboard/atkbd.o
  CC      drivers/input/keyboard/gpio_keys.o
  CC      net/ipv4/netfilter/arp_tables.o
  CC      net/ipv4/netfilter/arpt_mangle.o
  CC      drivers/input/misc/pmic8xxx-pwrkey.o
  CC      net/ipv4/netfilter/arptable_filter.o
  LD      drivers/input/serio/built-in.o
  CC      drivers/leds/led-core.o
  LD      net/ipv4/netfilter/nf_conntrack_ipv4.o
  LD      net/ipv4/netfilter/nf_nat.o
  CC      drivers/input/misc/uinput.o
  CC      drivers/input/misc/pmic8058-othc.o
  CC      drivers/md/dm-uevent.o
  CC      drivers/md/dm.o
  CC      drivers/leds/led-class.o
  CC      drivers/md/dm-table.o
  CC      drivers/md/dm-target.o
  CC      drivers/md/dm-linear.o
  CC      drivers/input/mouse/psmouse-base.o
  CC      drivers/media/common/tuners/tuner-xc2028.o
  CC      drivers/input/keyreset.o
  CC      drivers/input/touchscreen/melfas_ts.o
  CC      drivers/input/touchscreen/mcs8000_download.o
  CC      drivers/leds/led-triggers.o
  CC      drivers/md/dm-stripe.o
  CC      drivers/input/keyboard/matrix_keypad.o
  CC      drivers/input/keyboard/pmic8xxx-keypad.o
  CC      drivers/md/dm-ioctl.o
  CC      drivers/md/dm-io.o
  CC [M]  drivers/input/evbug.o
  CC      drivers/input/keyboard/cypress-touchkey_dali.o
  CC      drivers/leds/leds-gpio.o
  LD      drivers/input/input-core.o
  LD      net/ipv4/netfilter/built-in.o
  CC      drivers/media/radio/radio-tavarua.o
  LD      drivers/input/misc/built-in.o
  CC      drivers/input/keyboard/issp_driver_routines.o
  LD      net/ipv4/built-in.o
  CC      drivers/md/dm-kcopyd.o
  CC      drivers/media/common/tuners/tuner-simple.o
  CC      drivers/input/mouse/synaptics.o
  CC      drivers/leds/leds-pmic8058.o
  CC      drivers/leds/ledtrig-timer.o
  CC      drivers/leds/ledtrig-heartbeat.o
  LD      net/built-in.o
  LD      drivers/input/touchscreen/built-in.o
  CC      drivers/input/keyboard/issp_main.o
  CC      drivers/media/rc/keymaps/rc-adstech-dvb-t-pci.o
  CC      drivers/input/keyboard/issp_routines.o
  CC      drivers/leds/ledtrig-sleep.o
  CC      drivers/media/common/tuners/tuner-types.o
  CC      drivers/md/dm-sysfs.o
  CC      drivers/media/rc/keymaps/rc-alink-dtu-m.o
  CC      drivers/media/rc/keymaps/rc-anysee.o
  CC      drivers/media/rc/keymaps/rc-apac-viewcomp.o
  CC      drivers/md/dm-crypt.o
  LD      drivers/leds/built-in.o
  CC      drivers/mfd/marimba-core.o
  CC      drivers/media/rc/keymaps/rc-asus-pc39.o
  CC      drivers/media/rc/keymaps/rc-ati-tv-wonder-hd-600.o
  CC      drivers/mfd/timpani-codec.o
  CC      drivers/media/video/v4l2-dev.o
  CC      drivers/media/common/tuners/mt20xx.o
  CC      drivers/media/common/tuners/tda8290.o
  CC      drivers/media/common/tuners/tea5767.o
  LD      drivers/md/dm-mod.o
  CC      drivers/media/common/tuners/tea5761.o
  CC      drivers/media/common/tuners/tda9887.o
  CC      drivers/media/rc/keymaps/rc-ati-x10.o
  CC      drivers/media/rc/keymaps/rc-avermedia-a16d.o
  CC      drivers/input/mouse/trackpoint.o
  CC      drivers/media/rc/keymaps/rc-avermedia.o
  LD      drivers/input/keyboard/built-in.o
  CC      drivers/media/rc/keymaps/rc-avermedia-cardbus.o
  CC      drivers/media/video/v4l2-ioctl.o
  CC      drivers/media/rc/keymaps/rc-avermedia-dvbt.o
  CC      drivers/media/rc/keymaps/rc-avermedia-m135a.o
  CC      drivers/media/rc/rc-main.o
  CC      drivers/media/rc/keymaps/rc-avermedia-m733a-rm-k6.o
  LD      drivers/input/mouse/psmouse.o
  LD      drivers/input/mouse/built-in.o
  LD      drivers/input/built-in.o
  CC      drivers/mfd/msm-adie-codec.o
  CC      drivers/media/rc/keymaps/rc-avermedia-rm-ks.o
  CC      drivers/mfd/mfd-core.o
  CC      drivers/media/rc/keymaps/rc-avertv-303.o
  CC      drivers/media/common/tuners/tda827x.o
  CC      drivers/media/common/tuners/tda18271-maps.o
  CC      drivers/media/rc/ir-raw.o
  CC      drivers/media/rc/keymaps/rc-azurewave-ad-tu700.o
  CC      drivers/misc/pmem.o
  CC      drivers/media/common/tuners/tda18271-common.o
  CC      drivers/media/rc/keymaps/rc-behold.o
  CC      drivers/media/video/v4l2-device.o
  CC      drivers/media/rc/keymaps/rc-behold-columbus.o
  CC      drivers/media/rc/keymaps/rc-budget-ci-old.o
  CC      drivers/media/common/tuners/tda18271-fe.o
  CC      drivers/mfd/pmic8058.o
  LD      drivers/media/radio/built-in.o
  CC      drivers/mfd/pmic8901.o
  CC      drivers/media/rc/keymaps/rc-cinergy-1400.o
  CC      drivers/media/rc/keymaps/rc-cinergy.o
  CC      drivers/mmc/card/block.o
  CC      drivers/media/rc/keymaps/rc-dib0700-nec.o
  LD      drivers/md/built-in.o
  CC      drivers/media/video/v4l2-fh.o
  CC      drivers/media/video/v4l2-event.o
  CC      drivers/media/rc/keymaps/rc-dib0700-rc5.o
  CC      drivers/media/rc/keymaps/rc-digitalnow-tinytwin.o
  CC      drivers/media/rc/keymaps/rc-digittrade.o
  CC      drivers/media/rc/lirc_dev.o
  CC      drivers/media/common/tuners/xc5000.o
  CC      drivers/mfd/pm8xxx-debug.o
  CC      drivers/media/common/tuners/xc4000.o
  CC      drivers/media/common/tuners/mc44s803.o
  CC      drivers/media/rc/ir-nec-decoder.o
  CC      drivers/mfd/pm8xxx-misc.o
  CC      drivers/media/rc/keymaps/rc-dm1105-nec.o
  CC      drivers/media/rc/keymaps/rc-dntv-live-dvb-t.o
  CC      drivers/media/rc/keymaps/rc-dntv-live-dvbt-pro.o
  CC      drivers/media/rc/keymaps/rc-em-terratec.o
  CC      drivers/media/rc/keymaps/rc-encore-enltv2.o
  CC      drivers/media/video/v4l2-ctrls.o
  CC      drivers/media/rc/keymaps/rc-encore-enltv.o
  CC      drivers/mfd/pm8xxx-batt-alarm.o
  CC      drivers/media/rc/ir-rc5-decoder.o
  CC      drivers/media/rc/ir-rc6-decoder.o
  CC      drivers/media/rc/keymaps/rc-encore-enltv-fm53.o
  LD      drivers/media/common/tuners/tda18271.o
  CC      drivers/media/rc/keymaps/rc-evga-indtube.o
  CC      drivers/media/video/v4l2-subdev.o
  CC      drivers/media/video/v4l2-int-device.o
  CC      drivers/net/dummy.o
  CC      drivers/media/rc/keymaps/rc-eztv.o
  CC      drivers/media/rc/keymaps/rc-flydvb.o
  CC      drivers/media/rc/ir-jvc-decoder.o
  CC      drivers/media/rc/keymaps/rc-flyvideo.o
  CC      drivers/mmc/card/queue.o
  CC      drivers/media/rc/ir-sony-decoder.o
  LD      drivers/mfd/built-in.o
  CC      drivers/media/rc/keymaps/rc-fusionhdtv-mce.o
  CC      drivers/media/rc/ir-rc5-sz-decoder.o
  CC      drivers/media/rc/keymaps/rc-gadmei-rm008z.o
  CC      drivers/net/mii.o
  CC      drivers/media/video/v4l2-common.o
  CC [M]  drivers/misc/vibetonz/tspdrv.o
  CC      drivers/media/video/videobuf2-core.o
  CC      drivers/media/rc/keymaps/rc-genius-tvgo-a11mce.o
  CC      drivers/media/rc/keymaps/rc-gotview7135.o
  CC      drivers/media/rc/keymaps/rc-imon-mce.o
  CC      drivers/media/video/videobuf2-memops.o
  CC      drivers/media/video/videobuf2-vmalloc.o
  LD      drivers/media/common/tuners/built-in.o
  CC      drivers/media/rc/ir-sanyo-decoder.o
  CC      drivers/media/rc/ir-mce_kbd-decoder.o
  LD      drivers/media/common/built-in.o
  CC      drivers/media/rc/keymaps/rc-imon-pad.o
  CC      drivers/net/Space.o
  CC      drivers/media/rc/ir-lirc-codec.o
  CC      drivers/media/rc/keymaps/rc-iodata-bctv7e.o
  CC [M]  drivers/mmc/card/mmc_test.o
  CC      drivers/media/rc/keymaps/rc-it913x-v1.o
  CC      drivers/media/rc/keymaps/rc-it913x-v2.o
  CC      drivers/media/rc/keymaps/rc-kaiomy.o
  CC      drivers/media/rc/keymaps/rc-kworld-315u.o
  CC      drivers/media/rc/keymaps/rc-kworld-pc150u.o
  LD      drivers/media/rc/rc-core.o
  CC      drivers/net/loopback.o
  CC      drivers/platform/msm/ssbi.o
  CC      drivers/media/rc/keymaps/rc-kworld-plus-tv-analog.o
  LD [M]  drivers/misc/vibetonz/vibrator.o
  CC      drivers/misc/fsa9480.o
  CC      drivers/misc/ak8975.o
  CC      drivers/media/rc/keymaps/rc-leadtek-y04g0051.o
  CC      drivers/power/power_supply_core.o
  CC      drivers/media/video/vcap_v4l2.o
  CC      drivers/media/rc/keymaps/rc-lirc.o
  CC      drivers/media/video/vcap_vc.o
  CC      drivers/net/phy/phy.o
  CC      drivers/net/ppp/ppp_generic.o
  CC      drivers/net/phy/phy_device.o
  CC      drivers/net/phy/mdio_bus.o
  CC      drivers/net/ethernet/msm/msm_rmnet.o
  CC      drivers/net/ethernet/msm/msm_rmnet_sdio.o
  CC      drivers/media/rc/keymaps/rc-lme2510.o
  CC      drivers/misc/k3dh.o
  LD      drivers/platform/msm/built-in.o
  LD      drivers/platform/built-in.o
  CC      drivers/power/max17040_battery.o
  CC      drivers/media/rc/keymaps/rc-manli.o
  CC      drivers/regulator/core.o
  CC      drivers/media/rc/keymaps/rc-medion-x10.o
  CC      drivers/media/rc/keymaps/rc-msi-digivox-ii.o
  CC      drivers/media/video/vcap_vp.o
  CC      drivers/media/rc/keymaps/rc-msi-digivox-iii.o
  CC      drivers/media/rc/keymaps/rc-msi-tvanywhere.o
  CC      drivers/media/rc/keymaps/rc-msi-tvanywhere-plus.o
  CC      drivers/media/rc/keymaps/rc-nebula.o
  CC      drivers/power/smb328a_charger.o
  CC      drivers/power/sec_battery.o
  CC      drivers/media/rc/keymaps/rc-nec-terratec-cinergy-xs.o
  CC      drivers/media/rc/keymaps/rc-norwood.o
  CC      drivers/misc/sec_jack.o
  CC      drivers/media/rc/keymaps/rc-npgtech.o
  CC      drivers/media/rc/keymaps/rc-pctv-sedna.o
  LD      drivers/power/power_supply.o
  CC      drivers/media/rc/keymaps/rc-philips.o
  LD      drivers/net/ethernet/msm/built-in.o
  CC      drivers/net/ethernet/smsc/smc91x.o
drivers/power/sec_battery.c: In function 'sec_bat_read_adc':
drivers/power/sec_battery.c:1374:3: warning: implicit declaration of function 'pm8058_xoadc_clear_recentQ' [-Wimplicit-function-declaration]
  CC      drivers/misc/pmic8058-pwm.o
  CC      drivers/media/rc/keymaps/rc-pinnacle-color.o
  LD      drivers/net/phy/libphy.o
  CC      drivers/net/ethernet/smsc/smc911x.o
  LD      drivers/net/phy/built-in.o
  CC      drivers/media/rc/keymaps/rc-pinnacle-grey.o
  CC      drivers/media/rc/keymaps/rc-pinnacle-pctv-hd.o
  CC      drivers/net/slip/slip.o
  CC [M]  drivers/media/video/gspca/gspca.o
  LD      drivers/mmc/card/mmc_block.o
  LD      drivers/mmc/card/built-in.o
  CC      drivers/media/rc/keymaps/rc-pixelview.o
  CC      drivers/media/video/uvc/uvc_driver.o
  CC      drivers/media/rc/keymaps/rc-pixelview-mk12.o
  CC      drivers/media/rc/keymaps/rc-pixelview-002t.o
  CC      drivers/mmc/core/core.o
  CC      drivers/media/video/ir-kbd-i2c.o
  CC      drivers/media/rc/keymaps/rc-pixelview-new.o
  CC      drivers/misc/pm8xxx-upl.o
  CC      drivers/media/rc/keymaps/rc-powercolor-real-angel.o
  CC      drivers/mmc/core/bus.o
  CC      drivers/net/tun.o
  CC      drivers/misc/pmic8058-xoadc.o
  CC      drivers/media/rc/keymaps/rc-proteus-2309.o
  CC      drivers/media/rc/keymaps/rc-purpletv.o
  CC      drivers/misc/sec_misc.o
  CC      drivers/mmc/host/msm_sdcc.o
  CC      drivers/media/rc/keymaps/rc-pv951.o
  CC      drivers/misc/sec_level.o
  CC      drivers/mmc/core/host.o
  LD      drivers/power/built-in.o
  CC      drivers/mmc/core/mmc.o
  CC      drivers/net/ppp/ppp_async.o
  CC      drivers/media/rc/keymaps/rc-hauppauge.o
  CC      drivers/net/slip/slhc.o
  CC      drivers/mmc/core/mmc_ops.o
  CC      drivers/misc/sec_param.o
  CC      drivers/media/rc/keymaps/rc-rc6-mce.o
  CC [M]  drivers/misc/tsif.o
  CC      drivers/media/rc/keymaps/rc-real-audio-220-32-keys.o
  CC      drivers/net/ethernet/smsc/smsc911x.o
  LD [M]  drivers/media/video/gspca/gspca_main.o
  CC [M]  drivers/misc/tsif_chrdev.o
  LD      drivers/media/video/videodev.o
  LD      drivers/misc/built-in.o
  CC      drivers/media/rc/keymaps/rc-snapstream-firefly.o
  CC      drivers/media/rc/keymaps/rc-samsung-necx.o
  CC      drivers/regulator/dummy.o
  CC      drivers/mmc/core/sd.o
  CC      drivers/mmc/core/sd_ops.o
  CC      drivers/media/rc/keymaps/rc-streamzap.o
  CC      drivers/media/rc/keymaps/rc-tbs-nec.o
  CC      drivers/net/ppp/bsd_comp.o
  CC      drivers/media/video/uvc/uvc_queue.o
  CC      drivers/regulator/fixed-helper.o
  CC      drivers/regulator/pmic8058-regulator.o
  CC      drivers/regulator/pmic8901-regulator.o
  CC      drivers/media/rc/keymaps/rc-technisat-usb2.o
  CC      drivers/mmc/core/sdio.o
  CC      drivers/media/rc/keymaps/rc-terratec-cinergy-xs.o
  LD      drivers/net/slip/built-in.o
  CC      drivers/media/rc/keymaps/rc-terratec-slim.o
  CC      drivers/mmc/core/sdio_ops.o
  CC      drivers/rtc/rtc-lib.o
  CC      drivers/media/rc/keymaps/rc-terratec-slim-2.o
  CC      drivers/media/rc/keymaps/rc-tevii-nec.o
  CC      drivers/net/ppp/ppp_deflate.o
  CC      drivers/media/rc/keymaps/rc-tivo.o
  CC      drivers/media/video/uvc/uvc_v4l2.o
  CC      drivers/mmc/core/sdio_bus.o
  CC      drivers/media/rc/keymaps/rc-total-media-in-hand.o
  CC      drivers/spi/spi.o
  CC      drivers/media/rc/keymaps/rc-trekstor.o
  LD [M]  drivers/misc/msm_tsif.o
  CC      drivers/scsi/scsi.o
  CC      drivers/staging/staging.o
  CC      drivers/switch/switch_class.o
  CC      drivers/rtc/hctosys.o
  CC      drivers/staging/android/binder.o
  CC      drivers/media/rc/keymaps/rc-tt-1500.o
  CC      drivers/net/ppp/ppp_mppe.o
  LD      drivers/regulator/built-in.o
  CC      drivers/mmc/core/sdio_cis.o
  CC      drivers/media/rc/keymaps/rc-twinhan1027.o
  CC      drivers/thermal/thermal_sys.o
  CC      drivers/tty/tty_io.o
  CC      drivers/rtc/class.o
  CC      drivers/tty/n_tty.o
  CC      drivers/net/ppp/pppox.o
  CC      drivers/media/rc/keymaps/rc-ue-rf4ce.o
  CC      drivers/switch/switch_gpio.o
  CC      drivers/mmc/core/sdio_io.o
  CC      drivers/media/rc/keymaps/rc-videomate-m1f.o
  LD      drivers/switch/built-in.o
  CC      drivers/rtc/interface.o
  CC      drivers/net/ppp/pppolac.o
  CC      drivers/rtc/rtc-dev.o
  CC      drivers/media/rc/keymaps/rc-videomate-s350.o
  CC      drivers/media/video/uvc/uvc_video.o
  CC      drivers/spi/spi_qsd.o
  CC      drivers/media/rc/keymaps/rc-videomate-tv-pvr.o
  CC      drivers/media/rc/keymaps/rc-winfast.o
  CC      drivers/mmc/core/sdio_irq.o
  CC      drivers/media/rc/keymaps/rc-winfast-usbii-deluxe.o
  CC [M]  drivers/spi/spidev.o
  CC      drivers/usb/class/cdc-acm.o
  CC      drivers/thermal/msm_tsens.o
  CC      drivers/net/ppp/pppopns.o
  LD      drivers/media/rc/keymaps/built-in.o
  LD      drivers/media/rc/built-in.o
  CC      drivers/rtc/rtc-proc.o
  CC      drivers/scsi/hosts.o
  CC      drivers/scsi/scsi_ioctl.o
  CC      drivers/mmc/core/cd-gpio.o
  CC      drivers/rtc/rtc-sysfs.o
  CC      drivers/thermal/pm8xxx-tm.o
  CC      drivers/scsi/constants.o
  CC      drivers/mmc/core/debugfs.o
  CC      drivers/tty/tty_ioctl.o
  CC      drivers/media/video/uvc/uvc_ctrl.o
  CC      drivers/tty/tty_ldisc.o
  LD      drivers/net/ppp/built-in.o
  CC      drivers/rtc/alarm.o
  CC      drivers/media/video/uvc/uvc_status.o
  CC      drivers/scsi/scsicam.o
  LD      drivers/mmc/host/built-in.o
  CC      drivers/rtc/alarm-dev.o
  CC      drivers/tty/tty_buffer.o
  CC      drivers/scsi/scsi_error.o
  LD      drivers/thermal/built-in.o
  CC      drivers/scsi/scsi_lib.o
  LD      drivers/mmc/core/mmc_core.o
  LD      drivers/mmc/core/built-in.o
  LD      drivers/mmc/built-in.o
  CC      drivers/usb/class/usblp.o
  CC      drivers/media/video/uvc/uvc_isight.o
  CC      drivers/video/fb_notify.o
  CC      drivers/video/fbmem.o
  CC      drivers/video/fbmon.o
  CC      drivers/scsi/scsi_lib_dma.o
  CC      drivers/tty/tty_port.o
  CC      drivers/rtc/rtc-pm8xxx.o
  CC      drivers/tty/tty_mutex.o
  LD      drivers/spi/built-in.o
  CC      drivers/tty/pty.o
  CC      drivers/media/video/uvc/uvc_debugfs.o
  LD      drivers/rtc/rtc-core.o
  CC      drivers/video/fbcmap.o
  CC      drivers/tty/sysrq.o
  LD      drivers/net/ethernet/smsc/built-in.o
  LD      drivers/net/ethernet/built-in.o
  CC      drivers/video/fbsysfs.o
  LD      drivers/net/built-in.o
  CC      drivers/scsi/scsi_scan.o
  CC      drivers/video/modedb.o
  CC      drivers/video/fbcvt.o
  CC      drivers/video/backlight/backlight.o
  LD      drivers/rtc/built-in.o
  CC      drivers/video/backlight/generic_bl.o
  LD      drivers/media/video/uvc/uvcvideo.o
  LD      drivers/media/video/uvc/built-in.o
  LD      drivers/media/video/built-in.o
  CC      drivers/tty/serial/serial_core.o
  LD      drivers/media/built-in.o
  LD      drivers/usb/class/built-in.o
  CC      drivers/usb/core/usb.o
  CC      drivers/usb/gadget/udc-core.o
  CC      drivers/tty/vt/vt_ioctl.o
  CC      drivers/video/console/dummycon.o
  CC      drivers/video/console/fbcon.o
  CC      drivers/scsi/scsi_sysfs.o
  CC      drivers/video/msm/msm_fb.o
  CC      drivers/tty/serial/msm_serial_hs.o
  CC      drivers/tty/vt/vc_screen.o
  CC      drivers/video/msm/logo.o
  CC [M]  drivers/video/backlight/lcd.o
  CC      drivers/tty/serial/msm_serial_hs_lite.o
  CC      drivers/video/cfbfillrect.o
  CC      drivers/scsi/scsi_devinfo.o
  CC      drivers/usb/gadget/msm72k_udc.o
  CC      drivers/usb/core/hub.o
  CC      drivers/staging/android/ashmem.o
  CC      drivers/video/msm/mdp.o
  LD      drivers/video/backlight/built-in.o
  CC      drivers/video/cfbcopyarea.o
  CC      drivers/tty/vt/selection.o
  CC      drivers/video/cfbimgblt.o
  CC      drivers/scsi/scsi_sysctl.o
  CC      drivers/scsi/scsi_proc.o
  CC      drivers/tty/vt/keyboard.o
  CC      drivers/scsi/scsi_trace.o
  CC      drivers/scsi/scsi_pm.o
  CC      drivers/video/output.o
  LD      drivers/video/fb.o
  CC      drivers/tty/vt/consolemap.o
  CC      drivers/staging/android/logger.o
  CC      drivers/usb/core/hcd.o
  CC      drivers/staging/android/ram_console.o
  CC      drivers/usb/gadget/android.o
  CC      drivers/scsi/scsi_tgt_lib.o
  CC      drivers/usb/host/ehci-hcd.o
  CC      drivers/usb/misc/ehset.o
  CC      drivers/scsi/scsi_tgt_if.o
  CC      drivers/staging/android/timed_output.o
  CC      drivers/staging/android/timed_gpio.o
  LD      drivers/usb/misc/built-in.o
  CC      drivers/usb/otg/msm72k_otg.o
  LD      drivers/tty/serial/built-in.o
  CC      drivers/tty/vt/vt.o
  CC      drivers/staging/android/lowmemorykiller.o
  CC      drivers/scsi/sd.o
  CC      drivers/video/console/bitblit.o
  CC      drivers/video/msm/mdp_debugfs.o
  CC      drivers/usb/core/urb.o
  CC      drivers/scsi/sg.o
  CC      drivers/scsi/ch.o
  LD      drivers/staging/android/built-in.o
  LD      drivers/staging/built-in.o
  CC      drivers/usb/usb-common.o
  CC      drivers/video/msm/mdp4_util.o
  CC      drivers/usb/storage/alauda.o
  CC      drivers/usb/storage/cypress_atacb.o
  CC      drivers/usb/core/message.o
  CC      drivers/video/console/fonts.o
  CC      drivers/video/msm/mdp4_video_enhance.o
  CC      drivers/usb/core/driver.o
  CC      drivers/video/console/font_8x16.o
  CC      drivers/usb/core/config.o
  CC      drivers/video/msm/mdp4_hsic.o
drivers/video/msm/mdp4_video_tuning_HD720.h:297:21: warning: 'DMB_LUT_TUNE' defined but not used [-Wunused-variable]
  CC      drivers/usb/storage/datafab.o
  CC      drivers/video/console/softcursor.o
  CC [M]  drivers/scsi/scsi_wait_scan.o
drivers/video/msm/mdp4_hsic.c: In function '_hsic_generate_csc_matrix':
drivers/video/msm/mdp4_hsic.c:379:38: error: 'struct mdp4_overlay_pipe' has no member named 'hsic_regs'
drivers/video/msm/mdp4_hsic.c: In function '_hsic_update_mdp':
drivers/video/msm/mdp4_hsic.c:457:38: error: 'struct mdp4_overlay_pipe' has no member named 'hsic_regs'
drivers/video/msm/mdp4_hsic.c: At top level:
drivers/video/msm/mdp4_hsic.c:513:59: warning: 'struct dpp_ctrl' declared inside parameter list [enabled by default]
drivers/video/msm/mdp4_hsic.c:513:59: warning: its scope is only this definition or declaration, which is probably not what you want [enabled by default]
drivers/video/msm/mdp4_hsic.c: In function 'mdp4_hsic_get':
drivers/video/msm/mdp4_hsic.c:517:19: error: 'struct mdp4_overlay_pipe' has no member named 'hsic_regs'
drivers/video/msm/mdp4_hsic.c:517:42: error: dereferencing pointer to incomplete type
drivers/video/msm/mdp4_hsic.c: At top level:
drivers/video/msm/mdp4_hsic.c:520:59: warning: 'struct dpp_ctrl' declared inside parameter list [enabled by default]
drivers/video/msm/mdp4_hsic.c: In function 'mdp4_hsic_set':
drivers/video/msm/mdp4_hsic.c:524:19: error: 'struct mdp4_overlay_pipe' has no member named 'hsic_regs'
drivers/video/msm/mdp4_hsic.c:524:40: error: dereferencing pointer to incomplete type
drivers/video/msm/mdp4_hsic.c:526:10: error: 'struct mdp4_overlay_pipe' has no member named 'hsic_regs'
drivers/video/msm/mdp4_hsic.c: In function 'mdp4_hsic_update':
drivers/video/msm/mdp4_hsic.c:532:10: error: 'struct mdp4_overlay_pipe' has no member named 'hsic_regs'
make[3]: *** [drivers/video/msm/mdp4_hsic.o] 오류 1
make[3]: *** 끝나지 않은 작업을 기다리고 있습니다....
  CC      drivers/usb/core/file.o
  CC      drivers/usb/core/buffer.o
  CC      drivers/usb/storage/freecom.o
  CC      drivers/usb/storage/isd200.o
make[2]: *** [drivers/video/msm] 오류 2
make[2]: *** 끝나지 않은 작업을 기다리고 있습니다....
  CC      drivers/usb/storage/jumpshot.o
  LD      drivers/video/console/font.o
  LD      drivers/video/console/built-in.o
make[1]: *** [drivers/video] 오류 2
make[1]: *** 끝나지 않은 작업을 기다리고 있습니다....
  CC      drivers/usb/storage/karma.o
  CC      drivers/usb/storage/onetouch.o
  CC      drivers/usb/core/sysfs.o
  CC      drivers/usb/core/endpoint.o
  CC      drivers/usb/storage/sddr09.o
  CC      drivers/usb/core/devio.o
  CC      drivers/usb/storage/sddr55.o
  CC      drivers/usb/core/notify.o
  LD      drivers/scsi/scsi_mod.o
  LD      drivers/scsi/scsi_tgt.o
  LD      drivers/scsi/sd_mod.o
  CC      drivers/usb/storage/shuttle_usbat.o
  CC      drivers/usb/storage/scsiglue.o
  CC      drivers/usb/storage/protocol.o
  LD      drivers/scsi/built-in.o
  CC      drivers/usb/core/generic.o
  CC      drivers/usb/storage/transport.o
  CC      drivers/usb/storage/usb.o
  CC      drivers/usb/storage/initializers.o
  LD      drivers/usb/otg/built-in.o
  CC      drivers/usb/storage/sierra_ms.o
  CC      drivers/usb/storage/option_ms.o
  CC      drivers/usb/core/quirks.o
  LD      drivers/tty/vt/built-in.o
  LD      drivers/tty/built-in.o
  CC      drivers/usb/core/devices.o
  CC      drivers/usb/storage/usual-tables.o
  LD      drivers/usb/host/built-in.o
  LD      drivers/usb/storage/usb-storage.o
  LD      drivers/usb/storage/ums-alauda.o
  LD      drivers/usb/storage/ums-cypress.o
  LD      drivers/usb/storage/ums-datafab.o
  LD      drivers/usb/storage/ums-freecom.o
  LD      drivers/usb/storage/ums-isd200.o
  LD      drivers/usb/storage/ums-jumpshot.o
  LD      drivers/usb/storage/ums-karma.o
  LD      drivers/usb/storage/ums-onetouch.o
  LD      drivers/usb/storage/ums-sddr09.o
  LD      drivers/usb/storage/ums-sddr55.o
  LD      drivers/usb/storage/ums-usbat.o
  LD      drivers/usb/storage/built-in.o
  LD      drivers/usb/core/usbcore.o
  LD      drivers/usb/core/built-in.o
  LD      drivers/usb/gadget/g_android.o
  LD      drivers/usb/gadget/built-in.o
  LD      drivers/usb/built-in.o
make: *** [drivers] 오류 2
