Script started on 2014년 04월 06일 (일) 오전 02시 26분 34초
scripts/kconfig/conf --silentoldconfig Kconfig
  CHK     include/linux/version.h
  CHK     include/generated/utsrelease.h
  UPD     include/generated/utsrelease.h
make[1]: `include/generated/mach-types.h'는 이미 갱신되었습니다.
  CC      arch/arm/kernel/asm-offsets.s
  GEN     include/generated/asm-offsets.h
  CALL    scripts/checksyscalls.sh
  CC      arch/arm/vfp/vfpmodule.o
  AS      arch/arm/vfp/entry.o
  AS      arch/arm/vfp/vfphw.o
  CC      arch/arm/perfmon/perf-function-hooks.o
  CC      arch/arm/common/gic.o
  CC      arch/arm/common/cpaccess.o
  CC      init/main.o
  CC      ipc/util.o
  CHK     include/generated/compile.h
  CC      security/keys/gc.o
  CC      arch/arm/mm/dma-mapping.o
  CC      init/do_mounts.o
  CC      init/do_mounts_rd.o
  CC      security/selinux/avc.o
  CC      arch/arm/kernel/elf.o
  CC      mm/filemap.o
  CC      fs/open.o
  LD      arch/arm/perfmon/built-in.o
  CC      fs/read_write.o
  LD      arch/arm/vfp/vfp.o
  LD      arch/arm/vfp/built-in.o
  CC      crypto/api.o
  CC      kernel/fork.o
  CC      security/keys/key.o
  CC      block/elevator.o
  CC      arch/arm/mach-msm/io.o
  CC      ipc/msgutil.o
  AS      arch/arm/kernel/entry-armv.o
  LD      arch/arm/common/built-in.o
  AS      arch/arm/kernel/entry-common.o
  CC      drivers/base/core.o
  CC      init/do_mounts_initrd.o
  CC      init/initramfs.o
  CC      arch/arm/mach-msm/dma.o
  CC      arch/arm/kernel/irq.o
  CC      ipc/msg.o
  CC      arch/arm/mm/extable.o
  CC      drivers/block/brd.o
  CC      arch/arm/mm/fault.o
  CC      kernel/exec_domain.o
  CC      arch/arm/kernel/opcodes.o
  CC      security/keys/keyring.o
  CC      crypto/cipher.o
  CC      security/selinux/hooks.o
  CC      crypto/compress.o
  CC      fs/file_table.o
  CC      init/version.o
  CC      arch/arm/kernel/process.o
  CC      block/blk-core.o
  CC      arch/arm/mach-msm/memory.o
  CC      drivers/base/bus.o
  CC      crypto/algapi.o
  CC      crypto/scatterwalk.o
  CC      ipc/sem.o
  CC      drivers/block/loop.o
  LD      init/mounts.o
  CC      kernel/panic.o
  LD      init/built-in.o
  CC      sound/sound_core.o
  CC      arch/arm/mm/init.o
  CC      security/keys/keyctl.o
  CC      mm/mempool.o
  CC      arch/arm/mach-msm/timer.o
  CC      fs/super.o
  CC      drivers/base/dd.o
  CC      arch/arm/kernel/ptrace.o
  CC      sound/core/hwdep.o
  CC      arch/arm/kernel/return_address.o
  CC      kernel/printk.o
  CC      drivers/base/syscore.o
arch/arm/kernel/return_address.c:62:2: warning: #warning "TODO: return_address should use unwind tables" [-Wcpp]
  CC      arch/arm/kernel/sched_clock.o
  CC      arch/arm/mm/iomap.o
  CC      drivers/base/driver.o
  CC      crypto/proc.o
  CC      drivers/base/class.o
  CC      mm/oom_kill.o
  CC      arch/arm/mach-msm/clock.o
  CC      arch/arm/kernel/setup.o
  CC      arch/arm/kernel/signal.o
  CC      ipc/shm.o
  CC      security/keys/permission.o
  CC      sound/core/memalloc.o
  LD      drivers/block/built-in.o
  CC      security/keys/process_keys.o
  CC      arch/arm/mm/fault-armv.o
  CC      drivers/base/platform.o
  CC      crypto/ablkcipher.o
  CC      security/keys/request_key.o
  CC      arch/arm/mm/flush.o
  CC      arch/arm/mm/idmap.o
  CC      fs/char_dev.o
  CC      arch/arm/kernel/stacktrace.o
  CC      arch/arm/mach-msm/modem_notifier.o
  CC      arch/arm/mach-msm/subsystem_map.o
  CC      kernel/cpu.o
  CC      sound/core/pcm.o
  CC      arch/arm/mach-msm/cpufreq.o
  CC      drivers/base/cpu.o
  CC      mm/fadvise.o
  CC      arch/arm/kernel/sys_arm.o
  CC      arch/arm/mm/ioremap.o
  CC      ipc/ipcns_notifier.o
  CC      security/keys/request_key_auth.o
  CC      arch/arm/mach-msm/nohlt.o
  CC      arch/arm/mm/mmap.o
  CC      ipc/ipc_sysctl.o
  CC      crypto/blkcipher.o
  CC      security/selinux/selinuxfs.o
  CC      arch/arm/mach-msm/clock-debug.o
  CC      arch/arm/mach-msm/pmu.o
  CC      fs/stat.o
  CC      security/keys/user_defined.o
  CC      drivers/base/firmware.o
  CC      mm/page_alloc.o
  CC      block/blk-tag.o
  CC      arch/arm/mach-msm/perf_event_msm_l2.o
  CC      arch/arm/mm/pgd.o
  CC      arch/arm/kernel/time.o
  CC      kernel/exit.o
  LD      ipc/built-in.o
  CC      arch/arm/mm/mmu.o
  CC      arch/arm/oprofile/../../../drivers/oprofile/oprof.o
  CC      drivers/base/map.o
  CC      drivers/base/devres.o
  CC      drivers/base/attribute_container.o
  CC      sound/core/pcm_native.o
  CC      security/keys/proc.o
  CC      arch/arm/kernel/traps.o
  CC      arch/arm/mm/proc-syms.o
  CC      arch/arm/oprofile/../../../drivers/oprofile/cpu_buffer.o
  CC      drivers/base/topology.o
  CC      fs/exec.o
  CC      arch/arm/mach-msm/etm.o
  CC      crypto/ahash.o
  CC      block/blk-sysfs.o
  CC      arch/arm/mm/alignment.o
  CC      security/keys/sysctl.o
  CC      drivers/base/sys.o
  CC      drivers/base/power/main.o
  CC      drivers/base/regmap/regmap.o
  CC      arch/arm/oprofile/../../../drivers/oprofile/buffer_sync.o
  CC      arch/arm/mm/highmem.o
  LD      security/keys/built-in.o
  CC      security/commoncap.o
  CC      security/selinux/netlink.o
  CC      arch/arm/kernel/armksyms.o
  CC      arch/arm/kernel/module.o
  CC      arch/arm/mach-msm/scm.o
  CC      arch/arm/mach-msm/scm-boot.o
  CC      block/blk-flush.o
  CC      security/selinux/nlmsgtab.o
  CC      arch/arm/oprofile/../../../drivers/oprofile/event_buffer.o
  AS      arch/arm/mm/cache-v7.o
  CC      crypto/shash.o
  AS      arch/arm/kernel/sleep.o
  CC      arch/arm/mm/copypage-v6.o
  CC      arch/arm/mach-msm/scm-io.o
  CC      arch/arm/kernel/suspend.o
  CC      arch/arm/kernel/smp.o
  CC      arch/arm/mach-msm/peripheral-loader.o
  CC      security/min_addr.o
  CC      drivers/base/power/wakeup.o
  CC      arch/arm/oprofile/../../../drivers/oprofile/oprofilefs.o
  CC      kernel/itimer.o
  CC      security/selinux/netif.o
  CC      arch/arm/mach-msm/scm-pas.o
  CC      arch/arm/mm/context.o
  CC      security/security.o
  CC      arch/arm/kernel/smp_tlb.o
  CC      block/blk-settings.o
  CC      drivers/base/regmap/regmap-i2c.o
  CC      arch/arm/oprofile/../../../drivers/oprofile/oprofile_stats.o
  AS      arch/arm/mm/tlb-v7.o
  AS      arch/arm/mm/proc-v7.o
  CC      arch/arm/kernel/kprobes.o
  CC      arch/arm/kernel/kprobes-common.o
  CC      drivers/base/regmap/regmap-spi.o
  CC      kernel/time.o
  LD      arch/arm/mm/built-in.o
  CC      crypto/algboss.o
  CC      fs/pipe.o
  CC      security/selinux/netnode.o
  CC      arch/arm/mach-msm/pil-q6v3.o
  CC      net/socket.o
  CC      arch/arm/oprofile/../../../drivers/oprofile/oprofile_perf.o
  CC      mm/page-writeback.o
  CC      net/bluetooth/af_bluetooth.o
  CC      drivers/base/power/runtime.o
  CC      arch/arm/kernel/patch.o
  CC      arch/arm/mach-msm/pil-tzapps.o
  LD      drivers/base/regmap/built-in.o
  CC      drivers/base/dma-coherent.o
  CC      arch/arm/kernel/kprobes-arm.o
  CC      block/blk-ioc.o
  CC      arch/arm/kernel/unwind.o
  CC      arch/arm/mach-msm/pil-modem.o
  CC      sound/core/pcm_lib.o
  CC      arch/arm/oprofile/common.o
  CC      crypto/testmgr.o
  CC      kernel/softirq.o
  CC      security/selinux/netport.o
  CC      security/capability.o
  CC      arch/arm/kernel/swp_emulate.o
  CC      arch/arm/mach-msm/smem_log.o
  CC      drivers/base/genlock.o
  LD      arch/arm/oprofile/oprofile.o
  LD      arch/arm/oprofile/built-in.o
  AS      arch/arm/lib/copy_page.o
  CC      arch/arm/kernel/hw_breakpoint.o
  AS      arch/arm/lib/csumpartialcopyuser.o
  CC      crypto/crypto_wq.o
  CC      fs/namei.o
  CC      arch/arm/kernel/pmu.o
  CC      arch/arm/lib/delay.o
  CC      net/bluetooth/hci_core.o
  CC      block/blk-map.o
  CC      security/selinux/exports.o
  LD      drivers/base/power/built-in.o
  CC      security/lsm_audit.o
  CC      drivers/base/firmware_class.o
  AR      arch/arm/lib/lib.a
  LD      crypto/crypto_algapi.o
  CC      crypto/aead.o
  CC      security/selinux/ss/ebitmap.o
  CC      arch/arm/kernel/perf_event.o
  CC      lib/sort.o
  CC      arch/arm/kernel/topology.o
  CC      drivers/base/module.o
  CC      kernel/resource.o
  CC      mm/readahead.o
  CC      drivers/base/sync.o
  CC      block/blk-exec.o
  CC      block/blk-merge.o
  CC      net/core/sock.o
  CC      lib/list_sort.o
  CC      arch/arm/mach-msm/smd.o
  CC      arch/arm/mach-msm/remote_spinlock.o
  CC      drivers/base/sw_sync.o
  CC      sound/core/pcm_timer.o
  CC      lib/bitrev.o
  CC      security/selinux/ss/sidtab.o
  CC      sound/core/pcm_misc.o
  LD      crypto/crypto_blkcipher.o
  CC      crypto/chainiv.o
  CC      net/core/request_sock.o
  CC      mm/swap.o
  CC      lib/crc-ccitt.o
  CC      kernel/sysctl.o
  CC      lib/crc16.o
  CC      block/blk-softirq.o
  CC      sound/core/pcm_memory.o
  CC      lib/crc32.o
  CC      crypto/eseqiv.o
  CC      lib/libcrc32c.o
  CC      security/selinux/ss/avtab.o
  CC      sound/core/rawmidi.o
  AS      arch/arm/kernel/head.o
  CC      arch/arm/kernel/init_task.o
  LD      drivers/base/built-in.o
  CC      lib/lzo/lzo1x_compress.o
  CC      sound/core/timer.o
  CC      block/blk-timeout.o
  CC      drivers/bluetooth/hci_ldisc.o
  CC      net/core/skbuff.o
  LD      crypto/crypto_hash.o
  CC      crypto/pcompress.o
  CC      net/bluetooth/hci_conn.o
  CC      lib/reed_solomon/reed_solomon.o
  CC      mm/truncate.o
  CC      fs/fcntl.o
  CC      lib/lzo/lzo1x_decompress.o
  CC      security/selinux/ss/policydb.o
  LD      arch/arm/kernel/built-in.o
  CC      security/selinux/ss/services.o
  CC      kernel/sysctl_binary.o
  LD      crypto/cryptomgr.o
  CC      crypto/hmac.o
  CC      block/blk-iopoll.o
  LD      lib/lzo/lzo_compress.o
  LD      lib/lzo/lzo_decompress.o
  LD      lib/lzo/built-in.o
  CC      drivers/bluetooth/hci_h4.o
  CC      lib/zlib_deflate/deflate.o
  CC      net/core/iovec.o
  LD      lib/reed_solomon/built-in.o
  CC      lib/zlib_inflate/inflate_syms.o
  CC      mm/vmscan.o
  CC      arch/arm/mach-msm/socinfo.o
  CC      lib/textsearch.o
  CC      crypto/xcbc.o
  CC      block/blk-lib.o
  LD      lib/zlib_inflate/zlib_inflate.o
  LD      lib/zlib_inflate/built-in.o
  CC      lib/ts_kmp.o
  CC      fs/ioctl.o
  CC      lib/zlib_deflate/deflate_syms.o
  CC      drivers/bluetooth/hci_ibs.o
  CC      kernel/capability.o
  CC      kernel/ptrace.o
  CC      crypto/crypto_null.o
  LD      lib/zlib_deflate/zlib_deflate.o
  LD      lib/zlib_deflate/built-in.o
  CC      lib/ts_bm.o
  CC      lib/ts_fsm.o
  CC      arch/arm/mach-msm/smd_tty.o
  CC      sound/core/sound.o
  CC      net/core/datagram.o
  CC      net/bluetooth/hci_event.o
  CC      block/ioctl.o
  CC      lib/percpu_counter.o
  CC      arch/arm/mach-msm/smd_pkt.o
  CC      crypto/md4.o
  CC      block/genhd.o
  CC      fs/readdir.o
  CC      sound/core/init.o
  LD      drivers/bluetooth/hci_uart.o
  LD      drivers/bluetooth/built-in.o
  CC      block/scsi_ioctl.o
  CC      kernel/timer.o
  CC      drivers/char/mem.o
  CC      lib/audit.o
  CC      net/bluetooth/mgmt.o
  CC      crypto/md5.o
  CC      net/core/stream.o
  CC      block/partition-generic.o
  CC      lib/nlattr.o
  CC      security/selinux/ss/conditional.o
  CC      fs/select.o
  CC      crypto/sha1_generic.o
  CC      arch/arm/mach-msm/msm_dsps.o
  CC      crypto/sha256_generic.o
  CC      drivers/char/random.o
  CC      sound/core/memory.o
  CC      crypto/ecb.o
  CC      crypto/cbc.o
  CC      lib/dynamic_queue_limits.o
  CC      net/core/scm.o
  CC      sound/core/info.o
  CC      block/partitions/check.o
  CC      block/bsg.o
  CC      arch/arm/mach-msm/smd_rpcrouter.o
  CC      security/selinux/ss/mls.o
  CC      crypto/des_generic.o
  CC      lib/bug.o
  CC      fs/fifo.o
  CC      mm/shmem.o
  CC      fs/dcache.o
  CC      fs/inode.o
  CC      block/partitions/msdos.o
  CC      drivers/char/misc.o
  CC      lib/extable.o
  CC      sound/core/control.o
  CC      lib/ioremap.o
  CC      kernel/user.o
  CC      net/core/gen_stats.o
  CC      fs/attr.o
  CC      security/selinux/ss/status.o
  CC      drivers/char/diag/diagchar_core.o
  LD      block/partitions/built-in.o
  CC      drivers/char/hw_random/core.o
  CC      crypto/twofish_generic.o
  CC      block/noop-iosched.o
  CC      lib/is_single_threaded.o
  CC      kernel/signal.o
  CC      lib/klist.o
  CC      fs/bad_inode.o
  CC      net/bluetooth/hci_sock.o
  LD      security/selinux/selinux.o
  LD      security/selinux/built-in.o
  CC      block/deadline-iosched.o
  LD      security/built-in.o
  CC      net/core/gen_estimator.o
  CC      drivers/char/hw_random/msm_rng.o
  CC      crypto/twofish_common.o
  CC      crypto/aes_generic.o
  CC      fs/file.o
  CC      lib/kobject_uevent.o
  CC      sound/core/misc.o
  LD      drivers/char/hw_random/rng-core.o
  LD      drivers/char/hw_random/built-in.o
  CC      kernel/sys.o
  CC      fs/filesystems.o
  CC      mm/util.o
  CC      block/cfq-iosched.o
  CC      sound/core/device.o
  CC      drivers/char/diag/diagchar_hdlc.o
  CC      crypto/arc4.o
  CC      net/core/net_namespace.o
  CC      net/bluetooth/hci_sysfs.o
  CC      fs/namespace.o
  CC      sound/core/jack.o
  CC      lib/memory_alloc.o
  CC      drivers/char/diag/diagfwd.o
  CC      arch/arm/mach-msm/smd_rpcrouter_device.o
  CC      arch/arm/mach-msm/smd_rpc_sym.o
  CC      mm/vmstat.o
  CC      crypto/deflate.o
  CC      kernel/kmod.o
  CC      arch/arm/mach-msm/smd_rpcrouter_servers.o
  CC      crypto/crc32c.o
  CC      mm/backing-dev.o
  LD      sound/core/snd.o
  CC      arch/arm/mach-msm/smd_rpcrouter_clients.o
  LD      sound/core/snd-hwdep.o
  LD      sound/core/snd-timer.o
  LD      sound/core/snd-pcm.o
  CC      lib/radix-tree.o
  CC      net/core/secure_seq.o
  LD      sound/core/snd-page-alloc.o
  LD      sound/core/snd-rawmidi.o
  LD      sound/core/built-in.o
  CC      drivers/char/msm_rotator.o
  CC      kernel/workqueue.o
  CC      crypto/authenc.o
  CC      net/bluetooth/l2cap_core.o
  CC      net/core/flow_dissector.o
  CC      crypto/authencesn.o
  CC      arch/arm/mach-msm/smd_rpcrouter_xdr.o
  CC      arch/arm/mach-msm/rpcrouter_smd_xprt.o
  CC      kernel/pid.o
  CC [M]  block/test-iosched.o
  CC      sound/soc/soc-core.o
  CC      arch/arm/mach-msm/ping_mdm_rpc_client.o
  CC      arch/arm/mach-msm/ping_apps_server.o
  CC      drivers/char/diag/diagmem.o
  CC      lib/rwsem-spinlock.o
  CC      arch/arm/mach-msm/oem_rapi_client.o
  CC      fs/xattr.o
  CC      mm/mmu_context.o
  CC      net/core/sysctl_net_core.o
  CC      drivers/char/diag/diagfwd_cntl.o
  CC      net/core/dev.o
  CC      net/core/ethtool.o
  CC      arch/arm/mach-msm/dal.o
  CC      lib/show_mem.o
  CC      crypto/lzo.o
  CC      mm/percpu.o
  CC      arch/arm/mach-msm/pm-boot.o
  CC      net/core/dev_addr_lists.o
  CC      drivers/char/diag/diag_dci.o
  CC      crypto/rng.o
  CC      lib/vsprintf.o
  LD      block/built-in.o
  CC      net/core/dst.o
  LD      lib/built-in.o
  CC      arch/arm/mach-msm/pm-8x60.o
  CC      arch/arm/mach-msm/pm-data.o
  CC      fs/libfs.o
  CC      arch/arm/mach-msm/pm-stats.o
  CC      arch/arm/mach-msm/spm.o
  CC      crypto/krng.o
  CC      arch/arm/mach-msm/devices-msm8x60.o
  CC      arch/arm/mach-msm/clock-local.o
  CC [M]  crypto/ansi_cprng.o
  CC      arch/arm/mach-msm/clock-8x60.o
  CC      drivers/char/diag/diag_masks.o
  CC      net/core/netevent.o
  CC      fs/fs-writeback.o
  CC      kernel/rcupdate.o
  CC      arch/arm/mach-msm/acpuclock-8x60.o
  CC      mm/compaction.o
  CC      arch/arm/mach-msm/clock-pll.o
  CC      arch/arm/mach-msm/clock-rpm.o
  CC      fs/pnode.o
  CC      arch/arm/mach-msm/saw-regulator.o
  LD      crypto/crypto.o
  LD      crypto/built-in.o
  AR      lib/lib.a
  CC      sound/soc/soc-dapm.o
  CC      fs/drop_caches.o
  CC      kernel/extable.o
  CC      drivers/char/diag/diag_debugfs.o
  CC      kernel/params.o
  CC      net/dns_resolver/dns_key.o
  CC      net/ethernet/eth.o
  CC      net/dns_resolver/dns_query.o
  CC      arch/arm/mach-msm/footswitch-8x60.o
  CC      arch/arm/mach-msm/rpm-regulator.o
  CC      sound/soc/soc-jack.o
  CC      arch/arm/mach-msm/rpm-regulator-8660.o
  LD      drivers/char/diag/diagchar.o
  LD      drivers/char/diag/built-in.o
  LD      drivers/char/built-in.o
  CC      arch/arm/mach-msm/subsystem_notif.o
  CC      arch/arm/mach-msm/subsystem_restart.o
  CC      drivers/clk/clkdev.o
  CC      kernel/posix-timers.o
  LD      net/dns_resolver/dns_resolver.o
  LD      net/dns_resolver/built-in.o
  CC      mm/fremap.o
  CC      arch/arm/mach-msm/ramdump.o
  CC      kernel/kthread.o
  CC      arch/arm/mach-msm/modem-8660.o
  CC      arch/arm/mach-msm/lpass-8660.o
  CC      net/ipv4/route.o
  LD      drivers/clk/built-in.o
  CC      drivers/cpufreq/cpufreq.o
  CC      net/key/af_key.o
  LD      net/ethernet/built-in.o
  CC      net/bluetooth/l2cap_sock.o
  CC      net/bluetooth/smp.o
  CC      arch/arm/mach-msm/sysmon.o
  CC      mm/highmem.o
  CC      arch/arm/mach-msm/cpuidle.o
  CC      net/ipv6/af_inet6.o
  CC      kernel/wait.o
  CC      arch/arm/mach-msm/msm_watchdog.o
  CC      fs/splice.o
  CC      fs/sync.o
  CC      kernel/kfifo.o
  AS      arch/arm/mach-msm/msm_watchdog_asm.o
  CC      arch/arm/mach-msm/board-msm8x60_dali.o
  CC      kernel/sys_ni.o
  CC      sound/soc/soc-cache.o
  CC      arch/arm/mach-msm/mdm.o
  CC      mm/madvise.o
  CC      kernel/posix-cpu-timers.o
arch/arm/mach-msm/board-msm8x60_dali.c:78:30: fatal error: linux/i2c/ak8975.h: No such file or directory
compilation terminated.
make[1]: *** [arch/arm/mach-msm/board-msm8x60_dali.o] 오류 1
make[1]: *** 끝나지 않은 작업을 기다리고 있습니다....
  CC      kernel/mutex.o
  CC      net/core/neighbour.o
  CC      drivers/cpufreq/cpufreq_stats.o
  CC      net/bluetooth/sco.o
  CC      fs/utimes.o
  CC      kernel/hrtimer.o
  CC      net/bluetooth/lib.o
make: *** [arch/arm/mach-msm] 오류 2
make: *** 끝나지 않은 작업을 기다리고 있습니다....
  CC      net/bluetooth/amp.o
  CC      mm/memory.o
  CC      mm/mincore.o
  CC      drivers/cpufreq/cpufreq_performance.o
  CC      kernel/rwsem.o
  CC      net/ipv6/anycast.o
  CC      net/ipv6/ip6_output.o
  CC      fs/fs_struct.o
  CC      sound/soc/soc-utils.o
  CC      drivers/cpufreq/cpufreq_powersave.o
  CC      fs/statfs.o
  CC      drivers/cpufreq/cpufreq_userspace.o
  CC      fs/buffer.o
  CC      kernel/nsproxy.o
  CC      mm/mlock.o
  CC      fs/bio.o
  CC      net/bluetooth/bnep/core.o
  CC      drivers/cpufreq/cpufreq_ondemand.o
  LD      net/key/built-in.o
  CC      net/ipv4/inetpeer.o
  CC      sound/soc/soc-pcm.o
  CC      net/ipv6/ip6_input.o
  CC      net/ipv6/addrconf.o
  CC      kernel/srcu.o
  CC      kernel/semaphore.o
  CC      net/netfilter/core.o
  CC      mm/mmap.o
  CC      kernel/notifier.o
  CC      net/bluetooth/bnep/sock.o
  CC      net/ipv4/protocol.o
  CC      drivers/cpufreq/cpufreq_conservative.o
  CC      mm/mprotect.o
  CC      net/bluetooth/bnep/netdev.o
  CC      net/ipv4/ip_input.o
  CC      kernel/ksysfs.o
  CC      fs/block_dev.o
  CC      net/netfilter/nf_log.o
  CC      mm/mremap.o
  CC      net/core/rtnetlink.o
  CC      drivers/cpufreq/cpufreq_interactive.o
  CC      net/core/utils.o
  CC      kernel/cred.o
  CC      net/core/link_watch.o
  CC      mm/msync.o
  CC      net/ipv4/ip_fragment.o
  LD      net/bluetooth/bnep/bnep.o
  LD      net/bluetooth/bnep/built-in.o
  CC      net/bluetooth/hidp/core.o
  CC      sound/soc/soc-io.o
  CC      drivers/cpuidle/cpuidle.o
  CC      net/bluetooth/rfcomm/core.o
  CC      mm/rmap.o
  CC [M]  drivers/crypto/msm/qcedev.o
  CC      net/netfilter/nf_queue.o
  CC      drivers/gpio/gpiolib.o
  CC      drivers/gpio/devres.o
  CC      kernel/async.o
  CC      kernel/range.o
  CC      drivers/cpuidle/driver.o
  CC      drivers/cpuidle/governor.o
  CC      fs/direct-io.o
  CC      sound/soc/msm/qdsp6/q6asm.o
  CC      drivers/cpufreq/freq_table.o
  CC      drivers/gpu/ion/ion.o
  CC      net/ipv4/ip_forward.o
  CC      kernel/groups.o
  CC      drivers/cpuidle/governors/ladder.o
  CC      drivers/cpuidle/governors/menu.o
  CC      net/bluetooth/hidp/sock.o
  LD      drivers/cpufreq/built-in.o
  CC      net/core/filter.o
  CC      net/netfilter/nf_sockopt.o
  CC      net/netfilter/nf_conntrack_core.o
  CC      drivers/hid/hid-lg.o
  LD      drivers/cpuidle/governors/built-in.o
  LD      drivers/cpuidle/built-in.o
  CC      mm/vmalloc.o
  CC      mm/pagewalk.o
  CC      net/ipv6/addrlabel.o
  CC      kernel/events/core.o
  CC      net/ipv4/ip_options.o
  LD      net/bluetooth/hidp/hidp.o
  LD      net/bluetooth/hidp/built-in.o
  LD      net/bluetooth/bluetooth.o
  CC [M]  drivers/crypto/msm/qce.o
  CC [M]  drivers/crypto/msm/qcrypto.o
  CC      mm/pgtable-generic.o
  CC      net/bluetooth/rfcomm/sock.o
  CC      net/netfilter/nf_conntrack_standalone.o
  CC      drivers/hid/hid-debug.o
  CC      drivers/gpio/gpio-msm-common.o
  CC      mm/process_vm_access.o
  CC      net/core/sock_diag.o
  CC      drivers/gpu/ion/msm/msm_ion.o
  CC      net/ipv6/route.o
  CC      net/ipv6/ip6_fib.o
  CC      drivers/hid/hid-core.o
  CC      net/ipv4/ip_output.o
  CC      drivers/hid/hid-input.o
  CC      drivers/gpio/pm8xxx-gpio.o
  CC      net/bluetooth/rfcomm/tty.o
  LD      drivers/gpu/ion/msm/built-in.o
  LD      drivers/gpu/ion/built-in.o
  CC      net/core/flow.o
  CC      net/netfilter/nf_conntrack_expect.o
  CC      sound/soc/msm/qdsp6/q6adm.o
  CC      drivers/gpu/msm/adreno_ringbuffer.o
  CC      net/netfilter/nf_conntrack_helper.o
  CC      mm/bounce.o
  CC      drivers/gpio/pm8xxx-mpp.o
  CC      drivers/gpu/msm/adreno_drawctxt.o
  CC      net/core/net-sysfs.o
  CC      sound/soc/msm/qdsp6/q6afe.o
  CC      mm/page_io.o
  CC      net/ipv4/ip_sockglue.o
  CC      drivers/gpio/gpio-sx150x.o
  CC      fs/mpage.o
  CC      drivers/hid/hid-a4tech.o
  CC      drivers/gpu/msm/adreno_postmortem.o
  CC      mm/swap_state.o
  LD      net/bluetooth/rfcomm/rfcomm.o
  LD      net/bluetooth/rfcomm/built-in.o
  CC      net/netfilter/nf_conntrack_proto.o
  LD      net/bluetooth/built-in.o
  CC      kernel/irq/irqdesc.o
  CC      net/netlink/af_netlink.o
  CC      mm/swapfile.o
  CC      drivers/hid/hid-apple.o
  LD      drivers/gpio/built-in.o
  CC      drivers/hid/hid-belkin.o
  CC      net/ipv4/inet_hashtables.o
  CC      mm/thrash.o
  CC      kernel/irq/handle.o
  CC      drivers/hid/hid-cherry.o
  LD      sound/soc/msm/qdsp6/built-in.o
  LD      sound/soc/msm/built-in.o
  CC      fs/ioprio.o
  LD      sound/soc/snd-soc-core.o
  CC      drivers/hid/hid-chicony.o
  CC      drivers/hid/hid-cypress.o
  LD      sound/soc/built-in.o
  CC      net/netfilter/nf_conntrack_l3proto_generic.o
  CC      net/netfilter/nf_conntrack_proto_generic.o
  CC      net/ipv6/ipv6_sockglue.o
  CC      drivers/gpu/msm/adreno_snapshot.o
  CC      sound/usb/card.o
  CC      net/core/fib_rules.o
  CC      kernel/events/ring_buffer.o
  CC      drivers/hid/hid-dr.o
  CC      kernel/irq/manage.o
  CC      drivers/hid/hid-elecom.o
  CC      kernel/events/callchain.o
  CC      fs/proc_namespace.o
  CC      drivers/hwmon/hwmon.o
  CC      net/netfilter/nf_conntrack_proto_tcp.o
  CC      drivers/hid/hid-ezkey.o
  CC      net/ipv4/inet_timewait_sock.o
  CC      kernel/events/hw_breakpoint.o
  CC      net/ipv4/inet_connection_sock.o
  CC      net/ipv4/tcp.o
  CC      net/ipv4/tcp_input.o
  CC      drivers/hid/hid-gyration.o
  CC      sound/usb/clock.o
  CC      drivers/hwmon/msm_adc.o
  CC      drivers/gpu/msm/adreno_a2xx.o
  CC      fs/cifs/cifsfs.o
  CC      drivers/hid/hid-kensington.o
  CC      kernel/irq/spurious.o
  CC      net/netlink/genetlink.o
  CC      mm/dmapool.o
  CC      net/core/net-traces.o
  CC      sound/usb/endpoint.o
  LD      kernel/events/built-in.o
  CC      net/ipv6/ndisc.o
  CC      kernel/irq/resend.o
  CC      drivers/hid/hid-kye.o
  CC      kernel/irq/chip.o
  CC      net/ipv4/tcp_output.o
  CC      kernel/irq/dummychip.o
  LD      drivers/hid/hid-logitech.o
  CC      drivers/hid/hid-magicmouse.o
  CC      drivers/hwmon/m_adcproc.o
  CC      kernel/irq/devres.o
  CC      net/netfilter/nf_conntrack_proto_udp.o
  CC      mm/ksm.o
  CC      drivers/gpu/msm/adreno_a2xx_trace.o
  CC      fs/cifs/cifssmb.o
  CC      net/ipv4/tcp_timer.o
  CC      sound/usb/format.o
  LD      drivers/hwmon/built-in.o
  CC      kernel/irq/autoprobe.o
  CC      drivers/i2c/i2c-boardinfo.o
  CC      kernel/irq/irqdomain.o
  CC      drivers/gpu/msm/adreno_a2xx_snapshot.o
  LD      net/netlink/built-in.o
  CC      drivers/hid/hid-microsoft.o
  CC      net/packet/af_packet.o
  LD      net/core/built-in.o
  CC      kernel/irq/proc.o
  CC      drivers/i2c/i2c-core.o
  CC      net/phonet/pn_dev.o
  CC      sound/usb/helper.o
  CC      net/netfilter/nf_conntrack_extend.o
  CC      drivers/hid/hid-monterey.o
  CC      kernel/irq/pm.o
  CC      drivers/gpu/msm/adreno_a3xx.o
  CC      sound/usb/mixer.o
  CC      net/phonet/pn_netlink.o
  CC      mm/slub.o
  CC      net/ipv6/udp.o
  CC      drivers/hid/hid-ntrig.o
  CC      net/ipv4/tcp_ipv4.o
  LD      kernel/irq/built-in.o
  CC      kernel/power/qos.o
  CC      net/phonet/socket.o
  CC      net/netfilter/nf_conntrack_acct.o
  CC      net/phonet/datagram.o
  CC      net/phonet/sysctl.o
  CC      mm/migrate.o
  CC      drivers/i2c/i2c-dev.o
  CC      drivers/hid/hid-ortek.o
  CC      net/rfkill/core.o
  CC      kernel/power/main.o
  CC      fs/debugfs/inode.o
  CC      drivers/hid/hid-pl.o
  CC      net/phonet/af_phonet.o
  CC      net/netfilter/nf_conntrack_ecache.o
  CC      sound/usb/mixer_quirks.o
  CC      drivers/gpu/msm/adreno_a3xx_trace.o
  CC      drivers/i2c/algos/i2c-algo-bit.o
  CC      sound/usb/pcm.o
  CC      drivers/hid/hid-petalynx.o
  CC      kernel/power/console.o
  LD      net/packet/built-in.o
  LD      net/rfkill/rfkill.o
  LD      net/rfkill/built-in.o
  CC      drivers/hid/hid-picolcd.o
  CC      fs/debugfs/file.o
  CC      net/unix/af_unix.o
  CC      net/netfilter/nf_conntrack_h323_main.o
  CC      net/sched/sch_generic.o
  CC      net/sunrpc/clnt.o
  CC      drivers/gpu/msm/adreno_a3xx_snapshot.o
  CC      kernel/power/process.o
  CC      net/unix/garbage.o
  LD      drivers/i2c/algos/built-in.o
  CC      net/ipv6/udplite.o
  CC      drivers/i2c/busses/i2c-gpio.o
  CC      net/phonet/pep.o
  CC      sound/usb/proc.o
  CC      drivers/i2c/busses/i2c-qup.o
  CC      mm/cleancache.o
  CC      fs/cifs/cifs_debug.o
  CC      kernel/power/suspend.o
  LD      fs/debugfs/debugfs.o
  LD      fs/debugfs/built-in.o
  CC      drivers/gpu/msm/adreno.o
  CC      net/ipv4/tcp_minisocks.o
  CC      fs/devpts/inode.o
  CC      net/ipv6/raw.o
  CC      net/unix/sysctl_net_unix.o
  CC      sound/usb/quirks.o
  LD      mm/built-in.o
  CC      fs/cifs/connect.o
  LD      fs/devpts/devpts.o
  LD      fs/devpts/built-in.o
  CC      net/ipv6/protocol.o
  CC      kernel/power/wakelock.o
  CC      drivers/hid/hid-roccat.o
  CC      net/sched/sch_mq.o
  CC      drivers/gpu/msm/adreno_debugfs.o
  CC      net/phonet/pep-gprs.o
  CC      fs/ecryptfs/dentry.o
  CC      sound/usb/stream.o
  CC      drivers/i2c/busses/i2c-ssbi.o
  CC      net/netfilter/nfnetlink.o
  CC      net/sunrpc/xprt.o
  CC      fs/ecryptfs/file.o
  CC      fs/ext2/balloc.o
  CC      drivers/hid/hid-roccat-common.o
  CC      net/sched/sch_api.o
  CC      net/ipv4/tcp_cong.o
  LD      net/phonet/phonet.o
  CC      fs/ext3/balloc.o
  LD      net/phonet/pn_pep.o
  LD      net/phonet/built-in.o
  CC      sound/usb/midi.o
  LD      drivers/i2c/busses/built-in.o
  CC      kernel/sched/core.o
  LD      drivers/i2c/built-in.o
  LD      net/unix/unix.o
  CC      kernel/power/userwakelock.o
  LD      net/unix/built-in.o
  CC      fs/ecryptfs/inode.o
  CC      drivers/input/input.o
  CC      drivers/input/serio/serio.o
  CC      net/ipv6/icmp.o
  CC      net/netfilter/nfnetlink_queue.o
  CC      drivers/hid/hid-roccat-arvo.o
  CC      kernel/power/earlysuspend.o
  CC      fs/ext2/dir.o
  CC      drivers/gpu/msm/kgsl.o
  CC      drivers/hid/hid-roccat-isku.o
  CC      net/ipv4/datagram.o
  CC      drivers/input/serio/serport.o
  CC      fs/ecryptfs/main.o
  CC      net/sunrpc/socklib.o
  CC      kernel/power/fbearlysuspend.o
  CC      net/netfilter/nfnetlink_log.o
  CC      fs/ext3/bitmap.o
  CC      fs/ext2/file.o
  CC      net/ipv6/mcast.o
  CC      drivers/hid/hid-roccat-kone.o
  CC      drivers/input/serio/libps2.o
  LD      sound/usb/snd-usb-audio.o
  LD      sound/usb/snd-usbmidi-lib.o
  CC      net/sched/sch_blackhole.o
  CC      kernel/power/poweroff.o
  LD      sound/usb/built-in.o
  CC      sound/last.o
  CC      drivers/input/ff-core.o
  CC      fs/ext3/dir.o
  CC      fs/ext2/ialloc.o
  LD      kernel/power/built-in.o
  CC      fs/ecryptfs/super.o
  CC      drivers/input/mousedev.o
  CC      net/ipv4/raw.o
  LD      sound/soundcore.o
  LD      sound/built-in.o
  CC      fs/cifs/dir.o
  CC      net/sunrpc/xprtsock.o
  CC      net/sunrpc/sched.o
  CC      net/sched/cls_api.o
  CC      fs/ecryptfs/mmap.o
  CC      drivers/hid/hid-roccat-koneplus.o
  LD      drivers/input/serio/built-in.o
  CC      drivers/hid/hid-roccat-kovaplus.o
  CC      net/ipv4/udp.o
  CC      fs/ext3/file.o
  CC      fs/ext2/inode.o
  LD      net/netfilter/nf_conntrack.o
  CC      net/netfilter/nf_conntrack_proto_dccp.o
  CC      drivers/input/evdev.o
  CC      fs/ext3/fsync.o
  CC      fs/ecryptfs/read_write.o
  CC      fs/ext2/ioctl.o
  CC      drivers/hid/hid-roccat-pyra.o
  CC      fs/cifs/file.o
  CC      net/sched/act_api.o
  CC      fs/ext3/ialloc.o
  CC      net/sched/act_police.o
  CC      net/sched/act_gact.o
  CC      fs/ecryptfs/crypto.o
  CC      drivers/gpu/msm/kgsl_trace.o
  CC      fs/ext2/namei.o
  CC      drivers/hid/hid-samsung.o
  CC      net/netfilter/nf_conntrack_proto_gre.o
  CC      drivers/hid/hid-sjoy.o
  CC      drivers/input/keyboard/atkbd.o
  CC      net/sunrpc/auth.o
  CC      net/sunrpc/auth_null.o
  CC      fs/ext3/inode.o
  CC      net/sunrpc/auth_unix.o
  CC      fs/ext2/super.o
  CC      net/ipv6/reassembly.o
  CC      drivers/hid/hid-sony.o
  CC      net/sunrpc/auth_generic.o
  CC      fs/ecryptfs/keystore.o
  CC      drivers/input/misc/pmic8xxx-pwrkey.o
  CC      drivers/hid/hid-sunplus.o
  CC      net/netfilter/nf_conntrack_proto_sctp.o
  CC      net/sched/act_mirred.o
  CC      drivers/input/keyboard/gpio_keys.o
  CC      net/sched/sch_fifo.o
  CC      net/ipv4/udplite.o
  CC      drivers/hid/hid-gaff.o
  CC      net/sched/sch_htb.o
  CC      drivers/input/misc/uinput.o
  CC      net/sunrpc/svc.o
  CC      fs/ext2/xattr.o
  CC      drivers/gpu/msm/kgsl_pwrctrl.o
  CC      drivers/hid/hid-tmff.o
  CC      drivers/input/misc/pmic8058-othc.o
  CC      net/ipv6/tcp_ipv6.o
  CC      drivers/input/keyboard/matrix_keypad.o
  CC      net/netfilter/nf_conntrack_proto_udplite.o
  CC      kernel/sched/clock.o
  CC      fs/cifs/inode.o
  CC      drivers/input/keyboard/pmic8xxx-keypad.o
  CC      net/ipv4/arp.o
  CC      drivers/hid/hid-topseed.o
  CC      drivers/hid/hid-twinhan.o
  CC      kernel/sched/idle_task.o
  CC      kernel/sched/fair.o
  CC      drivers/hid/hid-zpff.o
  CC      fs/ecryptfs/messaging.o
  LD      fs/ext2/ext2.o
  LD      fs/ext2/built-in.o
  CC      net/netfilter/nf_conntrack_netlink.o
  CC      fs/ext3/ioctl.o
  CC      fs/ext4/balloc.o
  CC      kernel/sched/rt.o
  CC      drivers/hid/hid-zydacron.o
  LD      drivers/input/keyboard/built-in.o
  CC      kernel/sched/stop_task.o
  CC      drivers/hid/hid-wacom.o
  LD      drivers/input/misc/built-in.o
  CC      drivers/input/mouse/psmouse-base.o
  CC      net/sched/sch_ingress.o
  CC      net/sunrpc/svcsock.o
  CC      kernel/sched/sched_avg.o
  CC      drivers/hid/usbhid/hid-core.o
  CC      fs/ecryptfs/miscdev.o
  CC      drivers/gpu/msm/kgsl_mmu.o
  CC      fs/ext3/namei.o
  CC      drivers/gpu/msm/kgsl_gpummu.o
  CC      net/ipv4/icmp.o
  CC      net/ipv4/devinet.o
  CC      net/sched/sch_sfq.o
  CC      fs/ext4/bitmap.o
  CC      net/ipv6/ping.o
  CC      fs/ecryptfs/kthread.o
  CC      fs/cifs/link.o
  CC      drivers/input/mouse/synaptics.o
  CC      fs/ext4/dir.o
  CC      fs/ecryptfs/debug.o
  CC      fs/fat/dir.o
  CC      drivers/gpu/msm/kgsl_iommu.o
  CC      drivers/gpu/msm/kgsl_snapshot.o
  CC      net/netfilter/nf_conntrack_amanda.o
  CC      net/sunrpc/svcauth.o
  LD      fs/ecryptfs/ecryptfs.o
  LD      fs/ecryptfs/built-in.o
  CC      net/ipv6/exthdrs.o
  CC      fs/fuse/dev.o
  LD      drivers/hid/usbhid/usbhid.o
  LD      drivers/hid/usbhid/built-in.o
  CC [M]  drivers/hid/hid-logitech-dj.o
  CC      kernel/sched/cpupri.o
  CC      fs/cifs/misc.o
  CC      fs/ext3/super.o
  CC      net/sched/sch_tbf.o
  CC      fs/ext4/file.o
  CC      net/ipv6/datagram.o
  CC      drivers/input/mouse/trackpoint.o
  CC      kernel/sched/debug.o
  CC      net/sunrpc/svcauth_unix.o
  CC      net/ipv6/ip6_flowlabel.o
  CC      net/ipv4/af_inet.o
  CC      net/netfilter/nf_conntrack_ftp.o
  CC      fs/ext4/fsync.o
  LD      drivers/input/mouse/psmouse.o
  LD      drivers/hid/hid.o
  CC      drivers/gpu/msm/kgsl_events.o
  LD      drivers/input/mouse/built-in.o
  LD      drivers/hid/built-in.o
  CC      drivers/input/keyreset.o
  CC      net/sched/sch_prio.o
  CC      net/ipv6/inet6_connection_sock.o
  CC      fs/cifs/netmisc.o
  CC      fs/fat/fatent.o
  LD      kernel/sched/built-in.o
  CC      net/ipv6/sysctl_net_ipv6.o
  CC      kernel/time/timekeeping.o
  CC      fs/ext4/ialloc.o
  CC [M]  drivers/input/evbug.o
  CC      net/ipv4/igmp.o
  CC      net/sched/cls_u32.o
  CC      drivers/gpu/msm/kgsl_debugfs.o
  LD      drivers/input/input-core.o
  CC      fs/cifs/smbencrypt.o
  LD      net/netfilter/nf_conntrack_h323.o
  LD      drivers/input/built-in.o
  CC      net/netfilter/nf_conntrack_irc.o
  CC      net/netfilter/nf_conntrack_broadcast.o
  CC      fs/fuse/dir.o
  CC      net/netfilter/nf_conntrack_netbios_ns.o
  CC      net/sunrpc/addr.o
  CC      net/ipv6/xfrm6_policy.o
  CC      net/ipv6/xfrm6_state.o
  CC      fs/fat/file.o
  CC      kernel/time/ntp.o
  CC      drivers/gpu/msm/kgsl_sync.o
  CC      net/netfilter/nf_conntrack_pptp.o
  CC      net/ipv4/fib_frontend.o
  CC      fs/cifs/transport.o
  CC      net/sched/cls_fw.o
  CC      net/netfilter/nf_conntrack_sane.o
  CC      net/ipv6/xfrm6_input.o
  CC      net/ipv6/xfrm6_output.o
  CC      net/netfilter/nf_conntrack_sip.o
  CC      net/sunrpc/rpcb_clnt.o
  CC      kernel/time/clocksource.o
  CC      drivers/gpu/msm/z180.o
  CC      fs/ext4/inode.o
  CC      fs/fuse/file.o
  CC      fs/fat/inode.o
  CC      net/netfilter/nf_conntrack_tftp.o
  CC      net/sched/cls_tcindex.o
  CC      net/ipv6/netfilter.o
  CC      kernel/time/jiffies.o
  CC      drivers/gpu/msm/z180_trace.o
  CC      fs/ext3/symlink.o
  CC      drivers/leds/led-core.o
  CC      drivers/leds/led-class.o
  CC      fs/cifs/asn1.o
  CC      fs/fuse/inode.o
  CC      kernel/time/timer_list.o
  CC      net/ipv4/fib_semantics.o
  CC      net/sunrpc/timer.o
  CC      drivers/leds/led-triggers.o
  CC      fs/ext3/hash.o
  CC      fs/fat/misc.o
  LD      drivers/gpu/msm/msm_kgsl_core.o
  LD      drivers/gpu/msm/msm_adreno.o
  LD      drivers/gpu/msm/msm_z180.o
  CC      net/sched/cls_basic.o
  LD      drivers/gpu/msm/built-in.o
  CC      fs/fat/namei_vfat.o
  LD      drivers/gpu/built-in.o
  CC      net/netfilter/nf_tproxy_core.o
  CC      net/ipv6/fib6_rules.o
  CC      drivers/md/dm-uevent.o
  CC      kernel/time/timecompare.o
  CC      fs/fuse/control.o
  CC      drivers/leds/leds-gpio.o
  CC      fs/ext3/resize.o
  CC      fs/cifs/cifs_unicode.o
  CC      fs/cifs/xattr.o
  CC      net/sunrpc/xdr.o
  CC      kernel/time/timeconv.o
  CC      fs/ext3/ext3_jbd.o
  CC      drivers/leds/leds-pmic8058.o
  CC      drivers/leds/ledtrig-timer.o
  LD      fs/fuse/fuse.o
  CC      net/sched/ematch.o
  LD      fs/fuse/built-in.o
  CC      drivers/md/dm.o
  CC      fs/jbd/transaction.o
  CC      net/ipv4/fib_trie.o
  CC      net/ipv6/proc.o
  CC      kernel/time/posix-clock.o
  CC      drivers/leds/ledtrig-heartbeat.o
  CC      net/netfilter/x_tables.o
  LD      fs/fat/fat.o
  CC      fs/ext3/xattr.o
  LD      fs/fat/vfat.o
  LD      fs/fat/built-in.o
  CC      fs/cifs/cifsencrypt.o
  CC      fs/jbd2/transaction.o
  CC      fs/cifs/readdir.o
  CC      drivers/leds/ledtrig-sleep.o
  CC      fs/cifs/ioctl.o
  CC      fs/cifs/sess.o
  LD      drivers/leds/built-in.o
  CC      net/sunrpc/sunrpc_syms.o
  CC      drivers/media/media-device.o
  CC      net/ipv6/ah6.o
  CC      kernel/time/clockevents.o
  CC      net/sched/em_cmp.o
  CC      fs/cifs/export.o
  CC      fs/ext4/page-io.o
  CC      fs/ext3/xattr_user.o
  CC      drivers/media/media-devnode.o
  CC      drivers/media/media-entity.o
  CC      kernel/time/tick-common.o
  CC      drivers/media/common/tuners/tuner-xc2028.o
  CC      net/sched/em_nbyte.o
  CC      net/sunrpc/cache.o
  CC      fs/jbd/commit.o
  CC      fs/ext3/xattr_trusted.o
  CC      net/netfilter/xt_tcpudp.o
  CC      drivers/media/radio/radio-tavarua.o
  CC      net/ipv6/esp6.o
  CC      kernel/time/tick-broadcast.o
  LD      fs/cifs/cifs.o
  LD      fs/cifs/built-in.o
  CC      fs/ext4/ioctl.o
  CC      fs/jbd2/commit.o
  LD      fs/ext3/ext3.o
  CC      drivers/md/dm-table.o
  CC      net/sched/em_u32.o
  CC      drivers/media/video/v4l2-dev.o
  CC      drivers/media/rc/keymaps/rc-adstech-dvb-t-pci.o
  LD      fs/ext3/built-in.o
  CC      net/ipv4/inet_fragment.o
  CC      fs/lockd/clntlock.o
  CC      fs/nfs/client.o
  CC      drivers/media/rc/keymaps/rc-alink-dtu-m.o
  CC      kernel/time/tick-oneshot.o
  CC      net/netfilter/xt_mark.o
  CC      drivers/media/rc/keymaps/rc-anysee.o
  CC      net/sched/em_meta.o
  CC      fs/ext4/namei.o
  CC      kernel/time/tick-sched.o
  CC      drivers/media/common/tuners/tuner-simple.o
  CC      net/ipv6/ipcomp6.o
  CC      drivers/media/rc/keymaps/rc-apac-viewcomp.o
  CC      drivers/media/video/v4l2-ioctl.o
  CC      net/ipv4/ping.o
  CC      net/netfilter/xt_connmark.o
  CC      drivers/media/rc/keymaps/rc-asus-pc39.o
  CC      fs/lockd/clntproc.o
  CC      fs/jbd/recovery.o
  CC      drivers/md/dm-target.o
  CC      drivers/media/rc/keymaps/rc-ati-tv-wonder-hd-600.o
  CC      net/sunrpc/rpc_pipe.o
  CC      kernel/time/timer_stats.o
  CC      drivers/media/rc/keymaps/rc-ati-x10.o
  CC      net/ipv6/xfrm6_tunnel.o
  CC      net/netfilter/xt_CLASSIFY.o
  CC      fs/jbd2/recovery.o
  CC      net/sched/em_text.o
  CC      fs/jbd/checkpoint.o
  CC      drivers/media/rc/keymaps/rc-avermedia-a16d.o
  CC      drivers/media/common/tuners/tuner-types.o
  CC      drivers/md/dm-linear.o
  CC      net/netfilter/xt_CONNSECMARK.o
  LD      drivers/media/radio/built-in.o
  LD      kernel/time/built-in.o
  CC      drivers/media/rc/keymaps/rc-avermedia.o
  CC      drivers/media/rc/keymaps/rc-avermedia-cardbus.o
  CC      kernel/trace/trace_clock.o
  CC      fs/nfs/dir.o
  CC      drivers/media/rc/keymaps/rc-avermedia-dvbt.o
  CC      drivers/media/common/tuners/mt20xx.o
  CC      drivers/media/rc/keymaps/rc-avermedia-m135a.o
  CC      net/ipv4/sysctl_net_ipv4.o
  CC      fs/jbd2/checkpoint.o
  CC [M]  net/sched/sch_dsmark.o
  CC      drivers/md/dm-stripe.o
  CC      fs/ext4/super.o
  CC      fs/lockd/clntxdr.o
  CC      drivers/media/rc/keymaps/rc-avermedia-m733a-rm-k6.o
  CC      kernel/trace/ring_buffer.o
  CC      net/netfilter/xt_NFLOG.o
  CC      drivers/media/rc/keymaps/rc-avermedia-rm-ks.o
  CC      net/ipv6/tunnel6.o
  CC      fs/jbd/revoke.o
  CC      fs/jbd/journal.o
  CC      drivers/media/rc/keymaps/rc-avertv-303.o
  CC      net/netfilter/xt_NFQUEUE.o
  CC      drivers/media/rc/keymaps/rc-azurewave-ad-tu700.o
  CC      net/sunrpc/svc_xprt.o
  CC      drivers/md/dm-ioctl.o
  CC      fs/jbd2/revoke.o
  CC      fs/lockd/host.o
  CC      kernel/trace/trace.o
  CC      drivers/media/common/tuners/tda8290.o
  CC      drivers/media/rc/keymaps/rc-behold.o
  CC [M]  net/sched/cls_flow.o
  CC      net/ipv4/sysfs_net_ipv4.o
  CC      net/ipv6/xfrm6_mode_transport.o
  CC      drivers/media/rc/keymaps/rc-behold-columbus.o
  CC      net/netfilter/xt_TCPMSS.o
  CC      drivers/media/video/v4l2-device.o
  CC      drivers/media/rc/keymaps/rc-budget-ci-old.o
  CC      fs/jbd2/journal.o
  CC      fs/nfs/file.o
  CC      drivers/media/rc/keymaps/rc-cinergy-1400.o
  CC      net/ipv4/proc.o
  CC      fs/lockd/svc.o
  CC      net/ipv6/xfrm6_mode_tunnel.o
  CC      drivers/md/dm-io.o
  CC      drivers/media/rc/keymaps/rc-cinergy.o
  CC      drivers/media/common/tuners/tea5767.o
  CC      net/netfilter/xt_IDLETIMER.o
  CC      drivers/media/video/v4l2-fh.o
  LD      net/sched/built-in.o
  CC      drivers/media/video/v4l2-event.o
  CC      drivers/media/rc/keymaps/rc-dib0700-nec.o
  CC      net/netfilter/xt_comment.o
  CC      net/sunrpc/stats.o
  CC      drivers/media/rc/keymaps/rc-dib0700-rc5.o
  LD      fs/jbd/jbd.o
  CC      net/ipv6/xfrm6_mode_beet.o
  LD      fs/jbd/built-in.o
  CC      fs/nfs/getroot.o
  CC      fs/nfs/inode.o
  CC      net/ipv4/fib_rules.o
  CC      drivers/md/dm-kcopyd.o
  CC      drivers/media/rc/keymaps/rc-digitalnow-tinytwin.o
  CC      net/netfilter/xt_connlimit.o
  CC      fs/lockd/svclock.o
  CC      net/wireless/core.o
  CC      drivers/mfd/marimba-core.o
  CC      drivers/media/common/tuners/tea5761.o
  CC      drivers/media/rc/keymaps/rc-digittrade.o
  CC      drivers/media/video/v4l2-ctrls.o
  CC      net/ipv6/mip6.o
  CC      drivers/media/rc/keymaps/rc-dm1105-nec.o
  CC      fs/nfs/super.o
  CC      net/sunrpc/sysctl.o
  CC      drivers/media/common/tuners/tda9887.o
  CC      net/ipv4/esp4.o
  CC      drivers/media/rc/keymaps/rc-dntv-live-dvb-t.o
  CC      drivers/md/dm-sysfs.o
  CC      drivers/mfd/timpani-codec.o
  CC      net/netfilter/xt_conntrack.o
  CC      kernel/trace/trace_output.o
  CC      drivers/media/rc/keymaps/rc-dntv-live-dvbt-pro.o
  CC      fs/lockd/svcshare.o
  CC      net/sunrpc/auth_gss/auth_gss.o
  CC      drivers/md/dm-crypt.o
  CC      drivers/media/rc/keymaps/rc-em-terratec.o
  CC      net/ipv6/netfilter/ip6_tables.o
  CC      net/wireless/sysfs.o
  LD      fs/jbd2/jbd2.o
  LD      fs/jbd2/built-in.o
  CC      net/ipv6/netfilter/ip6table_filter.o
  CC      drivers/media/rc/keymaps/rc-encore-enltv2.o
  CC      drivers/media/common/tuners/tda827x.o
  CC      drivers/mfd/msm-adie-codec.o
  CC      net/netfilter/xt_ecn.o
  CC      fs/lockd/svcproc.o
  CC      drivers/media/rc/keymaps/rc-encore-enltv.o
  CC      net/wireless/radiotap.o
  CC      net/ipv4/ipcomp.o
  CC      drivers/media/rc/keymaps/rc-encore-enltv-fm53.o
  CC      drivers/media/video/v4l2-subdev.o
  CC      net/ipv4/xfrm4_tunnel.o
  CC      net/sunrpc/auth_gss/gss_generic_token.o
  CC      kernel/trace/trace_stat.o
  CC      drivers/mfd/mfd-core.o
  CC      drivers/media/rc/keymaps/rc-evga-indtube.o
  CC      net/netfilter/xt_hashlimit.o
  CC      fs/nfs/nfs2xdr.o
  CC      drivers/media/common/tuners/tda18271-maps.o
  CC      drivers/media/rc/keymaps/rc-eztv.o
  CC      drivers/mfd/pmic8058.o
  CC      net/ipv6/netfilter/ip6table_mangle.o
  CC      fs/lockd/svcsubs.o
  CC      net/wireless/util.o
  CC      net/wireless/reg.o
  CC      drivers/media/video/v4l2-int-device.o
  LD      drivers/md/dm-mod.o
  CC      kernel/trace/trace_printk.o
  LD      drivers/md/built-in.o
  CC      drivers/media/rc/keymaps/rc-flydvb.o
  CC      net/wireless/scan.o
  CC      net/ipv4/tunnel4.o
  CC      net/sunrpc/auth_gss/gss_mech_switch.o
  CC      drivers/media/common/tuners/tda18271-common.o
  CC      drivers/media/common/tuners/tda18271-fe.o
  CC      drivers/media/rc/keymaps/rc-flyvideo.o
  CC      net/ipv6/netfilter/ip6table_raw.o
  CC      drivers/mfd/pmic8901.o
  CC      drivers/media/video/v4l2-common.o
  CC      drivers/media/rc/keymaps/rc-fusionhdtv-mce.o
  CC      kernel/trace/trace_sched_switch.o
  CC      fs/nfs/direct.o
  CC      net/netfilter/xt_helper.o
  CC      drivers/media/rc/keymaps/rc-gadmei-rm008z.o
  CC      fs/lockd/mon.o
  CC      drivers/media/common/tuners/xc5000.o
  CC      drivers/mfd/pm8xxx-debug.o
  CC      net/ipv4/xfrm4_mode_transport.o
  CC      net/ipv6/netfilter/nf_conntrack_l3proto_ipv6.o
  CC      drivers/media/rc/keymaps/rc-genius-tvgo-a11mce.o
  CC      net/sunrpc/auth_gss/svcauth_gss.o
  CC      kernel/trace/trace_sched_wakeup.o
  CC      kernel/freezer.o
  CC      drivers/media/video/videobuf2-core.o
  CC      net/netfilter/xt_hl.o
  CC      drivers/media/rc/keymaps/rc-gotview7135.o
  CC      drivers/mfd/pm8xxx-misc.o
  CC      drivers/media/common/tuners/xc4000.o
  CC      net/wireless/nl80211.o
  CC      drivers/media/rc/keymaps/rc-imon-mce.o
  CC      net/ipv4/xfrm4_mode_tunnel.o
  CC      fs/lockd/xdr.o
  CC      kernel/trace/trace_nop.o
  CC      net/ipv6/netfilter/nf_conntrack_proto_icmpv6.o
  CC      fs/ext4/symlink.o
  CC      fs/nfs/pagelist.o
  CC      net/ipv6/netfilter/nf_defrag_ipv6_hooks.o
  CC      kernel/profile.o
  CC      drivers/media/rc/keymaps/rc-imon-pad.o
  CC      drivers/media/common/tuners/mc44s803.o
  CC      net/netfilter/xt_iprange.o
  CC      kernel/trace/blktrace.o
  CC      drivers/media/rc/keymaps/rc-iodata-bctv7e.o
  CC      fs/ext4/hash.o
  CC      drivers/mfd/pm8xxx-batt-alarm.o
  CC      net/ipv4/ipconfig.o
  CC      drivers/media/rc/keymaps/rc-it913x-v1.o
  CC      fs/lockd/grace.o
  LD      drivers/media/common/tuners/tda18271.o
  CC      fs/lockd/clnt4xdr.o
  CC      drivers/misc/pmem.o
  CC      kernel/trace/trace_events.o
  CC      net/netfilter/xt_length.o
  LD      net/sunrpc/auth_gss/auth_rpcgss.o
  LD      net/sunrpc/auth_gss/built-in.o
  LD      net/sunrpc/sunrpc.o
  CC      net/ipv6/netfilter/nf_conntrack_reasm.o
  CC      drivers/media/rc/keymaps/rc-it913x-v2.o
  CC      drivers/media/rc/rc-main.o
  LD      drivers/media/common/tuners/built-in.o
  CC      drivers/media/video/videobuf2-memops.o
  CC      fs/ext4/resize.o
  LD      drivers/media/common/built-in.o
  LD      net/sunrpc/built-in.o
  CC      net/ipv6/netfilter/ip6t_REJECT.o
  CC      drivers/media/rc/keymaps/rc-kaiomy.o
  LD      drivers/mfd/built-in.o
  CC      fs/nfs/proc.o
  LD      drivers/media/media.o
  CC      drivers/media/rc/keymaps/rc-kworld-315u.o
  CC      fs/lockd/xdr4.o
  CC      drivers/media/rc/keymaps/rc-kworld-pc150u.o
  CC      drivers/media/rc/keymaps/rc-kworld-plus-tv-analog.o
  CC      drivers/media/rc/keymaps/rc-leadtek-y04g0051.o
  CC      drivers/media/rc/keymaps/rc-lirc.o
  CC      net/netfilter/xt_limit.o
  CC      drivers/media/video/videobuf2-vmalloc.o
  CC      fs/lockd/svc4proc.o
  CC      drivers/media/rc/keymaps/rc-lme2510.o
  CC      drivers/media/rc/keymaps/rc-manli.o
  CC      net/ipv6/sit.o
  CC      net/netfilter/xt_mac.o
  CC      net/wireless/mlme.o
  LD      net/ipv6/netfilter/nf_conntrack_ipv6.o
  LD      net/ipv6/netfilter/nf_defrag_ipv6.o
  CC      net/ipv4/netfilter.o
  LD      net/ipv6/netfilter/built-in.o
  CC      drivers/media/rc/keymaps/rc-medion-x10.o
  CC      net/ipv6/ip6_tunnel.o
  CC      fs/nfs_common/nfsacl.o
  CC      drivers/media/rc/ir-raw.o
  CC      kernel/trace/trace_export.o
  CC      net/netfilter/xt_multiport.o
  CC      drivers/media/video/videobuf2-dma-contig.o
  CC      fs/nfs/read.o
  CC      drivers/media/rc/keymaps/rc-msi-digivox-ii.o
  LD      fs/lockd/lockd.o
  LD      fs/lockd/built-in.o
  CC      net/netfilter/xt_pkttype.o
  CC      fs/nls/nls_base.o
  CC      drivers/media/rc/keymaps/rc-msi-digivox-iii.o
  LD      fs/nfs_common/nfs_acl.o
  LD      fs/nfs_common/built-in.o
  CC      drivers/misc/tspdrv/tspdrv.o
  CC      fs/ext4/extents.o
  CC      fs/notify/fsnotify.o
  CC      kernel/trace/trace_event_perf.o
  CC      drivers/media/rc/keymaps/rc-msi-tvanywhere.o
  CC      drivers/media/video/videobuf2-dma-sg.o
  CC      net/netfilter/xt_policy.o
  CC      fs/nls/nls_cp437.o
  CC      fs/proc/task_mmu.o
  CC      fs/proc/inode.o
  CC      drivers/media/rc/keymaps/rc-msi-tvanywhere-plus.o
  CC      fs/nls/nls_ascii.o
  CC      net/ipv4/netfilter/nf_nat_rule.o
  CC      net/ipv6/addrconf_core.o
  LD      drivers/misc/tspdrv/built-in.o
  CC      fs/nls/nls_iso8859-1.o
  CC      fs/notify/notification.o
  CC      drivers/misc/fsa9480.o
  CC      net/wireless/ibss.o
  CC      drivers/media/rc/keymaps/rc-nebula.o
  CC      kernel/trace/trace_events_filter.o
  CC      fs/nls/nls_utf8.o
  CC      net/ipv6/exthdrs_core.o
  CC      net/netfilter/xt_qtaguid.o
  CC      drivers/media/rc/keymaps/rc-nec-terratec-cinergy-xs.o
  CC      fs/nfs/symlink.o
  CC      drivers/media/video/videobuf2-msm-mem.o
  CC      fs/proc/root.o
  LD      fs/nls/built-in.o
  CC      drivers/misc/akm8975.o
  CC      fs/ramfs/inode.o
  CC      net/ipv4/netfilter/nf_nat_standalone.o
  CC      drivers/media/rc/keymaps/rc-norwood.o
  CC      fs/sysfs/inode.o
  CC      fs/sysfs/file.o
  CC      fs/notify/group.o
drivers/misc/akm8975.c:537:11: error: 'THIS_MODULE' undeclared here (not in a function)
drivers/misc/akm8975.c:540:2: error: unknown field 'ioctl' specified in initializer
drivers/misc/akm8975.c:540:2: warning: initialization from incompatible pointer type [enabled by default]
error, forbidden warning: akm8975.c:540
make[2]: *** [drivers/misc/akm8975.o] 오류 1
make[1]: *** [drivers/misc] 오류 2
make[1]: *** 끝나지 않은 작업을 기다리고 있습니다....
  CC      fs/notify/inode_mark.o
  CC      drivers/media/rc/keymaps/rc-npgtech.o
  CC      fs/proc/base.o
  LD      fs/ramfs/ramfs.o
  LD      fs/ramfs/built-in.o
  CC      fs/notify/mark.o
  CC      net/ipv6/inet6_hashtables.o
  CC      drivers/media/video/vcap_v4l2.o
  CC      fs/nfs/unlink.o
  CC      drivers/media/video/vcap_vc.o
  CC      drivers/media/rc/keymaps/rc-pctv-sedna.o
  CC      net/ipv4/netfilter/nf_conntrack_l3proto_ipv4_compat.o
  CC      fs/sysfs/dir.o
  CC      net/ipv4/netfilter/nf_conntrack_l3proto_ipv4.o
  CC      fs/notify/vfsmount_mark.o
  CC      drivers/media/rc/keymaps/rc-philips.o
  CC      fs/sysfs/symlink.o
  CC      fs/notify/dnotify/dnotify.o
  CC      drivers/media/rc/keymaps/rc-pinnacle-color.o
  CC      kernel/trace/trace_kprobe.o
  CC      drivers/media/video/vcap_vp.o
  CC      net/ipv4/netfilter/nf_conntrack_proto_icmp.o
  CC      net/wireless/sme.o
  CC      fs/nfs/write.o
  CC      drivers/media/rc/keymaps/rc-pinnacle-grey.o
  CC      fs/nfs/namespace.o
  CC      fs/sysfs/mount.o
  LD      fs/notify/dnotify/built-in.o
  CC      fs/notify/inotify/inotify_fsnotify.o
  CC      net/ipv4/netfilter/nf_nat_core.o
  CC      drivers/media/rc/keymaps/rc-pinnacle-pctv-hd.o
  LD      net/ipv6/ipv6.o
  LD      net/ipv6/built-in.o
  CC      net/ipv4/netfilter/nf_nat_helper.o
  CC      fs/nfs/mount_clnt.o
  CC      drivers/media/rc/keymaps/rc-pixelview.o
  CC      fs/eventpoll.o
  CC      fs/notify/inotify/inotify_user.o
  CC      net/ipv4/netfilter/nf_nat_proto_unknown.o
  CC [M]  drivers/media/video/gspca/gspca.o
  CC      fs/sysfs/bin.o
  CC      fs/ext4/ext4_jbd2.o
  CC      drivers/media/rc/keymaps/rc-pixelview-mk12.o
  CC      fs/proc/generic.o
  CC      fs/nfs/dns_resolve.o
  CC      drivers/media/rc/keymaps/rc-pixelview-002t.o
  CC      net/netfilter/xt_quota.o
  CC      kernel/trace/power-traces.o
  CC      kernel/trace/rpm-traces.o
  CC      fs/nfs/cache_lib.o
  CC      drivers/media/rc/keymaps/rc-pixelview-new.o
  CC      fs/nfs/nfs3proc.o
  CC      net/wireless/chan.o
  LD      fs/notify/inotify/built-in.o
  CC      fs/ext4/migrate.o
  LD      fs/notify/built-in.o
  CC      fs/sysfs/group.o
  CC      fs/anon_inodes.o
  CC      drivers/media/rc/keymaps/rc-powercolor-real-angel.o
  CC      net/netfilter/xt_quota2.o
  CC      net/ipv4/netfilter/nf_nat_proto_common.o
  CC      fs/nfs/nfs3xdr.o
  CC      drivers/media/rc/keymaps/rc-proteus-2309.o
  CC      net/ipv4/netfilter/nf_nat_proto_tcp.o
  CC      fs/signalfd.o
  CC      fs/nfs/nfs3acl.o
  CC      fs/timerfd.o
  CC      fs/proc/array.o
  LD      fs/sysfs/built-in.o
  CC      net/netfilter/xt_socket.o
  CC      fs/eventfd.o
  CC      fs/aio.o
  CC      drivers/media/rc/keymaps/rc-purpletv.o
  CC      net/wireless/ethtool.o
  CC      fs/nfs/nfs4proc.o
  LD      kernel/trace/built-in.o
  CC      kernel/stacktrace.o
  CC      fs/ext4/mballoc.o
  CC      drivers/media/rc/keymaps/rc-pv951.o
  CC      fs/locks.o
  CC      net/ipv4/netfilter/nf_nat_proto_udp.o
  CC      net/ipv4/netfilter/nf_nat_proto_icmp.o
  CC      drivers/media/rc/keymaps/rc-hauppauge.o
  LD [M]  drivers/media/video/gspca/gspca_main.o
  CC      drivers/media/video/uvc/uvc_driver.o
  CC      kernel/futex.o
  CC      net/wireless/mesh.o
  CC      drivers/media/rc/keymaps/rc-rc6-mce.o
  CC      fs/nfs/nfs4xdr.o
  CC      fs/proc/proc_tty.o
  CC      fs/binfmt_script.o
  CC      fs/binfmt_elf.o
  CC      drivers/media/rc/keymaps/rc-real-audio-220-32-keys.o
  CC      net/netfilter/xt_state.o
  CC      fs/mbcache.o
  CC      net/ipv4/netfilter/nf_defrag_ipv4.o
  CC      fs/proc/loadavg.o
  CC      fs/proc/meminfo.o
  CC      fs/nfs/nfs4state.o
  CC      drivers/media/rc/keymaps/rc-snapstream-firefly.o
  CC      net/wireless/wext-compat.o
  CC      net/wireless/wext-sme.o
  CC      fs/proc/stat.o
  CC      drivers/media/rc/keymaps/rc-samsung-necx.o
  CC      net/netfilter/xt_statistic.o
  CC      net/wireless/wext-core.o
  CC      drivers/media/rc/keymaps/rc-streamzap.o
  CC      drivers/media/rc/keymaps/rc-tbs-nec.o
  CC      fs/proc/uptime.o
  CC      net/ipv4/netfilter/nf_nat_amanda.o
  CC      net/netfilter/xt_string.o
  CC      fs/posix_acl.o
  CC      kernel/rtmutex.o
  CC      net/wireless/wext-proc.o
  CC      drivers/media/rc/keymaps/rc-technisat-usb2.o
  CC      net/netfilter/xt_time.o
  CC      fs/proc/version.o
  CC      fs/dcookies.o
  CC      net/ipv4/netfilter/nf_nat_ftp.o
  CC      drivers/media/rc/keymaps/rc-terratec-cinergy-xs.o
  CC      drivers/media/video/uvc/uvc_queue.o
  CC      net/netfilter/xt_u32.o
  CC      fs/proc/softirqs.o
  CC      drivers/media/video/uvc/uvc_v4l2.o
  CC      drivers/media/video/uvc/uvc_video.o
  CC      drivers/media/video/uvc/uvc_ctrl.o
  CC      drivers/media/rc/keymaps/rc-terratec-slim.o
  LD      net/wireless/cfg80211.o
  CC      net/ipv4/netfilter/nf_nat_h323.o
  LD      net/wireless/built-in.o
  CC      net/xfrm/xfrm_policy.o
  CC      kernel/smp.o
  CC      fs/nfs/nfs4renewd.o
  CC      net/ipv4/netfilter/nf_nat_irc.o
  CC      drivers/media/rc/keymaps/rc-terratec-slim-2.o
  CC      drivers/media/rc/keymaps/rc-tevii-nec.o
  CC      fs/proc/namespaces.o
  CC      drivers/media/video/uvc/uvc_status.o
  LD      net/netfilter/netfilter.o
  LD      net/netfilter/built-in.o
  CC      drivers/media/rc/keymaps/rc-tivo.o
  CC      drivers/media/rc/keymaps/rc-total-media-in-hand.o
  CC      net/sysctl_net.o
  CC      fs/nfs/delegation.o
  CC      drivers/media/rc/keymaps/rc-trekstor.o
  CC      drivers/media/rc/lirc_dev.o
  CC      fs/proc/proc_sysctl.o
  CC      drivers/media/video/uvc/uvc_isight.o
  CC      net/activity_stats.o
  CC      net/ipv4/netfilter/nf_nat_pptp.o
  CC      kernel/spinlock.o
  CC      net/ipv4/netfilter/nf_nat_sip.o
  CC      fs/nfs/idmap.o
  CC      drivers/media/video/uvc/uvc_debugfs.o
  CC      fs/nfs/callback.o
  CC      drivers/media/rc/keymaps/rc-tt-1500.o
  CC      kernel/uid16.o
  CC      drivers/media/video/uvc/uvc_entity.o
  CC      drivers/media/rc/keymaps/rc-twinhan1027.o
  CC      drivers/media/rc/keymaps/rc-ue-rf4ce.o
  CC      kernel/module.o
  CC      drivers/media/video/ir-kbd-i2c.o
  CC      kernel/kallsyms.o
  CC      net/ipv4/netfilter/nf_nat_tftp.o
  CC      drivers/media/rc/keymaps/rc-videomate-m1f.o
  CC      drivers/media/rc/keymaps/rc-videomate-s350.o
  CC      kernel/cgroup.o
  LD      drivers/media/video/uvc/uvcvideo.o
  LD      drivers/media/video/uvc/built-in.o
  CC      kernel/cgroup_freezer.o
  GZIP    kernel/config_data.gz
  CC      kernel/res_counter.o
  CC      net/ipv4/netfilter/nf_nat_proto_dccp.o
  CC      fs/nfs/callback_xdr.o
  CC      drivers/media/rc/keymaps/rc-videomate-tv-pvr.o
  CC      drivers/media/rc/keymaps/rc-winfast.o
  CC      fs/nfs/callback_proc.o
  CC      fs/ext4/block_validity.o
  LD      drivers/media/video/videodev.o
  LD      drivers/media/video/built-in.o
  CC      kernel/stop_machine.o
  CC      net/ipv4/netfilter/nf_nat_proto_gre.o
  CC      net/ipv4/netfilter/nf_nat_proto_udplite.o
  CC      drivers/media/rc/keymaps/rc-winfast-usbii-deluxe.o
  CC      net/ipv4/netfilter/nf_nat_proto_sctp.o
  CC      net/ipv4/netfilter/ip_tables.o
  CC      kernel/audit.o
  CC      kernel/auditfilter.o
  CC      fs/proc/proc_net.o
  CC      net/ipv4/netfilter/iptable_filter.o
  LD      drivers/media/rc/keymaps/built-in.o
  CC      net/xfrm/xfrm_state.o
  CC      fs/nfs/nfs4namespace.o
  CC      drivers/media/rc/ir-nec-decoder.o
  CC      fs/ext4/move_extent.o
  CC      fs/nfs/sysctl.o
  CC      kernel/auditsc.o
  CC      net/ipv4/netfilter/iptable_mangle.o
  CC      fs/proc/kmsg.o
  CC      kernel/audit_watch.o
  LD      net/ipv4/netfilter/iptable_nat.o
  CC      net/ipv4/netfilter/iptable_raw.o
  CC      drivers/media/rc/ir-rc5-decoder.o
  CC      net/ipv4/netfilter/iptable_security.o
  CC      fs/proc/page.o
  CC      drivers/media/rc/ir-rc6-decoder.o
  CC      drivers/media/rc/ir-jvc-decoder.o
  LD      fs/nfs/nfs.o
  CC      kernel/audit_tree.o
  CC      net/ipv4/netfilter/ipt_ah.o
  CC      net/ipv4/netfilter/ipt_MASQUERADE.o
  CC      kernel/kprobes.o
  CC      net/ipv4/netfilter/ipt_NETMAP.o
  LD      fs/proc/proc.o
  LD      fs/nfs/built-in.o
  CC      drivers/media/rc/ir-sony-decoder.o
  CC      drivers/media/rc/ir-rc5-sz-decoder.o
  LD      fs/proc/built-in.o
  CC      net/ipv4/netfilter/ipt_REDIRECT.o
  CC      net/ipv4/netfilter/ipt_REJECT.o
  CC      drivers/media/rc/ir-sanyo-decoder.o
  CC      drivers/media/rc/ir-mce_kbd-decoder.o
  CC      fs/ext4/mmp.o
  CC      kernel/hung_task.o
  CC      drivers/media/rc/ir-lirc-codec.o
  CC      net/ipv4/netfilter/arp_tables.o
  CC      net/ipv4/inet_diag.o
  CC      fs/ext4/indirect.o
  CC      kernel/watchdog.o
  LD      drivers/media/rc/rc-core.o
  CC      kernel/rcutree.o
  CC      net/ipv4/netfilter/arpt_mangle.o
  CC      net/ipv4/netfilter/arptable_filter.o
  LD      net/ipv4/netfilter/nf_conntrack_ipv4.o
  LD      net/ipv4/netfilter/nf_nat.o
  CC      net/ipv4/tcp_diag.o
  CC      fs/ext4/xattr.o
  CC      fs/ext4/xattr_user.o
  LD      drivers/media/rc/built-in.o
  LD      drivers/media/built-in.o
make: *** [drivers] 오류 2
  CC      fs/ext4/xattr_trusted.o
  CC      fs/ext4/acl.o
  CC      fs/ext4/xattr_security.o
  CC      kernel/utsname_sysctl.o
  CC      kernel/tracepoint.o
  CC      net/xfrm/xfrm_input.o
  CC      kernel/elfcore.o
  CC      net/xfrm/xfrm_output.o
  CC      kernel/irq_work.o
  CC      net/ipv4/tcp_bic.o
  LD      net/ipv4/netfilter/built-in.o
  CC      kernel/cpu_pm.o
  CC      net/xfrm/xfrm_algo.o
  CHK     kernel/config_data.h
  CC      net/ipv4/tcp_cubic.o
  UPD     kernel/config_data.h
  CC      kernel/configs.o
  CC      net/ipv4/xfrm4_policy.o
  CC      net/ipv4/xfrm4_state.o
  CC      net/ipv4/xfrm4_input.o
  CC      net/ipv4/xfrm4_output.o
  CC [M]  net/ipv4/tcp_westwood.o
  CC [M]  net/ipv4/tcp_htcp.o
  CC      net/xfrm/xfrm_sysctl.o
  CC      net/xfrm/xfrm_replay.o
  LD      fs/ext4/ext4.o
  CC      net/xfrm/xfrm_user.o
  LD      fs/ext4/built-in.o
  CC      net/xfrm/xfrm_ipcomp.o
  LD      fs/built-in.o
  LD      net/ipv4/built-in.o
  LD      kernel/built-in.o
  LD      net/xfrm/built-in.o
  LD      net/built-in.o
