Script started on 2014년 01월 13일 (월) 오전 12시 13분 31초
scripts/kconfig/conf --silentoldconfig Kconfig
  CHK     include/linux/version.h
  CHK     include/generated/utsrelease.h
  UPD     include/generated/utsrelease.h
make[1]: `include/generated/mach-types.h'는 이미 갱신되었습니다.
  CALL    scripts/checksyscalls.sh
  CHK     include/generated/compile.h
  LD      arch/arm/perfmon/built-in.o
  CC [M]  arch/arm/perfmon/per-process-perf.o
  CC [M]  arch/arm/perfmon/per-axi.o
  CC [M]  arch/arm/perfmon/perf-smp.o
  CC      init/version.o
  CC      sound/sound_core.o
arch/arm/perfmon/per-process-perf.c: In function 'per_process_create_results_proc':
arch/arm/perfmon/per-process-perf.c:438:3: error: invalid use of flexible array member
arch/arm/perfmon/per-process-perf.c: In function 'per_process_create_l2_results_proc':
arch/arm/perfmon/per-process-perf.c:461:3: error: invalid use of flexible array member
  CC      kernel/sysctl_binary.o
make[1]: *** [arch/arm/perfmon/per-process-perf.o] 오류 1
make[1]: *** 끝나지 않은 작업을 기다리고 있습니다....
  CC      arch/arm/oprofile/../../../drivers/oprofile/oprof.o
  CC      arch/arm/oprofile/../../../drivers/oprofile/cpu_buffer.o
  CC      arch/arm/oprofile/../../../drivers/oprofile/buffer_sync.o
  LD      arch/arm/mach-msm/msm-etm.o
  LD      init/built-in.o
  CC      drivers/gpio/pm8xxx-gpio.o
  CC      net/socket.o
  CC      drivers/hid/hid-debug.o
  AS      arch/arm/lib/ashldi3.o
  AS      arch/arm/lib/ashrdi3.o
make: *** [arch/arm/perfmon] 오류 2
make: *** 끝나지 않은 작업을 기다리고 있습니다....
  AS      arch/arm/lib/backtrace.o
  CC      lib/bcd.o
  CC      arch/arm/mach-msm/qdsp6v2/board-msm8x60-audio.o
  AS      arch/arm/lib/call_with_stack.o
  CC      arch/arm/oprofile/../../../drivers/oprofile/event_buffer.o
  CC      drivers/input/keyboard/pmic8xxx-keypad.o
  CC      sound/core/hwdep.o
  CC      drivers/input/keyboard/cypress-touchkey_dali.o
  CC      lib/div64.o
  AS      arch/arm/lib/changebit.o
  CC      drivers/input/keyboard/issp_driver_routines.o
  CC      drivers/input/keyboard/issp_main.o
kernel/sysctl_binary.c:527:13: error: 'NET_IPV6_ACCEPT_RA_PREFIX_ROUTE' undeclared here (not in a function)  AS      arch/arm/lib/clear_user.o

make[1]: *** [kernel/sysctl_binary.o] 오류 1
make: *** [kernel] 오류 2
  CC      arch/arm/oprofile/../../../drivers/oprofile/oprofile_files.o
  AS      arch/arm/lib/clearbit.o
  CC      lib/sort.o
  CC      lib/parser.o
  AS      arch/arm/lib/copy_from_user.o
  CC      lib/halfmd4.o
  AS      arch/arm/lib/copy_page.o
  CC      lib/debug_locks.o
  AS      arch/arm/lib/copy_to_user.o
  CC      arch/arm/oprofile/../../../drivers/oprofile/oprofilefs.o
  CC      lib/random32.o
  LD      drivers/gpio/built-in.o
  AS      arch/arm/lib/csumipv6.o
  CC      lib/bust_spinlocks.o
  AS      arch/arm/lib/csumpartial.o
  CC      lib/hexdump.o
  AS      arch/arm/lib/csumpartialcopy.o
  CC      drivers/hid/hid-core.o
  CC      lib/kasprintf.o
  CC      lib/bitmap.o
  AS      arch/arm/lib/csumpartialcopyuser.o
  CC      arch/arm/lib/delay.o
  CC      sound/core/memalloc.o
  CC      lib/scatterlist.o
  AS      arch/arm/lib/div64.o
  LD      arch/arm/mach-msm/qdsp6v2/built-in.o
  CC      lib/string_helpers.o
  CC      arch/arm/oprofile/../../../drivers/oprofile/oprofile_stats.o
  CC      lib/gcd.o
  CC      lib/lcm.o
  CC      arch/arm/mach-msm/msm_watchdog.o
  CC      drivers/input/touchscreen/melfas_ts.o
  CC      lib/list_sort.o
  AS      arch/arm/lib/findbit.o
  CC      lib/uuid.o
  CC      drivers/mfd/pmic8058.o
  AS      arch/arm/lib/getuser.o
  CC      net/bluetooth/af_bluetooth.o
  CC      net/bluetooth/hci_core.o
  AS      arch/arm/lib/io-readsb.o
  CC      arch/arm/oprofile/../../../drivers/oprofile/timer_int.o
  CC [M]  drivers/misc/vibetonz/tspdrv.o
  AS      arch/arm/lib/io-readsl.o
  LD      drivers/input/keyboard/built-in.o
  CC      net/bluetooth/hci_conn.o
  CC      net/bluetooth/hci_event.o
  AS      arch/arm/lib/io-readsw-armv4.o
  CC      lib/flex_array.o
  AS      arch/arm/lib/io-writesb.o
  CC      arch/arm/oprofile/../../../drivers/oprofile/oprofile_perf.o
  CC      sound/core/pcm.o
  AS      arch/arm/lib/io-writesl.o
  CC      net/bluetooth/mgmt.o
  AS      arch/arm/lib/io-writesw-armv4.o
  AS      arch/arm/lib/lib1funcs.o
  CC      sound/core/pcm_native.o
  AS      arch/arm/lib/lshrdi3.o
  CC      arch/arm/mach-msm/board-msm8x60_dali.o
  AS      arch/arm/lib/memchr.o
  LD      drivers/mfd/built-in.o
  AS      arch/arm/lib/memcpy.o
  CC      lib/bsearch.o
  AS      arch/arm/lib/memmove.o
  AS      arch/arm/lib/memset.o
  CC      lib/find_last_bit.o
  CC      arch/arm/oprofile/common.o
  LD [M]  drivers/misc/vibetonz/vibrator.o
  CC      drivers/misc/ak8975.o
  AS      arch/arm/lib/memzero.o
In file included from arch/arm/mach-msm/board-msm8x60_dali.c:25:0:
include/linux/regulator/gpio-regulator.h:87:22: error: field 'type' has incomplete type  AS      arch/arm/lib/muldi3.o

  CC      lib/find_next_bit.o
  CC      net/core/sock.o
  AS      arch/arm/lib/putuser.o
  CC      lib/llist.o
  AS      arch/arm/lib/setbit.o
  LD      drivers/input/touchscreen/built-in.o
  LD      drivers/input/built-in.o
  AS      arch/arm/lib/strchr.o
  AS      arch/arm/lib/strncpy_from_user.o
arch/arm/mach-msm/board-msm8x60_dali.c: In function 'sec_jack_read_adc':
arch/arm/mach-msm/board-msm8x60_dali.c:6353:3: warning: implicit declaration of function 'pm8058_xoadc_clear_recentQ' [-Wimplicit-function-declaration]
arch/arm/mach-msm/board-msm8x60_dali.c: At top level:
arch/arm/mach-msm/board-msm8x60_dali.c:6519:2: error: unknown field 'hw_init' specified in initializer
arch/arm/mach-msm/board-msm8x60_dali.c:6519:2: warning: initialization from incompatible pointer type [enabled by default]
arch/arm/mach-msm/board-msm8x60_dali.c:6519:2: warning: (near initialization for 'max17040_pdata.battery_online') [enabled by default]
arch/arm/mach-msm/board-msm8x60_dali.c:6520:2: error: unknown field 'low_batt_cb' specified in initializer
arch/arm/mach-msm/board-msm8x60_dali.c:6532:2: error: unknown field 'rcomp_value' specified in initializer
arch/arm/mach-msm/board-msm8x60_dali.c:6532:2: warning: initialization makes pointer from integer without a cast [enabled by default]
arch/arm/mach-msm/board-msm8x60_dali.c:6532:2: warning: (near initialization for 'max17040_pdata.charger_enable') [enabled by default]
drivers/misc/ak8975.c:429:11: error: 'THIS_MODULE' undeclared here (not in a function)
drivers/misc/ak8975.c:690:20: error: expected declaration specifiers or '...' before string constant
drivers/misc/ak8975.c:691:16: error: expected declaration specifiers or '...' before string constant
arch/arm/mach-msm/board-msm8x60_dali.c:8873:16: error: 'CHANNEL_ADC_LIGHT_LUX' undeclared here (not in a function)
arch/arm/mach-msm/board-msm8x60_dali.c:8884:45: error: 'scale_sec_settherm' undeclared here (not in a function)
arch/arm/mach-msm/board-msm8x60_dali.c:8886:17: error: 'CHANNEL_ADC_PMIC_THERM' undeclared here (not in a function)
arch/arm/mach-msm/board-msm8x60_dali.c:9680:3: error: 'msm_rpm_device' undeclared here (not in a function)make[2]: *** [drivers/misc/ak8975.o] 오류 1
make[1]: *** [drivers/misc] 오류 2
make[1]: *** 끝나지 않은 작업을 기다리고 있습니다....

arch/arm/mach-msm/board-msm8x60_dali.c:9680:2: error: initializer element is not constant  AS      arch/arm/lib/strnlen_user.o

arch/arm/mach-msm/board-msm8x60_dali.c:9680:2: error: (near initialization for 'surf_devices[41]')
arch/arm/mach-msm/board-msm8x60_dali.c:9717:15: error: variable 'cp_mm_ion_pdata' has initializer but incomplete type
arch/arm/mach-msm/board-msm8x60_dali.c:9718:2: error: unknown field 'permission_type' specified in initializer
arch/arm/mach-msm/board-msm8x60_dali.c:9718:2: warning: excess elements in struct initializer [enabled by default]
arch/arm/mach-msm/board-msm8x60_dali.c:9718:2: warning: (near initialization for 'cp_mm_ion_pdata') [enabled by default]
arch/arm/mach-msm/board-msm8x60_dali.c:9719:2: error: unknown field 'align' specified in initializer
arch/arm/mach-msm/board-msm8x60_dali.c:9719:2: warning: excess elements in struct initializer [enabled by default]
arch/arm/mach-msm/board-msm8x60_dali.c:9719:2: warning: (near initialization for 'cp_mm_ion_pdata') [enabled by default]
arch/arm/mach-msm/board-msm8x60_dali.c:9720:2: error: unknown field 'request_region' specified in initializer
arch/arm/mach-msm/board-msm8x60_dali.c:9720:2: warning: excess elements in struct initializer [enabled by default]
arch/arm/mach-msm/board-msm8x60_dali.c:9720:2: warning: (near initialization for 'cp_mm_ion_pdata') [enabled by default]
arch/arm/mach-msm/board-msm8x60_dali.c:9721:2: error: unknown field 'release_region' specified in initializer
arch/arm/mach-msm/board-msm8x60_dali.c:9721:2: warning: excess elements in struct initializer [enabled by default]
arch/arm/mach-msm/board-msm8x60_dali.c:9721:2: warning: (near initialization for 'cp_mm_ion_pdata') [enabled by default]
arch/arm/mach-msm/board-msm8x60_dali.c:9722:2: error: unknown field 'setup_region' specified in initializer
arch/arm/mach-msm/board-msm8x60_dali.c:9722:2: warning: excess elements in struct initializer [enabled by default]
arch/arm/mach-msm/board-msm8x60_dali.c:9722:2: warning: (near initialization for 'cp_mm_ion_pdata') [enabled by default]
arch/arm/mach-msm/board-msm8x60_dali.c:9723:2: error: unknown field 'iommu_map_all' specified in initializer
arch/arm/mach-msm/board-msm8x60_dali.c:9723:2: warning: excess elements in struct initializer [enabled by default]
arch/arm/mach-msm/board-msm8x60_dali.c:9723:2: warning: (near initialization for 'cp_mm_ion_pdata') [enabled by default]
arch/arm/mach-msm/board-msm8x60_dali.c:9724:2: error: unknown field 'iommu_2x_map_domain' specified in initializer
arch/arm/mach-msm/board-msm8x60_dali.c:9724:2: warning: excess elements in struct initializer [enabled by default]
arch/arm/mach-msm/board-msm8x60_dali.c:9724:2: warning: (near initialization for 'cp_mm_ion_pdata') [enabled by default]
arch/arm/mach-msm/board-msm8x60_dali.c:9727:15: error: variable 'cp_mfc_ion_pdata' has initializer but incomplete type
arch/arm/mach-msm/board-msm8x60_dali.c:9728:2: error: unknown field 'permission_type' specified in initializer
arch/arm/mach-msm/board-msm8x60_dali.c:9728:2: warning: excess elements in struct initializer [enabled by default]
arch/arm/mach-msm/board-msm8x60_dali.c:9728:2: warning: (near initialization for 'cp_mfc_ion_pdata') [enabled by default]
arch/arm/mach-msm/board-msm8x60_dali.c:9729:2: error: unknown field 'align' specified in initializer
arch/arm/mach-msm/board-msm8x60_dali.c:9729:2: warning: excess elements in struct initializer [enabled by default]
arch/arm/mach-msm/board-msm8x60_dali.c:9729:2: warning: (near initialization for 'cp_mfc_ion_pdata') [enabled by default]
arch/arm/mach-msm/board-msm8x60_dali.c:9730:2: error: unknown field 'request_region' specified in initializer
arch/arm/mach-msm/board-msm8x60_dali.c:9730:2: warning: excess elements in struct initializer [enabled by default]
arch/arm/mach-msm/board-msm8x60_dali.c:9730:2: warning: (near initialization for 'cp_mfc_ion_pdata') [enabled by default]
arch/arm/mach-msm/board-msm8x60_dali.c:9731:2: error: unknown field 'release_region' specified in initializer
arch/arm/mach-msm/board-msm8x60_dali.c:9731:2: warning: excess elements in struct initializer [enabled by default]
arch/arm/mach-msm/board-msm8x60_dali.c:9731:2: warning: (near initialization for 'cp_mfc_ion_pdata') [enabled by default]
arch/arm/mach-msm/board-msm8x60_dali.c:9732:2: error: unknown field 'setup_region' specified in initializer
arch/arm/mach-msm/board-msm8x60_dali.c:9732:2: warning: excess elements in struct initializer [enabled by default]
arch/arm/mach-msm/board-msm8x60_dali.c:9732:2: warning: (near initialization for 'cp_mfc_ion_pdata') [enabled by default]
arch/arm/mach-msm/board-msm8x60_dali.c:9735:15: error: variable 'cp_wb_ion_pdata' has initializer but incomplete type
arch/arm/mach-msm/board-msm8x60_dali.c:9736:2: error: unknown field 'permission_type' specified in initializer
arch/arm/mach-msm/board-msm8x60_dali.c:9736:2: warning: excess elements in struct initializer [enabled by default]
arch/arm/mach-msm/board-msm8x60_dali.c:9736:2: warning: (near initialization for 'cp_wb_ion_pdata') [enabled by default]
arch/arm/mach-msm/board-msm8x60_dali.c:9737:2: error: unknown field 'align' specified in initializer
arch/arm/mach-msm/board-msm8x60_dali.c:9737:2: warning: excess elements in struct initializer [enabled by default]
arch/arm/mach-msm/board-msm8x60_dali.c:9737:2: warning: (near initialization for 'cp_wb_ion_pdata') [enabled by default]
arch/arm/mach-msm/board-msm8x60_dali.c:9740:15: error: variable 'fw_co_ion_pdata' has initializer but incomplete type
arch/arm/mach-msm/board-msm8x60_dali.c:9741:2: error: unknown field 'adjacent_mem_id' specified in initializer
arch/arm/mach-msm/board-msm8x60_dali.c:9741:21: error: 'ION_CP_MM_HEAP_ID' undeclared here (not in a function)
arch/arm/mach-msm/board-msm8x60_dali.c:9741:2: warning: excess elements in struct initializer [enabled by default]
arch/arm/mach-msm/board-msm8x60_dali.c:9741:2: warning: (near initialization for 'fw_co_ion_pdata') [enabled by default]
arch/arm/mach-msm/board-msm8x60_dali.c:9742:2: error: unknown field 'align' specified in initializer
arch/arm/mach-msm/board-msm8x60_dali.c:9742:2: warning: excess elements in struct initializer [enabled by default]
arch/arm/mach-msm/board-msm8x60_dali.c:9742:2: warning: (near initialization for 'fw_co_ion_pdata') [enabled by default]
arch/arm/mach-msm/board-msm8x60_dali.c:9745:15: error: variable 'co_ion_pdata' has initializer but incomplete type
arch/arm/mach-msm/board-msm8x60_dali.c:9746:2: error: unknown field 'adjacent_mem_id' specified in initializer
arch/arm/mach-msm/board-msm8x60_dali.c:9746:21: error: 'INVALID_HEAP_ID' undeclared here (not in a function)
arch/arm/mach-msm/board-msm8x60_dali.c:9746:2: warning: excess elements in struct initializer [enabled by default]
arch/arm/mach-msm/board-msm8x60_dali.c:9746:2: warning: (near initialization for 'co_ion_pdata') [enabled by default]
arch/arm/mach-msm/board-msm8x60_dali.c:9747:2: error: unknown field 'align' specified in initializer
arch/arm/mach-msm/board-msm8x60_dali.c:9747:2: warning: excess elements in struct initializer [enabled by default]
arch/arm/mach-msm/board-msm8x60_dali.c:9747:2: warning: (near initialization for 'co_ion_pdata') [enabled by default]
arch/arm/mach-msm/board-msm8x60_dali.c:9764:2: warning: braces around scalar initializer [enabled by default]
arch/arm/mach-msm/board-msm8x60_dali.c:9764:2: warning: (near initialization for 'ion_pdata.heaps') [enabled by default]
arch/arm/mach-msm/board-msm8x60_dali.c:9765:3: warning: braces around scalar initializer [enabled by default]
arch/arm/mach-msm/board-msm8x60_dali.c:9765:3: warning: (near initialization for 'ion_pdata.heaps') [enabled by default]
arch/arm/mach-msm/board-msm8x60_dali.c:9766:4: error: field name not in record or union initializer
arch/arm/mach-msm/board-msm8x60_dali.c:9766:4: error: (near initialization for 'ion_pdata.heaps')
arch/arm/mach-msm/board-msm8x60_dali.c:9766:10: error: 'ION_SYSTEM_HEAP_ID' undeclared here (not in a function)
arch/arm/mach-msm/board-msm8x60_dali.c:9766:4: error: initializer element is not constant
arch/arm/mach-msm/board-msm8x60_dali.c:9766:4: error: (near initialization for 'ion_pdata.heaps')
arch/arm/mach-msm/board-msm8x60_dali.c:9767:4: error: field name not in record or union initializer
arch/arm/mach-msm/board-msm8x60_dali.c:9767:4: error: (near initialization for 'ion_pdata.heaps')
arch/arm/mach-msm/board-msm8x60_dali.c:9767:4: warning: excess elements in scalar initializer [enabled by default]
arch/arm/mach-msm/board-msm8x60_dali.c:9767:4: warning: (near initialization for 'ion_pdata.heaps') [enabled by default]
arch/arm/mach-msm/board-msm8x60_dali.c:9768:4: error: field name not in record or union initializer
arch/arm/mach-msm/board-msm8x60_dali.c:9768:4: error: (near initialization for 'ion_pdata.heaps')
arch/arm/mach-msm/board-msm8x60_dali.c:9768:12: error: 'ION_VMALLOC_HEAP_NAME' undeclared here (not in a function)
arch/arm/mach-msm/board-msm8x60_dali.c:9768:4: warning: excess elements in scalar initializer [enabled by default]
arch/arm/mach-msm/board-msm8x60_dali.c:9768:4: warning: (near initialization for 'ion_pdata.heaps') [enabled by default]
arch/arm/mach-msm/board-msm8x60_dali.c:9771:3: warning: braces around scalar initializer [enabled by default]
arch/arm/mach-msm/board-msm8x60_dali.c:9771:3: warning: (near initialization for 'ion_pdata.heaps') [enabled by default]
arch/arm/mach-msm/board-msm8x60_dali.c:9772:4: error: field name not in record or union initializer
arch/arm/mach-msm/board-msm8x60_dali.c:9772:4: error: (near initialization for 'ion_pdata.heaps')
arch/arm/mach-msm/board-msm8x60_dali.c:9772:4: error: initializer element is not constant
arch/arm/mach-msm/board-msm8x60_dali.c:9772:4: error: (near initialization for 'ion_pdata.heaps')
arch/arm/mach-msm/board-msm8x60_dali.c:9773:4: error: field name not in record or union initializer
arch/arm/mach-msm/board-msm8x60_dali.c:9773:4: error: (near initialization for 'ion_pdata.heaps')
arch/arm/mach-msm/board-msm8x60_dali.c:9773:12: error: 'ION_HEAP_TYPE_CP' undeclared here (not in a function)
arch/arm/mach-msm/board-msm8x60_dali.c:9773:4: warning: excess elements in scalar initializer [enabled by default]
arch/arm/mach-msm/board-msm8x60_dali.c:9773:4: warning: (near initialization for 'ion_pdata.heaps') [enabled by default]
arch/arm/mach-msm/board-msm8x60_dali.c:9774:4: error: field name not in record or union initializer
arch/arm/mach-msm/board-msm8x60_dali.c:9774:4: error: (near initialization for 'ion_pdata.heaps')
arch/arm/mach-msm/board-msm8x60_dali.c:9774:12: error: 'ION_MM_HEAP_NAME' undeclared here (not in a function)
arch/arm/mach-msm/board-msm8x60_dali.c:9774:4: warning: excess elements in scalar initializer [enabled by default]
arch/arm/mach-msm/board-msm8x60_dali.c:9774:4: warning: (near initialization for 'ion_pdata.heaps') [enabled by default]
arch/arm/mach-msm/board-msm8x60_dali.c:9775:4: error: field name not in record or union initializer
arch/arm/mach-msm/board-msm8x60_dali.c:9775:4: error: (near initialization for 'ion_pdata.heaps')
arch/arm/mach-msm/board-msm8x60_dali.c:9775:4: warning: excess elements in scalar initializer [enabled by default]
arch/arm/mach-msm/board-msm8x60_dali.c:9775:4: warning: (near initialization for 'ion_pdata.heaps') [enabled by default]
arch/arm/mach-msm/board-msm8x60_dali.c:9776:4: error: field name not in record or union initializer
arch/arm/mach-msm/board-msm8x60_dali.c:9776:4: error: (near initialization for 'ion_pdata.heaps')
arch/arm/mach-msm/board-msm8x60_dali.c:9776:4: warning: excess elements in scalar initializer [enabled by default]
arch/arm/mach-msm/board-msm8x60_dali.c:9776:4: warning: (near initialization for 'ion_pdata.heaps') [enabled by default]
arch/arm/mach-msm/board-msm8x60_dali.c:9777:4: error: field name not in record or union initializer
arch/arm/mach-msm/board-msm8x60_dali.c:9777:4: error: (near initialization for 'ion_pdata.heaps')
arch/arm/mach-msm/board-msm8x60_dali.c:9777:4: warning: excess elements in scalar initializer [enabled by default]
arch/arm/mach-msm/board-msm8x60_dali.c:9777:4: warning: (near initialization for 'ion_pdata.heaps') [enabled by default]
arch/arm/mach-msm/board-msm8x60_dali.c:9778:3: warning: excess elements in scalar initializer [enabled by default]
arch/arm/mach-msm/board-msm8x60_dali.c:9778:3: warning: (near initialization for 'ion_pdata.heaps') [enabled by default]
arch/arm/mach-msm/board-msm8x60_dali.c:9779:3: warning: braces around scalar initializer [enabled by default]
arch/arm/mach-msm/board-msm8x60_dali.c:9779:3: warning: (near initialization for 'ion_pdata.heaps') [enabled by default]
arch/arm/mach-msm/board-msm8x60_dali.c:9780:4: error: field name not in record or union initializer
arch/arm/mach-msm/board-msm8x60_dali.c:9780:4: error: (near initialization for 'ion_pdata.heaps')
arch/arm/mach-msm/board-msm8x60_dali.c:9780:10: error: 'ION_MM_FIRMWARE_HEAP_ID' undeclared here (not in a function)
arch/arm/mach-msm/board-msm8x60_dali.c:9780:4: error: initializer element is not constant
arch/arm/mach-msm/board-msm8x60_dali.c:9780:4: error: (near initialization for 'ion_pdata.heaps')
arch/arm/mach-msm/board-msm8x60_dali.c:9781:4: error: field name not in record or union initializer
arch/arm/mach-msm/board-msm8x60_dali.c:9781:4: error: (near initialization for 'ion_pdata.heaps')
arch/arm/mach-msm/board-msm8x60_dali.c:9781:4: warning: excess elements in scalar initializer [enabled by default]
arch/arm/mach-msm/board-msm8x60_dali.c:9781:4: warning: (near initialization for 'ion_pdata.heaps') [enabled by default]
arch/arm/mach-msm/board-msm8x60_dali.c:9782:4: error: field name not in record or union initializer
arch/arm/mach-msm/board-msm8x60_dali.c:9782:4: error: (near initialization for 'ion_pdata.heaps')
arch/arm/mach-msm/board-msm8x60_dali.c:9782:12: error: 'ION_MM_FIRMWARE_HEAP_NAME' undeclared here (not in a function)
arch/arm/mach-msm/board-msm8x60_dali.c:9782:4: warning: excess elements in scalar initializer [enabled by default]
arch/arm/mach-msm/board-msm8x60_dali.c:9782:4: warning: (near initialization for 'ion_pdata.heaps') [enabled by default]
arch/arm/mach-msm/board-msm8x60_dali.c:9783:4: error: field name not in record or union initializer
arch/arm/mach-msm/board-msm8x60_dali.c:9783:4: error: (near initialization for 'ion_pdata.heaps')
arch/arm/mach-msm/board-msm8x60_dali.c:9783:4: warning: excess elements in scalar initializer [enabled by default]
arch/arm/mach-msm/board-msm8x60_dali.c:9783:4: warning: (near initialization for 'ion_pdata.heaps') [enabled by default]
arch/arm/mach-msm/board-msm8x60_dali.c:9784:4: error: field name not in record or union initializer
arch/arm/mach-msm/board-msm8x60_dali.c:9784:4: error: (near initialization for 'ion_pdata.heaps')
arch/arm/mach-msm/board-msm8x60_dali.c:9784:4: warning: excess elements in scalar initializer [enabled by default]
arch/arm/mach-msm/board-msm8x60_dali.c:9784:4: warning: (near initialization for 'ion_pdata.heaps') [enabled by default]
arch/arm/mach-msm/board-msm8x60_dali.c:9785:4: error: field name not in record or union initializer
arch/arm/mach-msm/board-msm8x60_dali.c:9785:4: error: (near initialization for 'ion_pdata.heaps')
arch/arm/mach-msm/board-msm8x60_dali.c:9785:4: warning: excess elements in scalar initializer [enabled by default]
arch/arm/mach-msm/board-msm8x60_dali.c:9785:4: warning: (near initialization for 'ion_pdata.heaps') [enabled by default]
arch/arm/mach-msm/board-msm8x60_dali.c:9786:3: warning: excess elements in scalar initializer [enabled by default]
arch/arm/mach-msm/board-msm8x60_dali.c:9786:3: warning: (near initialization for 'ion_pdata.heaps') [enabled by default]
arch/arm/mach-msm/board-msm8x60_dali.c:9787:3: warning: braces around scalar initializer [enabled by default]
arch/arm/mach-msm/board-msm8x60_dali.c:9787:3: warning: (near initialization for 'ion_pdata.heaps') [enabled by default]
arch/arm/mach-msm/board-msm8x60_dali.c:9788:4: error: field name not in record or union initializer
arch/arm/mach-msm/board-msm8x60_dali.c:9788:4: error: (near initialization for 'ion_pdata.heaps')
arch/arm/mach-msm/board-msm8x60_dali.c:9788:10: error: 'ION_CP_MFC_HEAP_ID' undeclared here (not in a function)
arch/arm/mach-msm/board-msm8x60_dali.c:9788:4: error: initializer element is not constant
arch/arm/mach-msm/board-msm8x60_dali.c:9788:4: error: (near initialization for 'ion_pdata.heaps')
arch/arm/mach-msm/board-msm8x60_dali.c:9789:4: error: field name not in record or union initializer
arch/arm/mach-msm/board-msm8x60_dali.c:9789:4: error: (near initialization for 'ion_pdata.heaps')
arch/arm/mach-msm/board-msm8x60_dali.c:9789:4: warning: excess elements in scalar initializer [enabled by default]
arch/arm/mach-msm/board-msm8x60_dali.c:9789:4: warning: (near initialization for 'ion_pdata.heaps') [enabled by default]
arch/arm/mach-msm/board-msm8x60_dali.c:9790:4: error: field name not in record or union initializer
arch/arm/mach-msm/board-msm8x60_dali.c:9790:4: error: (near initialization for 'ion_pdata.heaps')
arch/arm/mach-msm/board-msm8x60_dali.c:9790:12: error: 'ION_MFC_HEAP_NAME' undeclared here (not in a function)
arch/arm/mach-msm/board-msm8x60_dali.c:9790:4: warning: excess elements in scalar initializer [enabled by default]
arch/arm/mach-msm/board-msm8x60_dali.c:9790:4: warning: (near initialization for 'ion_pdata.heaps') [enabled by default]
arch/arm/mach-msm/board-msm8x60_dali.c:9791:4: error: field name not in record or union initializer
arch/arm/mach-msm/board-msm8x60_dali.c:9791:4: error: (near initialization for 'ion_pdata.heaps')
arch/arm/mach-msm/board-msm8x60_dali.c:9791:4: warning: excess elements in scalar initializer [enabled by default]
arch/arm/mach-msm/board-msm8x60_dali.c:9791:4: warning: (near initialization for 'ion_pdata.heaps') [enabled by default]
arch/arm/mach-msm/board-msm8x60_dali.c:9792:4: error: field name not in record or union initializer
arch/arm/mach-msm/board-msm8x60_dali.c:9792:4: error: (near initialization for 'ion_pdata.heaps')
arch/arm/mach-msm/board-msm8x60_dali.c:9792:4: warning: excess elements in scalar initializer [enabled by default]
arch/arm/mach-msm/board-msm8x60_dali.c:9792:4: warning: (near initialization for 'ion_pdata.heaps') [enabled by default]
arch/arm/mach-msm/board-msm8x60_dali.c:9793:4: error: field name not in record or union initializer
arch/arm/mach-msm/board-msm8x60_dali.c:9793:4: error: (near initialization for 'ion_pdata.heaps')
arch/arm/mach-msm/board-msm8x60_dali.c:9793:4: warning: excess elements in scalar initializer [enabled by default]  AS      arch/arm/lib/strrchr.o

arch/arm/mach-msm/board-msm8x60_dali.c:9793:4: warning: (near initialization for 'ion_pdata.heaps') [enabled by default]
arch/arm/mach-msm/board-msm8x60_dali.c:9794:3: warning: excess elements in scalar initializer [enabled by default]
arch/arm/mach-msm/board-msm8x60_dali.c:9794:3: warning: (near initialization for 'ion_pdata.heaps') [enabled by default]
arch/arm/mach-msm/board-msm8x60_dali.c:9795:3: warning: braces around scalar initializer [enabled by default]
arch/arm/mach-msm/board-msm8x60_dali.c:9795:3: warning: (near initialization for 'ion_pdata.heaps') [enabled by default]
arch/arm/mach-msm/board-msm8x60_dali.c:9796:4: error: field name not in record or union initializer
arch/arm/mach-msm/board-msm8x60_dali.c:9796:4: error: (near initialization for 'ion_pdata.heaps')
arch/arm/mach-msm/board-msm8x60_dali.c:9796:10: error: 'ION_SF_HEAP_ID' undeclared here (not in a function)
arch/arm/mach-msm/board-msm8x60_dali.c:9796:4: error: initializer element is not constant
arch/arm/mach-msm/board-msm8x60_dali.c:9796:4: error: (near initialization for 'ion_pdata.heaps')
arch/arm/mach-msm/board-msm8x60_dali.c:9797:4: error: field name not in record or union initializer
arch/arm/mach-msm/board-msm8x60_dali.c:9797:4: error: (near initialization for 'ion_pdata.heaps')
arch/arm/mach-msm/board-msm8x60_dali.c:9797:4: warning: excess elements in scalar initializer [enabled by default]
arch/arm/mach-msm/board-msm8x60_dali.c:9797:4: warning: (near initialization for 'ion_pdata.heaps') [enabled by default]
arch/arm/mach-msm/board-msm8x60_dali.c:9798:4: error: field name not in record or union initializer
arch/arm/mach-msm/board-msm8x60_dali.c:9798:4: error: (near initialization for 'ion_pdata.heaps')
arch/arm/mach-msm/board-msm8x60_dali.c:9798:12: error: 'ION_SF_HEAP_NAME' undeclared here (not in a function)
arch/arm/mach-msm/board-msm8x60_dali.c:9798:4: warning: excess elements in scalar initializer [enabled by default]
arch/arm/mach-msm/board-msm8x60_dali.c:9798:4: warning: (near initialization for 'ion_pdata.heaps') [enabled by default]
arch/arm/mach-msm/board-msm8x60_dali.c:9799:4: error: field name not in record or union initializer
arch/arm/mach-msm/board-msm8x60_dali.c:9799:4: error: (near initialization for 'ion_pdata.heaps')
arch/arm/mach-msm/board-msm8x60_dali.c:9799:4: warning: excess elements in scalar initializer [enabled by default]
arch/arm/mach-msm/board-msm8x60_dali.c:9799:4: warning: (near initialization for 'ion_pdata.heaps') [enabled by default]
arch/arm/mach-msm/board-msm8x60_dali.c:9800:4: error: field name not in record or union initializer
arch/arm/mach-msm/board-msm8x60_dali.c:9800:4: error: (near initialization for 'ion_pdata.heaps')
arch/arm/mach-msm/board-msm8x60_dali.c:9800:4: warning: excess elements in scalar initializer [enabled by default]
arch/arm/mach-msm/board-msm8x60_dali.c:9800:4: warning: (near initialization for 'ion_pdata.heaps') [enabled by default]
arch/arm/mach-msm/board-msm8x60_dali.c:9801:4: error: field name not in record or union initializer
arch/arm/mach-msm/board-msm8x60_dali.c:9801:4: error: (near initialization for 'ion_pdata.heaps')
arch/arm/mach-msm/board-msm8x60_dali.c:9801:4: warning: excess elements in scalar initializer [enabled by default]
arch/arm/mach-msm/board-msm8x60_dali.c:9801:4: warning: (near initialization for 'ion_pdata.heaps') [enabled by default]
arch/arm/mach-msm/board-msm8x60_dali.c:9802:3: warning: excess elements in scalar initializer [enabled by default]
arch/arm/mach-msm/board-msm8x60_dali.c:9802:3: warning: (near initialization for 'ion_pdata.heaps') [enabled by default]
arch/arm/mach-msm/board-msm8x60_dali.c:9803:3: warning: braces around scalar initializer [enabled by default]
arch/arm/mach-msm/board-msm8x60_dali.c:9803:3: warning: (near initialization for 'ion_pdata.heaps') [enabled by default]
arch/arm/mach-msm/board-msm8x60_dali.c:9804:4: error: field name not in record or union initializer
arch/arm/mach-msm/board-msm8x60_dali.c:9804:4: error: (near initialization for 'ion_pdata.heaps')
arch/arm/mach-msm/board-msm8x60_dali.c:9804:10: error: 'ION_CP_WB_HEAP_ID' undeclared here (not in a function)
arch/arm/mach-msm/board-msm8x60_dali.c:9804:4: error: initializer element is not constant
arch/arm/mach-msm/board-msm8x60_dali.c:9804:4: error: (near initialization for 'ion_pdata.heaps')
arch/arm/mach-msm/board-msm8x60_dali.c:9805:4: error: field name not in record or union initializer
arch/arm/mach-msm/board-msm8x60_dali.c:9805:4: error: (near initialization for 'ion_pdata.heaps')
arch/arm/mach-msm/board-msm8x60_dali.c:9805:4: warning: excess elements in scalar initializer [enabled by default]
arch/arm/mach-msm/board-msm8x60_dali.c:9805:4: warning: (near initialization for 'ion_pdata.heaps') [enabled by default]
arch/arm/mach-msm/board-msm8x60_dali.c:9806:4: error: field name not in record or union initializer
arch/arm/mach-msm/board-msm8x60_dali.c:9806:4: error: (near initialization for 'ion_pdata.heaps')
arch/arm/mach-msm/board-msm8x60_dali.c:9806:12: error: 'ION_WB_HEAP_NAME' undeclared here (not in a function)
arch/arm/mach-msm/board-msm8x60_dali.c:9806:4: warning: excess elements in scalar initializer [enabled by default]
arch/arm/mach-msm/board-msm8x60_dali.c:9806:4: warning: (near initialization for 'ion_pdata.heaps') [enabled by default]
arch/arm/mach-msm/board-msm8x60_dali.c:9807:4: error: field name not in record or union initializer
arch/arm/mach-msm/board-msm8x60_dali.c:9807:4: error: (near initialization for 'ion_pdata.heaps')
arch/arm/mach-msm/board-msm8x60_dali.c:9807:4: warning: excess elements in scalar initializer [enabled by default]
arch/arm/mach-msm/board-msm8x60_dali.c:9807:4: warning: (near initialization for 'ion_pdata.heaps') [enabled by default]
arch/arm/mach-msm/board-msm8x60_dali.c:9809:4: error: field name not in record or union initializer
arch/arm/mach-msm/board-msm8x60_dali.c:9809:4: error: (near initialization for 'ion_pdata.heaps')
arch/arm/mach-msm/board-msm8x60_dali.c:9809:19: error: 'ION_ADSP_TYPE' undeclared here (not in a function)
arch/arm/mach-msm/board-msm8x60_dali.c:9809:4: warning: excess elements in scalar initializer [enabled by default]
arch/arm/mach-msm/board-msm8x60_dali.c:9809:4: warning: (near initialization for 'ion_pdata.heaps') [enabled by default]
arch/arm/mach-msm/board-msm8x60_dali.c:9813:4: error: field name not in record or union initializer
arch/arm/mach-msm/board-msm8x60_dali.c:9813:4: error: (near initialization for 'ion_pdata.heaps')
arch/arm/mach-msm/board-msm8x60_dali.c:9813:4: warning: excess elements in scalar initializer [enabled by default]
arch/arm/mach-msm/board-msm8x60_dali.c:9813:4: warning: (near initialization for 'ion_pdata.heaps') [enabled by default]
arch/arm/mach-msm/board-msm8x60_dali.c:9814:3: warning: excess elements in scalar initializer [enabled by default]
arch/arm/mach-msm/board-msm8x60_dali.c:9814:3: warning: (near initialization for 'ion_pdata.heaps') [enabled by default]
arch/arm/mach-msm/board-msm8x60_dali.c:9815:3: warning: braces around scalar initializer [enabled by default]
arch/arm/mach-msm/board-msm8x60_dali.c:9815:3: warning: (near initialization for 'ion_pdata.heaps') [enabled by default]
arch/arm/mach-msm/board-msm8x60_dali.c:9816:4: error: field name not in record or union initializer
arch/arm/mach-msm/board-msm8x60_dali.c:9816:4: error: (near initialization for 'ion_pdata.heaps')
arch/arm/mach-msm/board-msm8x60_dali.c:9816:10: error: 'ION_CAMERA_HEAP_ID' undeclared here (not in a function)
arch/arm/mach-msm/board-msm8x60_dali.c:9816:4: error: initializer element is not constant
arch/arm/mach-msm/board-msm8x60_dali.c:9816:4: error: (near initialization for 'ion_pdata.heaps')
arch/arm/mach-msm/board-msm8x60_dali.c:9817:4: error: field name not in record or union initializer
arch/arm/mach-msm/board-msm8x60_dali.c:9817:4: error: (near initialization for 'ion_pdata.heaps')
arch/arm/mach-msm/board-msm8x60_dali.c:9817:4: warning: excess elements in scalar initializer [enabled by default]
arch/arm/mach-msm/board-msm8x60_dali.c:9817:4: warning: (near initialization for 'ion_pdata.heaps') [enabled by default]
arch/arm/mach-msm/board-msm8x60_dali.c:9818:4: error: field name not in record or union initializer
arch/arm/mach-msm/board-msm8x60_dali.c:9818:4: error: (near initialization for 'ion_pdata.heaps')
arch/arm/mach-msm/board-msm8x60_dali.c:9818:12: error: 'ION_CAMERA_HEAP_NAME' undeclared here (not in a function)
arch/arm/mach-msm/board-msm8x60_dali.c:9818:4: warning: excess elements in scalar initializer [enabled by default]
arch/arm/mach-msm/board-msm8x60_dali.c:9818:4: warning: (near initialization for 'ion_pdata.heaps') [enabled by default]
arch/arm/mach-msm/board-msm8x60_dali.c:9819:4: error: field name not in record or union initializer
arch/arm/mach-msm/board-msm8x60_dali.c:9819:4: error: (near initialization for 'ion_pdata.heaps')
arch/arm/mach-msm/board-msm8x60_dali.c:9819:4: warning: excess elements in scalar initializer [enabled by default]
arch/arm/mach-msm/board-msm8x60_dali.c:9819:4: warning: (near initialization for 'ion_pdata.heaps') [enabled by default]
arch/arm/mach-msm/board-msm8x60_dali.c:9821:4: error: field name not in record or union initializer
arch/arm/mach-msm/board-msm8x60_dali.c:9821:4: error: (near initialization for 'ion_pdata.heaps')
arch/arm/mach-msm/board-msm8x60_dali.c:9821:4: warning: excess elements in scalar initializer [enabled by default]
arch/arm/mach-msm/board-msm8x60_dali.c:9821:4: warning: (near initialization for 'ion_pdata.heaps') [enabled by default]
arch/arm/mach-msm/board-msm8x60_dali.c:9825:4: error: field name not in record or union initializer
arch/arm/mach-msm/board-msm8x60_dali.c:9825:4: error: (near initialization for 'ion_pdata.heaps')
arch/arm/mach-msm/board-msm8x60_dali.c:9825:4: warning: excess elements in scalar initializer [enabled by default]
arch/arm/mach-msm/board-msm8x60_dali.c:9825:4: warning: (near initialization for 'ion_pdata.heaps') [enabled by default]
arch/arm/mach-msm/board-msm8x60_dali.c:9826:3: warning: excess elements in scalar initializer [enabled by default]
arch/arm/mach-msm/board-msm8x60_dali.c:9826:3: warning: (near initialization for 'ion_pdata.heaps') [enabled by default]
arch/arm/mach-msm/board-msm8x60_dali.c:9837:3: warning: braces around scalar initializer [enabled by default]
arch/arm/mach-msm/board-msm8x60_dali.c:9837:3: warning: (near initialization for 'ion_pdata.heaps') [enabled by default]
arch/arm/mach-msm/board-msm8x60_dali.c:9838:4: error: field name not in record or union initializer
arch/arm/mach-msm/board-msm8x60_dali.c:9838:4: error: (near initialization for 'ion_pdata.heaps')
arch/arm/mach-msm/board-msm8x60_dali.c:9838:10: error: 'ION_AUDIO_HEAP_ID' undeclared here (not in a function)
arch/arm/mach-msm/board-msm8x60_dali.c:9838:4: error: initializer element is not constant
arch/arm/mach-msm/board-msm8x60_dali.c:9838:4: error: (near initialization for 'ion_pdata.heaps')
arch/arm/mach-msm/board-msm8x60_dali.c:9839:4: error: field name not in record or union initializer
arch/arm/mach-msm/board-msm8x60_dali.c:9839:4: error: (near initialization for 'ion_pdata.heaps')
arch/arm/mach-msm/board-msm8x60_dali.c:9839:4: warning: excess elements in scalar initializer [enabled by default]
arch/arm/mach-msm/board-msm8x60_dali.c:9839:4: warning: (near initialization for 'ion_pdata.heaps') [enabled by default]
arch/arm/mach-msm/board-msm8x60_dali.c:9840:4: error: field name not in record or union initializer
arch/arm/mach-msm/board-msm8x60_dali.c:9840:4: error: (near initialization for 'ion_pdata.heaps')
arch/arm/mach-msm/board-msm8x60_dali.c:9840:12: error: 'ION_AUDIO_HEAP_NAME' undeclared here (not in a function)
arch/arm/mach-msm/board-msm8x60_dali.c:9840:4: warning: excess elements in scalar initializer [enabled by default]
arch/arm/mach-msm/board-msm8x60_dali.c:9840:4: warning: (near initialization for 'ion_pdata.heaps') [enabled by default]
arch/arm/mach-msm/board-msm8x60_dali.c:9841:4: error: field name not in record or union initializer
arch/arm/mach-msm/board-msm8x60_dali.c:9841:4: error: (near initialization for 'ion_pdata.heaps')
arch/arm/mach-msm/board-msm8x60_dali.c:9841:4: warning: excess elements in scalar initializer [enabled by default]
arch/arm/mach-msm/board-msm8x60_dali.c:9841:4: warning: (near initialization for 'ion_pdata.heaps') [enabled by default]
arch/arm/mach-msm/board-msm8x60_dali.c:9842:4: error: field name not in record or union initializer
arch/arm/mach-msm/board-msm8x60_dali.c:9842:4: error: (near initialization for 'ion_pdata.heaps')
arch/arm/mach-msm/board-msm8x60_dali.c:9842:4: warning: excess elements in scalar initializer [enabled by default]
arch/arm/mach-msm/board-msm8x60_dali.c:9842:4: warning: (near initialization for 'ion_pdata.heaps') [enabled by default]
arch/arm/mach-msm/board-msm8x60_dali.c:9843:4: error: field name not in record or union initializer
arch/arm/mach-msm/board-msm8x60_dali.c:9843:4: error: (near initialization for 'ion_pdata.heaps')
arch/arm/mach-msm/board-msm8x60_dali.c:9843:4: warning: excess elements in scalar initializer [enabled by default]
arch/arm/mach-msm/board-msm8x60_dali.c:9843:4: warning: (near initialization for 'ion_pdata.heaps') [enabled by default]
arch/arm/mach-msm/board-msm8x60_dali.c:9844:3: warning: excess elements in scalar initializer [enabled by default]
arch/arm/mach-msm/board-msm8x60_dali.c:9844:3: warning: (near initialization for 'ion_pdata.heaps') [enabled by default]
arch/arm/mach-msm/board-msm8x60_dali.c:9877:3: error: 'MEMTYPE_PMEM_ADSP' undeclared here (not in a function)
arch/arm/mach-msm/board-msm8x60_dali.c:9877:2: error: array index in initializer not of integer type
arch/arm/mach-msm/board-msm8x60_dali.c:9877:2: error: (near initialization for 'msm8x60_reserve_table')
arch/arm/mach-msm/board-msm8x60_dali.c: In function 'reserve_ion_memory':
arch/arm/mach-msm/board-msm8x60_dali.c:9899:30: warning: comparison between pointer and integer [enabled by default]
arch/arm/mach-msm/board-msm8x60_dali.c:9912:38: warning: comparison between pointer and integer [enabled by default]
arch/arm/mach-msm/board-msm8x60_dali.c:9914:22: error: dereferencing pointer to incomplete type
arch/arm/mach-msm/board-msm8x60_dali.c:9914:22: error: request for member 'iommu_map_all' in something not a structure or union
arch/arm/mach-msm/board-msm8x60_dali.c:9913:18: warning: initialization makes integer from pointer without a cast [enabled by default]
arch/arm/mach-msm/board-msm8x60_dali.c:9933:23: error: array subscript is not an integer
arch/arm/mach-msm/board-msm8x60_dali.c:9933:42: error: request for member 'size' in something not a structure or union
arch/arm/mach-msm/board-msm8x60_dali.c:9933:2: warning: statement with no effect [-Wunused-value]
arch/arm/mach-msm/board-msm8x60_dali.c:9934:23: error: array subscript is not an integer
arch/arm/mach-msm/board-msm8x60_dali.c:9934:42: error: request for member 'size' in something not a structure or union
arch/arm/mach-msm/board-msm8x60_dali.c:9934:2: warning: statement with no effect [-Wunused-value]
  AS      arch/arm/lib/testchangebit.o
arch/arm/mach-msm/board-msm8x60_dali.c: In function 'msm_sdcc_cfg_mpm_sdiowakeup':
arch/arm/mach-msm/board-msm8x60_dali.c:13406:19: error: storage size of 'pin' isn't known
arch/arm/mach-msm/board-msm8x60_dali.c:13413:9: error: 'MSM_MPM_PIN_SDC4_DAT1' undeclared (first use in this function)
arch/arm/mach-msm/board-msm8x60_dali.c:13413:9: note: each undeclared identifier is reported only once for each function it appears in
arch/arm/mach-msm/board-msm8x60_dali.c:13413:3: warning: statement with no effect [-Wunused-value]
arch/arm/mach-msm/board-msm8x60_dali.c:13419:3: warning: passing argument 1 of 'msm_mpm_enable_pin' makes integer from pointer without a cast [enabled by default]
arch/arm/mach-msm/include/mach/mpm.h:54:5: note: expected 'unsigned int' but argument is of type 'struct platform_device **'
arch/arm/mach-msm/board-msm8x60_dali.c:13422:3: warning: passing argument 1 of 'msm_mpm_set_pin_type' makes integer from pointer without a cast [enabled by default]
arch/arm/mach-msm/include/mach/mpm.h:81:5: note: expected 'unsigned int' but argument is of type 'struct platform_device **'
arch/arm/mach-msm/board-msm8x60_dali.c:13423:3: warning: passing argument 1 of 'msm_mpm_enable_pin' makes integer from pointer without a cast [enabled by default]
arch/arm/mach-msm/include/mach/mpm.h:54:5: note: expected 'unsigned int' but argument is of type 'struct platform_device **'
arch/arm/mach-msm/board-msm8x60_dali.c:13426:3: warning: passing argument 1 of 'msm_mpm_set_pin_wake' makes integer from pointer without a cast [enabled by default]
arch/arm/mach-msm/include/mach/mpm.h:68:5: note: expected 'unsigned int' but argument is of type 'struct platform_device **'
arch/arm/mach-msm/board-msm8x60_dali.c:13429:3: warning: passing argument 1 of 'msm_mpm_set_pin_wake' makes integer from pointer without a cast [enabled by default]
arch/arm/mach-msm/include/mach/mpm.h:68:5: note: expected 'unsigned int' but argument is of type 'struct platform_device **'
arch/arm/mach-msm/board-msm8x60_dali.c:13406:19: warning: unused variable 'pin' [-Wunused-variable]
arch/arm/mach-msm/board-msm8x60_dali.c: At top level:
arch/arm/mach-msm/board-msm8x60_dali.c:13453:2: error: unknown field 'pclk_src_dfab' specified in initializer
arch/arm/mach-msm/board-msm8x60_dali.c:13468:2: error: unknown field 'pclk_src_dfab' specified in initializer
arch/arm/mach-msm/board-msm8x60_dali.c:13493:2: error: unknown field 'pclk_src_dfab' specified in initializer
arch/arm/mach-msm/board-msm8x60_dali.c:13507:2: error: unknown field 'pclk_src_dfab' specified in initializer
arch/arm/mach-msm/board-msm8x60_dali.c:13508:2: error: unknown field 'cfg_mpm_sdiowakeup' specified in initializer
arch/arm/mach-msm/board-msm8x60_dali.c:13508:2: warning: initialization makes integer from pointer without a cast [enabled by default]
arch/arm/mach-msm/board-msm8x60_dali.c:13508:2: warning: (near initialization for 'msm8x60_sdc4_data.wpswitch_gpio') [enabled by default]
arch/arm/mach-msm/board-msm8x60_dali.c:13523:2: error: unknown field 'pclk_src_dfab' specified in initializer
arch/arm/mach-msm/board-msm8x60_dali.c:16720:13: error: invalid operands to binary << (have 'long unsigned int' and 'struct platform_device **')
arch/arm/mach-msm/board-msm8x60_dali.c:16720:2: error: initializer element is not constant
arch/arm/mach-msm/board-msm8x60_dali.c:16720:2: error: (near initialization for 'mdp_pdata.mem_hid')
arch/arm/mach-msm/board-msm8x60_dali.c:17373:2: error: unknown field 'irq_vmpm' specified in initializer
arch/arm/mach-msm/board-msm8x60_dali.c:17374:2: error: unknown field 'msm_apps_ipc_rpm_reg' specified in initializer
arch/arm/mach-msm/board-msm8x60_dali.c:17375:2: error: unknown field 'msm_apps_ipc_rpm_val' specified in initializer
arch/arm/mach-msm/board-msm8x60_dali.c: In function 'msm8x60_init':
arch/arm/mach-msm/board-msm8x60_dali.c:17539:2: warning: passing argument 1 of 'msm_rpmrs_levels_init' from incompatible pointer type [enabled by default]
arch/arm/mach-msm/rpm_resources.h:142:5: note: expected 'struct msm_rpmrs_platform_data *' but argument is of type 'struct msm_rpmrs_level *'
arch/arm/mach-msm/board-msm8x60_dali.c:17539:2: error: too many arguments to function 'msm_rpmrs_levels_init'
arch/arm/mach-msm/rpm_resources.h:142:5: note: declared here
arch/arm/mach-msm/board-msm8x60_dali.c:17605:3: warning: implicit declaration of function 'acpuclk_init' [-Wimplicit-function-declaration]
arch/arm/mach-msm/board-msm8x60_dali.c:17605:17: error: 'acpuclk_8x60_soc_data' undeclared (first use in this function)
arch/arm/mach-msm/board-msm8x60_dali.c:17809:2: warning: implicit declaration of function 'msm_cpuidle_set_states' [-Wimplicit-function-declaration]
  CC      lib/kstrtox.o
  CC      net/core/request_sock.o
  CC      net/core/skbuff.o
  AS      arch/arm/lib/testclearbit.o
  CC      drivers/hid/hid-input.o
  LD      arch/arm/oprofile/oprofile.o
make[1]: *** [arch/arm/mach-msm/board-msm8x60_dali.o] 오류 1
make: *** [arch/arm/mach-msm] 오류 2
  CC      net/bluetooth/hci_sock.o
  LD      arch/arm/oprofile/built-in.o
  CC      net/bluetooth/hci_sysfs.o
  CC      sound/core/pcm_lib.o
  AS      arch/arm/lib/testsetbit.o
  CC      net/dns_resolver/dns_key.o
  AS      arch/arm/lib/ucmpdi2.o
  AR      arch/arm/lib/lib.a
  CC      net/dns_resolver/dns_query.o
  CC      sound/core/pcm_timer.o
  CC      lib/pci_iomap.o
  CC      sound/core/pcm_misc.o
  LD      net/dns_resolver/dns_resolver.o
  LD      net/dns_resolver/built-in.o
  CC      lib/iomap_copy.o
  CC      net/ethernet/eth.o
  CC      sound/core/pcm_memory.o
  CC      lib/devres.o
  CC      net/core/iovec.o
  CC      net/bluetooth/l2cap_core.o
  CC      sound/core/rawmidi.o
  CC      net/bluetooth/l2cap_sock.o
  CC      sound/core/timer.o
  CC      lib/hweight.o
  CC      lib/bitrev.o
  CC      sound/core/sound.o
  CC      lib/crc-ccitt.o
  LD      net/ethernet/built-in.o
  CC      lib/crc16.o
  CC      sound/core/init.o
  CC      net/core/datagram.o
  CC      lib/crc32.o
  CC      net/bluetooth/smp.o
  CC      sound/core/memory.o
  CC      lib/libcrc32c.o
  CC      lib/genalloc.o
  CC      drivers/hid/hid-apple.o
  CC      drivers/hid/hid-magicmouse.o
  CC      drivers/hid/hid-microsoft.o
  CC      lib/lzo/lzo1x_compress.o
  CC      net/bluetooth/sco.o
  CC      net/bluetooth/lib.o
  CC      lib/reed_solomon/reed_solomon.o
  CC      net/bluetooth/amp.o
  CC      lib/lzo/lzo1x_decompress.o
  CC      net/bluetooth/hidp/core.o
  CC      net/bluetooth/bnep/core.o
  CC      drivers/hid/hid-samsung.o
  CC      drivers/hid/usbhid/hid-core.o
  CC      net/core/stream.o
  CC      net/core/scm.o
  CC      sound/core/info.o
  LD      lib/lzo/lzo_compress.o
  LD      lib/lzo/lzo_decompress.o
  LD      lib/lzo/built-in.o
  CC      net/bluetooth/hidp/sock.o
  CC      net/core/gen_stats.o
  CC      lib/zlib_deflate/deflate.o
  CC      net/bluetooth/rfcomm/core.o
  LD      lib/reed_solomon/built-in.o
  CC      net/core/gen_estimator.o
  CC      sound/soc/soc-core.o
  CC      net/bluetooth/bnep/sock.o
  CC      net/bluetooth/bnep/netdev.o
  CC      net/core/net_namespace.o
  LD      drivers/hid/hid.o
  CC      sound/core/control.o
  CC      lib/zlib_deflate/deftree.o
  CC      lib/zlib_deflate/deflate_syms.o
  CC      net/bluetooth/rfcomm/sock.o
  CC      net/core/secure_seq.o
  LD      net/bluetooth/hidp/hidp.o
  LD      net/bluetooth/hidp/built-in.o
  CC      net/core/flow_dissector.o
  CC      net/bluetooth/rfcomm/tty.o
  CC      net/core/sysctl_net_core.o
  CC      drivers/hid/usbhid/hid-quirks.o
  LD      net/bluetooth/bnep/bnep.o
  LD      net/bluetooth/bnep/built-in.o
  CC      sound/usb/card.o
  LD      drivers/hid/usbhid/usbhid.o
  CC      net/ipv4/route.o
  CC      net/core/dev.o
  LD      drivers/hid/usbhid/built-in.o
  LD      drivers/hid/built-in.o
make: *** [drivers] 오류 2
  CC      net/core/ethtool.o
  CC      net/ipv6/af_inet6.o
  LD      lib/zlib_deflate/zlib_deflate.o
  LD      lib/zlib_deflate/built-in.o
  CC      lib/zlib_inflate/inffast.o
  CC      sound/usb/clock.o
  CC      net/key/af_key.o
  CC      net/core/dev_addr_lists.o
  CC      lib/zlib_inflate/inflate.o
  CC      sound/usb/endpoint.o
  CC      sound/usb/format.o
  CC      sound/core/misc.o
  CC      sound/usb/helper.o
  CC      sound/usb/mixer.o
  CC      sound/core/device.o
  LD      net/bluetooth/rfcomm/rfcomm.o
  LD      net/bluetooth/rfcomm/built-in.o
  CC      lib/zlib_inflate/infutil.o
  CC      lib/zlib_inflate/inftrees.o
  CC      sound/usb/mixer_quirks.o
  CC      lib/zlib_inflate/inflate_syms.o
  CC      sound/usb/pcm.o
  CC      sound/usb/proc.o
  CC      sound/core/jack.o
  LD      lib/zlib_inflate/zlib_inflate.o
  LD      lib/zlib_inflate/built-in.o
  CC      lib/textsearch.o
  CC      sound/usb/quirks.o
  CC      net/core/dst.o
  CC      sound/usb/stream.o
  CC      net/core/netevent.o
  CC      net/ipv6/anycast.o
  CC      net/ipv6/ip6_output.o
  CC      lib/ts_kmp.o
  LD      sound/core/snd.o
  LD      sound/core/snd-hwdep.o
  CC      sound/last.o
  LD      sound/core/snd-timer.o
  LD      sound/core/snd-pcm.o
  LD      sound/core/snd-page-alloc.o
  LD      sound/core/snd-rawmidi.o
  CC      net/core/neighbour.o
  LD      sound/core/built-in.o
  LD      sound/soundcore.o
  CC      lib/ts_bm.o
  CC      sound/usb/midi.o
  CC      lib/ts_fsm.o
  CC      net/core/rtnetlink.o
  CC      sound/soc/soc-dapm.o
  CC      sound/soc/soc-jack.o
  CC      lib/percpu_counter.o
  CC      lib/dynamic_debug.o
  CC      sound/soc/soc-cache.o
  CC      net/ipv6/ip6_input.o
  CC      net/netfilter/core.o
  CC      lib/nlattr.o
  CC      lib/cpu_rmap.o
  CC      net/ipv4/inetpeer.o
  LD      net/key/built-in.o
  CC      net/netlink/af_netlink.o
  CC      net/netlink/genetlink.o
  CC      lib/dynamic_queue_limits.o
  CC      sound/soc/soc-utils.o
  CC      lib/argv_split.o
  CC      net/netfilter/nf_log.o
  CC      net/netfilter/nf_queue.o
  CC      net/ipv6/addrconf.o
  CC      net/netfilter/nf_sockopt.o
  CC      lib/bug.o
  LD      sound/usb/snd-usb-audio.o
  LD      sound/usb/snd-usbmidi-lib.o
  LD      sound/usb/built-in.o
  CC      net/netfilter/nf_conntrack_core.o
  CC      net/netfilter/nf_conntrack_standalone.o
  CC      net/ipv4/protocol.o
  LD      net/bluetooth/bluetooth.o
  CC      lib/cmdline.o
  LD      net/bluetooth/built-in.o
  CC      net/ipv4/ip_input.o
  CC      net/ipv4/ip_fragment.o
  CC      lib/cpumask.o
  CC      net/ipv6/addrlabel.o
  CC      sound/soc/soc-pcm.o
  CC      net/netfilter/nf_conntrack_expect.o
  CC      lib/ctype.o
  CC      net/netfilter/nf_conntrack_helper.o
  CC      sound/soc/soc-io.o
  CC      lib/dec_and_lock.o
  CC      net/ipv4/ip_forward.o
  CC      net/ipv4/ip_options.o
  CC      lib/decompress.o
  CC      lib/decompress_bunzip2.o
  CC      net/core/utils.o
  CC      lib/decompress_inflate.o
  CC      net/core/link_watch.o
  CC      lib/decompress_unlzma.o
  CC      net/ipv4/ip_output.o
  CC      net/ipv6/route.o
  CC      net/ipv4/ip_sockglue.o
  LD      net/netlink/built-in.o
  CC      sound/soc/msm/lpass-dma.o
  CC      lib/dump_stack.o
  CC      net/packet/af_packet.o
  CC      net/ipv4/inet_hashtables.o
  CC      lib/extable.o
  CC      net/netfilter/nf_conntrack_proto.o
  CC      net/core/filter.o
  CC      lib/idr.o
  CC      net/netfilter/nf_conntrack_l3proto_generic.o
  CC      lib/int_sqrt.o
  CC      lib/ioremap.o
  CC      lib/irq_regs.o
  CC      lib/is_single_threaded.o
  CC      lib/klist.o
  CC      sound/soc/msm/msm8x60-dai.o
  CC      lib/kobject.o
  CC      net/netfilter/nf_conntrack_proto_generic.o
  CC      lib/kobject_uevent.o
  CC      lib/md5.o
  CC      net/netfilter/nf_conntrack_proto_tcp.o
  CC      lib/memory_alloc.o
  CC      net/netfilter/nf_conntrack_proto_udp.o
  CC      sound/soc/msm/msm8x60-pcm.o
  CC      lib/plist.o
  CC      sound/soc/msm/msm8x60.o
  CC      net/core/sock_diag.o
  CC      net/ipv4/inet_timewait_sock.o
  CC      net/netfilter/nf_conntrack_extend.o
  CC      lib/prio_heap.o
  CC      net/rfkill/core.o
  CC      net/core/flow.o
  CC      lib/prio_tree.o
  CC      net/sched/sch_generic.o
  CC      net/sched/sch_mq.o
  CC      lib/proportions.o
  CC      lib/radix-tree.o
  CC      lib/ratelimit.o
  CC      lib/rbtree.o
  CC      lib/reciprocal_div.o
  CC      lib/rwsem-spinlock.o
  CC      lib/sha1.o
  CC      lib/show_mem.o
  CC      net/core/net-sysfs.o
  CC      net/netfilter/nf_conntrack_acct.o
  CC      net/netfilter/nf_conntrack_ecache.o
  CC      net/core/fib_rules.o
  CC      net/core/net-traces.o
  CC      sound/soc/msm/qdsp6/q6asm.o
  CC      net/ipv4/inet_connection_sock.o
  CC      net/ipv4/tcp.o
  CC      net/ipv6/ip6_fib.o
  CC      lib/string.o
  LD      net/packet/built-in.o
  CC      net/netfilter/nf_conntrack_h323_main.o
  CC      lib/timerqueue.o
  LD      net/rfkill/rfkill.o
  LD      net/rfkill/built-in.o
  CC      lib/vsprintf.o
  CC      net/unix/af_unix.o
  CC      net/sunrpc/clnt.o
  LD      lib/built-in.o
  CC      net/netfilter/nf_conntrack_h323_asn1.o
  CC      net/netfilter/nfnetlink.o
  CC      net/sunrpc/xprt.o
  CC      net/sunrpc/socklib.o
  CC      net/sched/sch_api.o
  CC      net/netfilter/nfnetlink_queue.o
  CC      net/netfilter/nfnetlink_log.o
  CC      net/netfilter/nf_conntrack_proto_dccp.o
  CC      net/netfilter/nf_conntrack_proto_gre.o
  CC      net/sunrpc/xprtsock.o
  CC      net/ipv4/tcp_input.o
  CC      net/ipv6/ipv6_sockglue.o
  LD      net/core/built-in.o
  CC      net/wireless/core.o
  AR      lib/lib.a
  CC      net/wireless/sysfs.o
  CC      net/wireless/radiotap.o
  CC      net/wireless/util.o
  CC      net/sunrpc/sched.o
  CC      net/netfilter/nf_conntrack_proto_sctp.o
  CC      net/netfilter/nf_conntrack_proto_udplite.o
  CC      net/netfilter/nf_conntrack_netlink.o
  CC      net/sched/sch_blackhole.o
  CC      net/wireless/reg.o
  CC      net/xfrm/xfrm_policy.o
  CC      net/sysctl_net.o
  CC      net/sched/cls_api.o
  CC      net/unix/garbage.o
  CC      net/activity_stats.o
  CC      sound/soc/msm/qdsp6/q6adm.o
  CC      net/ipv6/ndisc.o
  CC      net/wireless/scan.o
  CC      net/wireless/nl80211.o
  CC      sound/soc/msm/qdsp6/q6afe.o
  CC      net/wireless/mlme.o
  CC      net/wireless/ibss.o
  CC      net/wireless/sme.o
  CC      net/wireless/chan.o
  CC      net/unix/sysctl_net_unix.o
  CC      net/sunrpc/auth.o
  CC      net/sched/act_api.o
  CC      net/sched/act_mirred.o
  CC      net/wireless/ethtool.o
  LD      sound/soc/msm/qdsp6/built-in.o
  LD      sound/soc/msm/snd-soc-msm8x60-dai.o
  LD      net/unix/unix.o
  LD      sound/soc/msm/snd-soc-msm8x60-pcm.o
  LD      sound/soc/msm/snd-soc-msm8x60.o
  LD      net/unix/built-in.o
  LD      sound/soc/msm/snd-soc-lpass-dma.o
  CC      net/wireless/mesh.o
  LD      sound/soc/msm/built-in.o
  LD      sound/soc/snd-soc-core.o
  CC      net/wireless/wext-compat.o
  CC      net/wireless/wext-sme.o
  CC      net/netfilter/nf_conntrack_amanda.o
  LD      sound/soc/built-in.o
  LD      sound/built-in.o
  CC      net/wireless/wext-core.o
  CC      net/ipv4/tcp_output.o
  CC      net/netfilter/nf_conntrack_ftp.o
  CC      net/sched/sch_fifo.o
  CC      net/wireless/wext-proc.o
  CC      net/ipv6/udp.o
  CC      net/sched/sch_htb.o
  CC      net/sched/sch_ingress.o
  CC      net/sched/sch_sfq.o
  CC      net/sunrpc/auth_null.o
  CC      net/sched/sch_tbf.o
  CC      net/xfrm/xfrm_state.o
  CC      net/xfrm/xfrm_hash.o
  CC      net/ipv6/udplite.o
  LD      net/netfilter/nf_conntrack_h323.o
  CC      net/netfilter/nf_conntrack_irc.o
  CC      net/sched/sch_prio.o
  CC      net/sched/cls_u32.o
  CC      net/ipv4/tcp_timer.o
  CC      net/xfrm/xfrm_input.o
  CC      net/xfrm/xfrm_output.o
  CC      net/sunrpc/auth_unix.o
  CC      net/sched/cls_fw.o
  CC      net/netfilter/nf_conntrack_broadcast.o
  CC      net/ipv6/raw.o
  CC      net/sched/cls_tcindex.o
  CC      net/sched/cls_basic.o
  CC      net/netfilter/nf_conntrack_netbios_ns.o
  CC      net/sunrpc/auth_generic.o
  CC      net/sched/ematch.o
  CC      net/sched/em_cmp.o
  CC      net/xfrm/xfrm_algo.o
  CC      net/xfrm/xfrm_sysctl.o
  CC      net/sched/em_nbyte.o
  CC      net/netfilter/nf_conntrack_pptp.o
  CC      net/ipv4/tcp_ipv4.o
  CC      net/ipv4/tcp_minisocks.o
  CC      net/ipv6/protocol.o
  CC      net/netfilter/nf_conntrack_sane.o
  CC      net/sched/em_u32.o
  CC      net/sched/em_meta.o
  CC      net/sched/em_text.o
  CC      net/sunrpc/svc.o
  CC      net/xfrm/xfrm_replay.o
  CC [M]  net/sched/sch_dsmark.o
  CC [M]  net/sched/cls_flow.o
  CC      net/ipv6/icmp.o
  CC      net/sunrpc/svcsock.o
  CC      net/xfrm/xfrm_user.o
  CC      net/netfilter/nf_conntrack_tftp.o
  CC      net/ipv6/mcast.o
  CC      net/xfrm/xfrm_ipcomp.o
  CC      net/ipv6/reassembly.o
  CC      net/ipv4/tcp_cong.o
  CC      net/netfilter/nf_tproxy_core.o
  CC      net/netfilter/x_tables.o
  LD      net/sched/built-in.o
  LD      net/wireless/cfg80211.o
  CC      net/ipv6/tcp_ipv6.o
  CC      net/ipv6/exthdrs.o
  LD      net/wireless/built-in.o
  CC      net/netfilter/xt_tcpudp.o
  CC      net/ipv4/datagram.o
  CC      net/ipv4/raw.o
  CC      net/sunrpc/svcauth.o
  CC      net/netfilter/xt_mark.o
  CC      net/ipv6/datagram.o
  CC      net/ipv6/ip6_flowlabel.o
  CC      net/sunrpc/svcauth_unix.o
  CC      net/netfilter/xt_connmark.o
  CC      net/netfilter/xt_CLASSIFY.o
  CC      net/ipv4/udp.o
  CC      net/ipv6/inet6_connection_sock.o
  CC      net/netfilter/xt_NFLOG.o
  CC      net/netfilter/xt_NFQUEUE.o
  CC      net/ipv4/udplite.o
  LD      net/xfrm/built-in.o
  CC      net/ipv4/arp.o
  CC      net/netfilter/xt_TCPMSS.o
  CC      net/netfilter/xt_comment.o
  CC      net/netfilter/xt_connlimit.o
  CC      net/sunrpc/addr.o
  CC      net/ipv6/sysctl_net_ipv6.o
  CC      net/netfilter/xt_conntrack.o
  CC      net/ipv6/xfrm6_policy.o
  CC      net/ipv4/icmp.o
  CC      net/ipv6/xfrm6_state.o
  CC      net/netfilter/xt_ecn.o
  CC      net/netfilter/xt_hashlimit.o
  CC      net/netfilter/xt_helper.o
  CC      net/netfilter/xt_hl.o
  CC      net/netfilter/xt_iprange.o
  CC      net/netfilter/xt_length.o
  CC      net/sunrpc/rpcb_clnt.o
  CC      net/ipv4/devinet.o
  CC      net/ipv6/xfrm6_input.o
  CC      net/netfilter/xt_limit.o
  CC      net/netfilter/xt_mac.o
  CC      net/netfilter/xt_multiport.o
  CC      net/netfilter/xt_pkttype.o
  CC      net/netfilter/xt_policy.o
  CC      net/ipv6/xfrm6_output.o
  CC      net/ipv6/netfilter.o
  CC      net/netfilter/xt_qtaguid_print.o
  CC      net/netfilter/xt_qtaguid.o
  CC      net/ipv4/af_inet.o
  CC      net/netfilter/xt_quota.o
  CC      net/netfilter/xt_quota2.o
  CC      net/ipv6/fib6_rules.o
  CC      net/netfilter/xt_socket.o
  CC      net/netfilter/xt_state.o
  CC      net/ipv6/proc.o
  CC      net/netfilter/xt_statistic.o
  CC      net/netfilter/xt_string.o
  CC      net/netfilter/xt_time.o
  CC      net/sunrpc/timer.o
  CC      net/netfilter/xt_u32.o
  CC      net/ipv6/ah6.o
  CC      net/ipv4/igmp.o
  CC      net/ipv4/fib_frontend.o
  LD      net/netfilter/netfilter.o
  LD      net/netfilter/nf_conntrack.o
  CC      net/sunrpc/xdr.o
  CC      net/sunrpc/sunrpc_syms.o
  CC      net/sunrpc/cache.o
  CC      net/ipv6/esp6.o
  CC      net/ipv6/ipcomp6.o
  CC      net/ipv6/xfrm6_tunnel.o
  CC      net/ipv6/tunnel6.o
  CC      net/ipv6/xfrm6_mode_transport.o
  CC      net/ipv4/fib_semantics.o
  CC      net/sunrpc/rpc_pipe.o
  CC      net/ipv4/fib_trie.o
  CC      net/sunrpc/svc_xprt.o
  CC      net/ipv6/xfrm6_mode_tunnel.o
  CC      net/ipv6/xfrm6_mode_beet.o
  CC      net/ipv4/inet_fragment.o
  CC      net/ipv6/mip6.o
  CC      net/sunrpc/stats.o
  CC      net/ipv6/sit.o
  CC      net/ipv6/netfilter/ip6_tables.o
  CC      net/ipv6/ip6_tunnel.o
  CC      net/ipv4/ping.o
  CC      net/ipv6/addrconf_core.o
  CC      net/ipv6/exthdrs_core.o
  CC      net/ipv6/inet6_hashtables.o
  CC      net/ipv4/sysctl_net_ipv4.o
  LD      net/ipv6/ipv6.o
  CC      net/sunrpc/sysctl.o
  CC      net/ipv4/sysfs_net_ipv4.o
  LD      net/netfilter/built-in.o
  CC      net/sunrpc/auth_gss/auth_gss.o
  CC      net/ipv6/netfilter/ip6table_filter.o
  CC      net/ipv6/netfilter/ip6table_mangle.o
  CC      net/ipv4/proc.o
  CC      net/sunrpc/auth_gss/gss_generic_token.o
  CC      net/sunrpc/auth_gss/gss_mech_switch.o
  CC      net/sunrpc/auth_gss/svcauth_gss.o
  LD      net/sunrpc/sunrpc.o
  CC      net/ipv6/netfilter/ip6table_raw.o
  CC      net/ipv4/fib_rules.o
  CC      net/ipv4/esp4.o
  CC      net/ipv6/netfilter/nf_conntrack_l3proto_ipv6.o
  CC      net/ipv6/netfilter/nf_conntrack_proto_icmpv6.o
  CC      net/ipv6/netfilter/nf_defrag_ipv6_hooks.o
  CC      net/ipv4/ipcomp.o
  CC      net/ipv6/netfilter/nf_conntrack_reasm.o
  CC      net/ipv6/netfilter/ip6t_REJECT.o
  CC      net/ipv4/xfrm4_tunnel.o
  CC      net/ipv4/tunnel4.o
  CC      net/ipv4/xfrm4_mode_transport.o
  CC      net/ipv4/xfrm4_mode_tunnel.o
  CC      net/ipv4/ipconfig.o
  CC      net/ipv4/netfilter.o
  CC      net/ipv4/inet_diag.o
  CC      net/ipv4/tcp_diag.o
  CC      net/ipv4/tcp_bic.o
  CC      net/ipv4/tcp_cubic.o
  CC      net/ipv4/xfrm4_policy.o
  CC      net/ipv4/xfrm4_state.o
  CC      net/ipv4/xfrm4_input.o
  CC      net/ipv4/xfrm4_output.o
  CC [M]  net/ipv4/tcp_westwood.o
  CC      net/ipv4/netfilter/nf_nat_rule.o
  LD      net/ipv6/netfilter/nf_conntrack_ipv6.o
  LD      net/ipv6/netfilter/nf_defrag_ipv6.o
  LD      net/ipv6/netfilter/built-in.o
  CC [M]  net/ipv4/tcp_htcp.o
  LD      net/ipv6/built-in.o
  CC      net/ipv4/netfilter/nf_nat_standalone.o
  LD      net/sunrpc/auth_gss/auth_rpcgss.o
  LD      net/sunrpc/auth_gss/built-in.o
  LD      net/sunrpc/built-in.o
  CC      net/ipv4/netfilter/nf_conntrack_l3proto_ipv4_compat.o
  CC      net/ipv4/netfilter/nf_conntrack_l3proto_ipv4.o
  CC      net/ipv4/netfilter/nf_conntrack_proto_icmp.o
  CC      net/ipv4/netfilter/nf_nat_core.o
  CC      net/ipv4/netfilter/nf_nat_helper.o
  CC      net/ipv4/netfilter/nf_nat_proto_unknown.o
  CC      net/ipv4/netfilter/nf_nat_proto_common.o
  CC      net/ipv4/netfilter/nf_nat_proto_tcp.o
  CC      net/ipv4/netfilter/nf_nat_proto_udp.o
  CC      net/ipv4/netfilter/nf_nat_proto_icmp.o
  CC      net/ipv4/netfilter/nf_defrag_ipv4.o
  CC      net/ipv4/netfilter/nf_nat_amanda.o
  CC      net/ipv4/netfilter/nf_nat_ftp.o
  CC      net/ipv4/netfilter/nf_nat_h323.o
  CC      net/ipv4/netfilter/nf_nat_irc.o
  CC      net/ipv4/netfilter/nf_nat_pptp.o
  CC      net/ipv4/netfilter/nf_nat_tftp.o
  CC      net/ipv4/netfilter/nf_nat_proto_dccp.o
  CC      net/ipv4/netfilter/nf_nat_proto_gre.o
  CC      net/ipv4/netfilter/nf_nat_proto_udplite.o
  CC      net/ipv4/netfilter/nf_nat_proto_sctp.o
  CC      net/ipv4/netfilter/ip_tables.o
  CC      net/ipv4/netfilter/iptable_filter.o
  CC      net/ipv4/netfilter/iptable_mangle.o
  CC      net/ipv4/netfilter/iptable_raw.o
  CC      net/ipv4/netfilter/ipt_ah.o
  CC      net/ipv4/netfilter/ipt_MASQUERADE.o
  CC      net/ipv4/netfilter/ipt_NETMAP.o
  CC      net/ipv4/netfilter/ipt_REDIRECT.o
  CC      net/ipv4/netfilter/ipt_REJECT.o
  CC      net/ipv4/netfilter/arp_tables.o
  CC      net/ipv4/netfilter/arpt_mangle.o
  CC      net/ipv4/netfilter/arptable_filter.o
  LD      net/ipv4/netfilter/nf_conntrack_ipv4.o
  LD      net/ipv4/netfilter/nf_nat.o
  LD      net/ipv4/netfilter/iptable_nat.o
  LD      net/ipv4/netfilter/built-in.o
  LD      net/ipv4/built-in.o
  LD      net/built-in.o
