Script started on 2014년 04월 26일 (토) 오후 08시 01분 52초
scripts/kconfig/conf --silentoldconfig Kconfig
  CHK     include/linux/version.h
  CHK     include/generated/utsrelease.h
  UPD     include/generated/utsrelease.h
make[1]: `include/generated/mach-types.h'는 이미 갱신되었습니다.
  CALL    scripts/checksyscalls.sh
  CHK     include/generated/compile.h
  CC      init/version.o
  CC      kernel/fork.o
  CC      kernel/exec_domain.o
  CC      kernel/panic.o
  CC      kernel/printk.o
  CC      kernel/cpu.o
  CC      kernel/exit.o
  CC      kernel/itimer.o
  CC      kernel/time.o
  CC      kernel/softirq.o
  CC      kernel/resource.o
  CC      kernel/sysctl.o
  LD      init/built-in.o
  CC      kernel/sysctl_binary.o
  CC      kernel/capability.o
  CC      kernel/ptrace.o
  CC      kernel/timer.o
  CC      kernel/user.o
  CC      kernel/signal.o
  CC      kernel/sys.o
  CC      kernel/kmod.o
  CC      kernel/workqueue.o
  CC      kernel/pid.o
  CC      kernel/rcupdate.o
  CC      kernel/extable.o
  CC      kernel/params.o
  CC      kernel/posix-timers.o
  CC      kernel/kthread.o
  CC      kernel/wait.o
  CC      kernel/kfifo.o
  CC      kernel/sys_ni.o
  CC      kernel/posix-cpu-timers.o
  CC      kernel/mutex.o
  CC      kernel/hrtimer.o
  CC      kernel/rwsem.o
  CC      kernel/nsproxy.o
  CC      kernel/srcu.o
  CC      kernel/semaphore.o
  CC      kernel/notifier.o
  CC      kernel/ksysfs.o
  CC      kernel/cred.o
  CC      kernel/async.o
  CC      kernel/range.o
  CC      kernel/groups.o
  CC      kernel/events/core.o
  CC      kernel/events/ring_buffer.o
  CC      kernel/events/callchain.o
  CC      kernel/irq/irqdesc.o
  CC      kernel/power/qos.o
  CC      kernel/sched/core.o
  CC      kernel/time/timekeeping.o
  CC      kernel/trace/trace_clock.o
  CC      kernel/trace/ring_buffer.o
  CC      kernel/trace/trace.o
  CC      kernel/trace/trace_output.o
  CC      kernel/trace/trace_stat.o
  CC      kernel/events/hw_breakpoint.o
  CC      kernel/freezer.o
  CC      kernel/irq/handle.o
  CC      kernel/profile.o
  CC      kernel/trace/trace_printk.o
  CC      kernel/power/main.o
  CC      kernel/stacktrace.o
  CC      kernel/futex.o
  CC      kernel/trace/trace_sched_switch.o
  CC      kernel/irq/manage.o
  CC      kernel/rtmutex.o
  CC      kernel/smp.o
  CC      kernel/spinlock.o
  CC      kernel/power/process.o
  CC      kernel/power/suspend.o
  CC      kernel/time/ntp.o
  CC      kernel/trace/trace_sched_wakeup.o
  CC      kernel/uid16.o
  CC      kernel/module.o
  CC      kernel/trace/trace_nop.o
  CC      kernel/trace/blktrace.o
  CC      kernel/time/clocksource.o
  CC      kernel/kallsyms.o
  CC      kernel/power/wakelock.o
  CC      kernel/trace/trace_events.o
  CC      kernel/trace/trace_export.o
  CC      kernel/trace/trace_event_perf.o
  CC      kernel/cgroup.o
  CC      kernel/power/userwakelock.o
  CC      kernel/trace/trace_events_filter.o
  CC      kernel/irq/spurious.o
  CC      kernel/power/earlysuspend.o
  CC      kernel/trace/trace_kprobe.o
  CC      kernel/time/jiffies.o
  CC      kernel/time/timer_list.o
  CC      kernel/irq/resend.o
  CC      kernel/irq/chip.o
  CC      kernel/irq/dummychip.o
  CC      kernel/power/fbearlysuspend.o
  CC      kernel/time/timecompare.o
  CC      kernel/cgroup_freezer.o
  CC      kernel/irq/devres.o
  CC      kernel/power/poweroff.o
  CC      kernel/irq/autoprobe.o
  CC      kernel/trace/power-traces.o
  CC      kernel/irq/irqdomain.o
  LD      kernel/power/built-in.o
  CC      kernel/time/timeconv.o
  CC      kernel/time/posix-clock.o
  GZIP    kernel/config_data.gz
  CC      kernel/res_counter.o
  CC      kernel/stop_machine.o
  CC      kernel/irq/proc.o
  CC      kernel/irq/pm.o
  CC      kernel/trace/rpm-traces.o
  CC      kernel/time/alarmtimer.o
  CC      kernel/sched/clock.o
  CC      kernel/sched/idle_task.o
  CC      kernel/sched/fair.o
  CC      kernel/audit.o
  CC      kernel/sched/rt.o
  CC      kernel/sched/stop_task.o
  CC      kernel/sched/sched_avg.o
  CC      kernel/sched/cpupri.o
  CC      kernel/time/clockevents.o
  LD      kernel/events/built-in.o
  CC      kernel/auditfilter.o
  CC      kernel/auditsc.o
  LD      kernel/irq/built-in.o
  CC      kernel/sched/debug.o
  CC      kernel/audit_watch.o
  CC      kernel/audit_tree.o
  CC      kernel/kprobes.o
  CC      kernel/hung_task.o
  CC      kernel/watchdog.o
  LD      kernel/trace/built-in.o
  CC      kernel/time/tick-common.o
  CC      kernel/time/tick-broadcast.o
  CC      kernel/time/tick-oneshot.o
  CC      kernel/rcutree.o
  CC      kernel/time/tick-sched.o
  CC      kernel/time/timer_stats.o
  CC      kernel/utsname_sysctl.o
  CC      kernel/tracepoint.o
  CC      kernel/elfcore.o
  CC      kernel/irq_work.o
  CC      kernel/cpu_pm.o
  CHK     kernel/config_data.h
  CC      kernel/configs.o
  LD      kernel/time/built-in.o
  LD      kernel/sched/built-in.o
  LD      kernel/built-in.o
  LD      vmlinux.o
  MODPOST vmlinux.o
  GEN     .version
  CHK     include/generated/compile.h
  UPD     include/generated/compile.h
  CC      init/version.o
  LD      init/built-in.o
  LD      .tmp_vmlinux1
  KSYM    .tmp_kallsyms1.S
  AS      .tmp_kallsyms1.o
  LD      .tmp_vmlinux2
  KSYM    .tmp_kallsyms2.S
  AS      .tmp_kallsyms2.o
  LD      vmlinux
  SYSMAP  System.map
  SYSMAP  .tmp_System.map
  Building modules, stage 2.
  OBJCOPY arch/arm/boot/Image
  MODPOST 15 modules
  Kernel: arch/arm/boot/Image is ready
  CC      arch/arm/mach-msm/dal_remotetest.mod.o
  CC      arch/arm/mach-msm/dma_test.mod.o
  CC      arch/arm/mach-msm/msm-buspm-dev.mod.o
  CC      block/test-iosched.mod.o
  CC      crypto/ansi_cprng.mod.o
  CC      drivers/crypto/msm/qce.mod.o
  CC      drivers/crypto/msm/qcedev.mod.o
  CC      drivers/crypto/msm/qcrypto.mod.o
  CC      drivers/hid/hid-logitech-dj.mod.o
  CC      drivers/input/evbug.mod.o
  CC      drivers/media/video/gspca/gspca_main.mod.o
  CC      drivers/misc/msm_tsif.mod.o
  CC      drivers/misc/tsif_chrdev.mod.o
  CC      drivers/scsi/scsi_wait_scan.mod.o
  CC      drivers/spi/spidev.mod.o
  LD [M]  arch/arm/mach-msm/dal_remotetest.ko
  GZIP    arch/arm/boot/compressed/piggy.gzip
  LD [M]  block/test-iosched.ko
  LD [M]  drivers/scsi/scsi_wait_scan.ko
  LD [M]  drivers/hid/hid-logitech-dj.ko
  LD [M]  drivers/media/video/gspca/gspca_main.ko
  LD [M]  drivers/misc/tsif_chrdev.ko
  LD [M]  arch/arm/mach-msm/dma_test.ko
  LD [M]  arch/arm/mach-msm/msm-buspm-dev.ko
  LD [M]  crypto/ansi_cprng.ko
  LD [M]  drivers/crypto/msm/qce.ko
  LD [M]  drivers/input/evbug.ko
  LD [M]  drivers/crypto/msm/qcedev.ko
  LD [M]  drivers/misc/msm_tsif.ko
  LD [M]  drivers/crypto/msm/qcrypto.ko
  LD [M]  drivers/spi/spidev.ko
  AS      arch/arm/boot/compressed/piggy.gzip.o
  LD      arch/arm/boot/compressed/vmlinux
  OBJCOPY arch/arm/boot/zImage
  Kernel: arch/arm/boot/zImage is ready
