Script started on 2014년 08월 02일 (토) 오전 11시 39분 15초
scripts/kconfig/conf --silentoldconfig Kconfig
  CHK     include/linux/version.h
  CHK     include/generated/utsrelease.h
  UPD     include/generated/utsrelease.h
make[1]: `include/generated/mach-types.h'는 이미 갱신되었습니다.
  CC      arch/arm/kernel/asm-offsets.s
  GEN     include/generated/asm-offsets.h
  CALL    scripts/checksyscalls.sh
  CC      arch/arm/common/cpaccess.o
  CC      arch/arm/vfp/vfpmodule.o
  CC      init/main.o
  CC      arch/arm/mm/dma-mapping.o
  LD      arch/arm/common/built-in.o
  AS      arch/arm/vfp/entry.o
  AS      arch/arm/kernel/entry-armv.o
  AS      arch/arm/kernel/entry-common.o
  AS      arch/arm/vfp/vfphw.o
  CC      arch/arm/kernel/process.o
  CC      arch/arm/mm/fault.o
  LD      arch/arm/vfp/vfp.o
  LD      arch/arm/vfp/built-in.o
  CC      ipc/util.o
  CC      arch/arm/mm/init.o
  CC      mm/filemap.o
  CC      arch/arm/kernel/ptrace.o
  CHK     include/generated/compile.h
  CC      kernel/fork.o
  CC      init/do_mounts.o
  CC      ipc/msg.o
  CC      arch/arm/kernel/setup.o
  CC      fs/open.o
  CC      arch/arm/mach-msm/io.o
  CC      arch/arm/mm/iomap.o
  CC      arch/arm/mach-msm/dma.o
  CC      ipc/sem.o
  CC      arch/arm/mm/mmu.o
  CC      arch/arm/kernel/sys_arm.o
  CC      init/do_mounts_rd.o
  CC      arch/arm/mach-msm/clock.o
  CC      fs/read_write.o
  CC      arch/arm/kernel/armksyms.o
  CC      kernel/exec_domain.o
  AS      arch/arm/mm/cache-v7.o
  CC      mm/mempool.o
  CC      init/do_mounts_initrd.o
  AS      arch/arm/mm/tlb-v7.o
  AS      arch/arm/mm/proc-v7.o
  CC      arch/arm/mach-msm/cpufreq.o
  LD      arch/arm/mm/built-in.o
  CC      init/initramfs.o
  AS      arch/arm/kernel/sleep.o
  CC      arch/arm/kernel/smp.o
  CC      kernel/panic.o
  CC      ipc/shm.o
  CC      mm/oom_kill.o
  CC      mm/fadvise.o
  CC      fs/file_table.o
  CC      arch/arm/mach-msm/acpuclock.o
  CC      kernel/printk.o
  CC      init/version.o
  CC      arch/arm/kernel/kprobes.o
  CC      arch/arm/mach-msm/perf_trace_counters.o
  CC      arch/arm/kernel/patch.o
  LD      init/mounts.o
  LD      init/built-in.o
  LD      ipc/built-in.o
  CC      security/keys/keyctl.o
  CC      arch/arm/kernel/swp_emulate.o
  CC      mm/page_alloc.o
  CC      security/selinux/avc.o
  CC      fs/super.o
  CC      crypto/api.o
  CC      arch/arm/mach-msm/pmu.o
  CC      arch/arm/kernel/hw_breakpoint.o
  CC      arch/arm/mach-msm/perf_event_msm_l2.o
  LD      security/keys/built-in.o
  CC      security/commoncap.o
  CC      kernel/cpu.o
  CC      security/selinux/hooks.o
  CC      crypto/cipher.o
  CC      arch/arm/kernel/pmu.o
  CC      arch/arm/mach-msm/hotplug.o
  CC      fs/char_dev.o
  CC      crypto/compress.o
  CC      arch/arm/mach-msm/jtag.o
  CC      arch/arm/kernel/perf_event.o
  CC      kernel/exit.o
  CC      kernel/itimer.o
  CC      crypto/algapi.o
  CC      fs/stat.o
  CC      fs/exec.o
  CC      arch/arm/mach-msm/etm.o
  CC      mm/page-writeback.o
  CC      security/selinux/selinuxfs.o
  CC      arch/arm/mach-msm/peripheral-loader.o
  CC      crypto/scatterwalk.o
  CC      arch/arm/kernel/topology.o
  CC      kernel/time.o
  AS      arch/arm/kernel/head.o
  CC      arch/arm/kernel/init_task.o
  CC      arch/arm/mach-msm/scm-pas.o
  CC      crypto/proc.o
  CC      kernel/softirq.o
  CC      arch/arm/mach-msm/pil-q6v3.o
  CC      fs/pipe.o
  CC      security/selinux/netlink.o
  CC      crypto/ablkcipher.o
  LD      arch/arm/kernel/built-in.o
  CC      arch/arm/mach-msm/pil-tzapps.o
  CC      security/selinux/nlmsgtab.o
  CC      block/elevator.o
  CC      arch/arm/mach-msm/pil-modem.o
  CC      security/selinux/netif.o
  CC      mm/readahead.o
  CC      security/selinux/netnode.o
  CC      arch/arm/mach-msm/sdio_al.o
  CC      crypto/blkcipher.o
  CC      security/selinux/netport.o
  CC      kernel/resource.o
  CC      security/selinux/ss/ebitmap.o
  CC      fs/namei.o
  CC      mm/swa