Script started on 2014년 04월 13일 (일) 오전 01시 49분 08초
scripts/kconfig/conf --silentoldconfig Kconfig
  CHK     include/linux/version.h
  HOSTCC  scripts/selinux/mdp/mdp
  HOSTCC  scripts/selinux/genheaders/genheaders
  HOSTCC  scripts/mod/file2alias.o
  HOSTCC  scripts/mod/modpost.o
  HOSTLD  scripts/mod/modpost
  CHK     include/generated/utsrelease.h
  UPD     include/generated/utsrelease.h
  Generating include/generated/mach-types.h
  CC      kernel/bounds.s
  GEN     include/generated/bounds.h
  CC      arch/arm/kernel/asm-offsets.s
  GEN     include/generated/asm-offsets.h
  CALL    scripts/checksyscalls.sh
  CC      arch/arm/perfmon/perf-function-hooks.o
  CC      arch/arm/common/gic.o
  HOSTCC  usr/gen_init_cpio
  CC      arch/arm/vfp/vfpmodule.o
  CC      init/main.o
  CC      ipc/util.o
  GEN     usr/initramfs_data.cpio
  AS      usr/initramfs_data.o
  LD      usr/built-in.o
  CC      security/keys/gc.o
  CC      arch/arm/mm/dma-mapping.o
  CC      arch/arm/mm/extable.o
  CC      drivers/base/core.o
  CC      block/elevator.o
  CC      security/keys/key.o
  CC      security/keys/keyring.o
  CC      arch/arm/kernel/elf.o
  AS      arch/arm/kernel/entry-armv.o
  AS      arch/arm/vfp/entry.o
  LD      arch/arm/perfmon/built-in.o
  CC      crypto/api.o
  CC      ipc/msgutil.o
  AS      arch/arm/kernel/entry-common.o
  AS      arch/arm/vfp/vfphw.o
  CC      mm/filemap.o
  CC      arch/arm/mm/fault.o
  CC      fs/open.o
  CC      arch/arm/vfp/vfpsingle.o
  CC      arch/arm/kernel/irq.o
  CC      security/keys/keyctl.o
  CC      arch/arm/common/cpaccess.o
  GEN     security/selinux/flask.h security/selinux/av_permissions.h
  CC      security/selinux/avc.o
  CC      sound/sound_core.o
  CC      ipc/msg.o
  CC      kernel/fork.o
  CC      arch/arm/mach-msm/io.o
  CC      drivers/base/bus.o
  CC      arch/arm/kernel/opcodes.o
  CC      block/blk-core.o
  LD      arch/arm/common/built-in.o
  CC      arch/arm/kernel/process.o
  CC      arch/arm/vfp/vfpdouble.o
  CC      arch/arm/kernel/ptrace.o
  CC      arch/arm/mm/init.o
  CHK     include/generated/compile.h
  CC      sound/core/hwdep.o
  CC      arch/arm/mach-msm/dma.o
  CC      crypto/cipher.o
  CC      init/do_mounts.o
  CC      security/keys/permission.o
  CC      ipc/sem.o
  CC      fs/read_write.o
  CC      crypto/compress.o
  CC      security/selinux/hooks.o
  CC      drivers/base/dd.o
  CC      security/keys/process_keys.o
  CC      security/keys/request_key.o
  CC      sound/core/memalloc.o
  CC      arch/arm/kernel/return_address.o
  CC      arch/arm/mach-msm/memory.o
  LD      arch/arm/vfp/vfp.o
  CC      arch/arm/mm/iomap.o
  LD      arch/arm/vfp/built-in.o
  CC      crypto/algapi.o
  CC      arch/arm/oprofile/../../../drivers/oprofile/oprof.o
arch/arm/kernel/return_address.c:62:2: warning: #warning "TODO: return_address should use unwind tables" [-Wcpp]
  CC      drivers/base/syscore.o
  CC      init/do_mounts_rd.o
  CC      arch/arm/kernel/sched_clock.o
  CC      mm/mempool.o
  CC      arch/arm/mm/fault-armv.o
  CC      arch/arm/mm/flush.o
  CC      arch/arm/oprofile/../../../drivers/oprofile/cpu_buffer.o
  CC      security/keys/request_key_auth.o
  CC      drivers/base/driver.o
  CC      arch/arm/kernel/setup.o
  CC      arch/arm/mach-msm/timer.o
  CC      sound/core/pcm.o
  CC      fs/file_table.o
  CC      kernel/exec_domain.o
  CC      arch/arm/kernel/signal.o
  CC      security/keys/user_defined.o
  CC      init/do_mounts_initrd.o
  CC      ipc/shm.o
  CC      arch/arm/oprofile/../../../drivers/oprofile/buffer_sync.o
  CC      drivers/base/class.o
  CC      arch/arm/mm/idmap.o
  CC      mm/oom_kill.o
  CC      crypto/scatterwalk.o
  CC      security/keys/proc.o
  CC      init/initramfs.o
  CC      arch/arm/oprofile/../../../drivers/oprofile/event_buffer.o
  CC      arch/arm/mm/ioremap.o
  CC      kernel/panic.o
  CC      arch/arm/mach-msm/clock.o
  CC      arch/arm/oprofile/../../../drivers/oprofile/oprofile_files.o
  CC      arch/arm/kernel/stacktrace.o
  CC      fs/super.o
  CC      drivers/base/platform.o
  CC      sound/core/pcm_native.o
  CC      security/keys/sysctl.o
  CC      drivers/block/brd.o
  CC      arch/arm/oprofile/../../../drivers/oprofile/oprofilefs.o
  CC      ipc/ipcns_notifier.o
  CC      arch/arm/kernel/sys_arm.o
  CC      crypto/proc.o
  LD      security/keys/built-in.o
  CC      security/commoncap.o
  CC      arch/arm/mm/mmap.o
  CC      kernel/printk.o
  CC      init/calibrate.o
  CC      arch/arm/mach-msm/clock-voter.o
  CC      ipc/ipc_sysctl.o
  CC      block/blk-tag.o
  CC      arch/arm/oprofile/../../../drivers/oprofile/oprofile_stats.o
  CC      mm/fadvise.o
  CC      crypto/ablkcipher.o
  CC      init/version.o
  CC      arch/arm/mach-msm/clock-dummy.o
  CC      arch/arm/mm/pgd.o
  CC      arch/arm/kernel/time.o
  LD      ipc/built-in.o
  CC      drivers/block/loop.o
  CC      drivers/base/cpu.o
  CC      arch/arm/oprofile/../../../drivers/oprofile/timer_int.o
  CC      arch/arm/mach-msm/modem_notifier.o
  CC      net/socket.o
  LD      init/mounts.o
  LD      init/built-in.o
  AS      arch/arm/lib/backtrace.o
  CC      arch/arm/mm/mmu.o
  CC      mm/maccess.o
  CC      arch/arm/kernel/traps.o
  CC      arch/arm/oprofile/../../../drivers/oprofile/oprofile_perf.o
  AS      arch/arm/lib/call_with_stack.o
  CC      arch/arm/kernel/cpuidle.o
  CC      fs/char_dev.o
  CC      block/blk-sysfs.o
  CC      security/selinux/selinuxfs.o
  AS      arch/arm/lib/changebit.o
  AS      arch/arm/lib/clear_user.o
  CC      drivers/base/firmware.o
  CC      drivers/base/init.o
  CC      arch/arm/mach-msm/subsystem_map.o
  AS      arch/arm/lib/clearbit.o
  CC      mm/page_alloc.o
  AS      arch/arm/lib/copy_from_user.o
  CC      drivers/base/map.o
  AS      arch/arm/lib/copy_page.o
  CC      arch/arm/oprofile/common.o
  AS      arch/arm/lib/copy_to_user.o
  CC      crypto/blkcipher.o
  CC      block/blk-flush.o
  AS      arch/arm/lib/csumipv6.o
  CC      arch/arm/kernel/armksyms.o
  CC      fs/stat.o
  CC      drivers/base/devres.o
  AS      arch/arm/lib/csumpartial.o
  CC      kernel/cpu.o
  CC      arch/arm/mach-msm/cpufreq.o
  CC      arch/arm/mm/vmregion.o
  CC      lib/div64.o
  AS      arch/arm/lib/csumpartialcopy.o
  LD      arch/arm/oprofile/oprofile.o
  LD      arch/arm/oprofile/built-in.o
  CC      arch/arm/mm/proc-syms.o
  AS      arch/arm/lib/csumpartialcopyuser.o
  CC      lib/sort.o
  CC      arch/arm/lib/delay.o
  LD      drivers/block/built-in.o
  CC      security/min_addr.o
  CC      arch/arm/mm/alignment.o
  CC      arch/arm/kernel/module.o
  CC      security/selinux/netlink.o
  CC      block/blk-settings.o
  CC      drivers/base/attribute_container.o
  CC      arch/arm/mach-msm/nohlt.o
  CC      lib/parser.o
  CC      kernel/exit.o
  AS      arch/arm/lib/findbit.o
  CC      drivers/bluetooth/hci_ldisc.o
  CC      drivers/bluetooth/hci_h4.o
  AS      arch/arm/lib/getuser.o
  CC      fs/exec.o
  CC      sound/core/pcm_lib.o
  CC      crypto/ahash.o
  AS      arch/arm/lib/io-readsb.o
  AS      arch/arm/kernel/sleep.o
  CC      arch/arm/mach-msm/clock-debug.o
  CC      security/selinux/nlmsgtab.o
  CC      net/bluetooth/af_bluetooth.o
  AS      arch/arm/lib/io-readsl.o
  CC      arch/arm/kernel/suspend.o
  CC      arch/arm/mm/highmem.o
  CC      lib/halfmd4.o
  AS      arch/arm/lib/io-readsw-armv4.o
  CC      drivers/base/transport_class.o
  AS      arch/arm/lib/io-writesb.o
  AS      arch/arm/lib/io-writesl.o
  CC      lib/debug_locks.o
  AS      arch/arm/lib/io-writesw-armv4.o
  CC      drivers/base/topology.o
  CC      drivers/base/sys.o
  CC      arch/arm/kernel/smp.o
  AS      arch/arm/lib/lib1funcs.o
  CC      block/blk-ioc.o
  CC      arch/arm/mach-msm/acpuclock.o
  CC      lib/random32.o
  CC      security/selinux/netif.o
  AS      arch/arm/lib/memchr.o
  CC      drivers/bluetooth/hci_ibs.o
  AS      arch/arm/lib/memcpy.o
  CC      arch/arm/mach-msm/pmu.o
  CC      drivers/base/power/sysfs.o
  AS      arch/arm/mm/abort-ev7.o
  AS      arch/arm/lib/memmove.o
  CC      crypto/shash.o
  CC      lib/bust_spinlocks.o
  AS      arch/arm/mm/pabort-v7.o
  CC      drivers/base/regmap/regmap.o
  AS      arch/arm/lib/memset.o
  AS      arch/arm/mm/cache-v7.o
  AS      arch/arm/lib/memzero.o
  CC      arch/arm/mm/copypage-v6.o
  CC      lib/hexdump.o
  AS      arch/arm/lib/putuser.o
  CC      arch/arm/mach-msm/perf_event_msm_l2.o
  AS      arch/arm/lib/setbit.o
  CC      arch/arm/kernel/smp_tlb.o
  CC      net/bluetooth/hci_core.o
  CC      security/selinux/netnode.o
  CC      mm/page-writeback.o
  AS      arch/arm/lib/strchr.o
  CC      drivers/base/power/generic_ops.o
  CC      lib/kasprintf.o
  AS      arch/arm/lib/strncpy_from_user.o
  CC      arch/arm/mm/context.o
  CC      block/blk-map.o
  AS      arch/arm/lib/strnlen_user.o
  CC      kernel/itimer.o
  CC      arch/arm/kernel/smp_scu.o
  AS      arch/arm/lib/strrchr.o
  LD      drivers/bluetooth/hci_uart.o
  CC      lib/bitmap.o
  LD      drivers/bluetooth/built-in.o
  AS      arch/arm/lib/testchangebit.o
  CC      drivers/char/mem.o
  CC      drivers/base/power/common.o
  CC      arch/arm/kernel/kprobes.o
  AS      arch/arm/lib/testclearbit.o
  AS      arch/arm/mm/tlb-v7.o
  CC      sound/core/pcm_timer.o
  CC      crypto/algboss.o
  CC      arch/arm/mach-msm/perf_debug.o
  AS      arch/arm/lib/testsetbit.o
  CC      fs/pipe.o
  AS      arch/arm/mm/proc-v7.o
  AR      arch/arm/lib/lib.a
  CC      security/selinux/netport.o
  AS      arch/arm/mach-msm/headsmp.o
  LD      arch/arm/mm/built-in.o
  CC      arch/arm/mach-msm/platsmp.o
  CC      arch/arm/mach-msm/hotplug.o
  CC      security/selinux/exports.o
  CC      drivers/base/power/qos.o
  TIMEC   kernel/timeconst.h
  CC      block/blk-exec.o
  CC      kernel/softirq.o
  CC      sound/core/pcm_misc.o
  CC      drivers/base/regmap/regcache.o
  CC      arch/arm/kernel/kprobes-common.o
  CC      sound/core/pcm_memory.o
  CC      lib/scatterlist.o
  CC      security/selinux/ss/ebitmap.o
  AS      arch/arm/mach-msm/idle-v7.o
  CC      drivers/char/random.o
  CC      crypto/testmgr.o
  CC      arch/arm/mach-msm/jtag.o
  CC      arch/arm/kernel/patch.o
  CC      drivers/base/power/main.o
  CC      security/selinux/ss/hashtab.o
  CC      sound/core/rawmidi.o
  CC      block/blk-merge.o
  CC      drivers/base/regmap/regcache-rbtree.o
  CC      arch/arm/kernel/kprobes-arm.o
  CC      lib/string_helpers.o
  CC      crypto/crypto_wq.o
  CC      security/selinux/ss/symtab.o
  CC      security/selinux/ss/sidtab.o
  CC      fs/namei.o
  CC      lib/gcd.o
  CC      security/selinux/ss/avtab.o
  CC      lib/lcm.o
  CC      mm/readahead.o
  CC      lib/list_sort.o
  CC      arch/arm/kernel/unwind.o
  CC      arch/arm/mach-msm/etm.o
  CC      lib/uuid.o
  CC      drivers/char/misc.o
  CC      kernel/resource.o
  CC      drivers/base/regmap/regcache-lzo.o
  LD      crypto/crypto_algapi.o
  CC      crypto/aead.o
  CC      lib/flex_array.o
  CC      drivers/base/power/wakeup.o
  CC      lib/bsearch.o
  CC      net/bluetooth/hci_conn.o
  CC      block/blk-softirq.o
  CC      kernel/sysctl.o
  CC      drivers/base/regmap/regmap-debugfs.o
  CC      arch/arm/kernel/swp_emulate.o
  CC      lib/find_last_bit.o
  CC      security/security.o
  CC      drivers/char/diag/diagchar_core.o
  CC      security/selinux/ss/policydb.o
  CC      mm/swap.o
  CC      arch/arm/mach-msm/scm.o
  CC      lib/find_next_bit.o
  CC      lib/llist.o
  CC      drivers/base/regmap/regmap-i2c.o
  CC      arch/arm/kernel/hw_breakpoint.o
  CC      block/blk-timeout.o
  CC      sound/core/timer.o
  CC      drivers/base/regmap/regmap-spi.o
  CC      arch/arm/mach-msm/scm-boot.o
  CC      drivers/base/power/runtime.o
  LD      crypto/crypto_blkcipher.o
  CC      crypto/chainiv.o
  CC      lib/kstrtox.o
  CC      arch/arm/mach-msm/scm-io.o
  CC      arch/arm/kernel/pmu.o
  LD      drivers/base/regmap/built-in.o
  CC      drivers/base/dma-mapping.o
  CC      lib/pci_iomap.o
  CC      arch/arm/mach-msm/peripheral-loader.o
  CC      crypto/eseqiv.o
  CC      block/blk-iopoll.o
  LD      crypto/crypto_hash.o
  CC      arch/arm/kernel/perf_event.o
  CC      mm/truncate.o
  CC      security/capability.o
  CC      kernel/sysctl_binary.o
  CC      lib/iomap_copy.o
  CC      lib/devres.o
  CC      mm/vmscan.o
  CC      drivers/char/diag/diagchar_hdlc.o
  CC      lib/hweight.o
  CC      net/bluetooth/hci_event.o
  CC      kernel/capability.o
  CC      crypto/pcompress.o
  CC      fs/fcntl.o
  CC      lib/bitrev.o
  CC      block/blk-lib.o
  CC      drivers/base/power/clock_ops.o
  CC      drivers/char/diag/diagfwd.o
  CC      arch/arm/mach-msm/scm-pas.o
  CC      block/ioctl.o
  CC      lib/crc-ccitt.o
  CC      mm/shmem.o
  CC      kernel/ptrace.o
  LD      drivers/base/power/built-in.o
  CC      sound/core/sound.o
  CC      drivers/base/dma-coherent.o
  CC      lib/crc16.o
  LD      crypto/cryptomgr.o
  CC      crypto/hmac.o
  CC      kernel/timer.o
  CC      security/selinux/ss/services.o
  CC      arch/arm/mach-msm/pil-q6v3.o
  CC      security/selinux/ss/conditional.o
  CC      lib/crc32.o
  CC      block/genhd.o
  CC      arch/arm/mach-msm/pil-tzapps.o
  CC      drivers/base/dma-buf.o
  CC      arch/arm/kernel/topology.o
  CC      fs/ioctl.o
  CC      crypto/xcbc.o
  CC      sound/core/init.o
  CC      arch/arm/mach-msm/pil-modem.o
  CC      arch/arm/kernel/io.o
  CC      kernel/user.o
  CC      lib/libcrc32c.o
  CC      drivers/char/diag/diagmem.o
  AS      arch/arm/kernel/head.o
  CC      security/selinux/ss/mls.o
  CC      drivers/base/genlock.o
  CC      arch/arm/mach-msm/smem_log.o
  CC      crypto/crypto_null.o
  CC      arch/arm/kernel/init_task.o
  CC      lib/genalloc.o
  CC      drivers/char/diag/diagfwd_cntl.o
  CC      crypto/md4.o
  CC      arch/arm/mach-msm/smd.o
  CC      fs/readdir.o
  LDS     arch/arm/kernel/vmlinux.lds
  CC      mm/prio_tree.o
  CC      sound/core/memory.o
  LD      arch/arm/kernel/built-in.o
  CC      drivers/char/diag/diag_dci.o
  CC      security/selinux/ss/status.o
  CC      crypto/md5.o
  CC      lib/lzo/lzo1x_compress.o
  CC      mm/util.o
  CC      mm/mmzone.o
  CC      block/scsi_ioctl.o
  CC      drivers/base/firmware_class.o
  CC      mm/vmstat.o
  CC      sound/core/info.o
  CC      kernel/signal.o
  CC      fs/select.o
  CC      sound/core/control.o
  CC      crypto/sha1_generic.o
  CC      lib/lzo/lzo1x_decompress.o
  CC      sound/core/misc.o
  CC      mm/backing-dev.o
  LD      security/selinux/selinux.o
  LD      security/selinux/built-in.o
  CC      security/lsm_audit.o
  CC      sound/core/device.o
  LD      lib/lzo/lzo_compress.o
  LD      lib/lzo/lzo_decompress.o
  LD      lib/lzo/built-in.o
  CC      drivers/char/diag/diag_masks.o
  CC      lib/reed_solomon/reed_solomon.o
  CC      crypto/sha256_generic.o
  CC      drivers/base/module.o
  CC      block/partition-generic.o
  CC      mm/page_isolation.o
  CC      sound/core/jack.o
  CC      mm/mm_init.o
  CC      drivers/base/sync.o
  CC      lib/zlib_deflate/deflate.o
  LD      security/built-in.o
  CC      mm/mmu_context.o
  CC      fs/fifo.o
  CC      drivers/base/sw_sync.o
  CC      net/core/sock.o
  CC      drivers/char/diag/diag_debugfs.o
  CC      mm/percpu.o
  LD      lib/reed_solomon/built-in.o
  LD      sound/core/snd.o
  CC      lib/zlib_inflate/inffast.o
  CC      net/dns_resolver/dns_key.o
  LD      sound/core/snd-hwdep.o
  LD      sound/core/snd-timer.o
  LD      sound/core/snd-pcm.o
  LD      sound/core/snd-page-alloc.o
  LD      sound/core/snd-rawmidi.o
  LD      sound/core/built-in.o
  CC      fs/dcache.o
  CC      net/bluetooth/mgmt.o
  CC      lib/zlib_deflate/deftree.o
  CC      lib/zlib_inflate/inflate.o
  CC      arch/arm/mach-msm/smd_debug.o
  LD      drivers/char/diag/diagchar.o
  LD      drivers/char/diag/built-in.o
  CC      crypto/ecb.o
  CC      block/partitions/check.o
  CC      drivers/char/hw_random/core.o
  CC      sound/soc/soc-core.o
  CC      net/dns_resolver/dns_query.o
  CC      drivers/char/msm_rotator.o
  CC      block/bsg.o
  CC      crypto/cbc.o
  CC      block/partitions/msdos.o
  LD      net/dns_resolver/dns_resolver.o
  LD      net/dns_resolver/built-in.o
  CC      crypto/des_generic.o
  CC      lib/zlib_inflate/infutil.o
  CC      lib/zlib_deflate/deflate_syms.o
  CC      drivers/char/hw_random/msm_rng.o
  LD      drivers/base/built-in.o
  CC      arch/arm/mach-msm/remote_spinlock.o
  CC      arch/arm/mach-msm/smd_private.o
  CC      kernel/sys.o
  CC      lib/zlib_inflate/inftrees.o
  CC      lib/zlib_inflate/inflate_syms.o
  LD      lib/zlib_deflate/zlib_deflate.o
  LD      lib/zlib_deflate/built-in.o
  CC      arch/arm/mach-msm/socinfo.o
  CC      arch/arm/mach-msm/smd_tty.o
  LD      drivers/char/hw_random/rng-core.o
  LD      drivers/char/hw_random/built-in.o
  CC      arch/arm/mach-msm/smd_pkt.o
  CC      lib/textsearch.o
  CC      arch/arm/mach-msm/msm_dsps.o
  LD      block/partitions/built-in.o
  LD      lib/zlib_inflate/zlib_inflate.o
  CC      block/noop-iosched.o
  CC      mm/compaction.o
  LD      lib/zlib_inflate/built-in.o
  CC      mm/fremap.o
  CC      arch/arm/mach-msm/smd_rpcrouter.o
  CC      lib/ts_kmp.o
  CC      block/deadline-iosched.o
  CC      crypto/twofish_generic.o
  CC      crypto/twofish_common.o
  CC      crypto/aes_generic.o
  CC      mm/highmem.o
  CC      lib/ts_bm.o
  CC      arch/arm/mach-msm/smd_rpcrouter_device.o
  CC      mm/madvise.o
  CC      net/core/request_sock.o
  CC      arch/arm/mach-msm/smd_rpc_sym.o
  CC      block/cfq-iosched.o
  CC      kernel/kmod.o
  CC      lib/ts_fsm.o
  CC      crypto/arc4.o
  CC      arch/arm/mach-msm/smd_rpcrouter_servers.o
  LD      drivers/char/built-in.o
  CC      drivers/clk/clkdev.o
  CC      fs/inode.o
  CC      arch/arm/mach-msm/smd_rpcrouter_clients.o
  CC      mm/memory.o
  CC      crypto/deflate.o
  CC      lib/percpu_counter.o
  CC      crypto/crc32c.o
  CC      mm/mincore.o
  CC      net/bluetooth/hci_sock.o
  LD      drivers/clk/built-in.o
  CC      net/core/skbuff.o
  CC      crypto/authenc.o
  CC      drivers/cpufreq/cpufreq.o
  CC      crypto/authencesn.o
  CC      crypto/lzo.o
  CC      sound/soc/soc-dapm.o
  CC      lib/audit.o
  CC      arch/arm/mach-msm/smd_rpcrouter_xdr.o
  CC      kernel/workqueue.o
  CC      mm/mlock.o
  CC      crypto/rng.o
  CC      lib/nlattr.o
  CC      lib/cpu_rmap.o
  CC      arch/arm/mach-msm/rpcrouter_smd_xprt.o
  CC      net/bluetooth/hci_sysfs.o
  CC      lib/dynamic_queue_limits.o
  CC      crypto/krng.o
  CC [M]  crypto/ansi_cprng.o
  CC      arch/arm/mach-msm/ping_mdm_rpc_client.o
  CC      mm/mmap.o
  CC      mm/mprotect.o
  CC [M]  block/test-iosched.o
  CC      lib/argv_split.o
  CC      lib/bug.o
  LD      crypto/crypto.o
  LD      crypto/built-in.o
  CC      drivers/cpufreq/cpufreq_stats.o
  CC      drivers/cpufreq/cpufreq_performance.o
  CC      drivers/cpufreq/cpufreq_powersave.o
  CC      fs/attr.o
  CC      fs/bad_inode.o
  CC      drivers/cpufreq/cpufreq_userspace.o
  CC      lib/cmdline.o
  CC      arch/arm/mach-msm/ping_apps_server.o
  CC      lib/cpumask.o
  CC      arch/arm/mach-msm/oem_rapi_client.o
  CC      mm/mremap.o
  CC      drivers/cpufreq/cpufreq_ondemand.o
  CC      lib/dec_and_lock.o
  CC      net/bluetooth/l2cap_core.o
  CC      drivers/cpufreq/cpufreq_conservative.o
  CC      mm/msync.o
  CC      fs/file.o
  CC      lib/decompress.o
  CC      fs/filesystems.o
  CC      lib/decompress_bunzip2.o
  CC      arch/arm/mach-msm/dal.o
  CC      lib/decompress_inflate.o
  LD      block/built-in.o
  CC      mm/rmap.o
  CC      sound/soc/soc-jack.o
  CC      net/bluetooth/l2cap_sock.o
  CC      net/bluetooth/smp.o
  CC      arch/arm/mach-msm/msm_bus/msm_bus_core.o
  CC      lib/decompress_unlzma.o
  CC      lib/dump_stack.o
  CC      sound/soc/soc-cache.o
  CC      arch/arm/mach-msm/msm_bus/msm_bus_fabric.o
  CC      mm/vmalloc.o
  CC      fs/namespace.o
  CC      net/core/iovec.o
  CC      fs/seq_file.o
  CC      drivers/cpufreq/cpufreq_interactive.o
  CC      drivers/cpufreq/freq_table.o
  CC      kernel/pid.o
  CC      kernel/rcupdate.o
  CC      fs/xattr.o
  CC      lib/extable.o
  CC      lib/idr.o
  CC      arch/arm/mach-msm/msm_bus/msm_bus_config.o
  CC      sound/soc/soc-utils.o
  CC      lib/int_sqrt.o
  CC      net/bluetooth/sco.o
  CC      fs/libfs.o
  CC      kernel/extable.o
  CC      kernel/params.o
  CC      net/core/datagram.o
  CC      net/bluetooth/lib.o
  CC      lib/ioremap.o
  CC      kernel/posix-timers.o
  CC      arch/arm/mach-msm/msm_bus/msm_bus_arb.o
  CC      lib/irq_regs.o
  CC      sound/soc/soc-pcm.o
  LD      drivers/cpufreq/built-in.o
  CC      kernel/kthread.o
  CC      drivers/cpuidle/cpuidle.o
  CC      fs/fs-writeback.o
  CC      lib/is_single_threaded.o
  CC      lib/klist.o
  CC      lib/kobject.o
  CC      lib/kobject_uevent.o
  CC      kernel/wait.o
  CC      drivers/cpuidle/driver.o
  CC      kernel/kfifo.o
  CC      arch/arm/mach-msm/msm_bus/msm_bus_bimc.o
  CC      lib/md5.o
  CC      fs/pnode.o
  CC      net/bluetooth/amp.o
  CC      fs/drop_caches.o
  CC      mm/pagewalk.o
  CC      net/core/stream.o
  CC      lib/memory_alloc.o
  CC      kernel/posix-cpu-timers.o
  CC      lib/plist.o
  CC      drivers/cpuidle/governor.o
  CC      kernel/mutex.o
  CC      fs/splice.o
  CC      lib/prio_heap.o
  CC      arch/arm/mach-msm/msm_bus/msm_bus_noc.o
  CC      fs/sync.o
  CC      mm/pgtable-generic.o
  CC      kernel/hrtimer.o
  CC      lib/prio_tree.o
  CC      drivers/cpuidle/sysfs.o
  CC      lib/proportions.o
  CC      lib/radix-tree.o
  CC      mm/process_vm_access.o
  CC      lib/ratelimit.o
  CC      drivers/cpuidle/governors/ladder.o
  CC      kernel/rwsem.o
  CC      lib/rbtree.o
  CC      net/core/scm.o
  CC      arch/arm/mach-msm/msm_bus/msm_bus_of.o
  CC      sound/soc/soc-io.o
  CC      lib/reciprocal_div.o
  CC      drivers/cpuidle/governors/menu.o
  CC      fs/utimes.o
  CC      kernel/nsproxy.o
  CC      lib/rwsem-spinlock.o
  CC      lib/sha1.o
  CC      mm/init-mm.o
  CC      arch/arm/mach-msm/msm_bus/msm_bus_rpm.o
  CC      fs/stack.o
  CC      kernel/srcu.o
  CC      mm/bootmem.o
  CC      mm/memblock.o
  LD      drivers/cpuidle/governors/built-in.o
  LD      drivers/cpuidle/built-in.o
  CC [M]  drivers/crypto/msm/qcedev.o
  CC      net/ethernet/eth.o
  CC      fs/fs_struct.o
  CC      kernel/semaphore.o
  CC      sound/soc/msm/lpass-dma.o
  CC      sound/last.o
  CC      kernel/notifier.o
  CC      kernel/ksysfs.o
  CC      sound/usb/card.o
  CC      lib/show_mem.o
  CC      net/core/gen_stats.o
  CC      arch/arm/mach-msm/msm_bus/msm_bus_board_8660.o
  CC      net/bluetooth/bnep/core.o
  CC      net/bluetooth/hidp/core.o
  CC      net/bluetooth/hidp/sock.o
  CC      mm/bounce.o
  CC      arch/arm/mach-msm/msm_bus/msm_bus_dbg.o
  CC      lib/string.o
  CC      lib/timerqueue.o
  CC      kernel/cred.o
  CC      fs/statfs.o
  CC      fs/buffer.o
  CC      sound/soc/msm/msm8x60-dai.o
  CC      lib/vsprintf.o
  CC      net/bluetooth/rfcomm/core.o
  CC      sound/usb/clock.o
  LD      net/ethernet/built-in.o
  CC      net/core/gen_estimator.o
  CC      mm/page_io.o
  CC      net/ipv6/af_inet6.o
  LD      lib/built-in.o
  CC      net/ipv4/route.o
  CC      sound/soc/msm/msm8x60-pcm.o
  LD      arch/arm/mach-msm/msm_bus/built-in.o
  CC      net/ipv6/anycast.o
  CC      net/bluetooth/bnep/sock.o
  CC      arch/arm/mach-msm/pm-boot.o
  CC      sound/usb/endpoint.o
  CC [M]  drivers/crypto/msm/qce.o
  CC      arch/arm/mach-msm/qdsp6v2/board-msm8x60-audio.o
  LD      net/bluetooth/hidp/hidp.o
  LD      net/bluetooth/hidp/built-in.o
  CC      arch/arm/mach-msm/pm-8x60.o
  CC      kernel/async.o
  CC      mm/swap_state.o
  CC      drivers/gpio/gpiolib.o
In file included from arch/arm/mach-msm/qdsp6v2/board-msm8x60-audio.c:31:0:
arch/arm/mach-msm/qdsp6v2/snddev_icodec.h:16:36: fatal error: mach/qdsp5v2/audio_def.h: No such file or directory
compilation terminated.
make[2]: *** [arch/arm/mach-msm/qdsp6v2/board-msm8x60-audio.o] 오류 1
make[1]: *** [arch/arm/mach-msm/qdsp6v2] 오류 2
make[1]: *** 끝나지 않은 작업을 기다리고 있습니다....
  CC      drivers/gpio/devres.o
  CC      net/core/net_namespace.o
  CC      net/bluetooth/bnep/netdev.o
  CC      kernel/range.o
  CC      drivers/gpio/gpio-msm-common.o
  CC      net/ipv6/ip6_output.o
  CC      mm/swapfile.o
  CC      sound/usb/format.o
  CC      sound/soc/msm/msm8x60.o
  CC      kernel/groups.o
  AR      lib/lib.a
  CC      kernel/events/core.o
  CC      net/bluetooth/rfcomm/sock.o
  LD      net/bluetooth/bnep/bnep.o
  LD      net/bluetooth/bnep/built-in.o
  LD      net/bluetooth/bluetooth.o
  CC      sound/soc/msm/qdsp6/q6asm.o
  CC      net/ipv6/ip6_input.o
make: *** [arch/arm/mach-msm] 오류 2
make: *** 끝나지 않은 작업을 기다리고 있습니다....
  CC      net/ipv6/addrconf.o
  CC      net/core/secure_seq.o
  CC      sound/usb/helper.o
  CC      drivers/gpio/gpio-msm-v2.o
  CC      kernel/irq/irqdesc.o
  CC      kernel/irq/handle.o
  CC      fs/bio.o
  CC [M]  drivers/crypto/msm/qcrypto.o
  CC      net/core/flow_dissector.o
  CC      sound/usb/mixer.o
  CC      sound/soc/msm/qdsp6/q6adm.o
  CC      sound/soc/msm/qdsp6/q6afe.o
  CC      drivers/gpio/pm8xxx-gpio.o
  CC      drivers/gpio/pm8xxx-mpp.o
  CC      net/bluetooth/rfcomm/tty.o
  CC      kernel/irq/manage.o
  CC      net/ipv4/inetpeer.o
  CC      net/core/sysctl_net_core.o
  CC      mm/thrash.o
  CC      drivers/gpio/gpio-sx150x.o
  CC      mm/dmapool.o
  LD      sound/soundcore.o
  CC      net/ipv6/addrlabel.o
  CC      fs/block_dev.o
  CC      mm/ksm.o
  CC      mm/slub.o
  CC      net/core/dev.o
  LD      drivers/gpio/built-in.o
  CC      kernel/irq/spurious.o
  CC      drivers/gpu/ion/ion.o
  CC      sound/usb/mixer_quirks.o
  CC      sound/usb/pcm.o
  CC      net/ipv4/protocol.o
  LD      net/bluetooth/rfcomm/rfcomm.o
  CC      drivers/gpu/msm/adreno_ringbuffer.o
  LD      net/bluetooth/rfcomm/built-in.o
  LD      net/bluetooth/built-in.o
  CC      net/ipv4/ip_input.o
  LD      sound/soc/msm/qdsp6/built-in.o
  CC      kernel/irq/resend.o
  LD      sound/soc/msm/snd-soc-msm8x60-dai.o
  LD      sound/soc/msm/snd-soc-msm8x60-pcm.o
  LD      sound/soc/msm/snd-soc-msm8x60.o
  LD      sound/soc/msm/snd-soc-lpass-dma.o
  LD      sound/soc/msm/built-in.o
  LD      sound/soc/snd-soc-core.o
  CC      net/ipv6/route.o
  CC      kernel/irq/chip.o
  CC      sound/usb/proc.o
  LD      sound/soc/built-in.o
  CC      fs/direct-io.o
  CC      drivers/hid/hid-lg.o
  CC      drivers/hid/hid-debug.o
  CC      net/ipv4/ip_fragment.o
  CC      sound/usb/quirks.o
  CC      mm/migrate.o
  CC      drivers/gpu/msm/adreno_drawctxt.o
  CC      fs/mpage.o
  CC      net/ipv4/ip_forward.o
  CC      drivers/gpu/ion/ion_heap.o
  CC      kernel/irq/dummychip.o
  CC      drivers/gpu/ion/ion_system_heap.o
  CC      drivers/gpu/ion/ion_carveout_heap.o
  CC      kernel/irq/devres.o
  CC      drivers/gpu/msm/adreno_postmortem.o
  CC      kernel/events/ring_buffer.o
  CC      sound/usb/stream.o
  CC      net/ipv6/ip6_fib.o
  CC      drivers/hid/hid-core.o
  CC      kernel/irq/autoprobe.o
  CC      kernel/irq/irqdomain.o
  CC      drivers/gpu/ion/ion_iommu_heap.o
  CC      drivers/gpu/ion/ion_cp_heap.o
  CC      fs/ioprio.o
  CC      kernel/events/callchain.o
  CC      mm/cleancache.o
  CC      net/ipv4/ip_options.o
  CC      sound/usb/midi.o
  CC      drivers/gpu/ion/msm/msm_ion.o
  CC      kernel/events/hw_breakpoint.o
  CC      kernel/irq/proc.o
  CC      drivers/gpu/msm/adreno_snapshot.o
  CC      drivers/gpu/ion/msm/ion_cp_common.o
  CC      drivers/gpu/msm/adreno_a2xx.o
  LD      mm/built-in.o
  CC      kernel/irq/pm.o
  CC      drivers/gpu/msm/adreno_a2xx_trace.o
  CC      kernel/power/qos.o
  CC      kernel/power/main.o
  LD      drivers/gpu/ion/msm/built-in.o
  LD      drivers/gpu/ion/built-in.o
  CC      kernel/power/console.o
  CC      net/ipv6/ipv6_sockglue.o
  CC      drivers/hid/hid-input.o
  LD      kernel/events/built-in.o
  CC      net/ipv6/ndisc.o
  CC      net/ipv6/udp.o
  LD      kernel/irq/built-in.o
  CC      kernel/sched/core.o
  CC      kernel/time/timekeeping.o
  CC      kernel/time/ntp.o
  CC      kernel/power/process.o
  CC      net/ipv4/ip_output.o
  CC      drivers/gpu/msm/adreno_a2xx_snapshot.o
  CC      kernel/power/suspend.o
  CC      kernel/power/wakelock.o
  CC      drivers/gpu/msm/adreno_a3xx.o
  CC      drivers/gpu/msm/adreno_a3xx_trace.o
  LD      sound/usb/snd-usb-audio.o
  LD      sound/usb/snd-usbmidi-lib.o
  LD      sound/usb/built-in.o
  LD      sound/built-in.o
  CC      kernel/power/userwakelock.o
  CC      fs/proc_namespace.o
  CC      drivers/gpu/msm/adreno_a3xx_snapshot.o
  CC      net/core/ethtool.o
  CC      fs/cifs/cifsfs.o
  CC      net/core/dev_addr_lists.o
  CC      kernel/power/earlysuspend.o
  CC      kernel/time/clocksource.o
  CC      kernel/time/jiffies.o
  CC      kernel/time/timer_list.o
  CC      kernel/time/timecompare.o
  CC      kernel/time/timeconv.o
  CC      net/ipv4/ip_sockglue.o
  CC      drivers/gpu/msm/adreno.o
  CC      kernel/power/fbearlysuspend.o
  CC      kernel/time/posix-clock.o
  CC      kernel/time/clockevents.o
  CC      net/ipv6/udplite.o
  CC      kernel/time/tick-common.o
  CC      kernel/time/tick-broadcast.o
  CC      net/ipv6/raw.o
  CC      fs/cifs/cifssmb.o
  CC      net/ipv6/protocol.o
  CC      kernel/power/poweroff.o
  CC      drivers/gpu/msm/adreno_debugfs.o
  CC      kernel/time/tick-oneshot.o
  CC      net/ipv4/inet_hashtables.o
  CC      kernel/time/tick-sched.o
  CC      drivers/hid/hid-a4tech.o
  LD      kernel/power/built-in.o
  CC      net/ipv6/icmp.o
  CC      kernel/trace/trace_clock.o
  CC      kernel/time/timer_stats.o
  CC      kernel/trace/ring_buffer.o
  CC      kernel/freezer.o
  CC      net/core/dst.o
  CC      drivers/hid/hid-apple.o
  CC      drivers/gpu/msm/kgsl.o
  CC      kernel/trace/trace.o
  CC      kernel/profile.o
  CC      drivers/hwmon/hwmon.o
  LD      kernel/time/built-in.o
  CC      kernel/stacktrace.o
  CC      net/ipv4/inet_timewait_sock.o
  CC      kernel/futex.o
  CC      drivers/hid/hid-belkin.o
  CC      drivers/hwmon/msm_adc.o
  CC      kernel/rtmutex.o
  CC      net/ipv4/inet_connection_sock.o
  CC      net/core/netevent.o
  CC      drivers/hid/hid-cherry.o
  CC      net/ipv6/mcast.o
  CC      kernel/smp.o
  CC      drivers/gpu/msm/kgsl_trace.o
  CC      net/ipv6/reassembly.o
  CC      drivers/hid/hid-chicony.o
  CC      net/core/neighbour.o
  CC      net/ipv4/tcp.o
  CC      drivers/hid/hid-cypress.o
  CC      drivers/hid/hid-dr.o
  CC      kernel/spinlock.o
  CC      drivers/hwmon/m_adcproc.o
  CC      kernel/trace/trace_output.o
  CC      drivers/hid/hid-elecom.o
  CC      kernel/uid16.o
  CC      drivers/hid/hid-ezkey.o
  CC      net/ipv4/tcp_input.o
  CC      kernel/module.o
  LD      drivers/hwmon/built-in.o
  CC      drivers/i2c/i2c-boardinfo.o
  CC      drivers/input/input.o
  CC      kernel/trace/trace_stat.o
  CC      drivers/hid/hid-gyration.o
  CC      drivers/hid/hid-kensington.o
  CC      drivers/i2c/i2c-core.o
  CC      drivers/hid/hid-kye.o
  LD      drivers/hid/hid-logitech.o
  CC      drivers/hid/hid-magicmouse.o
  CC      net/core/rtnetlink.o
  CC      kernel/sched/clock.o
  CC      net/ipv6/tcp_ipv6.o
  CC      kernel/trace/trace_printk.o
  CC      drivers/gpu/msm/kgsl_sharedmem.o
  CC      fs/cifs/cifs_debug.o
  CC      kernel/trace/trace_sched_switch.o
  CC      drivers/hid/hid-microsoft.o
  CC      kernel/sched/idle_task.o
  CC      drivers/hid/hid-monterey.o
  CC      kernel/trace/trace_sched_wakeup.o
  CC      kernel/sched/fair.o
  CC      drivers/hid/hid-ntrig.o
  CC      kernel/trace/trace_nop.o
  CC      net/ipv6/ping.o
  CC      drivers/hid/hid-ortek.o
  CC      fs/cifs/connect.o
  CC      drivers/i2c/i2c-dev.o
  CC      drivers/hid/hid-pl.o
  CC      drivers/input/input-compat.o
  CC      kernel/trace/blktrace.o
  CC      drivers/gpu/msm/kgsl_pwrctrl.o
  CC      kernel/trace/trace_events.o
  CC      drivers/hid/hid-petalynx.o
  CC      kernel/sched/rt.o
  CC      drivers/input/serio/serio.o
  CC      drivers/input/input-mt.o
  CC      net/ipv4/tcp_output.o
  CC      kernel/trace/trace_export.o
  CC      net/ipv6/exthdrs.o
  CC      drivers/hid/hid-picolcd.o
  CC      net/core/utils.o
  CC      drivers/i2c/algos/i2c-algo-bit.o
  CC      net/ipv6/datagram.o
  CC      drivers/input/ff-core.o
  CC      kernel/kallsyms.o
  CC      kernel/trace/trace_event_perf.o
  CC      kernel/trace/trace_events_filter.o
  CC      drivers/input/serio/serport.o
  LD      drivers/i2c/algos/built-in.o
  CC      drivers/i2c/busses/i2c-gpio.o
  CC      drivers/input/mousedev.o
  CC      drivers/gpu/msm/kgsl_pwrscale.o
  CC      net/core/link_watch.o
  CC      drivers/input/evdev.o
  CC      kernel/cgroup.o
  CC      kernel/trace/trace_kprobe.o
  CC      drivers/i2c/busses/i2c-qup.o
  CC      drivers/i2c/busses/i2c-ssbi.o
  CC      drivers/input/serio/libps2.o
  CC      kernel/sched/stop_task.o
  CC      drivers/hid/hid-roccat.o
  CC      net/ipv6/ip6_flowlabel.o
  CC      drivers/gpu/msm/kgsl_mmu.o
  CC      kernel/sched/sched_avg.o
  CC      net/ipv4/tcp_timer.o
  CC      net/ipv6/inet6_connection_sock.o
  CC      net/ipv4/tcp_ipv4.o
  LD      drivers/input/serio/built-in.o
  CC      net/core/filter.o
  CC      drivers/input/keyboard/atkbd.o
  CC      drivers/input/keyboard/gpio_keys.o
  CC      kernel/sched/cpupri.o
  CC      net/key/af_key.o
  CC      drivers/hid/hid-roccat-common.o
  CC      kernel/trace/power-traces.o
  LD      drivers/i2c/busses/built-in.o
  LD      drivers/i2c/built-in.o
  CC      fs/cifs/dir.o
  CC      kernel/sched/debug.o
  CC      drivers/leds/led-core.o
  CC      drivers/gpu/msm/kgsl_gpummu.o
  CC      drivers/leds/led-class.o
  CC      net/ipv6/sysctl_net_ipv6.o
  CC      drivers/input/keyboard/matrix_keypad.o
  CC      drivers/hid/hid-roccat-arvo.o
  CC      drivers/input/keyboard/pmic8xxx-keypad.o
  CC      net/ipv6/xfrm6_policy.o
  CC      net/ipv4/tcp_minisocks.o
  CC      drivers/input/keyboard/cypress-touchkey_dali.o
  CC      net/core/sock_diag.o
  CC      drivers/leds/led-triggers.o
  LD      kernel/sched/built-in.o
  CC      net/core/flow.o
  CC      kernel/trace/rpm-traces.o
  CC      net/core/net-sysfs.o
  CC      fs/cifs/file.o
drivers/input/keyboard/cypress-touchkey_dali.c: In function 'touchkey_work_func':
drivers/input/keyboard/cypress-touchkey_dali.c:244:17: error: implicit declaration of function 'PM8058_GPIO' [-Werror=implicit-function-declaration]
cc1: some warnings being treated as errors

make[3]: *** [drivers/input/keyboard/cypress-touchkey_dali.o] 오류 1
make[3]: *** 끝나지 않은 작업을 기다리고 있습니다....
  CC      drivers/hid/hid-roccat-isku.o
  CC      net/core/fib_rules.o
  CC      drivers/gpu/msm/kgsl_iommu.o
make[2]: *** [drivers/input/keyboard] 오류 2
make[1]: *** [drivers/input] 오류 2
make[1]: *** 끝나지 않은 작업을 기다리고 있습니다....
  CC      drivers/hid/hid-roccat-kone.o
  CC      net/ipv6/xfrm6_state.o
  CC      net/ipv6/xfrm6_input.o
  CC      drivers/leds/leds-gpio.o
  CC      net/core/net-traces.o
  LD      kernel/trace/built-in.o
  CC      drivers/leds/leds-pmic8058.o
  CC      kernel/cgroup_freezer.o
  CC      drivers/hid/hid-roccat-koneplus.o
  CC      drivers/leds/ledtrig-timer.o
  CC      drivers/leds/ledtrig-heartbeat.o
  CC      net/ipv4/tcp_cong.o
  CC      drivers/leds/ledtrig-sleep.o
  CC      net/ipv6/xfrm6_output.o
  GZIP    kernel/config_data.gz
  CC      kernel/res_counter.o
  CC      kernel/stop_machine.o
  CC      kernel/audit.o
  CC      kernel/auditfilter.o
  CC      kernel/auditsc.o
  CC      net/ipv6/netfilter.o
  CC      drivers/gpu/msm/kgsl_snapshot.o
  LD      drivers/leds/built-in.o
  CC      drivers/gpu/msm/kgsl_events.o
  CC      drivers/gpu/msm/kgsl_debugfs.o
  LD      net/key/built-in.o
  CC      drivers/hid/hid-roccat-kovaplus.o
  CC      kernel/audit_watch.o
  CC      net/netfilter/core.o
  CC      kernel/audit_tree.o
  CC      net/netfilter/nf_log.o
  LD      net/core/built-in.o
  CC      net/ipv4/datagram.o
  CC      net/ipv6/fib6_rules.o
  CC      net/netlink/af_netlink.o
  CC      net/ipv4/raw.o
  CC      drivers/hid/hid-roccat-pyra.o
  CC      drivers/gpu/msm/kgsl_pwrscale_trustzone.o
  CC      drivers/gpu/msm/kgsl_sync.o
  CC      net/ipv6/proc.o
  CC      kernel/kprobes.o
  CC      fs/cifs/inode.o
  CC      kernel/hung_task.o
  CC      net/ipv6/ah6.o
  CC      net/netfilter/nf_queue.o
  CC      fs/debugfs/inode.o
  CC      drivers/hid/hid-samsung.o
  CC      drivers/hid/hid-sjoy.o
  CC      kernel/watchdog.o
  CC      net/ipv4/udp.o
  CC      kernel/rcutree.o
  CC      drivers/gpu/msm/z180.o
  CC      net/ipv6/esp6.o
  CC      kernel/utsname_sysctl.o
  CC      drivers/hid/hid-sony.o
  CC      net/ipv4/udplite.o
  CC      drivers/gpu/msm/z180_postmortem.o
  CC      drivers/gpu/msm/z180_trace.o
  CC      fs/debugfs/file.o
  CC      fs/cifs/link.o
  CC      fs/cifs/misc.o
  CC      net/netfilter/nf_sockopt.o
  CC      net/ipv4/arp.o
  CC      net/ipv6/ipcomp6.o
  CC      drivers/hid/hid-sunplus.o
  CC      drivers/hid/hid-gaff.o
  CC      kernel/tracepoint.o
  LD      drivers/gpu/msm/msm_kgsl_core.o
  LD      drivers/gpu/msm/msm_adreno.o
  LD      drivers/gpu/msm/msm_z180.o
  LD      drivers/gpu/msm/built-in.o
  LD      drivers/gpu/built-in.o
  CC      drivers/hid/hid-tmff.o
  CC      net/ipv4/icmp.o
  CC      net/ipv6/xfrm6_tunnel.o
  CC      drivers/hid/hid-topseed.o
  CC      kernel/elfcore.o
  LD      fs/debugfs/debugfs.o
  LD      fs/debugfs/built-in.o
  CC      net/netlink/genetlink.o
  CC      kernel/irq_work.o
  CC      fs/cifs/netmisc.o
  CC      kernel/cpu_pm.o
  CC      drivers/hid/hid-twinhan.o
  CC      drivers/hid/hid-zpff.o
  CC      fs/cifs/smbencrypt.o
  CC      net/netfilter/nf_conntrack_core.o
  CC      net/ipv6/tunnel6.o
  CC      kernel/time.o
  CHK     kernel/config_data.h
  UPD     kernel/config_data.h
  CC      fs/cifs/transport.o
  CC      fs/devpts/inode.o
  CC      kernel/configs.o
  CC      drivers/hid/hid-zydacron.o
  CC      fs/ecryptfs/dentry.o
  CC      net/ipv6/xfrm6_mode_transport.o
  CC      drivers/hid/hid-wacom.o
  CC      fs/cifs/asn1.o
  CC      fs/cifs/cifs_unicode.o
  LD      fs/devpts/devpts.o
  LD      fs/devpts/built-in.o
  CC      net/ipv4/devinet.o
  CC      fs/cifs/nterr.o
  CC      fs/ext2/balloc.o
  CC      fs/ecryptfs/file.o
  CC      fs/ext2/dir.o
  LD      kernel/built-in.o
  CC      net/ipv4/af_inet.o
  CC      fs/cifs/xattr.o
  CC      net/ipv6/xfrm6_mode_tunnel.o
  LD      net/netlink/built-in.o
  CC      net/ipv6/xfrm6_mode_beet.o
  CC      net/ipv4/igmp.o
  CC      net/packet/af_packet.o
  CC      net/ipv6/mip6.o
  CC      drivers/hid/usbhid/hid-core.o
  CC      drivers/hid/usbhid/hid-quirks.o
  CC      fs/ecryptfs/inode.o
  CC      net/netfilter/nf_conntrack_standalone.o
  CC      fs/cifs/cifsencrypt.o
  CC      fs/ext2/file.o
  CC      fs/cifs/readdir.o
  CC      fs/cifs/ioctl.o
  CC      fs/cifs/sess.o
  CC      fs/ext2/ialloc.o
  CC      net/ipv6/sit.o
  CC      net/ipv6/netfilter/ip6_tables.o
  CC      net/ipv6/ip6_tunnel.o
  CC      net/ipv6/addrconf_core.o
  CC      fs/cifs/export.o
  CC      net/netfilter/nf_conntrack_expect.o
  CC      fs/ecryptfs/main.o
  CC      fs/ext2/inode.o
  CC      net/netfilter/nf_conntrack_helper.o
  CC      net/netfilter/nf_conntrack_proto.o
  CC      net/ipv4/fib_frontend.o
  CC      net/netfilter/nf_conntrack_l3proto_generic.o
  LD      drivers/hid/usbhid/usbhid.o
  LD      drivers/hid/usbhid/built-in.o
  CC [M]  drivers/hid/hid-logitech-dj.o
  LD      drivers/hid/hid.o
  CC      net/ipv6/exthdrs_core.o
  LD      drivers/hid/built-in.o
  CC      net/netfilter/nf_conntrack_proto_generic.o
  LD      fs/cifs/cifs.o
  LD      fs/cifs/built-in.o
  CC      fs/ecryptfs/super.o
  CC      fs/ext3/balloc.o
  CC      net/ipv6/inet6_hashtables.o
  CC      net/netfilter/nf_conntrack_proto_tcp.o
  CC      net/netfilter/nf_conntrack_proto_udp.o
  CC      fs/ext2/ioctl.o
  CC      fs/ecryptfs/mmap.o
  LD      net/ipv6/ipv6.o
  CC      net/ipv6/netfilter/ip6table_filter.o
  CC      net/netfilter/nf_conntrack_extend.o
  CC      net/ipv4/fib_semantics.o
  CC      fs/ext2/namei.o
make: *** [drivers] 오류 2
  CC      fs/ext2/super.o
  CC      net/netfilter/nf_conntrack_acct.o
  CC      fs/ext3/bitmap.o
  CC      net/ipv4/fib_trie.o
  LD      net/packet/built-in.o
  CC      fs/ext2/symlink.o
  CC      net/phonet/pn_dev.o
  CC      fs/ext3/dir.o
  CC      fs/ext2/xattr.o
  CC      net/ipv4/inet_fragment.o
  CC      fs/ext2/xattr_user.o
  CC      net/ipv6/netfilter/ip6table_mangle.o
  CC      fs/ecryptfs/read_write.o
  CC      fs/ext2/xattr_trusted.o
  CC      net/netfilter/nf_conntrack_ecache.o
  CC      net/netfilter/nf_conntrack_h323_main.o
  CC      net/netfilter/nf_conntrack_h323_asn1.o
  CC      net/ipv4/ping.o
  CC      net/ipv4/sysctl_net_ipv4.o
  CC      net/phonet/pn_netlink.o
  CC      fs/ecryptfs/crypto.o
  CC      fs/ext3/file.o
  CC      fs/ext3/fsync.o
  CC      net/netfilter/nfnetlink.o
  CC      net/ipv6/netfilter/ip6table_raw.o
  CC      net/ipv4/sysfs_net_ipv4.o
  LD      fs/ext2/ext2.o
  CC      net/netfilter/nfnetlink_queue.o
  LD      fs/ext2/built-in.o
  CC      fs/ext3/ialloc.o
  CC      net/ipv4/proc.o
  CC      fs/ext4/balloc.o
  CC      net/netfilter/nfnetlink_log.o
  CC      fs/ext3/inode.o
  CC      fs/ext3/ioctl.o
  CC      net/phonet/socket.o
  CC      net/ipv6/netfilter/nf_conntrack_l3proto_ipv6.o
  CC      net/phonet/datagram.o
  CC      net/ipv4/fib_rules.o
  CC      net/netfilter/nf_conntrack_proto_dccp.o
  CC      fs/ext3/namei.o
  CC      net/ipv4/esp4.o
  CC      net/ipv4/ipcomp.o
  CC      fs/fat/cache.o
  CC      fs/ext3/super.o
  CC      net/netfilter/nf_conntrack_proto_gre.o
  CC      fs/ecryptfs/keystore.o
  CC      fs/ext4/bitmap.o
  CC      net/netfilter/nf_conntrack_proto_sctp.o
  CC      net/phonet/sysctl.o
  CC      net/ipv6/netfilter/nf_conntrack_proto_icmpv6.o
  CC      fs/fat/dir.o
  CC      net/phonet/af_phonet.o
  CC      net/netfilter/nf_conntrack_proto_udplite.o
  CC      fs/ext4/dir.o
  CC      net/phonet/pep.o
  CC      net/ipv4/xfrm4_tunnel.o
  CC      net/ipv4/tunnel4.o
  CC      net/netfilter/nf_conntrack_netlink.o
  CC      net/ipv4/xfrm4_mode_transport.o
  CC      net/ipv6/netfilter/nf_defrag_ipv6_hooks.o
  CC      net/netfilter/nf_conntrack_amanda.o
  CC      net/netfilter/nf_conntrack_ftp.o
  CC      net/ipv4/xfrm4_mode_tunnel.o
  LD      net/netfilter/nf_conntrack_h323.o
  CC      net/netfilter/nf_conntrack_irc.o
  CC      fs/ext3/symlink.o
  CC      fs/fat/fatent.o
  CC      fs/ext4/file.o
  CC      net/ipv4/ipconfig.o
  CC      net/phonet/pep-gprs.o
  CC      fs/ext3/hash.o
  CC      net/ipv4/netfilter.o
  CC      fs/ecryptfs/messaging.o
  CC      fs/ext4/fsync.o
  CC      fs/ext4/ialloc.o
  CC      fs/ext4/inode.o
  CC      net/ipv6/netfilter/nf_conntrack_reasm.o
  CC      fs/fat/file.o
  CC      fs/ext3/resize.o
  CC      net/ipv4/netfilter/nf_nat_rule.o
  LD      net/phonet/phonet.o
  LD      net/phonet/pn_pep.o
  LD      net/phonet/built-in.o
  CC      net/rfkill/core.o
  CC      net/ipv4/inet_diag.o
  CC      fs/ecryptfs/miscdev.o
  CC      net/sched/sch_generic.o
  CC      net/ipv4/netfilter/nf_nat_standalone.o
  CC      fs/ext4/page-io.o
  CC      net/netfilter/nf_conntrack_broadcast.o
  CC      net/ipv4/tcp_diag.o
  CC      net/ipv4/tcp_bic.o
  CC      net/ipv6/netfilter/ip6t_REJECT.o
  CC      net/ipv4/netfilter/nf_conntrack_l3proto_ipv4_compat.o
  CC      fs/fat/inode.o
  CC      fs/ecryptfs/kthread.o
  CC      net/ipv4/netfilter/nf_conntrack_l3proto_ipv4.o
  CC      fs/ext4/ioctl.o
  CC      fs/ext3/ext3_jbd.o
  CC      net/ipv4/tcp_cubic.o
  LD      net/rfkill/rfkill.o
  LD      net/rfkill/built-in.o
  CC      fs/ext3/xattr.o
  CC      net/ipv4/xfrm4_policy.o
  CC      net/netfilter/nf_conntrack_netbios_ns.o
  CC      net/ipv4/netfilter/nf_conntrack_proto_icmp.o
  CC      fs/ext4/namei.o
  CC      fs/ecryptfs/debug.o
  LD      net/ipv6/netfilter/nf_conntrack_ipv6.o
  LD      net/ipv6/netfilter/nf_defrag_ipv6.o
  LD      net/ipv6/netfilter/built-in.o
  CC      net/sunrpc/clnt.o
  LD      net/ipv6/built-in.o
  CC      net/sched/sch_mq.o
  CC      fs/ext3/xattr_user.o
  CC      fs/ext4/super.o
  CC      fs/ext4/symlink.o
  CC      fs/ext4/hash.o
  LD      fs/ecryptfs/ecryptfs.o
  LD      fs/ecryptfs/built-in.o
  CC      fs/fuse/dev.o
  CC      net/netfilter/nf_conntrack_pptp.o
  CC      net/ipv4/netfilter/nf_nat_core.o
  CC      fs/ext3/xattr_trusted.o
  CC      net/ipv4/xfrm4_state.o
  CC      net/ipv4/xfrm4_input.o
  CC      fs/ext4/resize.o
  CC      net/ipv4/netfilter/nf_nat_helper.o
  CC      net/sched/sch_api.o
  CC      fs/fat/misc.o
  CC      fs/ext4/extents.o
  CC      net/unix/af_unix.o
  LD      fs/ext3/ext3.o
  LD      fs/ext3/built-in.o
  CC      fs/jbd/transaction.o
  CC      net/ipv4/xfrm4_output.o
  CC      fs/fat/namei_vfat.o
  CC      net/netfilter/nf_conntrack_sane.o
  CC [M]  net/ipv4/tcp_westwood.o
  CC      net/sunrpc/xprt.o
  CC      fs/ext4/ext4_jbd2.o
  CC      fs/ext4/migrate.o
  CC [M]  net/ipv4/tcp_htcp.o
  CC      net/ipv4/netfilter/nf_nat_proto_unknown.o
  CC      net/ipv4/netfilter/nf_nat_proto_common.o
  CC      net/netfilter/nf_conntrack_sip.o
  CC      net/netfilter/nf_conntrack_tftp.o
  CC      fs/ext4/mballoc.o
  LD      fs/fat/fat.o
  LD      fs/fat/vfat.o
  CC      net/ipv4/netfilter/nf_nat_proto_tcp.o
  LD      fs/fat/built-in.o
  CC      fs/ext4/block_validity.o
  CC      fs/jbd2/transaction.o
  CC      net/sched/sch_blackhole.o
  CC      fs/fuse/dir.o
  CC      fs/fuse/file.o
  CC      fs/fuse/inode.o
  CC      fs/jbd/commit.o
  CC      net/ipv4/netfilter/nf_nat_proto_udp.o
  CC      net/sched/cls_api.o
  CC      net/sched/act_api.o
  CC      net/sched/act_police.o
  CC      net/netfilter/nf_tproxy_core.o
  CC      net/sunrpc/socklib.o
  CC      net/ipv4/netfilter/nf_nat_proto_icmp.o
  CC      net/unix/garbage.o
  CC      net/unix/sysctl_net_unix.o
  CC      net/wireless/core.o
  CC      net/xfrm/xfrm_policy.o
  CC      net/sysctl_net.o
  CC      net/ipv4/netfilter/nf_defrag_ipv4.o
  CC      net/ipv4/netfilter/nf_nat_amanda.o
  CC      net/sunrpc/xprtsock.o
  CC      net/netfilter/x_tables.o
  CC      fs/jbd2/commit.o
  CC      fs/ext4/move_extent.o
  CC      fs/jbd2/recovery.o
  LD      net/unix/unix.o
  LD      net/unix/built-in.o
  CC      net/activity_stats.o
  CC      fs/fuse/control.o
  CC      fs/jbd/recovery.o
  CC      net/sched/act_gact.o
  CC      net/ipv4/netfilter/nf_nat_ftp.o
  CC      net/ipv4/netfilter/nf_nat_h323.o
  CC      net/ipv4/netfilter/nf_nat_irc.o
  CC      fs/jbd2/checkpoint.o
  CC      net/ipv4/netfilter/nf_nat_pptp.o
  LD      fs/fuse/fuse.o
  LD      fs/fuse/built-in.o
  CC      fs/jbd/checkpoint.o
  CC      fs/lockd/clntlock.o
  CC      net/sched/act_mirred.o
  CC      net/wireless/sysfs.o
  CC      net/wireless/radiotap.o
  CC      net/ipv4/netfilter/nf_nat_sip.o
  CC      net/ipv4/netfilter/nf_nat_tftp.o
  CC      net/ipv4/netfilter/nf_nat_proto_dccp.o
  CC      net/netfilter/xt_tcpudp.o
  CC      net/sunrpc/sched.o
  CC      net/ipv4/netfilter/nf_nat_proto_gre.o
  CC      fs/jbd2/revoke.o
  CC      net/sched/sch_fifo.o
  CC      net/wireless/util.o
  CC      fs/jbd/revoke.o
  CC      fs/nfs/client.o
  CC      fs/lockd/clntproc.o
  CC      fs/lockd/clntxdr.o
  CC      net/ipv4/netfilter/nf_nat_proto_udplite.o
  CC      net/ipv4/netfilter/nf_nat_proto_sctp.o
  CC      net/ipv4/netfilter/ip_tables.o
  CC      net/netfilter/xt_mark.o
  CC      fs/jbd2/journal.o
  CC      net/ipv4/netfilter/iptable_filter.o
  CC      fs/jbd/journal.o
  CC      fs/lockd/host.o
  CC      net/xfrm/xfrm_state.o
  CC      net/xfrm/xfrm_hash.o
  CC      fs/nfs/dir.o
  CC      net/sched/sch_htb.o
  CC      net/netfilter/xt_connmark.o
  CC      fs/ext4/mmp.o
  CC      net/xfrm/xfrm_input.o
  CC      fs/ext4/indirect.o
  CC      net/ipv4/netfilter/iptable_mangle.o
  CC      fs/lockd/svc.o
  CC      net/wireless/reg.o
  CC      net/sunrpc/auth.o
  CC      net/netfilter/xt_CLASSIFY.o
  CC      fs/ext4/xattr.o
  CC      fs/lockd/svclock.o
  LD      net/ipv4/netfilter/iptable_nat.o
  CC      net/ipv4/netfilter/iptable_raw.o
  CC      net/ipv4/netfilter/iptable_security.o
  CC      fs/nfs/file.o
  CC      net/netfilter/xt_CONNSECMARK.o
  CC      net/xfrm/xfrm_output.o
  CC      net/sched/sch_ingress.o
  CC      fs/ext4/xattr_user.o
  CC      fs/lockd/svcshare.o
  CC      net/ipv4/netfilter/ipt_ah.o
  CC      net/netfilter/xt_NFLOG.o
  CC      net/netfilter/xt_NFQUEUE.o
  CC      fs/nfs/getroot.o
  CC      fs/lockd/svcproc.o
  CC      net/sunrpc/auth_null.o
  LD      fs/jbd/jbd.o
  LD      fs/jbd/built-in.o
  CC      fs/nfs/inode.o
  CC      fs/ext4/xattr_trusted.o
  CC      net/sched/sch_sfq.o
  CC      fs/nfs_common/nfsacl.o
  CC      fs/nfs/super.o
  CC      net/ipv4/netfilter/ipt_MASQUERADE.o
  CC      net/netfilter/xt_TCPMSS.o
  CC      fs/lockd/svcsubs.o
  CC      net/wireless/scan.o
  CC      net/xfrm/xfrm_algo.o
  LD      fs/jbd2/jbd2.o
  CC      net/netfilter/xt_IDLETIMER.o
  LD      fs/jbd2/built-in.o
  CC      fs/nls/nls_base.o
  CC      net/sunrpc/auth_unix.o
  CC      fs/ext4/acl.o
  CC      fs/notify/fsnotify.o
  CC      fs/notify/notification.o
  CC      fs/notify/group.o
  LD      fs/nfs_common/nfs_acl.o
  LD      fs/nfs_common/built-in.o
  CC      fs/notify/inode_mark.o
  CC      net/ipv4/netfilter/ipt_NETMAP.o
  CC      net/netfilter/xt_comment.o
  CC      fs/nls/nls_cp437.o
  CC      fs/notify/mark.o
  CC      net/netfilter/xt_connlimit.o
  CC      fs/notify/vfsmount_mark.o
  CC      fs/nls/nls_ascii.o
  CC      fs/notify/dnotify/dnotify.o
  CC      net/sunrpc/auth_generic.o
  CC      net/sunrpc/svc.o
  CC      fs/lockd/mon.o
  CC      fs/ext4/xattr_security.o
  CC      net/xfrm/xfrm_sysctl.o
  CC      net/ipv4/netfilter/ipt_REDIRECT.o
  CC      net/sched/sch_tbf.o
  CC      fs/nls/nls_iso8859-1.o
  CC      net/ipv4/netfilter/ipt_REJECT.o
  CC      fs/lockd/xdr.o
  CC      fs/notify/inotify/inotify_fsnotify.o
  CC      fs/notify/inotify/inotify_user.o
  CC      fs/nls/nls_utf8.o
  LD      fs/notify/dnotify/built-in.o
  CC      fs/nfs/nfs2xdr.o
  LD      fs/ext4/ext4.o
  LD      fs/nls/built-in.o
  CC      net/xfrm/xfrm_replay.o
  CC      net/netfilter/xt_conntrack.o
  LD      fs/ext4/built-in.o
  CC      fs/lockd/grace.o
  CC      net/xfrm/xfrm_user.o
  CC      net/wireless/nl80211.o
  CC      net/wireless/mlme.o
  CC      fs/proc/mmu.o
  CC      fs/nfs/direct.o
  CC      fs/lockd/clnt4xdr.o
  CC      net/sched/sch_prio.o
  CC      fs/lockd/xdr4.o
  CC      net/ipv4/netfilter/arp_tables.o
  LD      fs/notify/inotify/built-in.o
  LD      fs/notify/built-in.o
  CC      fs/lockd/svc4proc.o
  CC      fs/proc/task_mmu.o
  CC      fs/ramfs/inode.o
  CC      fs/sysfs/inode.o
  CC      net/netfilter/xt_ecn.o
  CC      fs/nfs/pagelist.o
  CC      net/sunrpc/svcsock.o
  CC      net/xfrm/xfrm_ipcomp.o
  CC      net/sunrpc/svcauth.o
  CC      fs/ramfs/file-mmu.o
  CC      net/sched/cls_u32.o
  CC      net/sched/cls_fw.o
  CC      fs/sysfs/file.o
  LD      fs/lockd/lockd.o
  LD      fs/lockd/built-in.o
  CC      fs/nfs/proc.o
  CC      fs/eventpoll.o
  LD      fs/ramfs/ramfs.o
  LD      fs/ramfs/built-in.o
  CC      fs/proc/inode.o
  CC      fs/anon_inodes.o
  CC      net/netfilter/xt_hashlimit.o
  CC      net/netfilter/xt_helper.o
  CC      net/sunrpc/svcauth_unix.o
  CC      net/ipv4/netfilter/arpt_mangle.o
  CC      fs/signalfd.o
  CC      fs/nfs/read.o
  CC      net/sched/cls_tcindex.o
  CC      fs/nfs/symlink.o
  CC      fs/sysfs/dir.o
  CC      fs/proc/root.o
  CC      net/netfilter/xt_hl.o
  LD      net/xfrm/built-in.o
  CC      net/netfilter/xt_iprange.o
  CC      net/sched/cls_basic.o
  CC      net/sunrpc/addr.o
  CC      net/ipv4/netfilter/arptable_filter.o
  CC      fs/nfs/unlink.o
  CC      fs/timerfd.o
  CC      fs/proc/base.o
  CC      fs/eventfd.o
  CC      net/netfilter/xt_length.o
  CC      fs/nfs/write.o
  CC      net/netfilter/xt_limit.o
  CC      net/wireless/ibss.o
  CC      net/sched/ematch.o
  CC      net/sched/em_cmp.o
  LD      net/ipv4/netfilter/nf_conntrack_ipv4.o
  CC      fs/sysfs/symlink.o
  LD      net/ipv4/netfilter/nf_nat.o
  LD      net/ipv4/netfilter/built-in.o
  CC      net/sunrpc/rpcb_clnt.o
  LD      net/ipv4/built-in.o
  CC      net/netfilter/xt_mac.o
  CC      net/sunrpc/timer.o
  CC      fs/nfs/namespace.o
  CC      fs/proc/generic.o
  CC      net/sunrpc/xdr.o
  CC      fs/aio.o
  CC      net/netfilter/xt_multiport.o
  CC      fs/nfs/mount_clnt.o
  CC      fs/sysfs/mount.o
  CC      fs/sysfs/bin.o
  CC      net/netfilter/xt_pkttype.o
  CC      net/sched/em_nbyte.o
  CC      net/wireless/sme.o
  CC      net/sunrpc/sunrpc_syms.o
  CC      net/netfilter/xt_policy.o
  CC      fs/sysfs/group.o
  CC      fs/nfs/dns_resolve.o
  CC      net/sunrpc/cache.o
  CC      net/sunrpc/rpc_pipe.o
  CC      fs/nfs/cache_lib.o
  CC      net/netfilter/xt_qtaguid_print.o
  CC      fs/proc/array.o
  CC      net/sched/em_u32.o
  CC      net/sched/em_meta.o
  CC      net/sunrpc/svc_xprt.o
  CC      net/sunrpc/stats.o
  LD      fs/sysfs/built-in.o
  CC      net/sunrpc/sysctl.o
  CC      fs/nfs/nfs3proc.o
  CC      net/netfilter/xt_qtaguid.o
  CC      net/netfilter/xt_quota.o
  CC      fs/nfs/nfs3xdr.o
  CC      net/sunrpc/auth_gss/auth_gss.o
  CC      net/sched/em_text.o
  CC      fs/proc/proc_tty.o
  CC      fs/proc/cmdline.o
  CC      fs/proc/consoles.o
  CC      net/wireless/chan.o
  CC      fs/proc/cpuinfo.o
  CC      net/netfilter/xt_quota2.o
  CC      fs/proc/devices.o
  CC      net/wireless/ethtool.o
  CC      fs/proc/interrupts.o
  CC [M]  net/sched/sch_dsmark.o
  CC [M]  net/sched/cls_flow.o
  CC      fs/locks.o
  CC      net/wireless/mesh.o
  CC      fs/proc/loadavg.o
  CC      fs/proc/meminfo.o
  CC      fs/nfs/nfs3acl.o
  CC      fs/nfs/nfs4proc.o
  CC      net/wireless/wext-compat.o
  CC      net/wireless/wext-sme.o
  CC      net/wireless/wext-core.o
  CC      net/netfilter/xt_socket.o
  CC      fs/proc/stat.o
  CC      fs/proc/uptime.o
  CC      fs/proc/version.o
  LD      net/sunrpc/sunrpc.o
  CC      net/netfilter/xt_state.o
  LD      net/sched/built-in.o
  CC      net/wireless/wext-proc.o
  CC      net/netfilter/xt_statistic.o
  CC      fs/proc/softirqs.o
  CC      fs/proc/namespaces.o
  CC      net/sunrpc/auth_gss/gss_generic_token.o
  CC      fs/proc/proc_sysctl.o
  CC      fs/proc/proc_net.o
  CC      fs/nfs/nfs4xdr.o
  CC      net/netfilter/xt_string.o
  CC      fs/proc/kmsg.o
  CC      net/netfilter/xt_time.o
  CC      net/netfilter/xt_u32.o
  CC      net/sunrpc/auth_gss/gss_mech_switch.o
  CC      net/sunrpc/auth_gss/svcauth_gss.o
  CC      fs/proc/page.o
  LD      net/netfilter/netfilter.o
  CC      fs/nfs/nfs4state.o
  LD      net/netfilter/nf_conntrack.o
  CC      fs/binfmt_script.o
  CC      fs/binfmt_elf.o
  CC      fs/mbcache.o
  CC      fs/posix_acl.o
  LD      net/wireless/cfg80211.o
  CC      fs/xattr_acl.o
  CC      fs/dcookies.o
  LD      net/wireless/built-in.o
  CC      fs/nfs/nfs4renewd.o
  CC      fs/nfs/delegation.o
  CC      fs/nfs/idmap.o
  LD      net/netfilter/built-in.o
  CC      fs/nfs/callback.o
  CC      fs/nfs/callback_xdr.o
  CC      fs/nfs/callback_proc.o
  CC      fs/nfs/nfs4namespace.o
  LD      fs/proc/proc.o
  CC      fs/nfs/sysctl.o
  LD      fs/proc/built-in.o
  LD      net/sunrpc/auth_gss/auth_rpcgss.o
  LD      net/sunrpc/auth_gss/built-in.o
  LD      net/sunrpc/built-in.o
  LD      net/built-in.o
  LD      fs/nfs/nfs.o
  LD      fs/nfs/built-in.o
  LD      fs/built-in.o
