Script started on 2014년 02월 23일 (일) 오전 01시 44분 52초
scripts/kconfig/conf --silentoldconfig Kconfig
  CHK     include/linux/version.h
  CHK     include/generated/utsrelease.h
make[1]: `include/generated/mach-types.h'는 이미 갱신되었습니다.
  CALL    scripts/checksyscalls.sh
  CHK     include/generated/compile.h
  GZIP    kernel/config_data.gz
  CHK     kernel/config_data.h
  LD      arch/arm/mach-msm/built-in.o
arch/arm/mach-msm/board-msm8x60_dali.o: In function `sensor_power_off_vdd':
/home/cholokei/git/android_kernel_samsung_dalikt/arch/arm/mach-msm/board-msm8x60_dali.c:15168: multiple definition of `msm_device_tz_log'
arch/arm/mach-msm/devices-msm8x60.o:(.data+0x19a0): first defined here
make[1]: *** [arch/arm/mach-msm/built-in.o] 오류 1
make: *** [arch/arm/mach-msm] 오류 2
make: *** 끝나지 않은 작업을 기다리고 있습니다....
  CC      drivers/video/msm/msm_dss_io_8x60.o
  LD      drivers/video/msm/built-in.o
  LD      drivers/video/built-in.o
  LD      drivers/built-in.o
