Script started on 2014년 05월 25일 (일) 오후 11시 50분 41초
scripts/kconfig/conf --silentoldconfig Kconfig
  WRAP    arch/arm/include/generated/asm/auxvec.h
  WRAP    arch/arm/include/generated/asm/bitsperlong.h
  WRAP    arch/arm/include/generated/asm/cputime.h
  WRAP    arch/arm/include/generated/asm/emergency-restart.h
  WRAP    arch/arm/include/generated/asm/errno.h
  CHK     include/linux/version.h
  WRAP    arch/arm/include/generated/asm/ioctl.h
  WRAP    arch/arm/include/generated/asm/irq_regs.h
  UPD     include/linux/version.h
  WRAP    arch/arm/include/generated/asm/kdebug.h
  WRAP    arch/arm/include/generated/asm/local.h
  WRAP    arch/arm/include/generated/asm/local64.h
  WRAP    arch/arm/include/generated/asm/percpu.h
  WRAP    arch/arm/include/generated/asm/poll.h
  WRAP    arch/arm/include/generated/asm/resource.h
  WRAP    arch/arm/include/generated/asm/sections.h
  WRAP    arch/arm/include/generated/asm/siginfo.h
  WRAP    arch/arm/include/generated/asm/sizes.h
  HOSTCC  scripts/genksyms/genksyms.o
  HOSTCC  scripts/kallsyms
  CC      scripts/mod/empty.o
  HOSTCC  scripts/selinux/genheaders/genheaders
  HOSTCC  scripts/conmakehash
  HOSTCC  scripts/bin2c
  SHIPPED scripts/genksyms/lex.lex.c
  HOSTCC  scripts/mod/mk_elfconfig
  SHIPPED scripts/genksyms/keywords.hash.c
  HOSTCC  scripts/selinux/mdp/mdp
  SHIPPED scripts/genksyms/parse.tab.h
  SHIPPED scripts/genksyms/parse.tab.c
  HOSTCC  scripts/genksyms/lex.lex.o
  HOSTCC  scripts/genksyms/parse.tab.o
  MKELF   scripts/mod/elfconfig.h
  HOSTCC  scripts/mod/file2alias.o
  HOSTCC  scripts/mod/modpost.o
  HOSTCC  scripts/mod/sumversion.o
  HOSTLD  scripts/genksyms/genksyms
  HOSTLD  scripts/mod/modpost
  CHK     include/generated/utsrelease.h
  UPD     include/generated/utsrelease.h
  Generating include/generated/mach-types.h
  CC      kernel/bounds.s
  GEN     include/generated/bounds.h
  CC      arch/arm/kernel/asm-offsets.s
  GEN     include/generated/asm-offsets.h
  CALL    scripts/checksyscalls.sh
  CC      init/main.o
  CHK     include/generated/compile.h
  CC      init/do_mounts.o
  CC      init/do_mounts_rd.o
  CC      init/do_mounts_initrd.o
  HOSTCC  usr/gen_init_cpio
  CC      init/initramfs.o
  CC      init/calibrate.o
  CC      arch/arm/vfp/vfpmodule.o
  AS      arch/arm/vfp/entry.o
  AS      arch/arm/vfp/vfphw.o
  CC      arch/arm/vfp/vfpsingle.o
  CC      arch/arm/vfp/vfpdouble.o
  CC      arch/arm/kernel/elf.o
  AS      arch/arm/kernel/entry-armv.o
  UPD     include/generated/compile.h
  CC      arch/arm/mm/dma-mapping.o
  CC      init/version.o
  CC      arch/arm/mm/extable.o
  CC      arch/arm/mm/fault.o
  AS      arch/arm/kernel/entry-common.o
  CC      arch/arm/kernel/irq.o
  CC      arch/arm/kernel/opcodes.o
  CC      arch/arm/kernel/process.o
  CC      arch/arm/kernel/ptrace.o
  CC      arch/arm/kernel/return_address.o
  GEN     usr/initramfs_data.cpio
  AS      usr/initramfs_data.o
  CC      arch/arm/kernel/sched_clock.o
  LD      usr/built-in.o
  CC      arch/arm/mm/init.o
  CC      arch/arm/common/gic.o
arch/arm/kernel/return_address.c:62:2: warning: #warning "TODO: return_address should use unwind tables" [-Wcpp]
  CC      arch/arm/common/cpaccess.o
  CC      arch/arm/kernel/setup.o
  CC      arch/arm/kernel/signal.o
  CC      arch/arm/kernel/stacktrace.o
arch/arm/kernel/return_address.c:62:2: warning: #warning "TODO: return_address should use unwind tables" [-Wcpp]
  LD      arch/arm/net/built-in.o
  CC      arch/arm/mm/iomap.o
  CC      arch/arm/kernel/sys_arm.o
  CC      arch/arm/mach-msm/io.o
  CC      arch/arm/mach-msm/dma.o
  LD      arch/arm/vfp/vfp.o
  LD      arch/arm/vfp/built-in.o
  CC      arch/arm/perfmon/perf-function-hooks.o
  CC      arch/arm/mm/fault-armv.o
  CC      arch/arm/kernel/time.o
  LD      init/mounts.o
  LD      init/built-in.o
  CC      kernel/fork.o
  CC      kernel/exec_domain.o
  CC      kernel/panic.o
  CC      arch/arm/kernel/traps.o
  CC      arch/arm/kernel/cpuidle.o
  CC      arch/arm/kernel/armksyms.o
  CC      arch/arm/kernel/module.o
  CC      arch/arm/mach-msm/memory.o
  LD      arch/arm/common/built-in.o
  AS      arch/arm/kernel/sleep.o
  CC      arch/arm/kernel/suspend.o
  LD      arch/arm/perfmon/built-in.o
  CC      mm/filemap.o
  CC      arch/arm/mm/flush.o
  CC      arch/arm/kernel/smp.o
  CC      fs/open.o
  CC      arch/arm/kernel/smp_tlb.o
  CC      arch/arm/mm/idmap.o
  CC      kernel/printk.o
  CC      arch/arm/kernel/smp_scu.o
  CC      arch/arm/kernel/kprobes.o
  CC      arch/arm/mach-msm/timer.o
  CC      arch/arm/kernel/kprobes-common.o
  CC      mm/mempool.o
  CC      arch/arm/kernel/patch.o
  CC      arch/arm/kernel/kprobes-arm.o
  CC      kernel/cpu.o
  CC      arch/arm/mm/ioremap.o
  CC      arch/arm/mach-msm/clock.o
  CC      arch/arm/mm/mmap.o
  CC      arch/arm/kernel/unwind.o
  CC      arch/arm/kernel/swp_emulate.o
  CC      arch/arm/kernel/hw_breakpoint.o
  CC      arch/arm/kernel/pmu.o
  CC      arch/arm/kernel/perf_event.o
  CC      arch/arm/mach-msm/clock-voter.o
  CC      fs/read_write.o
  CC      mm/oom_kill.o
  CC      kernel/exit.o
  CC      arch/arm/mm/pgd.o
  CC      arch/arm/mach-msm/clock-dummy.o
  CC      arch/arm/mach-msm/modem_notifier.o
  CC      arch/arm/kernel/topology.o
  CC      arch/arm/kernel/io.o
  AS      arch/arm/kernel/head.o
  CC      mm/fadvise.o
  CC      arch/arm/mach-msm/subsystem_map.o
  CC      arch/arm/mach-msm/cpufreq.o
  CC      arch/arm/kernel/init_task.o
  LDS     arch/arm/kernel/vmlinux.lds
  CC      ipc/util.o
  CC      security/keys/gc.o
  CC      arch/arm/mm/mmu.o
  CC      crypto/api.o
  CC      crypto/cipher.o
  CC      crypto/compress.o
  CC      security/keys/key.o
  CC      arch/arm/mach-msm/nohlt.o
  CC      ipc/msgutil.o
  CC      kernel/itimer.o
  TIMEC   kernel/timeconst.h
  CC      arch/arm/mach-msm/clock-debug.o
  CC      arch/arm/mach-msm/acpuclock.o
  CC      crypto/algapi.o
  CC      fs/file_table.o
  CC      crypto/scatterwalk.o
  CC      kernel/softirq.o
  CC      arch/arm/mach-msm/pmu.o
  CC      mm/maccess.o
  CC      mm/page_alloc.o
  CC      ipc/msg.o
  CC      arch/arm/mach-msm/perf_event_msm_l2.o
  CC      arch/arm/mm/vmregion.o
  CC      mm/page-writeback.o
  LD      arch/arm/kernel/built-in.o
  CC      crypto/proc.o
  CC      crypto/ablkcipher.o
  CC      crypto/blkcipher.o
  CC      arch/arm/mach-msm/perf_debug.o
  CC      security/keys/keyring.o
  CC      kernel/resource.o
  CC      crypto/ahash.o
  CC      arch/arm/mm/proc-syms.o
  AS      arch/arm/mach-msm/headsmp.o
  CC      arch/arm/mach-msm/platsmp.o
  CC      arch/arm/mm/alignment.o
  CC      crypto/shash.o
  CC      fs/super.o
  CC      arch/arm/mm/highmem.o
  CC      kernel/sysctl.o
  CC      ipc/sem.o
  CC      arch/arm/mach-msm/hotplug.o
  CC      crypto/algboss.o
  CC      crypto/testmgr.o
  CC      kernel/sysctl_binary.o
  AS      arch/arm/mach-msm/idle-v7.o
  CC      security/keys/keyctl.o
  CC      arch/arm/mach-msm/jtag.o
  AS      arch/arm/mm/abort-ev7.o
  CC      crypto/crypto_wq.o
  AS      arch/arm/mm/pabort-v7.o
  AS      arch/arm/mm/cache-v7.o
  CC      arch/arm/mach-msm/etm.o
  CC      kernel/capability.o
  CC      crypto/aead.o
  CC      arch/arm/mm/copypage-v6.o
  CC      crypto/chainiv.o
  GEN     security/selinux/flask.h security/selinux/av_permissions.h
  CC      security/selinux/avc.o
  CC      security/commoncap.o
  CC      crypto/eseqiv.o
  CC      arch/arm/mm/context.o
  CC      kernel/ptrace.o
  CC      fs/char_dev.o
  CC      security/min_addr.o
  CC      arch/arm/mach-msm/scm.o
  LD      crypto/crypto_hash.o
  AS      arch/arm/mm/tlb-v7.o
  CC      arch/arm/mach-msm/scm-boot.o
  CC      crypto/pcompress.o
  AS      arch/arm/mm/proc-v7.o
  CC      kernel/timer.o
  CC      security/keys/permission.o
  CC      security/keys/process_keys.o
  CC      security/keys/request_key.o
  LD      arch/arm/mm/built-in.o
  CC      block/elevator.o
  CC      arch/arm/mach-msm/scm-io.o
  LD      crypto/cryptomgr.o
  CC 