Script started on 2014년 02월 23일 (일) 오전 01시 18분 57초
scripts/kconfig/conf --silentoldconfig Kconfig
  CHK     include/linux/version.h
  CHK     include/generated/utsrelease.h
make[1]: `include/generated/mach-types.h'는 이미 갱신되었습니다.
  CALL    scripts/checksyscalls.sh
  CHK     include/generated/compile.h
  GZIP    kernel/config_data.gz
  CHK     kernel/config_data.h
  CC      arch/arm/mach-msm/qdsp6v2/board-msm8x60-audio.o
  CC      drivers/misc/tspdrv/tspdrv.o
drivers/misc/tspdrv/tspdrv.c:34:20: fatal error: tspdrv.h: No such file or directory
compilation terminated.
make[3]: *** [drivers/misc/tspdrv/tspdrv.o] 오류 1
make[2]: *** [drivers/misc/tspdrv] 오류 2
make[1]: *** [drivers/misc] 오류 2
make[1]: *** 끝나지 않은 작업을 기다리고 있습니다....
arch/arm/mach-msm/qdsp6v2/board-msm8x60-audio.c: In function 'msm_snddev_poweramp_on':
arch/arm/mach-msm/qdsp6v2/board-msm8x60-audio.c:607:2: warning: implicit declaration of function 'config_class_d0_gpio' [-Wimplicit-function-declaration]
arch/arm/mach-msm/qdsp6v2/board-msm8x60-audio.c:612:2: warning: implicit declaration of function 'config_class_d1_gpio' [-Wimplicit-function-declaration]
  CC      arch/arm/mach-msm/qdsp6v2/q6voice.o
arch/arm/mach-msm/qdsp6v2/board-msm8x60-audio.c: In function 'msm_snddev_init':
arch/arm/mach-msm/qdsp6v2/board-msm8x60-audio.c:2974:19: error: 'snd_devices_celox' undeclared (first use in this function)
arch/arm/mach-msm/qdsp6v2/board-msm8x60-audio.c:2974:19: note: each undeclared identifier is reported only once for each function it appears in
arch/arm/mach-msm/qdsp6v2/board-msm8x60-audio.c:2974:19: error: negative width in bit-field '<anonymous>'
arch/arm/mach-msm/qdsp6v2/board-msm8x60-audio.c:2978:5: error: negative width in bit-field '<anonymous>'
arch/arm/mach-msm/qdsp6v2/board-msm8x60-audio.c: At top level:
arch/arm/mach-msm/qdsp6v2/board-msm8x60-audio.c:879:12: warning: 'msm_snddev_enable_dmic_sec_power' defined but not used [-Wunused-function]
arch/arm/mach-msm/qdsp6v2/board-msm8x60-audio.c:899:13: warning: 'msm_snddev_disable_dmic_sec_power' defined but not used [-Wunused-function]
make[2]: *** [arch/arm/mach-msm/qdsp6v2/board-msm8x60-audio.o] 오류 1
make[2]: *** 끝나지 않은 작업을 기다리고 있습니다....
  CC      arch/arm/mach-msm/board-msm8x60_dali.o
make: *** [drivers] 오류 2
make: *** 끝나지 않은 작업을 기다리고 있습니다....
arch/arm/mach-msm/qdsp6v2/q6voice.c: In function 'voice_set_device':
arch/arm/mach-msm/qdsp6v2/q6voice.c:1486:31: error: 'struct vss_ivocproc_cmd_set_device_t' has no member named 'rx_device_id'
arch/arm/mach-msm/qdsp6v2/q6voice.c:1487:31: error: 'struct vss_ivocproc_cmd_set_device_t' has no member named 'tx_device_id'
arch/arm/mach-msm/qdsp6v2/q6voice.c:1493:31: error: 'struct vss_ivocproc_cmd_set_device_t' has no member named 'vol_index'
arch/arm/mach-msm/qdsp6v2/q6voice.c:1495:31: error: 'struct vss_ivocproc_cmd_set_device_t' has no member named 'loopback_mode_onoff'
arch/arm/mach-msm/qdsp6v2/q6voice.c:1505:2: error: 'struct vss_ivocproc_cmd_set_device_t' has no member named 'rx_device_id'
arch/arm/mach-msm/qdsp6v2/q6voice.c:1505:2: error: 'struct vss_ivocproc_cmd_set_device_t' has no member named 'tx_device_id'
arch/arm/mach-msm/qdsp6v2/q6voice.c:1505:2: error: 'struct vss_ivocproc_cmd_set_device_t' has no member named 'vol_index'
arch/arm/mach-msm/qdsp6v2/q6voice.c:1505:2: error: 'struct vss_ivocproc_cmd_set_device_t' has no member named 'loopback_mode_onoff'
arch/arm/mach-msm/qdsp6v2/q6voice.c: In function 'voice_setup_modem_voice':
arch/arm/mach-msm/qdsp6v2/q6voice.c:1654:35: error: storage size of 'vpcm_start_cmd' isn't known
arch/arm/mach-msm/qdsp6v2/q6voice.c:1704:29: error: 'struct vss_ivocproc_cmd_create_full_control_session_t' has no member named 'tx_device_id'
arch/arm/mach-msm/qdsp6v2/q6voice.c:1705:29: error: 'struct vss_ivocproc_cmd_create_full_control_session_t' has no member named 'rx_device_id'
arch/arm/mach-msm/qdsp6v2/q6voice.c:1707:29: error: 'struct vss_ivocproc_cmd_create_full_control_session_t' has no member named 'vol_index'
arch/arm/mach-msm/qdsp6v2/q6voice.c:1709:29: error: 'struct vss_ivocproc_cmd_create_full_control_session_t' has no member named 'loopback_mode_onoff'
arch/arm/mach-msm/qdsp6v2/q6voice.c:1721:2: error: 'struct vss_ivocproc_cmd_create_full_control_session_t' has no member named 'rx_device_id'
arch/arm/mach-msm/qdsp6v2/q6voice.c:1721:2: error: 'struct vss_ivocproc_cmd_create_full_control_session_t' has no member named 'tx_device_id'
arch/arm/mach-msm/qdsp6v2/q6voice.c:1721:2: error: 'struct vss_ivocproc_cmd_create_full_control_session_t' has no member named 'vol_index'
arch/arm/mach-msm/qdsp6v2/q6voice.c:1721:2: error: 'struct vss_ivocproc_cmd_create_full_control_session_t' has no member named 'loopback_mode_onoff'
arch/arm/mach-msm/qdsp6v2/q6voice.c:1654:35: warning: unused variable 'vpcm_start_cmd' [-Wunused-variable]
arch/arm/mach-msm/qdsp6v2/q6voice.c: In function 'voice_destroy_modem_voice':
arch/arm/mach-msm/qdsp6v2/q6voice.c:2019:35: error: storage size of 'vpcm_start_cmd' isn't known
arch/arm/mach-msm/qdsp6v2/q6voice.c:2019:35: warning: unused variable 'vpcm_start_cmd' [-Wunused-variable]
make[2]: *** [arch/arm/mach-msm/qdsp6v2/q6voice.o] 오류 1
make[1]: *** [arch/arm/mach-msm/qdsp6v2] 오류 2
make[1]: *** 끝나지 않은 작업을 기다리고 있습니다....
arch/arm/mach-msm/board-msm8x60_dali.c:9636:2: warning: initialization from incompatible pointer type [enabled by default]
arch/arm/mach-msm/board-msm8x60_dali.c:9636:2: warning: (near initialization for 'surf_devices[49]') [enabled by default]
make: *** [arch/arm/mach-msm] 오류 2
