Script started on 2014년 10월 20일 (월) 오전 12시 58분 19초
scripts/kconfig/conf --silentoldconfig Kconfig
  CHK     include/linux/version.h
  UPD     include/linux/version.h
  WRAP    arch/arm/include/generated/asm/auxvec.h
  WRAP    arch/arm/include/generated/asm/bitsperlong.h
  WRAP    arch/arm/include/generated/asm/cputime.h
  WRAP    arch/arm/include/generated/asm/emergency-restart.h
  WRAP    arch/arm/include/generated/asm/errno.h
  WRAP    arch/arm/include/generated/asm/ioctl.h
  WRAP    arch/arm/include/generated/asm/irq_regs.h
  WRAP    arch/arm/include/generated/asm/kdebug.h
  WRAP    arch/arm/include/generated/asm/local.h
  WRAP    arch/arm/include/generated/asm/local64.h
  WRAP    arch/arm/include/generated/asm/percpu.h
  WRAP    arch/arm/include/generated/asm/poll.h
  WRAP    arch/arm/include/generated/asm/resource.h
  WRAP    arch/arm/include/generated/asm/sections.h
  WRAP    arch/arm/include/generated/asm/siginfo.h
  WRAP    arch/arm/include/generated/asm/sizes.h
  HOSTCC  scripts/genksyms/genksyms.o
  SHIPPED scripts/genksyms/lex.lex.c
  SHIPPED scripts/genksyms/keywords.hash.c
  SHIPPED scripts/genksyms/parse.tab.h
  SHIPPED scripts/genksyms/parse.tab.c
  HOSTCC  scripts/genksyms/lex.lex.o
  CC      scripts/mod/empty.o
  HOSTCC  scripts/genksyms/parse.tab.o
  HOSTCC  scripts/mod/mk_elfconfig
  HOSTLD  scripts/genksyms/genksyms
  HOSTCC  scripts/selinux/genheaders/genheaders
  HOSTCC  scripts/kallsyms
  MKELF   scripts/mod/elfconfig.h
  HOSTCC  scripts/mod/file2alias.o
  HOSTCC  scripts/conmakehash
  HOSTCC  scripts/selinux/mdp/mdp
  HOSTCC  scripts/bin2c
  HOSTCC  scripts/mod/modpost.o
  HOSTCC  scripts/mod/sumversion.o
  HOSTLD  scripts/mod/modpost
^[[3;5~  CHK     include/generated/utsrelease.h
  UPD     include/generated/utsrelease.h
  Generating include/generated/mach-types.h
  CC      kernel/bounds.s
  GEN     include/generated/bounds.h
  CC      arch/arm/kernel/asm-offsets.s
  GEN     include/generated/asm-offsets.h
  CALL    scripts/checksyscalls.sh
  CC      init/main.o
  CC      arch/arm/vfp/vfpmodule.o
  HOSTCC  usr/gen_init_cpio
  CC      arch/arm/kernel/elf.o
  GEN     usr/initramfs_data.cpio
  AS      usr/initramfs_data.o
  LD      usr/built-in.o
  AS      arch/arm/vfp/entry.o
  AS      arch/arm/kernel/entry-armv.o
  AS      arch/arm/vfp/vfphw.o
  AS      arch/arm/kernel/entry-common.o
  CC      arch/arm/kernel/irq.o
  CC      arch/arm/mm/dma-mapping.o
  CC      arch/arm/vfp/vfpsingle.o
  CC      arch/arm/vfp/vfpdouble.o
  CC      arch/arm/kernel/opcodes.o
  CC      arch/arm/kernel/process.o
  CHK     include/generated/compile.h
  CC      arch/arm/mm/extable.o
  UPD     include/generated/compile.h
  CC      init/do_mounts.o
  LD      arch/arm/vfp/vfp.o
  LD      arch/arm/vfp/built-in.o
  CC      arch/arm/mm/fault.o
  CC      arch/arm/common/gic.o
  CC      arch/arm/kernel/ptrace.o
  CC      arch/arm/mm/init.o
  CC      arch/arm/kernel/return_address.o
arch/arm/kernel/return_address.c:62:2: warning: #warning "TODO: return_address should use unwind tables" [-Wcpp]
  CC      arch/arm/common/cpaccess.o
arch/arm/kernel/return_address.c:62:2: warning: #warning "TODO: return_address should use unwind tables" [-Wcpp]
  CC      arch/arm/kernel/sched_clock.o
  CC      init/do_mounts_rd.o
  CC      arch/arm/kernel/setup.o
  LD      arch/arm/common/built-in.o
  LD      arch/arm/net/built-in.o
  CC      arch/arm/mach-msm/io.o
  CC      arch/arm/mm/iomap.o
  CC      init/do_mounts_initrd.o
  CC      arch/arm/mm/fault-armv.o
  CC      arch/arm/mach-msm/dma.o
  CC      arch/arm/kernel/signal.o
  CC      init/initramfs.o
  CC      arch/arm/mm/flush.o
  CC      arch/arm/kernel/stacktrace.o
  CC      arch/arm/mach-msm/memory.o
  CC      arch/arm/mm/idmap.o
  CC      init/calibrate.o
  CC      arch/arm/kernel/sys_arm.o
  CC      init/version.o
  CC      arch/arm/mm/ioremap.o
  CC      arch/arm/mach-msm/timer.o
  LD      init/mounts.o
  LD      init/built-in.o
  CC      arch/arm/perfmon/perf-function-hooks.o
  CC      arch/arm/kernel/time.o
  CC      arch/arm/mm/mmap.o
  CC      arch/arm/kernel/traps.o
  LD      arch/arm/perfmon/built-in.o
  CC      kernel/fork.o
  CC      arch/arm/mach-msm/clock.o
  CC      arch/arm/mm/pgd.o
  CC      arch/arm/mm/mmu.o
  CC      arch/arm/kernel/cpuidle.o
  CC      arch/arm/mach-msm/clock-voter.o
  CC      arch/arm/kernel/armksyms.o
  CC      arch/arm/mach-msm/clock-dummy.o
  CC      arch/arm/mach-msm/modem_notifier.o
  CC      arch/arm/mm/vmregion.o
  CC      arch/arm/kernel/module.o
  CC      arch/arm/mach-msm/subsystem_map.o
  CC      arch/arm/mm/proc-syms.o
  AS      arch/arm/kernel/sleep.o
  CC      kernel/exec_domain.o
  CC      arch/arm/kernel/suspend.o
  CC      arch/arm/mach-msm/cpufreq.o
  CC      arch/arm/mm/alignment.o
  CC      arch/arm/kernel/smp.o
  CC      kernel/panic.o
  CC      arch/arm/mach-msm/nohlt.o
  CC      arch/arm/mm/highmem.o
  CC      arch/arm/kernel/smp_tlb.o
  CC      arch/arm/mach-msm/clock-debug.o
  CC      kernel/printk.o
  CC      arch/arm/kernel/smp_scu.o
make[1]: *** [kernel/printk.o] 종료됨
make: *** [kernel] 종료됨
  CC      arch/arm/kernel/kprobes.o
make: *** 끝나지 않은 작업을 기다리고 있습니다....
  CC      arch/arm/mach-msm/acpuclock.o
  AS      arch/arm/mm/abort-ev7.o
  AS      arch/arm/mm/pabort-v7.o
  CC      arch/arm/kernel/kprobes-common.o
  AS      arch/arm/mm/cache-v7.o
  CC      arch/arm/mach-msm/perf_trace_counters.o
  CC      arch/arm/mm/copypage-v6.o
  CC      arch/arm/kernel/patch.o
  CC      arch/arm/kernel/kprobes-arm.o
  CC      arch/arm/mm/context.o
  CC      arch/arm/mach-msm/pmu.o
  CC      arch/arm/kernel/unwind.o
  CC      arch/arm/kernel/swp_emulate.o
  AS      arch/arm/mm/tlb-v7.o
  CC      arch/arm/mach-msm/perf_event_msm_l2.o
  AS      arch/arm/mm/proc-v7.o
  LD      arch/arm/mm/built-in.o
  CC      arch/arm/kernel/hw_breakpoint.o
  CC      arch/arm/kernel/pmu.o
  CC      arch/arm/kernel/perf_event.o
  CC      arch/arm/mach-msm/perf_debug.o
  CC      arch/arm/kernel/topology.o
  AS      arch/arm/mach-msm/headsmp.o
  CC      arch/arm/kernel/io.o
  CC      arch/arm/mach-msm/platsmp.o
  AS      arch/arm/kernel/head.o
  CC      arch/arm/kernel/init_task.o
  LDS     arch/arm/kernel/vmlinux.lds
  CC      arch/arm/mach-msm/hotplug.o
  AS      arch/arm/mach-msm/idle-v7.o
  CC      arch/arm/mach-msm/jtag.o
  CC      arch/arm/mach-msm/etm.o
  CC      arch/arm/mach-msm/scm.o
  LD      arch/arm/kernel/built-in.o
  CC      arch/arm/mach-msm/scm-boot.o
  CC      arch/arm/mach-msm/scm-io.o
  CC      arch/arm/mach-msm/peripheral-loader.o
  CC      arch/arm/mach-msm/scm-pas.o
  CC      arch/arm/mach-msm/pil-q6v3.o
  CC      arch/arm/mach-msm/pil-tzapps.o
  CC      arch/arm/mach-msm/pil-modem.o
  CC      arch/arm/mach-msm/sdio_al.o
  CC      arch/arm/mach-msm/sdio_al_test.o
  CC      arch/arm/mach-msm/sdio_al_dloader.o
  CC      arch/arm/mach-msm/sdio_dmux.o
  CC      arch/arm/mach-msm/smem_log.o
  CC      arch/arm/mach-msm/smd.o
  CC      arch/arm/mach-msm/smd_debug.o
arm-eabi-gcc: internal compiler error: Terminated (program cc1)
Please submit a full bug report,
with preprocessed source if appropriate.
See <http://gcc.gnu.org/bugs.html> for instructions.
make[1]: *** [arch/arm/mach-msm/sdio_al_test.o] 오류 4
make[1]: *** 끝나지 않은 작업을 기다리고 있습니다....
make: *** [arch/arm/mach-msm] 오류 2
