Script started on 2014년 07월 06일 (일) 오후 07시 15분 40초
scripts/kconfig/conf --silentoldconfig Kconfig
  WRAP    arch/arm/include/generated/asm/auxvec.h
  WRAP    arch/arm/include/generated/asm/bitsperlong.h
  WRAP    arch/arm/include/generated/asm/cputime.h
  WRAP    arch/arm/include/generated/asm/emergency-restart.h
  WRAP    arch/arm/include/generated/asm/errno.h
  WRAP    arch/arm/include/generated/asm/ioctl.h
  WRAP    arch/arm/include/generated/asm/irq_regs.h
  WRAP    arch/arm/include/generated/asm/local.h
  WRAP    arch/arm/include/generated/asm/local64.h
  WRAP    arch/arm/include/generated/asm/kdebug.h
  WRAP    arch/arm/include/generated/asm/percpu.h
  WRAP    arch/arm/include/generated/asm/poll.h
  WRAP    arch/arm/include/generated/asm/resource.h
  WRAP    arch/arm/include/generated/asm/sections.h
  WRAP    arch/arm/include/generated/asm/sizes.h
  WRAP    arch/arm/include/generated/asm/siginfo.h
  CHK     include/linux/version.h
  UPD     include/linux/version.h
  CHK     include/generated/utsrelease.h
  UPD     include/generated/utsrelease.h
  HOSTCC  scripts/genksyms/genksyms.o
  CC      scripts/mod/empty.o
  SHIPPED scripts/genksyms/lex.lex.c
  HOSTCC  scripts/mod/mk_elfconfig
  SHIPPED scripts/genksyms/keywords.hash.c
  SHIPPED scripts/genksyms/parse.tab.h
  HOSTCC  scripts/kallsyms
  SHIPPED scripts/genksyms/parse.tab.c
  HOSTCC  scripts/genksyms/lex.lex.o
  HOSTCC  scripts/selinux/mdp/mdp
  HOSTCC  scripts/genksyms/parse.tab.o
  HOSTCC  scripts/selinux/genheaders/genheaders
  HOSTCC  scripts/conmakehash
  HOSTCC  scripts/bin2c
  Generating include/generated/mach-types.h
  CC      kernel/bounds.s
  MKELF   scripts/mod/elfconfig.h
  HOSTCC  scripts/mod/file2alias.o
  HOSTCC  scripts/mod/modpost.o
  HOSTCC  scripts/mod/sumversion.o
  GEN     include/generated/bounds.h
  CC      arch/arm/kernel/asm-offsets.s
  GEN     include/generated/asm-offsets.h
  CALL    scripts/checksyscalls.sh
  HOSTLD  scripts/genksyms/genksyms
  HOSTLD  scripts/mod/modpost
  CC      init/main.o
  CHK     include/generated/compile.h
  CC      init/do_mounts_rd.o
  CC      init/do_mounts.o
  CC      init/do_mounts_initrd.o
  CC      init/initramfs.o
  CC      init/calibrate.o
  HOSTCC  usr/gen_init_cpio
  CC      arch/arm/vfp/vfpmodule.o
  AS      arch/arm/vfp/entry.o
  AS      arch/arm/vfp/vfphw.o
  CC      arch/arm/vfp/vfpsingle.o
  CC      arch/arm/vfp/vfpdouble.o
  CC      arch/arm/kernel/elf.o
  AS      arch/arm/kernel/entry-armv.o
  UPD     include/generated/compile.h
  CC      arch/arm/mm/dma-mapping.o
  CC      init/version.o
  CC      arch/arm/mm/extable.o
  CC      arch/arm/common/gic.o
  AS      arch/arm/kernel/entry-common.o
  CC      arch/arm/kernel/irq.o
  CC      arch/arm/kernel/opcodes.o
  CC      arch/arm/mm/fault.o
  CC      arch/arm/kernel/process.o
  GEN     usr/initramfs_data.cpio
  CC      arch/arm/kernel/ptrace.o
  AS      usr/initramfs_data.o
  CC      arch/arm/kernel/return_address.o
  CC      arch/arm/kernel/sched_clock.o
  LD      usr/built-in.o
  LD      arch/arm/net/built-in.o
  CC      arch/arm/kernel/setup.o
  CC      arch/arm/mach-msm/io.o
  CC      arch/arm/mach-msm/dma.o
  CC      arch/arm/mm/init.o
arch/arm/kernel/return_address.c:62:2: warning: #warning "TODO: return_address should use unwind tables" [-Wcpp]  CC      arch/arm/mm/iomap.o

  CC      arch/arm/mm/fault-armv.o
arch/arm/kernel/return_address.c:62:2: warning: #warning "TODO: return_address should use unwind tables" [-Wcpp]
  CC      arch/arm/kernel/signal.o
  CC      arch/arm/mm/flush.o
  LD      arch/arm/vfp/vfp.o
  LD      arch/arm/vfp/built-in.o
  CC      arch/arm/perfmon/perf-function-hooks.o
  LD      init/mounts.o
  CC      arch/arm/mm/idmap.o
  LD      init/built-in.o
  CC      arch/arm/mach-msm/memory.o
  CC      arch/arm/common/cpaccess.o
  CC      kernel/fork.o
  CC      arch/arm/mm/ioremap.o
  CC      arch/arm/mm/mmap.o
  CC      arch/arm/kernel/stacktrace.o
  CC      arch/arm/mm/pgd.o
  CC      arch/arm/mm/mmu.o
  CC      arch/arm/mm/vmregion.o
  LD      arch/arm/perfmon/built-in.o
  CC      arch/arm/kernel/sys_arm.o
  CC      mm/filemap.o
  CC      arch/arm/mach-msm/timer.o
  LD      arch/arm/common/built-in.o
  CC      arch/arm/mm/proc-syms.o
  CC      arch/arm/kernel/time.o
  CC      fs/open.o
  CC      arch/arm/mm/alignment.o
  CC      arch/arm/kernel/traps.o
  CC      arch/arm/kernel/cpuidle.o
  CC      arch/arm/mach-msm/clock.o
  CC      arch/arm/mach-msm/clock-voter.o
  CC      arch/arm/mm/highmem.o
  CC      arch/arm/kernel/armksyms.o
  CC      arch/arm/kernel/module.o
  CC      ipc/util.o
  AS      arch/arm/kernel/sleep.o
  CC      fs/read_write.o
  CC      arch/arm/mach-msm/clock-dummy.o
  AS      arch/arm/mm/abort-ev7.o
  CC      arch/arm/kernel/suspend.o
  CC      arch/arm/kernel/smp.o
  AS      arch/arm/mm/pabort-v7.o
  CC      arch/arm/kernel/smp_tlb.o
  AS      arch/arm/mm/cache-v7.o
  CC      arch/arm/mm/copypage-v6.o
  CC      arch/arm/mach-msm/modem_notifier.o
  CC      arch/arm/mm/context.o
  CC      arch/arm/mach-msm/subsystem_map.o
  CC      arch/arm/kernel/smp_scu.o
  CC      security/keys/gc.o
  CC      arch/arm/kernel/kprobes.o
  CC      fs/file_table.o
  CC      arch/arm/kernel/kprobes-common.o
  CC      arch/arm/kernel/patch.o
  CC      fs/super.o
  CC      fs/char_dev.o
  CC      arch/arm/kernel/kprobes-arm.o
  CC      arch/arm/mach-msm/cpufreq.o
  AS      arch/arm/mm/tlb-v7.o
  CC      ipc/msgutil.o
  AS      arch/arm/mm/proc-v7.o
  CC      arch/arm/kernel/unwind.o
  LD      arch/arm/mm/built-in.o
  CC      security/keys/key.o
  CC      arch/arm/kernel/swp_emulate.o
  CC      crypto/api.o
  CC      security/keys/keyring.o
  CC      block/elevator.o
  CC      block/blk-core.o
  CC      ipc/msg.o
  CC      arch/arm/kernel/hw_breakpoint.o
  CC      kernel/exec_domain.o
  CC      fs/stat.o
  CC      mm/mempool.o
  CC      fs/exec.o
  CC      fs/pipe.o
  CC      arch/arm/kernel/pmu.o
  CC      arch/arm/mach-msm/nohlt.o
  CC      arch/arm/kernel/perf_event.o
  CC      arch/arm/mach-msm/clock-debug.o
  CC      security/keys/keyctl.o
  CC      fs/namei.o
  CC      arch/arm/kernel/topology.o
  CC      kernel/panic.o
  CC      security/keys/permission.o
  CC      crypto/cipher.o
  CC      arch/arm/kernel/io.o
  CC      ipc/sem.o
  CC      fs/fcntl.o
  AS      arch/arm/kernel/head.o
  CC      arch/arm/kernel/init_task.o
  CC      block/blk-tag.o
  CC      block/blk-sysfs.o
  CC      mm/oom_kill.o
  CC      arch/arm/mach-msm/acpuclock.o
  CC      security/keys/process_keys.o
  CC      crypto/compress.o
  CC      kernel/printk.o
  CC      arch/arm/mach-msm/pmu.o
  CC      crypto/algapi.o
  CC      fs/ioctl.o
  CC      security/keys/request_key.o
  CC      crypto/scatterwalk.o
  CC      block/blk-flush.o
  CC      arch/arm/mach-msm/perf_event_msm_l2.o
  CC      arch/arm/mach-msm/perf_debug.o
  AS      arch/arm/mach-msm/headsmp.o
  CC      arch/arm/mach-msm/platsmp.o
  LDS     arch/arm/kernel/vmlinux.lds
  LD      arch/arm/kernel/built-in.o
  LD      drivers/auxdisplay/built-in.o
  CC      arch/arm/mach-msm/hotplug.o
  CC      drivers/base/core.o
  CC      fs/readdir.o
  CC      mm/fadvise.o
  AS      arch/arm/mach-msm/idle-v7.o
  CC      security/keys/request_key_auth.o
  CC      security/keys/user_defined.o
  CC      arch/arm/mach-msm/jtag.o
  CC      kernel/cpu.o
  CC      block/blk-settings.o
  CC      fs/select.o
  CC      ipc/shm.o
  CC      fs/fifo.o
  CC      arch/arm/mach-msm/etm.o
  CC      security/keys/proc.o
  CC      security/keys/sysctl.o
  CC      fs/dcache.o
  CC      mm/maccess.o
  CC      fs/inode.o
  CC      kernel/exit.o
  CC      crypto/proc.o
  CC      mm/page_alloc.o
  CC      mm/page-writeback.o
  CC      kernel/itimer.o
  CC      arch/arm/mach-msm/scm.o
  CC      block/blk-ioc.o
  LD      security/keys/built-in.o
  GEN     security/selinux/flask.h security/selinux/av_permissions.h
  CC      crypto/ablkcipher.o
  CC      arch/arm/mach-msm/scm-boot.o
  CC      security/selinux/avc.o
  CC      block/blk-map.o
  CC      drivers/base/bus.o
  CC      ipc/ipcns_notifier.o
  CC      arch/arm/mach-msm/scm-io.o
  CC      fs/attr.o
  CC      arch/arm/mach-msm/peripheral-loader.o
  CC      fs/bad_inode.o
  CC      ipc/syscall.o
  TIMEC   kernel/timeconst.h
defined(@array) is deprecated at kernel/timeconst.pl line 373.
	(Maybe you should just omit the defined()?)
  CC      ipc/ipc_sysctl.o
  CC      kernel/softirq.o
  CC      kernel/resource.o
  CC      block/blk-exec.o
  LD      ipc/built-in.o
  CC      security/selinux/hooks.o
  CC      fs/file.o
  CC      fs/filesystems.o
  CC      block/blk-merge.o
  CC      drivers/base/dd.o
  CC      crypto/blkcipher.o
  CC      security/selinux/selinuxfs.o
  CC      arch/arm/mach-msm/scm-pas.o
  CC      arch/arm/mach-msm/pil-q6v3.o
  CC      arch/arm/mach-msm/pil-tzapps.o
  CC      arch/arm/mach-msm/pil-modem.o
  CC      fs/namespace.o
  CC      kernel/sysctl.o
  CC      drivers/base/syscore.o
  CC      fs/seq_file.o
  CC      fs/xattr.o
  CC      arch/arm/mach-msm/smem_log.o
  CC      arch/arm/mach-msm/smd.o
  CC      block/blk-softirq.o
  CC      mm/readahead.o
  CC      kernel/sysctl_binary.o
  CC      arch/arm/mach-msm/smd_debug.o
  CC      drivers/base/driver.o
  CC      crypto/ahash.o
  CC      drivers/base/class.o
  CC      fs/libfs.o
  CC      block/blk-timeout.o
  CC      fs/fs-writeback.o
  CC      mm/swap.o
  CC      kernel/capability.o
  CC      arch/arm/mach-msm/remote_spinlock.o
  CC      fs/pnode.o
  CC      security/selinux/netlink.o
  CC      mm/truncate.o
  CC      drivers/base/platform.o
  CC      crypto/shash.o
  CC      arch/arm/mach-msm/smd_private.o
  CC      fs/drop_caches.o
  CC      arch/arm/mach-msm/socinfo.o
  CC      block/blk-iopoll.o
  CC      kernel/ptrace.o
  CC      security/selinux/nlmsgtab.o
  CC      arch/arm/mach-msm/smd_tty.o
  CC      kernel/timer.o
  CC      fs/splice.o
  CC      fs/sync.o
  CC      mm/vmscan.o
  CC      mm/shmem.o
  CC      security/selinux/netif.o
  CC      arch/arm/mach-msm/smd_pkt.o
  CC      drivers/base/cpu.o
  CC      fs/utimes.o
  CC      block/blk-lib.o
  CC      crypto/algboss.o
  CC      arch/arm/mach-msm/msm_dsps.o
  CC      drivers/base/firmware.o
  CC      fs/stack.o
  CC      kernel/user.o
  CC      drivers/base/init.o
  CC      fs/fs_struct.o
  CC      fs/statfs.o
  CC      security/selinux/netnode.o
  CC      block/ioctl.o
  CC      drivers/base/map.o
  CC      kernel/signal.o
  CC      arch/arm/mach-msm/smd_rpcrouter.o
  CC      arch/arm/mach-msm/smd_rpcrouter_device.o
  CC      security/selinux/netport.o
  CC      crypto/testmgr.o
  CC      fs/buffer.o
  CC      arch/arm/mach-msm/smd_rpc_sym.o
  CC      drivers/base/devres.o
  CC      fs/bio.o
  CC      arch/arm/mach-msm/smd_rpcrouter_servers.o
  CC      fs/block_dev.o
  CC      crypto/crypto_wq.o
  CC      kernel/sys.o
  CC      arch/arm/mach-msm/smd_rpcrouter_clients.o
  CC      security/selinux/exports.o
  CC      security/selinux/ss/ebitmap.o
  CC      block/genhd.o
  CC      kernel/kmod.o
  CC      drivers/base/attribute_container.o
  CC      security/selinux/ss/hashtab.o
  LD      crypto/crypto_algapi.o
  CC      crypto/aead.o
  CC      mm/prio_tree.o
  CC      arch/arm/mach-msm/smd_rpcrouter_xdr.o
  CC      security/selinux/ss/symtab.o
  CC      drivers/base/transport_class.o
  CC      security/selinux/ss/sidtab.o
  CC      mm/util.o
  CC      arch/arm/mach-msm/rpcrouter_smd_xprt.o
  CC      security/selinux/ss/avtab.o
  CC      drivers/base/topology.o
  CC      arch/arm/mach-msm/ping_mdm_rpc_client.o
  CC      arch/arm/mach-msm/ping_apps_server.o
  CC      kernel/workqueue.o
  CC      drivers/base/sys.o
  CC      fs/direct-io.o
  LD      crypto/crypto_blkcipher.o
  CC      crypto/chainiv.o
  CC      fs/mpage.o
  CC      kernel/pid.o
  CC      security/selinux/ss/policydb.o
  CC      arch/arm/mach-msm/oem_rapi_client.o
  CC      drivers/base/power/sysfs.o
  CC      drivers/base/regmap/regmap.o
  CC      block/scsi_ioctl.o
  CC      drivers/base/regmap/regcache.o
  CC      crypto/eseqiv.o
  CC      mm/mmzone.o
  CC      kernel/rcupdate.o
  CC      mm/vmstat.o
  CC      mm/backing-dev.o
  CC      fs/ioprio.o
  CC      arch/arm/mach-msm/dal.o
  CC      arch/arm/mach-msm/msm_bus/msm_bus_core.o
  CC      drivers/base/power/generic_ops.o
  CC      drivers/base/power/common.o
  CC      drivers/base/power/qos.o
  LD      crypto/crypto_hash.o
  CC      crypto/pcompress.o
  LD      crypto/cryptomgr.o
  CC      crypto/hmac.o
  CC      security/selinux/ss/services.o
  CC      drivers/base/power/main.o
  CC      arch/arm/mach-msm/msm_bus/msm_bus_fabric.o
  CC      drivers/base/power/wakeup.o
  CC      block/partition-generic.o
  CC      fs/proc_namespace.o
  CC      drivers/base/power/runtime.o
  CC      mm/page_isolation.o
  CC      crypto/xcbc.o
  CC      drivers/base/regmap/regcache-rbtree.o
  CC      crypto/crypto_null.o
  CC      mm/mm_init.o
  CC      mm/mmu_context.o
  CC      arch/arm/mach-msm/qdsp6v2/audio_dev_ctl.o
  CC      arch/arm/mach-msm/msm_bus/msm_bus_config.o
  CC      fs/cifs/cifsfs.o
  CC      mm/percpu.o
  CC      crypto/md4.o
  CC      crypto/md5.o
  CC      drivers/base/power/clock_ops.o
  CC      drivers/base/regmap/regcache-lzo.o
  CC      block/partitions/check.o
  CC      block/partitions/msdos.o
  CC      sound/sound_core.o
  CC      arch/arm/mach-msm/msm_bus/msm_bus_arb.o
  CC      crypto/sha1_generic.o
  CC      crypto/sha256_generic.o
  CC      kernel/extable.o
  CC      kernel/params.o
  CC      drivers/base/regmap/regmap-debugfs.o
  LD      sound/arm/built-in.o
  LD      sound/atmel/built-in.o
  CC      sound/core/hwdep.o
  CC      security/selinux/ss/conditional.o
  CC      kernel/posix-timers.o
  LD      drivers/base/power/built-in.o
  CC      kernel/kthread.o
  CC      drivers/base/dma-mapping.o
  LD      block/partitions/built-in.o
  CC      block/bsg.o
  CC      arch/arm/mach-msm/qdsp6v2/board-msm8x60-audio.o
  CC      crypto/ecb.o
  CC      drivers/base/regmap/regmap-i2c.o
  CC      fs/debugfs/inode.o
  CC      arch/arm/mach-msm/msm_bus/msm_bus_bimc.o
  CC      fs/cifs/cifssmb.o
  CC      fs/debugfs/file.o
  CC      kernel/wait.o
  CC      sound/core/memalloc.o
  CC      crypto/cbc.o
  CC      drivers/base/regmap/regmap-spi.o
  CC      security/selinux/ss/mls.o
  CC      kernel/kfifo.o
  CC      crypto/des_generic.o
  CC      security/selinux/ss/status.o
  CC      mm/compaction.o
  CC      arch/arm/mach-msm/msm_bus/msm_bus_noc.o
  CC      kernel/sys_ni.o
  CC      arch/arm/mach-msm/qdsp6v2/snddev_icodec.o
  LD      drivers/base/regmap/built-in.o
  LD      firmware/built-in.o
  CC      kernel/posix-cpu-timers.o
  CC      kernel/mutex.o
  CC      drivers/base/dma-coherent.o
  CC      crypto/twofish_generic.o
  CC      arch/arm/oprofile/../../../drivers/oprofile/oprof.o
  LD      fs/debugfs/debugfs.o
  LD      fs/debugfs/built-in.o
  CC      fs/devpts/inode.o
  CC      sound/core/pcm.o
  CC      block/noop-iosched.o
  CC      block/deadline-iosched.o
  CC      arch/arm/mach-msm/msm_bus/msm_bus_of.o
  CC      kernel/hrtimer.o
  CC      arch/arm/oprofile/../../../drivers/oprofile/cpu_buffer.o
  CC      drivers/base/dma-buf.o
  LD      security/selinux/selinux.o
  CC      arch/arm/oprofile/../../../drivers/oprofile/buffer_sync.o
  LD      security/selinux/built-in.o
  CC      crypto/twofish_common.o
  LD      fs/devpts/devpts.o
  LD      fs/devpts/built-in.o
  CC      fs/ecryptfs/dentry.o
  CC      block/cfq-iosched.o
  CC      security/commoncap.o
  CC      arch/arm/mach-msm/msm_bus/msm_bus_rpm.o
  CC      arch/arm/mach-msm/qdsp6v2/snddev_ecodec.o
  CC      crypto/aes_generic.o
  CC      mm/fremap.o
  CC      arch/arm/oprofile/../../../drivers/oprofile/event_buffer.o
  CC [M]  block/test-iosched.o
  CC      fs/ecryptfs/file.o
  CC      drivers/base/genlock.o
  CC      arch/arm/oprofile/../../../drivers/oprofile/oprofile_files.o
  CC      arch/arm/mach-msm/qdsp6v2/snddev_mi2s.o
  CC      kernel/rwsem.o
  CC      sound/core/pcm_native.o
  CC      arch/arm/oprofile/../../../drivers/oprofile/oprofilefs.o
  CC      arch/arm/oprofile/../../../drivers/oprofile/oprofile_stats.o
  CC      mm/highmem.o
  CC      arch/arm/mach-msm/msm_bus/msm_bus_board_8660.o
  CC      kernel/nsproxy.o
  CC      security/min_addr.o
  CC      crypto/arc4.o
  CC      fs/ecryptfs/inode.o
  CC      arch/arm/oprofile/../../../drivers/oprofile/timer_int.o
  CC      arch/arm/oprofile/../../../drivers/oprofile/oprofile_perf.o
  CC      kernel/srcu.o
  CC      security/security.o
  CC      arch/arm/mach-msm/qdsp6v2/snddev_virtual.o
  CC      crypto/deflate.o
  CC      arch/arm/mach-msm/msm_bus/msm_bus_dbg.o
  CC      arch/arm/oprofile/common.o
  CC      arch/arm/mach-msm/qdsp6v2/pcm_out.o
  CC      kernel/semaphore.o
  CC      kernel/notifier.o
  CC      crypto/crc32c.o
  CC      drivers/base/firmware_class.o
  CC      kernel/ksysfs.o
  CC      crypto/authenc.o
  CC      crypto/authencesn.o
  LD      arch/arm/oprofile/oprofile.o
  CC      mm/madvise.o
  LD      arch/arm/oprofile/built-in.o
  CC      net/socket.o
  CC      kernel/cred.o
  CC      crypto/lzo.o
  CC      fs/ecryptfs/main.o
  LD      arch/arm/mach-msm/msm_bus/built-in.o
  CC      arch/arm/mach-msm/qdsp6v2/pcm_in.o
  CC      kernel/async.o
  CC      arch/arm/mach-msm/pm-boot.o
  CC      crypto/rng.o
  CC      crypto/krng.o
  LD      block/built-in.o
  CC      mm/memory.o
  CC      arch/arm/mach-msm/pm-8x60.o
  LD      arch/arm/lib/built-in.o
  AS      arch/arm/lib/ashldi3.o
  CC      security/capability.o
  CC      drivers/base/module.o
  AS      arch/arm/lib/ashrdi3.o
  AS      arch/arm/lib/backtrace.o
  CC [M]  crypto/ansi_cprng.o
  AS      arch/arm/lib/call_with_stack.o
  LD      crypto/crypto.o
  CC      kernel/range.o
  AS      arch/arm/lib/changebit.o
  CC      kernel/groups.o
  CC      drivers/base/sync.o
  CC      arch/arm/mach-msm/qdsp6v2/fm.o
  LD      fs/exofs/built-in.o
  AS      arch/arm/lib/clear_user.o
  CC      fs/cifs/cifs_debug.o
  CC      fs/ext2/balloc.o
  CC      fs/ecryptfs/super.o
  CC      kernel/events/core.o
  AS      arch/arm/lib/clearbit.o
  LD      crypto/built-in.o
  CC      kernel/irq/irqdesc.o
  AS      arch/arm/lib/copy_from_user.o
  AS      arch/arm/lib/copy_page.o
  AS      arch/arm/lib/copy_to_user.o
  AS      arch/arm/lib/csumipv6.o
  AS      arch/arm/lib/csumpartial.o
  AS      arch/arm/lib/csumpartialcopy.o
  AS      arch/arm/lib/csumpartialcopyuser.o
  CC      arch/arm/lib/delay.o
  CC      fs/ecryptfs/mmap.o
  AS      arch/arm/lib/div64.o
  CC      arch/arm/mach-msm/qdsp6v2/audio_lpa.o
  AS      arch/arm/lib/findbit.o
  CC      lib/bcd.o
  AS      arch/arm/lib/getuser.o
  CC      lib/div64.o
  CC      security/lsm_audit.o
  CC      kernel/irq/handle.o
  AS      arch/arm/lib/io-readsb.o
  AS      arch/arm/lib/io-readsl.o
  CC      kernel/power/qos.o
  AS      arch/arm/lib/io-readsw-armv4.o
  AS      arch/arm/lib/io-writesb.o
  CC      kernel/power/main.o
  CC      arch/arm/mach-msm/pm-data.o
  AS      arch/arm/lib/io-writesl.o
  CC      lib/sort.o
  AS      arch/arm/lib/io-writesw-armv4.o
  CC      arch/arm/mach-msm/pm-stats.o
  AS      arch/arm/lib/lib1funcs.o
  CC      fs/cifs/connect.o
  AS      arch/arm/lib/lshrdi3.o
  CC      kernel/irq/manage.o
  CC      fs/ext2/dir.o
  AS      arch/arm/lib/memchr.o
  CC      fs/ecryptfs/read_write.o
  CC      lib/parser.o
  AS      arch/arm/lib/memcpy.o
  CC      sound/core/pcm_lib.o
  AS      arch/arm/lib/memmove.o
  AS      arch/arm/lib/memset.o
  LD      net/802/built-in.o
  CC      net/bluetooth/af_bluetooth.o
  CC      kernel/power/process.o
  AS      arch/arm/lib/memzero.o
  CC      fs/ext3/balloc.o
  CC      arch/arm/mach-msm/spm.o
  AS      arch/arm/lib/muldi3.o
  CC      drivers/base/sw_sync.o
  LD      security/built-in.o
  AS      arch/arm/lib/putuser.o
  CC      lib/halfmd4.o
  CC      lib/debug_locks.o
  AS      arch/arm/lib/setbit.o
  CC      fs/ecryptfs/crypto.o
  CC      lib/random32.o
  AS      arch/arm/lib/strchr.o
  CC      lib/bust_spinlocks.o
  AS      arch/arm/lib/strncpy_from_user.o
  CC      arch/arm/mach-msm/devices-msm8x60.o
  AS      arch/arm/lib/strnlen_user.o
  CC      arch/arm/mach-msm/qdsp6v2/q6voice.o
  CC      fs/ext2/file.o
  AS      arch/arm/lib/strrchr.o
  AS      arch/arm/lib/testchangebit.o
  AS      arch/arm/lib/testclearbit.o
  CC      mm/mincore.o
  AS      arch/arm/lib/testsetbit.o
  CC      kernel/power/suspend.o
  CC      lib/hexdump.o
  AS      arch/arm/lib/ucmpdi2.o
  CC      lib/kasprintf.o
  AR      arch/arm/lib/lib.a
  LD      drivers/base/built-in.o
  CC      lib/bitmap.o
  CC      drivers/block/brd.o
  CC      fs/ext2/ialloc.o
  CC      lib/scatterlist.o
  CC      kernel/irq/spurious.o
  CC      lib/string_helpers.o
  CC      arch/arm/mach-msm/clock-local.o
  CC      mm/mlock.o
  CC      net/bluetooth/hci_core.o
  CC      lib/gcd.o
  CC      kernel/irq/resend.o
  CC      lib/lcm.o
  CC      kernel/power/wakelock.o
  CC      lib/list_sort.o
  CC      kernel/irq/chip.o
  CC      kernel/power/userwakelock.o
  CC      drivers/block/loop.o
  CC      kernel/irq/dummychip.o
  CC      fs/ext2/inode.o
  CC      fs/ecryptfs/keystore.o
  CC      lib/uuid.o
  CC      fs/ext3/bitmap.o
  CC      kernel/irq/devres.o
  CC      lib/flex_array.o
  CC      arch/arm/mach-msm/clock-8x60.o
  CC      kernel/power/earlysuspend.o
  CC      sound/core/pcm_timer.o
  CC      mm/mmap.o
  CC      kernel/irq/autoprobe.o
  CC      fs/ext3/dir.o
  CC      lib/bsearch.o
  CC      kernel/irq/irqdomain.o
  CC      sound/core/pcm_misc.o
  CC      kernel/power/fbearlysuspend.o
  CC      lib/find_last_bit.o
  CC      arch/arm/mach-msm/qdsp6v2/snddev_hdmi.o
  CC      kernel/irq/proc.o
  CC      lib/find_next_bit.o
  CC      kernel/power/poweroff.o
  CC      lib/llist.o
  CC      arch/arm/mach-msm/acpuclock-8x60.o
  CC      net/bluetooth/hci_conn.o
  CC      arch/arm/mach-msm/qdsp6v2/audio_mvs.o
  CC      lib/kstrtox.o
  LD      kernel/power/built-in.o
  CC      kernel/sched/core.o
  CC      fs/ext2/ioctl.o
  CC      sound/core/pcm_memory.o
  CC      fs/ext3/file.o
  CC      kernel/irq/pm.o
  CC      kernel/events/ring_buffer.o
  CC      fs/ext3/fsync.o
  LD      drivers/block/built-in.o
  CC      drivers/bluetooth/hci_ldisc.o
  CC      fs/cifs/dir.o
  CC      fs/ext2/namei.o
  CC      lib/pci_iomap.o
  CC      fs/ecryptfs/messaging.o
  LD      kernel/irq/built-in.o
  CC      kernel/time/timekeeping.o
  CC      fs/ext3/ialloc.o
  CC      lib/iomap_copy.o
  CC      kernel/events/callchain.o
  CC      arch/arm/mach-msm/clock-pll.o
  CC      sound/core/rawmidi.o
  CC      arch/arm/mach-msm/qdsp6v2/lpa_if_hdmi.o
  CC      mm/mprotect.o
  CC      lib/devres.o
  CC      fs/ext3/inode.o
  CC      net/bluetooth/hci_event.o
  CC      fs/ext2/super.o
  CC      fs/ecryptfs/miscdev.o
  CC      lib/hweight.o
  CC      drivers/bluetooth/hci_h4.o
  CC      kernel/events/hw_breakpoint.o
  CC      arch/arm/mach-msm/clock-rpm.o
  CC      lib/bitrev.o
  CC      fs/ext3/ioctl.o
  CC      arch/arm/mach-msm/qdsp6v2/apr.o
  CC      mm/mremap.o
  CC      fs/cifs/file.o
  CC      arch/arm/mach-msm/saw-regulator.o
  CC      lib/crc-ccitt.o
  CC      kernel/time/ntp.o
  CC      fs/ecryptfs/kthread.o
  CC      lib/crc16.o
  CC      drivers/bluetooth/hci_ibs.o
  CC      net/bluetooth/mgmt.o
  CC      fs/ext3/namei.o
  CC      arch/arm/mach-msm/footswitch-8x60.o
  LD      kernel/events/built-in.o
  HOSTCC  lib/gen_crc32table
  CC      mm/msync.o
  CC      kernel/trace/trace_clock.o
  CC      kernel/time/clocksource.o
  CC      fs/ecryptfs/debug.o
  CC      arch/arm/mach-msm/qdsp6v2/apr_v1.o
  CC      fs/ext2/symlink.o
  CC      lib/libcrc32c.o
  CC      sound/core/timer.o
  CC      fs/ext2/xattr.o
  CC      mm/rmap.o
  CC      kernel/trace/ring_buffer.o
  CC      arch/arm/mach-msm/qdsp6v2/apr_tal.o
  LD      fs/ecryptfs/ecryptfs.o
  CC      arch/arm/mach-msm/rpm-regulator.o
  CC      lib/genalloc.o
  LD      fs/ecryptfs/built-in.o
  CC      fs/ext4/balloc.o
  CC      kernel/time/jiffies.o
  CC      drivers/bluetooth/bluesleep_bcm.o
  CC      kernel/time/timer_list.o
  CC      arch/arm/mach-msm/qdsp6v2/q6core.o
  CC      fs/ext3/super.o
  CC      lib/lzo/lzo1x_compress.o
  CC      fs/ext2/xattr_user.o
  CC      lib/lzo/lzo1x_decompress.o
  CC      fs/ext3/symlink.o
  CC      fs/ext2/xattr_trusted.o
  CC      fs/ext4/bitmap.o
  CC      arch/arm/mach-msm/qdsp6v2/dsp_debug.o
  CC      kernel/time/timecompare.o
  LD      fs/ext2/ext2.o
  LD      fs/ext2/built-in.o
  CC      fs/fat/cache.o
  LD      lib/lzo/lzo_compress.o
  LD      lib/lzo/lzo_decompress.o
  CC      mm/vmalloc.o
  LD      lib/lzo/built-in.o
  CC      lib/reed_solomon/reed_solomon.o
  CC      fs/ext4/dir.o
  CC      fs/ext3/hash.o
  LD      drivers/bluetooth/hci_uart.o
  LD      drivers/bluetooth/built-in.o
  LD      drivers/cdrom/built-in.o
  CC      arch/arm/mach-msm/rpm-regulator-8660.o
  CC      drivers/char/mem.o
  CC      sound/core/sound.o
  CC      kernel/time/timeconv.o
  CC      arch/arm/mach-msm/qdsp6v2/audio_acdb.o
  CC      kernel/time/posix-clock.o
  CC      fs/cifs/inode.o
  CC      fs/fat/dir.o
  CC      arch/arm/mach-msm/subsystem_notif.o
  CC      fs/ext3/resize.o
  CC      fs/ext4/file.o
  CC      sound/core/init.o
  CC      drivers/char/random.o
  LD      lib/reed_solomon/built-in.o
  CC      arch/arm/mach-msm/subsystem_restart.o
  CC      lib/zlib_deflate/deflate.o
  CC      kernel/trace/trace.o
  CC      net/bluetooth/hci_sock.o
  CC      kernel/time/alarmtimer.o
  CC      arch/arm/mach-msm/qdsp6v2/aac_in.o
  CC      fs/ext4/fsync.o
  CC      lib/zlib_deflate/deftree.o
  CC      fs/ext4/ialloc.o
  CC      arch/arm/mach-msm/ramdump.o
  CC      arch/arm/mach-msm/qdsp6v2/qcelp_in.o
  CC      sound/core/memory.o
  CC      kernel/time/clockevents.o
  CC      fs/fat/fatent.o
  CC      kernel/sched/clock.o
  CC      mm/pagewalk.o
  CC      fs/ext4/inode.o
  CC      net/bluetooth/hci_sysfs.o
  CC      sound/core/info.o
  CC      arch/arm/mach-msm/modem-8660.o
  CC      drivers/char/misc.o
  CC      arch/arm/mach-msm/qdsp6v2/evrc_in.o
  CC      lib/zlib_deflate/deflate_syms.o
  CC      fs/cifs/link.o
  CC      net/bluetooth/l2cap_core.o
  CC      kernel/sched/idle_task.o
  CC      kernel/time/tick-common.o
  CC      mm/pgtable-generic.o
  CC      arch/arm/mach-msm/lpass-8660.o
  LD      lib/zlib_deflate/zlib_deflate.o
  LD      lib/zlib_deflate/built-in.o
  CC      lib/zlib_inflate/inffast.o
  CC      kernel/sched/fair.o
  CC      drivers/char/diag/diagchar_core.o
  CC      arch/arm/mach-msm/sec_switch.o
  CC      arch/arm/mach-msm/qdsp6v2/amrnb_in.o
  CC      lib/zlib_inflate/inflate.o
  CC      kernel/time/tick-broadcast.o
  CC      mm/process_vm_access.o
  CC      fs/fat/file.o
  CC      fs/ext3/ext3_jbd.o
  CC      sound/core/control.o
  CC      fs/cifs/misc.o
  CC      net/bluetooth/l2cap_sock.o
  CC      arch/arm/mach-msm/qdsp6v2/audio_utils.o
  CC      arch/arm/mach-msm/sysmon.o
  CC      fs/ext4/page-io.o
  CC      kernel/time/tick-oneshot.o
  CC      mm/init-mm.o
  CC      fs/ext3/xattr.o
  CC      mm/bootmem.o
  CC      lib/zlib_inflate/infutil.o
  CC      arch/arm/mach-msm/cpuidle.o
  CC      kernel/time/tick-sched.o
  CC      lib/zlib_inflate/inftrees.o
  CC      arch/arm/mach-msm/msm_watchdog.o
  CC      fs/fat/inode.o
  CC      kernel/trace/trace_output.o
  CC      fs/ext4/ioctl.o
  CC      lib/zlib_inflate/inflate_syms.o
  CC      arch/arm/mach-msm/qdsp6v2/audio_wma.o
  CC      drivers/char/diag/diagchar_hdlc.o
  CC      mm/memblock.o
  LD      lib/zlib_inflate/zlib_inflate.o
  LD      lib/zlib_inflate/built-in.o
  CC      lib/textsearch.o
  CC      fs/cifs/netmisc.o
  AS      arch/arm/mach-msm/msm_watchdog_asm.o
  CC      fs/ext3/xattr_user.o
  CC      kernel/time/timer_stats.o
  CC      arch/arm/mach-msm/qdsp6v2/audio_wmapro.o
  CC      arch/arm/mach-msm/board-msm8x60_dali.o
  CC      net/bluetooth/smp.o
  CC      sound/core/misc.o
  CC      lib/ts_kmp.o
  CC      drivers/char/diag/diagfwd.o
  CC      fs/ext4/namei.o
  CC      kernel/sched/rt.o
  CC      fs/ext3/xattr_trusted.o
  CC      lib/ts_bm.o
  CC      sound/core/device.o
  CC      arch/arm/mach-msm/qdsp6v2/audio_aac.o
  CC      mm/bounce.o
  LD      kernel/time/built-in.o
  CC      kernel/freezer.o
arch/arm/mach-msm/board-msm8x60_dali.c:4892:2: warning: initialization from incompatible pointer type [enabled by default]
arch/arm/mach-msm/board-msm8x60_dali.c:4892:2: warning: (near initialization for 'fsa9480_pdata.otg_cb') [enabled by default]
arch/arm/mach-msm/board-msm8x60_dali.c:4893:2: warning: initialization from incompatible pointer type [enabled by default]
arch/arm/mach-msm/board-msm8x60_dali.c:4893:2: warning: (near initialization for 'fsa9480_pdata.usb_cb') [enabled by default]
arch/arm/mach-msm/board-msm8x60_dali.c:4894:2: warning: initialization from incompatible pointer type [enabled by default]
arch/arm/mach-msm/board-msm8x60_dali.c:4894:2: warning: (near initialization for 'fsa9480_pdata.charger_cb') [enabled by default]
arch/arm/mach-msm/board-msm8x60_dali.c:4895:2: warning: initialization from incompatible pointer type [enabled by default]
arch/arm/mach-msm/board-msm8x60_dali.c:4895:2: warning: (near initialization for 'fsa9480_pdata.jig_cb') [enabled by default]
arch/arm/mach-msm/board-msm8x60_dali.c:4896:2: warning: initialization from incompatible pointer type [enabled by default]
arch/arm/mach-msm/board-msm8x60_dali.c:4896:2: warning: (near initialization for 'fsa9480_pdata.deskdock_cb') [enabled by default]
arch/arm/mach-msm/board-msm8x60_dali.c:4897:2: warning: initialization from incompatible pointer type [enabled by default]
arch/arm/mach-msm/board-msm8x60_dali.c:4897:2: warning: (near initialization for 'fsa9480_pdata.cardock_cb') [enabled by default]
arch/arm/mach-msm/board-msm8x60_dali.c:4900:2: warning: initialization from incompatible pointer type [enabled by default]
arch/arm/mach-msm/board-msm8x60_dali.c:4900:2: warning: (near initialization for 'fsa9480_pdata.mhl_cb') [enabled by default]
  CC      kernel/trace/trace_stat.o
  CC      fs/cifs/smbencrypt.o
  CC      fs/fat/misc.o
  CC      lib/ts_fsm.o
  LD      fs/ext3/ext3.o
  CC      fs/ext4/super.o
  CC      sound/core/jack.o
  LD      fs/ext3/built-in.o
  CC      arch/arm/mach-msm/qdsp6v2/audio_multi_aac.o
  CC      fs/fuse/dev.o
  CC      kernel/profile.o
  CC      kernel/trace/trace_printk.o
  CC      lib/percpu_counter.o
  CC      mm/page_io.o
  CC      net/bluetooth/sco.o
  CC      fs/fat/namei_vfat.o
  CC      fs/cifs/transport.o
  CC      arch/arm/mach-msm/qdsp6v2/audio_utils_aio.o
  LD      sound/core/snd.o
  LD      sound/core/snd-hwdep.o
  LD      sound/core/snd-timer.o
  LD      sound/core/snd-pcm.o
  LD      sound/core/snd-page-alloc.o
  LD      sound/core/snd-rawmidi.o
  LD      sound/core/built-in.o
  LD      sound/drivers/mpu401/built-in.o
  LD      sound/drivers/opl3/built-in.o
  CC      lib/audit.o
  LD      sound/drivers/opl4/built-in.o
  LD      sound/drivers/pcsp/built-in.o
  LD      sound/drivers/vx/built-in.o
  LD      sound/drivers/built-in.o
  LD      sound/firewire/built-in.o
  CC      mm/swap_state.o
  CC      drivers/char/diag/diagmem.o
  LD      sound/i2c/other/built-in.o
  LD      sound/i2c/built-in.o
  CC      kernel/trace/trace_sched_switch.o
  LD      sound/isa/ad1816a/built-in.o
  LD      sound/isa/ad1848/built-in.o
  LD      sound/isa/cs423x/built-in.o
  LD      sound/isa/es1688/built-in.o
  CC      lib/nlattr.o
  LD      sound/isa/galaxy/built-in.o
  LD      sound/isa/gus/built-in.o
  CC      kernel/sched/stop_task.o
  LD      sound/isa/msnd/built-in.o
  LD      sound/isa/opti9xx/built-in.o
  LD      sound/isa/sb/built-in.o
  LD      sound/isa/wavefront/built-in.o
  CC      kernel/stacktrace.o
  LD      sound/isa/wss/built-in.o
  LD      sound/isa/built-in.o
  LD      sound/mips/built-in.o
  CC      drivers/char/diag/diagfwd_cntl.o
  LD      sound/parisc/built-in.o
  LD      sound/pci/ac97/built-in.o
  LD      sound/pci/ali5451/built-in.o
  LD      sound/pci/asihpi/built-in.o
  CC      kernel/sched/sched_avg.o
  CC      fs/ext4/symlink.o
  LD      sound/pci/au88x0/built-in.o
  LD      sound/pci/aw2/built-in.o
  LD      sound/pci/ca0106/built-in.o
  CC      kernel/trace/trace_sched_wakeup.o
  LD      sound/pci/cs46xx/built-in.o
  CC      kernel/futex.o
  LD      sound/pci/cs5535audio/built-in.o
  LD      fs/fat/fat.o
  CC      mm/swapfile.o
  LD      sound/pci/ctxfi/built-in.o
  LD      fs/fat/vfat.o
  LD      fs/fat/built-in.o
  LD      sound/pci/echoaudio/built-in.o
  CC      fs/jbd/transaction.o
  LD      sound/pci/emu10k1/built-in.o
  LD      sound/pci/hda/built-in.o
  LD      sound/pci/ice1712/built-in.o
  LD      sound/pci/korg1212/built-in.o
  LD      sound/pci/lola/built-in.o
  LD      sound/pci/lx6464es/built-in.o
  LD      sound/pci/mixart/built-in.o
  CC      net/bluetooth/lib.o
  CC      fs/cifs/asn1.o
  LD      sound/pci/nm256/built-in.o
  CC      drivers/char/diag/diag_dci.o
  LD      sound/pci/oxygen/built-in.o
  CC      kernel/sched/cpupri.o
  LD      sound/pci/pcxhr/built-in.o
  LD      sound/pci/riptide/built-in.o
  CC      fs/ext4/hash.o
  LD      sound/pci/rme9652/built-in.o
  LD      sound/pci/trident/built-in.o
  CC      lib/cpu_rmap.o
  LD      sound/pci/vx222/built-in.o
  LD      sound/pci/ymfpci/built-in.o
  LD      sound/pci/built-in.o
  CC      arch/arm/mach-msm/qdsp6v2/rtac.o
  CC      kernel/trace/trace_nop.o
  LD      sound/pcmcia/pdaudiocf/built-in.o
  LD      sound/pcmcia/vx/built-in.o
  LD      sound/pcmcia/built-in.o
  CC      kernel/sched/debug.o
  LD      sound/ppc/built-in.o
  LD      sound/sh/built-in.o
  CC      sound/soc/soc-core.o
  CC      lib/dynamic_queue_limits.o
  CC      fs/fuse/dir.o
  CC      fs/ext4/resize.o
  CC      kernel/trace/blktrace.o
  CC      arch/arm/mach-msm/mdm.o
  CC      net/bluetooth/amp.o
  CC      lib/argv_split.o
  CC      fs/cifs/cifs_unicode.o
  CC      drivers/char/diag/diag_masks.o
  CC      lib/bug.o
  CC      arch/arm/mach-msm/qdsp6v2/q6audio_v1.o
  CC      kernel/trace/trace_events.o
  LD      kernel/sched/built-in.o
  CC      arch/arm/mach-msm/rmt_storage_client.o
  CC      kernel/rtmutex.o
  CC      net/bluetooth/bnep/core.o
  CC      lib/cmdline.o
  CC      lib/cpumask.o
  CC      fs/jbd/commit.o
  CC      arch/arm/mach-msm/qdsp6v2/q6audio_v1_aio.o
  CC      fs/cifs/nterr.o
  CC      fs/fuse/file.o
  CC      kernel/smp.o
  CC      fs/cifs/xattr.o
  CC      lib/ctype.o
  CC      drivers/char/diag/diag_debugfs.o
  CC      lib/dec_and_lock.o
  CC      mm/thrash.o
  CC      lib/decompress.o
  CC      arch/arm/mach-msm/qdsp6v2/audio_mp3.o
  CC      lib/decompress_bunzip2.o
  CC      fs/ext4/extents.o
  CC      kernel/spinlock.o
  CC      mm/dmapool.o
  LD      drivers/char/diag/diagchar.o
  LD      drivers/char/diag/built-in.o
  CC      drivers/char/hw_random/core.o
  CC      drivers/char/hw_random/msm_rng.o
  CC      fs/cifs/cifsencrypt.o
  CC      net/bluetooth/bnep/sock.o
  CC      arch/arm/mach-msm/qdsp6v2/audio_amrnb.o
  CC      kernel/uid16.o
  CC      arch/arm/mach-msm/rpm.o
  CC      kernel/trace/trace_export.o
  CC      lib/decompress_inflate.o
  CC      lib/decompress_unlzma.o
  CC      arch/arm/mach-msm/qdsp6v2/audio_amrwb.o
  CC      mm/slub.o
  LD      drivers/char/hw_random/rng-core.o
  CC      lib/dump_stack.o
  LD      drivers/char/hw_random/built-in.o
  CC      drivers/char/msm_rotator.o
  CC      kernel/module.o
  CC      lib/extable.o
  CC      kernel/trace/trace_event_perf.o
  CC      net/bluetooth/hidp/core.o
  CC      net/bluetooth/bnep/netdev.o
  CC      fs/jbd/recovery.o
  CC      arch/arm/mach-msm/qdsp6v2/audio_amrwbplus.o
  CC      lib/idr.o
  CC      lib/int_sqrt.o
  CC      arch/arm/mach-msm/rpm_resources.o
  CC      fs/cifs/readdir.o
  CC      lib/ioremap.o
  CC      arch/arm/mach-msm/qdsp6v2/audio_evrc.o
  CC      kernel/trace/trace_events_filter.o
  CC      fs/fuse/i