Script started on 2014년 08월 30일 (토) 오후 09시 32분 04초
scripts/kconfig/conf --silentoldconfig Kconfig
  CHK     include/linux/version.h
  CHK     include/generated/utsrelease.h
  UPD     include/generated/utsrelease.h
make[1]: `include/generated/mach-types.h'는 이미 갱신되었습니다.
  CALL    scripts/checksyscalls.sh
  CHK     include/generated/compile.h
  CC      init/version.o
  LD      init/built-in.o
  CC      drivers/char/msm_rotator.o
  CC      kernel/sys.o
  LD      drivers/char/built-in.o
  CC      arch/arm/mach-msm/devices-msm8x60.o
  CC      kernel/trace/trace.o
  LD      arch/arm/mach-msm/built-in.o
  LD      kernel/trace/built-in.o
  CC      kernel/module.o
  GZIP    kernel/config_data.gz
  CHK     kernel/config_data.h
  LD      kernel/built-in.o
  CC      drivers/video/msm/msm_fb.o
  CC      drivers/video/msm/mdp.o
  CC      drivers/video/msm/mdp_debugfs.o
  CC      drivers/video/msm/mdp4_util.o
  CC      drivers/video/msm/mdp4_video_enhance.o
drivers/video/msm/mdp4_video_tuning_HD720.h:297:21: warning: 'DMB_LUT_TUNE' defined but not used [-Wunused-variable]
  CC      drivers/video/msm/mdp4_overlay.o
  CC      drivers/video/msm/mdp4_overlay_lcdc.o
  CC      drivers/video/msm/mdp4_overlay_dsi_video.o
  CC      drivers/video/msm/mdp4_overlay_dsi_cmd.o
  CC      drivers/video/msm/mdp4_dtv.o
  CC      drivers/video/msm/mdp4_overlay_dtv.o
  CC      drivers/video/msm/mdp_dma.o
  CC      drivers/video/msm/mdp_dma_s.o
  CC      drivers/video/msm/mdp_vsync.o
  CC      drivers/video/msm/mdp_cursor.o
  CC      drivers/video/msm/mdp_dma_tv.o
  CC      drivers/video/msm/msm_dss_io_8x60.o
  CC      drivers/video/msm/mipi_dsi.o
  CC      drivers/video/msm/mipi_dsi_host.o
  CC      drivers/video/msm/mipi_s6e8aa0_hd720.o
  CC      drivers/video/msm/sec_mipi_lcd_esd_refresh.o
  CC      drivers/video/msm/msm_fb_panel.o
  CC      drivers/video/msm/mipi_s6e8aa0_hd720_pt.o
  CC      drivers/video/msm/hdmi_msm.o
  CC      drivers/video/msm/external_common.o
  LD      drivers/video/msm/msm_mipi.o
  LD      drivers/video/msm/built-in.o
  LD      drivers/video/built-in.o
  LD      drivers/built-in.o
  LD      vmlinux.o
  MODPOST vmlinux.o
  GEN     .version
  CHK     include/generated/compile.h
  UPD     include/generated/compile.h
  CC      init/version.o
  LD      init/built-in.o
  LD      .tmp_vmlinux1
  KSYM    .tmp_kallsyms1.S
  AS      .tmp_kallsyms1.o
  LD      .tmp_vmlinux2
  KSYM    .tmp_kallsyms2.S
  AS      .tmp_kallsyms2.o
  LD      vmlinux
  SYSMAP  System.map
  SYSMAP  .tmp_System.map
  Building modules, stage 2.
  OBJCOPY arch/arm/boot/Image
  MODPOST 16 modules
  CC      arch/arm/mach-msm/dal_remotetest.mod.o
  CC      arch/arm/mach-msm/dma_test.mod.o
  CC      arch/arm/mach-msm/msm-buspm-dev.mod.o
  CC      block/test-iosched.mod.o
  CC      crypto/ansi_cprng.mod.o
  CC      drivers/crypto/msm/qce.mod.o
  CC      drivers/crypto/msm/qcedev.mod.o
  Kernel: arch/arm/boot/Image is ready
  GZIP    arch/arm/boot/compressed/piggy.gzip
  CC      drivers/crypto/msm/qcrypto.mod.o
  CC      drivers/hid/hid-logitech-dj.mod.o
  CC      drivers/input/evbug.mod.o
  CC      drivers/media/video/gspca/gspca_main.mod.o
  CC      drivers/misc/msm_tsif.mod.o
  CC      drivers/misc/tsif_chrdev.mod.o
  CC      drivers/misc/vibetonz/vibrator.mod.o
  CC      drivers/scsi/scsi_wait_scan.mod.o
  CC      drivers/spi/spidev.mod.o
  LD [M]  arch/arm/mach-msm/dal_remotetest.ko
  LD [M]  arch/arm/mach-msm/dma_test.ko
  LD [M]  arch/arm/mach-msm/msm-buspm-dev.ko
  LD [M]  block/test-iosched.ko
  LD [M]  crypto/ansi_cprng.ko
  LD [M]  drivers/crypto/msm/qce.ko
  LD [M]  drivers/crypto/msm/qcedev.ko
  LD [M]  drivers/crypto/msm/qcrypto.ko
  LD [M]  drivers/hid/hid-logitech-dj.ko
  LD [M]  drivers/input/evbug.ko
  LD [M]  drivers/misc/msm_tsif.ko
  LD [M]  drivers/misc/tsif_chrdev.ko
  LD [M]  drivers/media/video/gspca/gspca_main.ko
  LD [M]  drivers/misc/vibetonz/vibrator.ko
  LD [M]  drivers/scsi/scsi_wait_scan.ko
  LD [M]  drivers/spi/spidev.ko
  AS      arch/arm/boot/compressed/piggy.gzip.o
  LD      arch/arm/boot/compressed/vmlinux
  OBJCOPY arch/arm/boot/zImage
  Kernel: arch/arm/boot/zImage is ready
