Script started on 2014년 02월 22일 (토) 오후 11시 52분 16초
scripts/kconfig/conf --silentoldconfig Kconfig
  CHK     include/linux/version.h
  CHK     include/generated/utsrelease.h
  UPD     include/generated/utsrelease.h
make[1]: `include/generated/mach-types.h'는 이미 갱신되었습니다.
  CALL    scripts/checksyscalls.sh
  CHK     include/generated/compile.h
  CC      init/version.o
  CC      fs/exfat/exfat.o
  CC      fs/exfat/exfat_api.o
  CC      fs/exfat/exfat_blkdev.o
  CC      fs/exfat/exfat_cache.o
  CC      fs/exfat/exfat_data.o
  CC      fs/exfat/exfat_global.o
  CC      kernel/sys.o
  CC      fs/exfat/exfat_nls.o
  LD      init/built-in.o
  CC      fs/exfat/exfat_oal.o
  CC      fs/exfat/exfat_upcase.o
  CC      fs/exfat/exfat_super.o
  CC      arch/arm/mach-msm/qdsp6v2/board-msm8x60-audio.o
  LD      fs/exfat/exfat_core.o
  LD      fs/exfat/exfat_fs.o
  LD      fs/exfat/built-in.o
  CC      arch/arm/mach-msm/qdsp6v2/q6voice.o
  LD      fs/built-in.o
  CC      kernel/module.o
  GZIP    kernel/config_data.gz
arch/arm/mach-msm/qdsp6v2/q6voice.c: In function 'voice_set_device':
arch/arm/mach-msm/qdsp6v2/q6voice.c:1486:31: error: 'struct vss_ivocproc_cmd_set_device_t' has no member named 'rx_device_id'
arch/arm/mach-msm/qdsp6v2/q6voice.c:1487:31: error: 'struct vss_ivocproc_cmd_set_device_t' has no member named 'tx_device_id'
arch/arm/mach-msm/qdsp6v2/q6voice.c:1493:31: error: 'struct vss_ivocproc_cmd_set_device_t' has no member named 'vol_index'
arch/arm/mach-msm/qdsp6v2/q6voice.c:1495:31: error: 'struct vss_ivocproc_cmd_set_device_t' has no member named 'loopback_mode_onoff'
arch/arm/mach-msm/qdsp6v2/q6voice.c:1505:2: error: 'struct vss_ivocproc_cmd_set_device_t' has no member named 'rx_device_id'
arch/arm/mach-msm/qdsp6v2/q6voice.c:1505:2: error: 'struct vss_ivocproc_cmd_set_device_t' has no member named 'tx_device_id'
arch/arm/mach-msm/qdsp6v2/q6voice.c:1505:2: error: 'struct vss_ivocproc_cmd_set_device_t' has no member named 'vol_index'
arch/arm/mach-msm/qdsp6v2/q6voice.c:1505:2: error: 'struct vss_ivocproc_cmd_set_device_t' has no member named 'loopback_mode_onoff'
arch/arm/mach-msm/qdsp6v2/q6voice.c: In function 'voice_setup_modem_voice':
arch/arm/mach-msm/qdsp6v2/q6voice.c:1654:35: error: storage size of 'vpcm_start_cmd' isn't known
arch/arm/mach-msm/qdsp6v2/q6voice.c:1704:29: error: 'struct vss_ivocproc_cmd_create_full_control_session_t' has no member named 'tx_device_id'
arch/arm/mach-msm/qdsp6v2/q6voice.c:1705:29: error: 'struct vss_ivocproc_cmd_create_full_control_session_t' has no member named 'rx_device_id'
arch/arm/mach-msm/qdsp6v2/q6voice.c:1707:29: error: 'struct vss_ivocproc_cmd_create_full_control_session_t' has no member named 'vol_index'
arch/arm/mach-msm/qdsp6v2/q6voice.c:1709:29: error: 'struct vss_ivocproc_cmd_create_full_control_session_t' has no member named 'loopback_mode_onoff'
arch/arm/mach-msm/qdsp6v2/q6voice.c:1721:2: error: 'struct vss_ivocproc_cmd_create_full_control_session_t' has no member named 'rx_device_id'
arch/arm/mach-msm/qdsp6v2/q6voice.c:1721:2: error: 'struct vss_ivocproc_cmd_create_full_control_session_t' has no member named 'tx_device_id'
arch/arm/mach-msm/qdsp6v2/q6voice.c:1721:2: error: 'struct vss_ivocproc_cmd_create_full_control_session_t' has no member named 'vol_index'
arch/arm/mach-msm/qdsp6v2/q6voice.c:1721:2: error: 'struct vss_ivocproc_cmd_create_full_control_session_t' has no member named 'loopback_mode_onoff'
arch/arm/mach-msm/qdsp6v2/q6voice.c:1654:35: warning: unused variable 'vpcm_start_cmd' [-Wunused-variable]
arch/arm/mach-msm/qdsp6v2/q6voice.c: In function 'voice_destroy_modem_voice':
arch/arm/mach-msm/qdsp6v2/q6voice.c:2019:35: error: storage size of 'vpcm_start_cmd' isn't known
arch/arm/mach-msm/qdsp6v2/q6voice.c:2019:35: warning: unused variable 'vpcm_start_cmd' [-Wunused-variable]
make[2]: *** [arch/arm/mach-msm/qdsp6v2/q6voice.o] 오류 1
make[2]: *** 끝나지 않은 작업을 기다리고 있습니다....
arch/arm/mach-msm/qdsp6v2/board-msm8x60-audio.c: In function 'msm_snddev_poweramp_on':
arch/arm/mach-msm/qdsp6v2/board-msm8x60-audio.c:607:2: warning: implicit declaration of function 'config_class_d0_gpio' [-Wimplicit-function-declaration]
arch/arm/mach-msm/qdsp6v2/board-msm8x60-audio.c:612:2: warning: implicit declaration of function 'config_class_d1_gpio' [-Wimplicit-function-declaration]
arch/arm/mach-msm/qdsp6v2/board-msm8x60-audio.c: In function 'msm_snddev_init':
arch/arm/mach-msm/qdsp6v2/board-msm8x60-audio.c:2974:19: error: 'snd_devices_celox' undeclared (first use in this function)
arch/arm/mach-msm/qdsp6v2/board-msm8x60-audio.c:2974:19: note: each undeclared identifier is reported only once for each function it appears in
arch/arm/mach-msm/qdsp6v2/board-msm8x60-audio.c:2974:19: error: negative width in bit-field '<anonymous>'
arch/arm/mach-msm/qdsp6v2/board-msm8x60-audio.c:2978:5: error: negative width in bit-field '<anonymous>'
arch/arm/mach-msm/qdsp6v2/board-msm8x60-audio.c: At top level:
arch/arm/mach-msm/qdsp6v2/board-msm8x60-audio.c:879:12: warning: 'msm_snddev_enable_dmic_sec_power' defined but not used [-Wunused-function]
arch/arm/mach-msm/qdsp6v2/board-msm8x60-audio.c:899:13: warning: 'msm_snddev_disable_dmic_sec_power' defined but not used [-Wunused-function]
  CC      arch/arm/mach-msm/board-msm8x60_dali.o
make[2]: *** [arch/arm/mach-msm/qdsp6v2/board-msm8x60-audio.o] 오류 1
make[1]: *** [arch/arm/mach-msm/qdsp6v2] 오류 2
make[1]: *** 끝나지 않은 작업을 기다리고 있습니다....
  CC      kernel/trace/trace.o
  CHK     kernel/config_data.h
  UPD     kernel/config_data.h
  CC      kernel/configs.o
  CC      drivers/video/msm/msm_dss_io_8x60.o
  LD      drivers/video/msm/msm_mipi.o
  LD      kernel/trace/built-in.o
drivers/video/msm/msm_dss_io_8x60.c:650:39: warning: 'struct hdmi_disp_mode_timing_type' declared inside parameter list [enabled by default]
drivers/video/msm/msm_dss_io_8x60.c:650:39: warning: its scope is only this definition or declaration, which is probably not what you want [enabled by default]
drivers/video/msm/msm_dss_io_8x60.c:650:6: error: conflicting types for 'hdmi_frame_ctrl_cfg'
drivers/video/msm/hdmi_msm.h:124:6: note: previous declaration of 'hdmi_frame_ctrl_cfg' was here
drivers/video/msm/msm_dss_io_8x60.c: In function 'hdmi_frame_ctrl_cfg':
drivers/video/msm/msm_dss_io_8x60.c:668:1: error: dereferencing pointer to incomplete type
drivers/video/msm/msm_dss_io_8x60.c:668:1: error: dereferencing pointer to incomplete type
drivers/video/msm/msm_dss_io_8x60.c:668:1: error: dereferencing pointer to incomplete type
make[3]: *** [drivers/video/msm/msm_dss_io_8x60.o] 오류 1
make[2]: *** [drivers/video/msm] 오류 2
make[1]: *** [drivers/video] 오류 2
make[1]: *** 끝나지 않은 작업을 기다리고 있습니다....
make: *** [drivers] 오류 2
make: *** 끝나지 않은 작업을 기다리고 있습니다....
arch/arm/mach-msm/board-msm8x60_dali.c:9635:3: error: 'msm_device_tz_log' undeclared here (not in a function)
make[1]: *** [arch/arm/mach-msm/board-msm8x60_dali.o] 오류 1
make: *** [arch/arm/mach-msm] 오류 2
  LD      kernel/built-in.o
