Script started on 2014년 04월 20일 (일) 오전 12시 07분 03초
scripts/kconfig/conf --silentoldconfig Kconfig
  CHK     include/linux/version.h
  CHK     include/generated/utsrelease.h
  UPD     include/generated/utsrelease.h
make[1]: `include/generated/mach-types.h'는 이미 갱신되었습니다.
  CALL    scripts/checksyscalls.sh
  CHK     include/generated/compile.h
  CC      init/version.o
  CC      net/bluetooth/hidp/core.o
  CC [M]  drivers/crypto/msm/qcedev.o
  CC      drivers/gpu/ion/ion_cp_heap.o
  CC      drivers/gpio/pm8xxx-gpio.o
  CC      drivers/hwmon/msm_adc.o
  CC      sound/soc/msm/lpass-dma.o
  CC      kernel/sys.o
  CC      drivers/gpu/msm/adreno_ringbuffer.o
  CC      drivers/hid/hid-lg.o
  CC      arch/arm/mach-msm/memory.o
  CC      drivers/hid/hid-debug.o
  CC      drivers/hid/hid-core.o
  CC      fs/exfat/exfat.o
  CC      drivers/hwmon/m_adcproc.o
  CC      drivers/gpu/ion/msm/msm_ion.o
  CC      sound/soc/msm/msm8x60-dai.o
  CC      sound/soc/msm/msm8x60-pcm.o
  LD      init/built-in.o
  LD      drivers/gpio/built-in.o
  CC      arch/arm/mach-msm/peripheral-reset.o
  LD      drivers/hwmon/built-in.o
  CC      drivers/hid/hid-input.o
  CC      drivers/i2c/chips/yda165.o
  CC      drivers/i2c/chips/gp2ap020_proximity.o
  CC      drivers/gpu/msm/adreno_drawctxt.o
  LD      drivers/gpu/ion/msm/built-in.o
  LD      drivers/gpu/ion/built-in.o
  CC      drivers/i2c/chips/gp2ap020_light.o
  CC      drivers/hid/hid-a4tech.o
  CC      arch/arm/mach-msm/msm_bus/msm_bus_core.o
  CC      drivers/gpu/msm/adreno_postmortem.o
  CC      drivers/input/misc/pmic8xxx-pwrkey.o
  CC      drivers/input/keyboard/pmic8xxx-keypad.o
  CC      sound/soc/msm/msm8x60.o
  CC      drivers/hid/hid-apple.o
  CC      arch/arm/mach-msm/msm_bus/msm_bus_fabric.o
  CC      drivers/input/misc/pmic8058-othc.o
  CC      drivers/hid/hid-belkin.o
  CC      drivers/hid/hid-cherry.o
  CC      drivers/gpu/msm/adreno_snapshot.o
  CC      drivers/i2c/chips/k3g.o
  CC      drivers/input/keyboard/cypress-touchkey_dali.o
  CC      drivers/i2c/chips/orientation.o
  CC      drivers/hid/hid-chicony.o
  CC      drivers/hid/hid-cypress.o
  CC      drivers/hid/hid-dr.o
  CC      drivers/hid/hid-elecom.o
  CC      drivers/gpu/msm/adreno_a2xx.o
  CC      drivers/hid/hid-ezkey.o
  LD      net/bluetooth/hidp/hidp.o
  LD      net/bluetooth/hidp/built-in.o
  LD      net/bluetooth/built-in.o
  CC      drivers/hid/hid-gyration.o
  CC      drivers/hid/hid-kensington.o
  CC      arch/arm/mach-msm/msm_bus/msm_bus_config.o
  CC      drivers/hid/hid-kye.o
  LD      net/built-in.o
  CC      drivers/input/keyboard/issp_driver_routines.o
  CC      drivers/hid/hid-magicmouse.o
  CC      drivers/hid/hid-microsoft.o
  CC      drivers/input/keyboard/issp_main.o
  CC      arch/arm/mach-msm/msm_bus/msm_bus_arb.o
  CC      sound/soc/msm/qdsp6/q6adm.o
  CC      drivers/hid/hid-monterey.o
  CC      drivers/input/touchscreen/melfas_ts.o
  LD      drivers/input/misc/built-in.o
  CC      drivers/input/keyboard/issp_routines.o
  LD      drivers/i2c/chips/built-in.o
  CC      kernel/trace/trace.o
  LD      drivers/i2c/built-in.o
  CC      drivers/hid/hid-ntrig.o
  CC      drivers/gpu/msm/adreno_a2xx_trace.o
  CC      drivers/hid/hid-ortek.o
  CC      drivers/hid/hid-pl.o
  CC      arch/arm/mach-msm/msm_bus/msm_bus_bimc.o
  CC      arch/arm/mach-msm/msm_bus/msm_bus_noc.o
  CC      arch/arm/mach-msm/msm_bus/msm_bus_of.o
  CC      drivers/hid/hid-petalynx.o
  LD      drivers/input/keyboard/built-in.o
  CC      drivers/mfd/pmic8058.o
  CC      drivers/gpu/msm/adreno_a2xx_snapshot.o
  LD      sound/soc/msm/qdsp6/built-in.o
  CC      drivers/gpu/msm/adreno_a3xx.o
  CC      arch/arm/mach-msm/msm_bus/msm_bus_rpm.o
  CC      drivers/hid/hid-picolcd.o
  CC      drivers/input/touchscreen/mcs8000_download.o
  CC      arch/arm/mach-msm/msm_bus/msm_bus_board_8660.o
  CC      fs/exfat/exfat_api.o
  LD      sound/soc/msm/snd-soc-msm8x60-dai.o
  LD      sound/soc/msm/snd-soc-msm8x60-pcm.o
  CC      drivers/gpu/msm/adreno_a3xx_trace.o
  LD      sound/soc/msm/snd-soc-msm8x60.o
  LD      kernel/trace/built-in.o
  LD      sound/soc/msm/snd-soc-lpass-dma.o
  LD      sound/soc/msm/built-in.o
  CC      drivers/mfd/pmic8901.o
  LD      sound/soc/built-in.o
  CC      drivers/misc/fsa9480.o
  CC      drivers/mmc/core/core.o
  CC      fs/exfat/exfat_blkdev.o
  CC      drivers/media/tdmb/tdmb.o
Using built-in specs.
COLLECT_GCC=arm-eabi-gcc
COLLECT_LTO_WRAPPER=/home/cholokei/prebuilts/gcc/linux-x86/arm/arm-eabi-4.6/bin/../libexec/gcc/arm-eabi/4.6.x-google/lto-wrapper
Target: arm-eabi
Configured with: /tmp/android-15472/src/build/../gcc/gcc-4.6/configure --prefix=/usr/local --target=arm-eabi --host=x86_64-linux-gnu --build=x86_64-linux-gnu --with-gnu-as --with-gnu-ld --enable-languages=c,c++ --with-gmp=/tmp/android-15472/obj/temp-install --with-mpfr=/tmp/android-15472/obj/temp-install --with-mpc=/tmp/android-15472/obj/temp-install --without-ppl --without-cloog --disable-libssp --enable-threads --disable-nls --disable-libmudflap --disable-libgomp --disable-libstdc__-v3 --disable-sjlj-exceptions --disable-shared --disable-tls --disable-libitm --with-float=soft --with-fpu=vfp --with-arch=armv5te --enable-target-optspace --with-abi=aapcs --with-gcc-version=4.6 --with-binutils-version=2.21 --with-gmp-version=4.2.4 --with-mpfr-version=2.4.1 --with-gdb-version=7.3.x --with-arch=armv5te --with-sysroot=/tmp/android-15472/install/sysroot --with-prefix=/tmp/android-15472/install --with-gold-version=2.21 --enable-gold --disable-gold --disable-multilib --program-transform-name='s&^&arm-eabi-&'
Thread model: single
gcc version 4.6.x-google 20120106 (prerelease) (GCC) 
COLLECT_GCC_OPTIONS='-nostdinc' '-isystem' '/home/cholokei/prebuilts/gcc/linux-x86/arm/arm-eabi-4.6/bin/../lib/gcc/arm-eabi/4.6.x-google/include' '-I' '/home/cholokei/git/android_kernel_samsung_dalikt/arch/arm/include' '-I' 'arch/arm/include/generated' '-I' 'include' '-include' '/home/cholokei/git/android_kernel_samsung_dalikt/include/linux/kconfig.h' '-D' '__KERNEL__' '-mlittle-endian' '-I' 'arch/arm/mach-msm/include' '-Wall' '-Wundef' '-Wstrict-prototypes' '-Wno-trigraphs' '-fno-strict-aliasing' '-fno-common' '-Wno-format-security' '-fno-delete-null-pointer-checks' '-Os' '-marm' '-fno-dwarf2-cfi-asm' '-mabi=aapcs-linux' '-mno-thumb-interwork' '-funwind-tables' '-D' '__LINUX_ARM_ARCH__=7' '-march=armv7-a' '-msoft-float' '-U' 'arm' '-Wframe-larger-than=1024' '-fno-stack-protector' '-Wno-unused-but-set-variable' '-fomit-frame-pointer' '-g' '-Wdeclaration-after-statement' '-Wno-pointer-sign' '-fno-strict-overflow' '-fconserve-stack' '-I' 'drivers/media/tdmb' '-v' '-I' 'drivers/media/tdmb/t3900' '-I' 'drivers/media/tdmb/fc8050' '-D' 'KBUILD_STR(s)=#s' '-D' 'KBUILD_BASENAME=KBUILD_STR(tdmb)' '-D' 'KBUILD_MODNAME=KBUILD_STR(tdmb)' '-c' '-o' 'drivers/media/tdmb/.tmp_tdmb.o' '-mfpu=vfp'
 /home/cholokei/prebuilts/gcc/linux-x86/arm/arm-eabi-4.6/bin/../libexec/gcc/arm-eabi/4.6.x-google/cc1 -quiet -nostdinc -v -I /home/cholokei/git/android_kernel_samsung_dalikt/arch/arm/include -I arch/arm/include/generated -I include -I arch/arm/mach-msm/include -I drivers/media/tdmb -I drivers/media/tdmb/t3900 -I drivers/media/tdmb/fc8050 -iprefix /home/cholokei/prebuilts/gcc/linux-x86/arm/arm-eabi-4.6/bin/../lib/gcc/arm-eabi/4.6.x-google/ -D__USES_INITFINI__ -D __KERNEL__ -D __LINUX_ARM_ARCH__=7 -U arm -D KBUILD_STR(s)=#s -D KBUILD_BASENAME=KBUILD_STR(tdmb) -D KBUILD_MODNAME=KBUILD_STR(tdmb) -isystem /home/cholokei/prebuilts/gcc/linux-x86/arm/arm-eabi-4.6/bin/../lib/gcc/arm-eabi/4.6.x-google/include -include /home/cholokei/git/android_kernel_samsung_dalikt/include/linux/kconfig.h -MD drivers/media/tdmb/.tdmb.o.d drivers/media/tdmb/tdmb.c -quiet -dumpbase tdmb.c -mlittle-endian -marm -mabi=aapcs-linux -mno-thumb-interwork -march=armv7-a -msoft-float -mfpu=vfp -auxbase-strip drivers/media/tdmb/.tmp_tdmb.o -g -Os -Wall -Wundef -Wstrict-prototypes -Wno-trigraphs -Wno-format-security -Wframe-larger-than=1024 -Wno-unused-but-set-variable -Wdeclaration-after-statement -Wno-pointer-sign -version -fno-strict-aliasing -fno-common -fno-delete-null-pointer-checks -fno-dwarf2-cfi-asm -funwind-tables -fno-stack-protector -fomit-frame-pointer -fno-strict-overflow -fconserve-stack -o /tmp/ccC1z7GS.s
GNU C (GCC) version 4.6.x-google 20120106 (prerelease) (arm-eabi)
	compiled by GNU C version 4.4.3, GMP version 4.2.4, MPFR version 2.4.1, MPC version 0.8.1
GGC heuristics: --param ggc-min-expand=100 --param ggc-min-heapsize=131072
#include "..." search starts here:
#include <...> search starts here:
 /home/cholokei/git/android_kernel_samsung_dalikt/arch/arm/include
 arch/arm/include/generated
 include
 arch/arm/mach-msm/include
 drivers/media/tdmb
 drivers/media/tdmb/t3900
 drivers/media/tdmb/fc8050
 /home/cholokei/prebuilts/gcc/linux-x86/arm/arm-eabi-4.6/bin/../lib/gcc/arm-eabi/4.6.x-google/include
End of search list.
GNU C (GCC) version 4.6.x-google 20120106 (prerelease) (arm-eabi)
	compiled by GNU C version 4.4.3, GMP version 4.2.4, MPFR version 2.4.1, MPC version 0.8.1
GGC heuristics: --param ggc-min-expand=100 --param ggc-min-heapsize=131072
Compiler executable checksum: 7e0a3541f55243241c747ff83ef85799
  CC      arch/arm/mach-msm/msm_bus/msm_bus_dbg.o
  CC      drivers/misc/ak8975.o
drivers/media/tdmb/tdmb.c: In function 'tdmb_mmap':
drivers/media/tdmb/tdmb.c:208:2: warning: format '%lx' expects argument of type 'long unsigned int', but argument 5 has type 'pgprot_t' [-Wformat]
drivers/misc/fsa9480.c: In function 'DisableFSA9480Interrupts':
drivers/misc/fsa9480.c:231:30: error: 'local_usbsw' undeclared (first use in this function)
drivers/misc/fsa9480.c:231:30: note: each undeclared identifier is reported only once for each function it appears in
drivers/misc/fsa9480.c: In function 'EnableFSA9480Interrupts':
drivers/misc/fsa9480.c:245:30: error: 'local_usbsw' undeclared (first use in this function)
drivers/misc/fsa9480.c: In function 'FSA9480_CheckAndHookAudioDock':
drivers/misc/fsa9480.c:263:30: error: 'local_usbsw' undeclared (first use in this function)
drivers/misc/fsa9480.c: In function 'fsa9480_otg_detach':
drivers/misc/fsa9480.c:694:30: error: 'local_usbsw' undeclared (first use in this function)
drivers/misc/fsa9480.c: In function 'fsa9480_manual_switching':
drivers/misc/fsa9480.c:716:30: error: 'local_usbsw' undeclared (first use in this function)
drivers/misc/fsa9480.c: In function 'fsa9480_detect_dev':
drivers/misc/fsa9480.c:944:5: error: 'ret' undeclared (first use in this function)
drivers/misc/fsa9480.c: In function 'fsa9480_check_device':
drivers/misc/fsa9480.c:1208:10: error: 'local_usbsw' undeclared (first use in this function)
drivers/misc/fsa9480.c: In function 'fsa9480_irq_handler':
drivers/misc/fsa9480.c:1443:3: error: 'device_type' undeclared (first use in this function)
drivers/misc/fsa9480.c:1435:6: warning: unused variable 'device' [-Wunused-variable]
drivers/misc/fsa9480.c: In function 'fsa9480_init_detect':
drivers/misc/fsa9480.c:1535:2: error: too few arguments to function 'fsa9480_detect_dev'
drivers/misc/fsa9480.c:834:13: note: declared here
drivers/misc/fsa9480.c: In function 'fsa9480_probe':
drivers/misc/fsa9480.c:1600:2: error: 'local_usbsw' undeclared (first use in this function)
  CC      drivers/gpu/msm/adreno_a3xx_snapshot.o
  LD      drivers/mfd/built-in.o
COLLECT_GCC_OPTIONS='-nostdinc' '-isystem' '/home/cholokei/prebuilts/gcc/linux-x86/arm/arm-eabi-4.6/bin/../lib/gcc/arm-eabi/4.6.x-google/include' '-I' '/home/cholokei/git/android_kernel_samsung_dalikt/arch/arm/include' '-I' 'arch/arm/include/generated' '-I' 'include' '-include' '/home/cholokei/git/android_kernel_samsung_dalikt/include/linux/kconfig.h' '-D' '__KERNEL__' '-mlittle-endian' '-I' 'arch/arm/mach-msm/include' '-Wall' '-Wundef' '-Wstrict-prototypes' '-Wno-trigraphs' '-fno-strict-aliasing' '-fno-common' '-Wno-format-security' '-fno-delete-null-pointer-checks' '-Os' '-marm' '-fno-dwarf2-cfi-asm' '-mabi=aapcs-linux' '-mno-thumb-interwork' '-funwind-tables' '-D' '__LINUX_ARM_ARCH__=7' '-march=armv7-a' '-msoft-float' '-U' 'arm' '-Wframe-larger-than=1024' '-fno-stack-protector' '-Wno-unused-but-set-variable' '-fomit-frame-pointer' '-g' '-Wdeclaration-after-statement' '-Wno-pointer-sign' '-fno-strict-overflow' '-fconserve-stack' '-I' 'drivers/media/tdmb' '-v' '-I' 'drivers/media/tdmb/t3900' '-I' 'drivers/media/tdmb/fc8050' '-D' 'KBUILD_STR(s)=#s' '-D' 'KBUILD_BASENAME=KBUILD_STR(tdmb)' '-D' 'KBUILD_MODNAME=KBUILD_STR(tdmb)' '-c' '-o' 'drivers/media/tdmb/.tmp_tdmb.o' '-mfpu=vfp'
 /home/cholokei/prebuilts/gcc/linux-x86/arm/arm-eabi-4.6/bin/../lib/gcc/arm-eabi/4.6.x-google/../../../../arm-eabi/bin/as -v -I /home/cholokei/git/android_kernel_samsung_dalikt/arch/arm/include -I arch/arm/include/generated -I include -I arch/arm/mach-msm/include -I drivers/media/tdmb -I drivers/media/tdmb/t3900 -I drivers/media/tdmb/fc8050 -EL -march=armv7-a -mfloat-abi=soft -mfpu=vfp -meabi=5 -o drivers/media/tdmb/.tmp_tdmb.o /tmp/ccC1z7GS.s
GNU assembler version 2.21 (arm-eabi) using BFD version (GNU Binutils) 2.21
COMPILER_PATH=/home/cholokei/prebuilts/gcc/linux-x86/arm/arm-eabi-4.6/bin/../libexec/gcc/arm-eabi/4.6.x-google/:/home/cholokei/prebuilts/gcc/linux-x86/arm/arm-eabi-4.6/bin/../libexec/gcc/:/home/cholokei/prebuilts/gcc/linux-x86/arm/arm-eabi-4.6/bin/../lib/gcc/arm-eabi/4.6.x-google/../../../../arm-eabi/bin/
LIBRARY_PATH=/home/cholokei/prebuilts/gcc/linux-x86/arm/arm-eabi-4.6/bin/../lib/gcc/arm-eabi/4.6.x-google/:/home/cholokei/prebuilts/gcc/linux-x86/arm/arm-eabi-4.6/bin/../lib/gcc/:/home/cholokei/prebuilts/gcc/linux-x86/arm/arm-eabi-4.6/bin/../lib/gcc/arm-eabi/4.6.x-google/../../../../arm-eabi/lib/
COLLECT_GCC_OPTIONS='-nostdinc' '-isystem' '/home/cholokei/prebuilts/gcc/linux-x86/arm/arm-eabi-4.6/bin/../lib/gcc/arm-eabi/4.6.x-google/include' '-I' '/home/cholokei/git/android_kernel_samsung_dalikt/arch/arm/include' '-I' 'arch/arm/include/generated' '-I' 'include' '-include' '/home/cholokei/git/android_kernel_samsung_dalikt/include/linux/kconfig.h' '-D' '__KERNEL__' '-mlittle-endian' '-I' 'arch/arm/mach-msm/include' '-Wall' '-Wundef' '-Wstrict-prototypes' '-Wno-trigraphs' '-fno-strict-aliasing' '-fno-common' '-Wno-format-security' '-fno-delete-null-pointer-checks' '-Os' '-marm' '-fno-dwarf2-cfi-asm' '-mabi=aapcs-linux' '-mno-thumb-interwork' '-funwind-tables' '-D' '__LINUX_ARM_ARCH__=7' '-march=armv7-a' '-msoft-float' '-U' 'arm' '-Wframe-larger-than=1024' '-fno-stack-protector' '-Wno-unused-but-set-variable' '-fomit-frame-pointer' '-g' '-Wdeclaration-after-statement' '-Wno-pointer-sign' '-fno-strict-overflow' '-fconserve-stack' '-I' 'drivers/media/tdmb' '-v' '-I' 'drivers/media/tdmb/t3900' '-I' 'drivers/media/tdmb/fc8050' '-D' 'KBUILD_STR(s)=#s' '-D' 'KBUILD_BASENAME=KBUILD_STR(tdmb)' '-D' 'KBUILD_MODNAME=KBUILD_STR(tdmb)' '-c' '-o' 'drivers/media/tdmb/.tmp_tdmb.o' '-mfpu=vfp'
  CC      drivers/gpu/msm/adreno.o
make[2]: *** [drivers/misc/fsa9480.o] 오류 1
make[2]: *** 끝나지 않은 작업을 기다리고 있습니다....
  CC      drivers/hid/hid-roccat.o
make[1]: *** [drivers/misc] 오류 2
make[1]: *** 끝나지 않은 작업을 기다리고 있습니다....
  CC      drivers/media/tdmb/tdmb_data.o
  CC      drivers/hid/hid-roccat-common.o
  CC      fs/exfat/exfat_cache.o
Using built-in specs.
  LD      drivers/input/touchscreen/built-in.o
COLLECT_GCC=arm-eabi-gcc
COLLECT_LTO_WRAPPER=/home/cholokei/prebuilts/gcc/linux-x86/arm/arm-eabi-4.6/bin/../libexec/gcc/arm-eabi/4.6.x-google/lto-wrapper
Target: arm-eabi
Configured with: /tmp/android-15472/src/build/../gcc/gcc-4.6/configure --prefix=/usr/local --target=arm-eabi --host=x86_64-linux-gnu --build=x86_64-linux-gnu --with-gnu-as --with-gnu-ld --enable-languages=c,c++ --with-gmp=/tmp/android-15472/obj/temp-install --with-mpfr=/tmp/android-15472/obj/temp-install --with-mpc=/tmp/android-15472/obj/temp-install --without-ppl --without-cloog --disable-libssp --enable-threads --disable-nls --disable-libmudflap --disable-libgomp --disable-libstdc__-v3 --disable-sjlj-exceptions --disable-shared --disable-tls --disable-libitm --with-float=soft --with-fpu=vfp --with-arch=armv5te --enable-target-optspace --with-abi=aapcs --with-gcc-version=4.6 --with-binutils-version=2.21 --with-gmp-version=4.2.4 --with-mpfr-version=2.4.1 --with-gdb-version=7.3.x --with-arch=armv5te --with-sysroot=/tmp/android-15472/install/sysroot --with-prefix=/tmp/android-15472/install --with-gold-version=2.21 --enable-gold --disable-gold --disable-multilib --program-transform-name='s&^&arm-eabi-&'
Thread model: single
gcc version 4.6.x-google 20120106 (prerelease) (GCC) 
COLLECT_GCC_OPTIONS='-nostdinc' '-isystem' '/home/cholokei/prebuilts/gcc/linux-x86/arm/arm-eabi-4.6/bin/../lib/gcc/arm-eabi/4.6.x-google/include' '-I' '/home/cholokei/git/android_kernel_samsung_dalikt/arch/arm/include' '-I' 'arch/arm/include/generated' '-I' 'include' '-include' '/home/cholokei/git/android_kernel_samsung_dalikt/include/linux/kconfig.h' '-D' '__KERNEL__' '-mlittle-endian' '-I' 'arch/arm/mach-msm/include' '-Wall' '-Wundef' '-Wstrict-prototypes' '-Wno-trigraphs' '-fno-strict-aliasing' '-fno-common' '-Wno-format-security' '-fno-delete-null-pointer-checks' '-Os' '-marm' '-fno-dwarf2-cfi-asm' '-mabi=aapcs-linux' '-mno-thumb-interwork' '-funwind-tables' '-D' '__LINUX_ARM_ARCH__=7' '-march=armv7-a' '-msoft-float' '-U' 'arm' '-Wframe-larger-than=1024' '-fno-stack-protector' '-Wno-unused-but-set-variable' '-fomit-frame-pointer' '-g' '-Wdeclaration-after-statement' '-Wno-pointer-sign' '-fno-strict-overflow' '-fconserve-stack' '-I' 'drivers/media/tdmb' '-v' '-I' 'drivers/media/tdmb/t3900' '-I' 'drivers/media/tdmb/fc8050' '-D' 'KBUILD_STR(s)=#s' '-D' 'KBUILD_BASENAME=KBUILD_STR(tdmb_data)' '-D' 'KBUILD_MODNAME=KBUILD_STR(tdmb_data)' '-c' '-o' 'drivers/media/tdmb/.tmp_tdmb_data.o' '-mfpu=vfp'
 /home/cholokei/prebuilts/gcc/linux-x86/arm/arm-eabi-4.6/bin/../libexec/gcc/arm-eabi/4.6.x-google/cc1 -quiet -nostdinc -v -I /home/cholokei/git/android_kernel_samsung_dalikt/arch/arm/include -I arch/arm/include/generated -I include -I arch/arm/mach-msm/include -I drivers/media/tdmb -I drivers/media/tdmb/t3900 -I drivers/media/tdmb/fc8050 -iprefix /home/cholokei/prebuilts/gcc/linux-x86/arm/arm-eabi-4.6/bin/../lib/gcc/arm-eabi/4.6.x-google/ -D__USES_INITFINI__ -D __KERNEL__ -D __LINUX_ARM_ARCH__=7 -U arm -D KBUILD_STR(s)=#s -D KBUILD_BASENAME=KBUILD_STR(tdmb_data) -D KBUILD_MODNAME=KBUILD_STR(tdmb_data) -isystem /home/cholokei/prebuilts/gcc/linux-x86/arm/arm-eabi-4.6/bin/../lib/gcc/arm-eabi/4.6.x-google/include -include /home/cholokei/git/android_kernel_samsung_dalikt/include/linux/kconfig.h -MD drivers/media/tdmb/.tdmb_data.o.d drivers/media/tdmb/tdmb_data.c -quiet -dumpbase tdmb_data.c -mlittle-endian -marm -mabi=aapcs-linux -mno-thumb-interwork -march=armv7-a -msoft-float -mfpu=vfp -auxbase-strip drivers/media/tdmb/.tmp_tdmb_data.o -g -Os -Wall -Wundef -Wstrict-prototypes -Wno-trigraphs -Wno-format-security -Wframe-larger-than=1024 -Wno-unused-but-set-variable -Wdeclaration-after-statement -Wno-pointer-sign -version -fno-strict-aliasing -fno-common -fno-delete-null-pointer-checks -fno-dwarf2-cfi-asm -funwind-tables -fno-stack-protector -fomit-frame-pointer -fno-strict-overflow -fconserve-stack -o /tmp/cc2TxUiB.s
GNU C (GCC) version 4.6.x-google 20120106 (prerelease) (arm-eabi)
	compiled by GNU C version 4.4.3, GMP version 4.2.4, MPFR version 2.4.1, MPC version 0.8.1
GGC heuristics: --param ggc-min-expand=100 --param ggc-min-heapsize=131072
#include "..." search starts here:
#include <...> search starts here:
 /home/cholokei/git/android_kernel_samsung_dalikt/arch/arm/include
 arch/arm/include/generated
 include
 arch/arm/mach-msm/include
 drivers/media/tdmb
 drivers/media/tdmb/t3900
 drivers/media/tdmb/fc8050
 /home/cholokei/prebuilts/gcc/linux-x86/arm/arm-eabi-4.6/bin/../lib/gcc/arm-eabi/4.6.x-google/include
End of search list.
  LD      drivers/input/built-in.o
GNU C (GCC) version 4.6.x-google 20120106 (prerelease) (arm-eabi)
	compiled by GNU C version 4.4.3, GMP version 4.2.4, MPFR version 2.4.1, MPC version 0.8.1
GGC heuristics: --param ggc-min-expand=100 --param ggc-min-heapsize=131072
Compiler executable checksum: 7e0a3541f55243241c747ff83ef85799
  LD      arch/arm/mach-msm/msm_bus/built-in.o
  CC      drivers/gpu/msm/adreno_debugfs.o
  CC      arch/arm/mach-msm/pm-8x60.o
COLLECT_GCC_OPTIONS='-nostdinc' '-isystem' '/home/cholokei/prebuilts/gcc/linux-x86/arm/arm-eabi-4.6/bin/../lib/gcc/arm-eabi/4.6.x-google/include' '-I' '/home/cholokei/git/android_kernel_samsung_dalikt/arch/arm/include' '-I' 'arch/arm/include/generated' '-I' 'include' '-include' '/home/cholokei/git/android_kernel_samsung_dalikt/include/linux/kconfig.h' '-D' '__KERNEL__' '-mlittle-endian' '-I' 'arch/arm/mach-msm/include' '-Wall' '-Wundef' '-Wstrict-prototypes' '-Wno-trigraphs' '-fno-strict-aliasing' '-fno-common' '-Wno-format-security' '-fno-delete-null-pointer-checks' '-Os' '-marm' '-fno-dwarf2-cfi-asm' '-mabi=aapcs-linux' '-mno-thumb-interwork' '-funwind-tables' '-D' '__LINUX_ARM_ARCH__=7' '-march=armv7-a' '-msoft-float' '-U' 'arm' '-Wframe-larger-than=1024' '-fno-stack-protector' '-Wno-unused-but-set-variable' '-fomit-frame-pointer' '-g' '-Wdeclaration-after-statement' '-Wno-pointer-sign' '-fno-strict-overflow' '-fconserve-stack' '-I' 'drivers/media/tdmb' '-v' '-I' 'drivers/media/tdmb/t3900' '-I' 'drivers/media/tdmb/fc8050' '-D' 'KBUILD_STR(s)=#s' '-D' 'KBUILD_BASENAME=KBUILD_STR(tdmb_data)' '-D' 'KBUILD_MODNAME=KBUILD_STR(tdmb_data)' '-c' '-o' 'drivers/media/tdmb/.tmp_tdmb_data.o' '-mfpu=vfp'
 /home/cholokei/prebuilts/gcc/linux-x86/arm/arm-eabi-4.6/bin/../lib/gcc/arm-eabi/4.6.x-google/../../../../arm-eabi/bin/as -v -I /home/cholokei/git/android_kernel_samsung_dalikt/arch/arm/include -I arch/arm/include/generated -I include -I arch/arm/mach-msm/include -I drivers/media/tdmb -I drivers/media/tdmb/t3900 -I drivers/media/tdmb/fc8050 -EL -march=armv7-a -mfloat-abi=soft -mfpu=vfp -meabi=5 -o drivers/media/tdmb/.tmp_tdmb_data.o /tmp/cc2TxUiB.s
GNU assembler version 2.21 (arm-eabi) using BFD version (GNU Binutils) 2.21
  CC      arch/arm/mach-msm/devices-msm8x60.o
COMPILER_PATH=/home/cholokei/prebuilts/gcc/linux-x86/arm/arm-eabi-4.6/bin/../libexec/gcc/arm-eabi/4.6.x-google/:/home/cholokei/prebuilts/gcc/linux-x86/arm/arm-eabi-4.6/bin/../libexec/gcc/:/home/cholokei/prebuilts/gcc/linux-x86/arm/arm-eabi-4.6/bin/../lib/gcc/arm-eabi/4.6.x-google/../../../../arm-eabi/bin/
LIBRARY_PATH=/home/cholokei/prebuilts/gcc/linux-x86/arm/arm-eabi-4.6/bin/../lib/gcc/arm-eabi/4.6.x-google/:/home/cholokei/prebuilts/gcc/linux-x86/arm/arm-eabi-4.6/bin/../lib/gcc/:/home/cholokei/prebuilts/gcc/linux-x86/arm/arm-eabi-4.6/bin/../lib/gcc/arm-eabi/4.6.x-google/../../../../arm-eabi/lib/
COLLECT_GCC_OPTIONS='-nostdinc' '-isystem' '/home/cholokei/prebuilts/gcc/linux-x86/arm/arm-eabi-4.6/bin/../lib/gcc/arm-eabi/4.6.x-google/include' '-I' '/home/cholokei/git/android_kernel_samsung_dalikt/arch/arm/include' '-I' 'arch/arm/include/generated' '-I' 'include' '-include' '/home/cholokei/git/android_kernel_samsung_dalikt/include/linux/kconfig.h' '-D' '__KERNEL__' '-mlittle-endian' '-I' 'arch/arm/mach-msm/include' '-Wall' '-Wundef' '-Wstrict-prototypes' '-Wno-trigraphs' '-fno-strict-aliasing' '-fno-common' '-Wno-format-security' '-fno-delete-null-pointer-checks' '-Os' '-marm' '-fno-dwarf2-cfi-asm' '-mabi=aapcs-linux' '-mno-thumb-interwork' '-funwind-tables' '-D' '__LINUX_ARM_ARCH__=7' '-march=armv7-a' '-msoft-float' '-U' 'arm' '-Wframe-larger-than=1024' '-fno-stack-protector' '-Wno-unused-but-set-variable' '-fomit-frame-pointer' '-g' '-Wdeclaration-after-statement' '-Wno-pointer-sign' '-fno-strict-overflow' '-fconserve-stack' '-I' 'drivers/media/tdmb' '-v' '-I' 'drivers/media/tdmb/t3900' '-I' 'drivers/media/tdmb/fc8050' '-D' 'KBUILD_STR(s)=#s' '-D' 'KBUILD_BASENAME=KBUILD_STR(tdmb_data)' '-D' 'KBUILD_MODNAME=KBUILD_STR(tdmb_data)' '-c' '-o' 'drivers/media/tdmb/.tmp_tdmb_data.o' '-mfpu=vfp'
  CC      drivers/media/tdmb/tdmb_port_t3900.o
Using built-in specs.
COLLECT_GCC=arm-eabi-gcc
COLLECT_LTO_WRAPPER=/home/cholokei/prebuilts/gcc/linux-x86/arm/arm-eabi-4.6/bin/../libexec/gcc/arm-eabi/4.6.x-google/lto-wrapper
Target: arm-eabi
Configured with: /tmp/android-15472/src/build/../gcc/gcc-4.6/configure --prefix=/usr/local --target=arm-eabi --host=x86_64-linux-gnu --build=x86_64-linux-gnu --with-gnu-as --with-gnu-ld --enable-languages=c,c++ --with-gmp=/tmp/android-15472/obj/temp-install --with-mpfr=/tmp/android-15472/obj/temp-install --with-mpc=/tmp/android-15472/obj/temp-install --without-ppl --without-cloog --disable-libssp --enable-threads --disable-nls --disable-libmudflap --disable-libgomp --disable-libstdc__-v3 --disable-sjlj-exceptions --disable-shared --disable-tls --disable-libitm --with-float=soft --with-fpu=vfp --with-arch=armv5te --enable-target-optspace --with-abi=aapcs --with-gcc-version=4.6 --with-binutils-version=2.21 --with-gmp-version=4.2.4 --with-mpfr-version=2.4.1 --with-gdb-version=7.3.x --with-arch=armv5te --with-sysroot=/tmp/android-15472/install/sysroot --with-prefix=/tmp/android-15472/install --with-gold-version=2.21 --enable-gold --disable-gold --disable-multilib --program-transform-name='s&^&arm-eabi-&'
Thread model: single
gcc version 4.6.x-google 20120106 (prerelease) (GCC) 
COLLECT_GCC_OPTIONS='-nostdinc' '-isystem' '/home/cholokei/prebuilts/gcc/linux-x86/arm/arm-eabi-4.6/bin/../lib/gcc/arm-eabi/4.6.x-google/include' '-I' '/home/cholokei/git/android_kernel_samsung_dalikt/arch/arm/include' '-I' 'arch/arm/include/generated' '-I' 'include' '-include' '/home/cholokei/git/android_kernel_samsung_dalikt/include/linux/kconfig.h' '-D' '__KERNEL__' '-mlittle-endian' '-I' 'arch/arm/mach-msm/include' '-Wall' '-Wundef' '-Wstrict-prototypes' '-Wno-trigraphs' '-fno-strict-aliasing' '-fno-common' '-Wno-format-security' '-fno-delete-null-pointer-checks' '-Os' '-marm' '-fno-dwarf2-cfi-asm' '-mabi=aapcs-linux' '-mno-thumb-interwork' '-funwind-tables' '-D' '__LINUX_ARM_ARCH__=7' '-march=armv7-a' '-msoft-float' '-U' 'arm' '-Wframe-larger-than=1024' '-fno-stack-protector' '-Wno-unused-but-set-variable' '-fomit-frame-pointer' '-g' '-Wdeclaration-after-statement' '-Wno-pointer-sign' '-fno-strict-overflow' '-fconserve-stack' '-I' 'drivers/media/tdmb' '-v' '-I' 'drivers/media/tdmb/t3900' '-I' 'drivers/media/tdmb/fc8050' '-D' 'KBUILD_STR(s)=#s' '-D' 'KBUILD_BASENAME=KBUILD_STR(tdmb_port_t3900)' '-D' 'KBUILD_MODNAME=KBUILD_STR(tdmb_port_t3900)' '-c' '-o' 'drivers/media/tdmb/.tmp_tdmb_port_t3900.o' '-mfpu=vfp'
 /home/cholokei/prebuilts/gcc/linux-x86/arm/arm-eabi-4.6/bin/../libexec/gcc/arm-eabi/4.6.x-google/cc1 -quiet -nostdinc -v -I /home/cholokei/git/android_kernel_samsung_dalikt/arch/arm/include -I arch/arm/include/generated -I include -I arch/arm/mach-msm/include -I drivers/media/tdmb -I drivers/media/tdmb/t3900 -I drivers/media/tdmb/fc8050 -iprefix /home/cholokei/prebuilts/gcc/linux-x86/arm/arm-eabi-4.6/bin/../lib/gcc/arm-eabi/4.6.x-google/ -D__USES_INITFINI__ -D __KERNEL__ -D __LINUX_ARM_ARCH__=7 -U arm -D KBUILD_STR(s)=#s -D KBUILD_BASENAME=KBUILD_STR(tdmb_port_t3900) -D KBUILD_MODNAME=KBUILD_STR(tdmb_port_t3900) -isystem /home/cholokei/prebuilts/gcc/linux-x86/arm/arm-eabi-4.6/bin/../lib/gcc/arm-eabi/4.6.x-google/include -include /home/cholokei/git/android_kernel_samsung_dalikt/include/linux/kconfig.h -MD drivers/media/tdmb/.tdmb_port_t3900.o.d drivers/media/tdmb/tdmb_port_t3900.c -quiet -dumpbase tdmb_port_t3900.c -mlittle-endian -marm -mabi=aapcs-linux -mno-thumb-interwork -march=armv7-a -msoft-float -mfpu=vfp -auxbase-strip drivers/media/tdmb/.tmp_tdmb_port_t3900.o -g -Os -Wall -Wundef -Wstrict-prototypes -Wno-trigraphs -Wno-format-security -Wframe-larger-than=1024 -Wno-unused-but-set-variable -Wdeclaration-after-statement -Wno-pointer-sign -version -fno-strict-aliasing -fno-common -fno-delete-null-pointer-checks -fno-dwarf2-cfi-asm -funwind-tables -fno-stack-protector -fomit-frame-pointer -fno-strict-overflow -fconserve-stack -o /tmp/ccRwJR97.s
GNU C (GCC) version 4.6.x-google 20120106 (prerelease) (arm-eabi)
	compiled by GNU C version 4.4.3, GMP version 4.2.4, MPFR version 2.4.1, MPC version 0.8.1
GGC heuristics: --param ggc-min-expand=100 --param ggc-min-heapsize=131072
#include "..." search starts here:
#include <...> search starts here:
 /home/cholokei/git/android_kernel_samsung_dalikt/arch/arm/include
 arch/arm/include/generated
 include
 arch/arm/mach-msm/include
 drivers/media/tdmb
 drivers/media/tdmb/t3900
 drivers/media/tdmb/fc8050
 /home/cholokei/prebuilts/gcc/linux-x86/arm/arm-eabi-4.6/bin/../lib/gcc/arm-eabi/4.6.x-google/include
End of search list.
  LD      sound/built-in.o
GNU C (GCC) version 4.6.x-google 20120106 (prerelease) (arm-eabi)
	compiled by GNU C version 4.4.3, GMP version 4.2.4, MPFR version 2.4.1, MPC version 0.8.1
GGC heuristics: --param ggc-min-expand=100 --param ggc-min-heapsize=131072
Compiler executable checksum: 7e0a3541f55243241c747ff83ef85799
  CC      drivers/gpu/msm/kgsl.o
  CC      fs/exfat/exfat_data.o
  CC      drivers/hid/hid-roccat-arvo.o
  CC      kernel/module.o
  LD      drivers/mmc/core/mmc_core.o
  CC      drivers/hid/hid-roccat-isku.o
COLLECT_GCC_OPTIONS='-nostdinc' '-isystem' '/home/cholokei/prebuilts/gcc/linux-x86/arm/arm-eabi-4.6/bin/../lib/gcc/arm-eabi/4.6.x-google/include' '-I' '/home/cholokei/git/android_kernel_samsung_dalikt/arch/arm/include' '-I' 'arch/arm/include/generated' '-I' 'include' '-include' '/home/cholokei/git/android_kernel_samsung_dalikt/include/linux/kconfig.h' '-D' '__KERNEL__' '-mlittle-endian' '-I' 'arch/arm/mach-msm/include' '-Wall' '-Wundef' '-Wstrict-prototypes' '-Wno-trigraphs' '-fno-strict-aliasing' '-fno-common' '-Wno-format-security' '-fno-delete-null-pointer-checks' '-Os' '-marm' '-fno-dwarf2-cfi-asm' '-mabi=aapcs-linux' '-mno-thumb-interwork' '-funwind-tables' '-D' '__LINUX_ARM_ARCH__=7' '-march=armv7-a' '-msoft-float' '-U' 'arm' '-Wframe-larger-than=1024' '-fno-stack-protector' '-Wno-unused-but-set-variable' '-fomit-frame-pointer' '-g' '-Wdeclaration-after-statement' '-Wno-pointer-sign' '-fno-strict-overflow' '-fconserve-stack' '-I' 'drivers/media/tdmb' '-v' '-I' 'drivers/media/tdmb/t3900' '-I' 'drivers/media/tdmb/fc8050' '-D' 'KBUILD_STR(s)=#s' '-D' 'KBUILD_BASENAME=KBUILD_STR(tdmb_port_t3900)' '-D' 'KBUILD_MODNAME=KBUILD_STR(tdmb_port_t3900)' '-c' '-o' 'drivers/media/tdmb/.tmp_tdmb_port_t3900.o' '-mfpu=vfp'
 /home/cholokei/prebuilts/gcc/linux-x86/arm/arm-eabi-4.6/bin/../lib/gcc/arm-eabi/4.6.x-google/../../../../arm-eabi/bin/as -v -I /home/cholokei/git/android_kernel_samsung_dalikt/arch/arm/include -I arch/arm/include/generated -I include -I arch/arm/mach-msm/include -I drivers/media/tdmb -I drivers/media/tdmb/t3900 -I drivers/media/tdmb/fc8050 -EL -march=armv7-a -mfloat-abi=soft -mfpu=vfp -meabi=5 -o drivers/media/tdmb/.tmp_tdmb_port_t3900.o /tmp/ccRwJR97.s
GNU assembler version 2.21 (arm-eabi) using BFD version (GNU Binutils) 2.21
COMPILER_PATH=/home/cholokei/prebuilts/gcc/linux-x86/arm/arm-eabi-4.6/bin/../libexec/gcc/arm-eabi/4.6.x-google/:/home/cholokei/prebuilts/gcc/linux-x86/arm/arm-eabi-4.6/bin/../libexec/gcc/:/home/cholokei/prebuilts/gcc/linux-x86/arm/arm-eabi-4.6/bin/../lib/gcc/arm-eabi/4.6.x-google/../../../../arm-eabi/bin/
LIBRARY_PATH=/home/cholokei/prebuilts/gcc/linux-x86/arm/arm-eabi-4.6/bin/../lib/gcc/arm-eabi/4.6.x-google/:/home/cholokei/prebuilts/gcc/linux-x86/arm/arm-eabi-4.6/bin/../lib/gcc/:/home/cholokei/prebuilts/gcc/linux-x86/arm/arm-eabi-4.6/bin/../lib/gcc/arm-eabi/4.6.x-google/../../../../arm-eabi/lib/
COLLECT_GCC_OPTIONS='-nostdinc' '-isystem' '/home/cholokei/prebuilts/gcc/linux-x86/arm/arm-eabi-4.6/bin/../lib/gcc/arm-eabi/4.6.x-google/include' '-I' '/home/cholokei/git/android_kernel_samsung_dalikt/arch/arm/include' '-I' 'arch/arm/include/generated' '-I' 'include' '-include' '/home/cholokei/git/android_kernel_samsung_dalikt/include/linux/kconfig.h' '-D' '__KERNEL__' '-mlittle-endian' '-I' 'arch/arm/mach-msm/include' '-Wall' '-Wundef' '-Wstrict-prototypes' '-Wno-trigraphs' '-fno-strict-aliasing' '-fno-common' '-Wno-format-security' '-fno-delete-null-pointer-checks' '-Os' '-marm' '-fno-dwarf2-cfi-asm' '-mabi=aapcs-linux' '-mno-thumb-interwork' '-funwind-tables' '-D' '__LINUX_ARM_ARCH__=7' '-march=armv7-a' '-msoft-float' '-U' 'arm' '-Wframe-larger-than=1024' '-fno-stack-protector' '-Wno-unused-but-set-variable' '-fomit-frame-pointer' '-g' '-Wdeclaration-after-statement' '-Wno-pointer-sign' '-fno-strict-overflow' '-fconserve-stack' '-I' 'drivers/media/tdmb' '-v' '-I' 'drivers/media/tdmb/t3900' '-I' 'drivers/media/tdmb/fc8050' '-D' 'KBUILD_STR(s)=#s' '-D' 'KBUILD_BASENAME=KBUILD_STR(tdmb_port_t3900)' '-D' 'KBUILD_MODNAME=KBUILD_STR(tdmb_port_t3900)' '-c' '-o' 'drivers/media/tdmb/.tmp_tdmb_port_t3900.o' '-mfpu=vfp'
  CC      fs/exfat/exfat_global.o
  CC      fs/exfat/exfat_nls.o
  CC      drivers/hid/hid-roccat-kone.o
  CC      drivers/gpu/msm/kgsl_trace.o
  CC      drivers/hid/hid-roccat-koneplus.o
  CC      drivers/media/tdmb/tdmb_port_fc8050.o
Using built-in specs.
COLLECT_GCC=arm-eabi-gcc
COLLECT_LTO_WRAPPER=/home/cholokei/prebuilts/gcc/linux-x86/arm/arm-eabi-4.6/bin/../libexec/gcc/arm-eabi/4.6.x-google/lto-wrapper
Target: arm-eabi
Configured with: /tmp/android-15472/src/build/../gcc/gcc-4.6/configure --prefix=/usr/local --target=arm-eabi --host=x86_64-linux-gnu --build=x86_64-linux-gnu --with-gnu-as --with-gnu-ld --enable-languages=c,c++ --with-gmp=/tmp/android-15472/obj/temp-install --with-mpfr=/tmp/android-15472/obj/temp-install --with-mpc=/tmp/android-15472/obj/temp-install --without-ppl --without-cloog --disable-libssp --enable-threads --disable-nls --disable-libmudflap --disable-libgomp --disable-libstdc__-v3 --disable-sjlj-exceptions --disable-shared --disable-tls --disable-libitm --with-float=soft --with-fpu=vfp --with-arch=armv5te --enable-target-optspace --with-abi=aapcs --with-gcc-version=4.6 --with-binutils-version=2.21 --with-gmp-version=4.2.4 --with-mpfr-version=2.4.1 --with-gdb-version=7.3.x --with-arch=armv5te --with-sysroot=/tmp/android-15472/install/sysroot --with-prefix=/tmp/android-15472/install --with-gold-version=2.21 --enable-gold --disable-gold --disable-multilib --program-transform-name='s&^&arm-eabi-&'
Thread model: single
gcc version 4.6.x-google 20120106 (prerelease) (GCC) 
COLLECT_GCC_OPTIONS='-nostdinc' '-isystem' '/home/cholokei/prebuilts/gcc/linux-x86/arm/arm-eabi-4.6/bin/../lib/gcc/arm-eabi/4.6.x-google/include' '-I' '/home/cholokei/git/android_kernel_samsung_dalikt/arch/arm/include' '-I' 'arch/arm/include/generated' '-I' 'include' '-include' '/home/cholokei/git/android_kernel_samsung_dalikt/include/linux/kconfig.h' '-D' '__KERNEL__' '-mlittle-endian' '-I' 'arch/arm/mach-msm/include' '-Wall' '-Wundef' '-Wstrict-prototypes' '-Wno-trigraphs' '-fno-strict-aliasing' '-fno-common' '-Wno-format-security' '-fno-delete-null-pointer-checks' '-Os' '-marm' '-fno-dwarf2-cfi-asm' '-mabi=aapcs-linux' '-mno-thumb-interwork' '-funwind-tables' '-D' '__LINUX_ARM_ARCH__=7' '-march=armv7-a' '-msoft-float' '-U' 'arm' '-Wframe-larger-than=1024' '-fno-stack-protector' '-Wno-unused-but-set-variable' '-fomit-frame-pointer' '-g' '-Wdeclaration-after-statement' '-Wno-pointer-sign' '-fno-strict-overflow' '-fconserve-stack' '-I' 'drivers/media/tdmb' '-v' '-I' 'drivers/media/tdmb/t3900' '-I' 'drivers/media/tdmb/fc8050' '-D' 'KBUILD_STR(s)=#s' '-D' 'KBUILD_BASENAME=KBUILD_STR(tdmb_port_fc8050)' '-D' 'KBUILD_MODNAME=KBUILD_STR(tdmb_port_fc8050)' '-c' '-o' 'drivers/media/tdmb/.tmp_tdmb_port_fc8050.o' '-mfpu=vfp'
 /home/cholokei/prebuilts/gcc/linux-x86/arm/arm-eabi-4.6/bin/../libexec/gcc/arm-eabi/4.6.x-google/cc1 -quiet -nostdinc -v -I /home/cholokei/git/android_kernel_samsung_dalikt/arch/arm/include -I arch/arm/include/generated -I include -I arch/arm/mach-msm/include -I drivers/media/tdmb -I drivers/media/tdmb/t3900 -I drivers/media/tdmb/fc8050 -iprefix /home/cholokei/prebuilts/gcc/linux-x86/arm/arm-eabi-4.6/bin/../lib/gcc/arm-eabi/4.6.x-google/ -D__USES_INITFINI__ -D __KERNEL__ -D __LINUX_ARM_ARCH__=7 -U arm -D KBUILD_STR(s)=#s -D KBUILD_BASENAME=KBUILD_STR(tdmb_port_fc8050) -D KBUILD_MODNAME=KBUILD_STR(tdmb_port_fc8050) -isystem /home/cholokei/prebuilts/gcc/linux-x86/arm/arm-eabi-4.6/bin/../lib/gcc/arm-eabi/4.6.x-google/include -include /home/cholokei/git/android_kernel_samsung_dalikt/include/linux/kconfig.h -MD drivers/media/tdmb/.tdmb_port_fc8050.o.d drivers/media/tdmb/tdmb_port_fc8050.c -quiet -dumpbase tdmb_port_fc8050.c -mlittle-endian -marm -mabi=aapcs-linux -mno-thumb-interwork -march=armv7-a -msoft-float -mfpu=vfp -auxbase-strip drivers/media/tdmb/.tmp_tdmb_port_fc8050.o -g -Os -Wall -Wundef -Wstrict-prototypes -Wno-trigraphs -Wno-format-security -Wframe-larger-than=1024 -Wno-unused-but-set-variable -Wdeclaration-after-statement -Wno-pointer-sign -version -fno-strict-aliasing -fno-common -fno-delete-null-pointer-checks -fno-dwarf2-cfi-asm -funwind-tables -fno-stack-protector -fomit-frame-pointer -fno-strict-overflow -fconserve-stack -o /tmp/ccNUfdKX.s
GNU C (GCC) version 4.6.x-google 20120106 (prerelease) (arm-eabi)
	compiled by GNU C version 4.4.3, GMP version 4.2.4, MPFR version 2.4.1, MPC version 0.8.1
GGC heuristics: --param ggc-min-expand=100 --param ggc-min-heapsize=131072
#include "..." search starts here:
#include <...> search starts here:
 /home/cholokei/git/android_kernel_samsung_dalikt/arch/arm/include
 arch/arm/include/generated
 include
 arch/arm/mach-msm/include
 drivers/media/tdmb
 drivers/media/tdmb/t3900
 drivers/media/tdmb/fc8050
 /home/cholokei/prebuilts/gcc/linux-x86/arm/arm-eabi-4.6/bin/../lib/gcc/arm-eabi/4.6.x-google/include
End of search list.
  CC      fs/exfat/exfat_oal.o
GNU C (GCC) version 4.6.x-google 20120106 (prerelease) (arm-eabi)
	compiled by GNU C version 4.4.3, GMP version 4.2.4, MPFR version 2.4.1, MPC version 0.8.1
GGC heuristics: --param ggc-min-expand=100 --param ggc-min-heapsize=131072
Compiler executable checksum: 7e0a3541f55243241c747ff83ef85799
  CC      drivers/hid/hid-roccat-kovaplus.o
  CC      drivers/media/tdmb/fc8050/bbm.o
  CC      drivers/media/tdmb/t3900/INC_FICDEC.o
  CC      drivers/media/tdmb/t3900/INC_INTERFACE.o
  CC      drivers/media/tdmb/t3900/INC_PROCESS.o
  CC      arch/arm/mach-msm/qdsp6v2/audio_dev_ctl.o
  CC      drivers/gpu/msm/kgsl_sharedmem.o
  CC      drivers/gpu/msm/kgsl_pwrctrl.o
  CC      drivers/media/tdmb/fc8050/dmbdrv_wrap_fc8050.o
  LD      drivers/mmc/core/built-in.o
COLLECT_GCC_OPTIONS='-nostdinc' '-isystem' '/home/cholokei/prebuilts/gcc/linux-x86/arm/arm-eabi-4.6/bin/../lib/gcc/arm-eabi/4.6.x-google/include' '-I' '/home/cholokei/git/android_kernel_samsung_dalikt/arch/arm/include' '-I' 'arch/arm/include/generated' '-I' 'include' '-include' '/home/cholokei/git/android_kernel_samsung_dalikt/include/linux/kconfig.h' '-D' '__KERNEL__' '-mlittle-endian' '-I' 'arch/arm/mach-msm/include' '-Wall' '-Wundef' '-Wstrict-prototypes' '-Wno-trigraphs' '-fno-strict-aliasing' '-fno-common' '-Wno-format-security' '-fno-delete-null-pointer-checks' '-Os' '-marm' '-fno-dwarf2-cfi-asm' '-mabi=aapcs-linux' '-mno-thumb-interwork' '-funwind-tables' '-D' '__LINUX_ARM_ARCH__=7' '-march=armv7-a' '-msoft-float' '-U' 'arm' '-Wframe-larger-than=1024' '-fno-stack-protector' '-Wno-unused-but-set-variable' '-fomit-frame-pointer' '-g' '-Wdeclaration-after-statement' '-Wno-pointer-sign' '-fno-strict-overflow' '-fconserve-stack' '-I' 'drivers/media/tdmb' '-v' '-I' 'drivers/media/tdmb/t3900' '-I' 'drivers/media/tdmb/fc8050' '-D' 'KBUILD_STR(s)=#s' '-D' 'KBUILD_BASENAME=KBUILD_STR(tdmb_port_fc8050)' '-D' 'KBUILD_MODNAME=KBUILD_STR(tdmb_port_fc8050)' '-c' '-o' 'drivers/media/tdmb/.tmp_tdmb_port_fc8050.o' '-mfpu=vfp'
 /home/cholokei/prebuilts/gcc/linux-x86/arm/arm-eabi-4.6/bin/../lib/gcc/arm-eabi/4.6.x-google/../../../../arm-eabi/bin/as -v -I /home/cholokei/git/android_kernel_samsung_dalikt/arch/arm/include -I arch/arm/include/generated -I include -I arch/arm/mach-msm/include -I drivers/media/tdmb -I drivers/media/tdmb/t3900 -I drivers/media/tdmb/fc8050 -EL -march=armv7-a -mfloat-abi=soft -mfpu=vfp -meabi=5 -o drivers/media/tdmb/.tmp_tdmb_port_fc8050.o /tmp/ccNUfdKX.s
GNU assembler version 2.21 (arm-eabi) using BFD version (GNU Binutils) 2.21
  LD      drivers/mmc/built-in.o
  CC      fs/exfat/exfat_upcase.o
COMPILER_PATH=/home/cholokei/prebuilts/gcc/linux-x86/arm/arm-eabi-4.6/bin/../libexec/gcc/arm-eabi/4.6.x-google/:/home/cholokei/prebuilts/gcc/linux-x86/arm/arm-eabi-4.6/bin/../libexec/gcc/:/home/cholokei/prebuilts/gcc/linux-x86/arm/arm-eabi-4.6/bin/../lib/gcc/arm-eabi/4.6.x-google/../../../../arm-eabi/bin/
LIBRARY_PATH=/home/cholokei/prebuilts/gcc/linux-x86/arm/arm-eabi-4.6/bin/../lib/gcc/arm-eabi/4.6.x-google/:/home/cholokei/prebuilts/gcc/linux-x86/arm/arm-eabi-4.6/bin/../lib/gcc/:/home/cholokei/prebuilts/gcc/linux-x86/arm/arm-eabi-4.6/bin/../lib/gcc/arm-eabi/4.6.x-google/../../../../arm-eabi/lib/
COLLECT_GCC_OPTIONS='-nostdinc' '-isystem' '/home/cholokei/prebuilts/gcc/linux-x86/arm/arm-eabi-4.6/bin/../lib/gcc/arm-eabi/4.6.x-google/include' '-I' '/home/cholokei/git/android_kernel_samsung_dalikt/arch/arm/include' '-I' 'arch/arm/include/generated' '-I' 'include' '-include' '/home/cholokei/git/android_kernel_samsung_dalikt/include/linux/kconfig.h' '-D' '__KERNEL__' '-mlittle-endian' '-I' 'arch/arm/mach-msm/include' '-Wall' '-Wundef' '-Wstrict-prototypes' '-Wno-trigraphs' '-fno-strict-aliasing' '-fno-common' '-Wno-format-security' '-fno-delete-null-pointer-checks' '-Os' '-marm' '-fno-dwarf2-cfi-asm' '-mabi=aapcs-linux' '-mno-thumb-interwork' '-funwind-tables' '-D' '__LINUX_ARM_ARCH__=7' '-march=armv7-a' '-msoft-float' '-U' 'arm' '-Wframe-larger-than=1024' '-fno-stack-protector' '-Wno-unused-but-set-variable' '-fomit-frame-pointer' '-g' '-Wdeclaration-after-statement' '-Wno-pointer-sign' '-fno-strict-overflow' '-fconserve-stack' '-I' 'drivers/media/tdmb' '-v' '-I' 'drivers/media/tdmb/t3900' '-I' 'drivers/media/tdmb/fc8050' '-D' 'KBUILD_STR(s)=#s' '-D' 'KBUILD_BASENAME=KBUILD_STR(tdmb_port_fc8050)' '-D' 'KBUILD_MODNAME=KBUILD_STR(tdmb_port_fc8050)' '-c' '-o' 'drivers/media/tdmb/.tmp_tdmb_port_fc8050.o' '-mfpu=vfp'
  CC      drivers/media/tdmb/fc8050/fc8050_bb.o
  CC      drivers/media/tdmb/fc8050/fc8050_i2c.o
  CC      drivers/media/tdmb/fc8050/fc8050_isr.o
  CC      drivers/media/tdmb/fc8050/fc8050_spi.o
  CC      drivers/media/tdmb/fc8050/fc8050_tun.o
  CC      drivers/media/tdmb/fc8050/fci_hal.o
  CC      drivers/hid/hid-roccat-pyra.o
  CC      drivers/gpu/msm/kgsl_pwrscale.o
  CC      fs/exfat/exfat_super.o
  CC      drivers/gpu/msm/kgsl_mmu.o
  CC      drivers/media/tdmb/tdmb_spi.o
Using built-in specs.
COLLECT_GCC=arm-eabi-gcc
COLLECT_LTO_WRAPPER=/home/cholokei/prebuilts/gcc/linux-x86/arm/arm-eabi-4.6/bin/../libexec/gcc/arm-eabi/4.6.x-google/lto-wrapper
Target: arm-eabi
Configured with: /tmp/android-15472/src/build/../gcc/gcc-4.6/configure --prefix=/usr/local --target=arm-eabi --host=x86_64-linux-gnu --build=x86_64-linux-gnu --with-gnu-as --with-gnu-ld --enable-languages=c,c++ --with-gmp=/tmp/android-15472/obj/temp-install --with-mpfr=/tmp/android-15472/obj/temp-install --with-mpc=/tmp/android-15472/obj/temp-install --without-ppl --without-cloog --disable-libssp --enable-threads --disable-nls --disable-libmudflap --disable-libgomp --disable-libstdc__-v3 --disable-sjlj-exceptions --disable-shared --disable-tls --disable-libitm --with-float=soft --with-fpu=vfp --with-arch=armv5te --enable-target-optspace --with-abi=aapcs --with-gcc-version=4.6 --with-binutils-version=2.21 --with-gmp-version=4.2.4 --with-mpfr-version=2.4.1 --with-gdb-version=7.3.x --with-arch=armv5te --with-sysroot=/tmp/android-15472/install/sysroot --with-prefix=/tmp/android-15472/install --with-gold-version=2.21 --enable-gold --disable-gold --disable-multilib --program-transform-name='s&^&arm-eabi-&'
Thread model: single
gcc version 4.6.x-google 20120106 (prerelease) (GCC) 
COLLECT_GCC_OPTIONS='-nostdinc' '-isystem' '/home/cholokei/prebuilts/gcc/linux-x86/arm/arm-eabi-4.6/bin/../lib/gcc/arm-eabi/4.6.x-google/include' '-I' '/home/cholokei/git/android_kernel_samsung_dalikt/arch/arm/include' '-I' 'arch/arm/include/generated' '-I' 'include' '-include' '/home/cholokei/git/android_kernel_samsung_dalikt/include/linux/kconfig.h' '-D' '__KERNEL__' '-mlittle-endian' '-I' 'arch/arm/mach-msm/include' '-Wall' '-Wundef' '-Wstrict-prototypes' '-Wno-trigraphs' '-fno-strict-aliasing' '-fno-common' '-Wno-format-security' '-fno-delete-null-pointer-checks' '-Os' '-marm' '-fno-dwarf2-cfi-asm' '-mabi=aapcs-linux' '-mno-thumb-interwork' '-funwind-tables' '-D' '__LINUX_ARM_ARCH__=7' '-march=armv7-a' '-msoft-float' '-U' 'arm' '-Wframe-larger-than=1024' '-fno-stack-protector' '-Wno-unused-but-set-variable' '-fomit-frame-pointer' '-g' '-Wdeclaration-after-statement' '-Wno-pointer-sign' '-fno-strict-overflow' '-fconserve-stack' '-I' 'drivers/media/tdmb' '-v' '-I' 'drivers/media/tdmb/t3900' '-I' 'drivers/media/tdmb/fc8050' '-D' 'KBUILD_STR(s)=#s' '-D' 'KBUILD_BASENAME=KBUILD_STR(tdmb_spi)' '-D' 'KBUILD_MODNAME=KBUILD_STR(tdmb_spi)' '-c' '-o' 'drivers/media/tdmb/.tmp_tdmb_spi.o' '-mfpu=vfp'
 /home/cholokei/prebuilts/gcc/linux-x86/arm/arm-eabi-4.6/bin/../libexec/gcc/arm-eabi/4.6.x-google/cc1 -quiet -nostdinc -v -I /home/cholokei/git/android_kernel_samsung_dalikt/arch/arm/include -I arch/arm/include/generated -I include -I arch/arm/mach-msm/include -I drivers/media/tdmb -I drivers/media/tdmb/t3900 -I drivers/media/tdmb/fc8050 -iprefix /home/cholokei/prebuilts/gcc/linux-x86/arm/arm-eabi-4.6/bin/../lib/gcc/arm-eabi/4.6.x-google/ -D__USES_INITFINI__ -D __KERNEL__ -D __LINUX_ARM_ARCH__=7 -U arm -D KBUILD_STR(s)=#s -D KBUILD_BASENAME=KBUILD_STR(tdmb_spi) -D KBUILD_MODNAME=KBUILD_STR(tdmb_spi) -isystem /home/cholokei/prebuilts/gcc/linux-x86/arm/arm-eabi-4.6/bin/../lib/gcc/arm-eabi/4.6.x-google/include -include /home/cholokei/git/android_kernel_samsung_dalikt/include/linux/kconfig.h -MD drivers/media/tdmb/.tdmb_spi.o.d drivers/media/tdmb/tdmb_spi.c -quiet -dumpbase tdmb_spi.c -mlittle-endian -marm -mabi=aapcs-linux -mno-thumb-interwork -march=armv7-a -msoft-float -mfpu=vfp -auxbase-strip drivers/media/tdmb/.tmp_tdmb_spi.o -g -Os -Wall -Wundef -Wstrict-prototypes -Wno-trigraphs -Wno-format-security -Wframe-larger-than=1024 -Wno-unused-but-set-variable -Wdeclaration-after-statement -Wno-pointer-sign -version -fno-strict-aliasing -fno-common -fno-delete-null-pointer-checks -fno-dwarf2-cfi-asm -funwind-tables -fno-stack-protector -fomit-frame-pointer -fno-strict-overflow -fconserve-stack -o /tmp/ccqJQg4h.s
GNU C (GCC) version 4.6.x-google 20120106 (prerelease) (arm-eabi)
	compiled by GNU C version 4.4.3, GMP version 4.2.4, MPFR version 2.4.1, MPC version 0.8.1
GGC heuristics: --param ggc-min-expand=100 --param ggc-min-heapsize=131072
#include "..." search starts here:
#include <...> search starts here:
 /home/cholokei/git/android_kernel_samsung_dalikt/arch/arm/include
 arch/arm/include/generated
 include
 arch/arm/mach-msm/include
 drivers/media/tdmb
 drivers/media/tdmb/t3900
 drivers/media/tdmb/fc8050
 /home/cholokei/prebuilts/gcc/linux-x86/arm/arm-eabi-4.6/bin/../lib/gcc/arm-eabi/4.6.x-google/include
End of search list.
GNU C (GCC) version 4.6.x-google 20120106 (prerelease) (arm-eabi)
	compiled by GNU C version 4.4.3, GMP version 4.2.4, MPFR version 2.4.1, MPC version 0.8.1
GGC heuristics: --param ggc-min-expand=100 --param ggc-min-heapsize=131072
Compiler executable checksum: 7e0a3541f55243241c747ff83ef85799
  CC      drivers/media/tdmb/fc8050/fci_i2c.o
COLLECT_GCC_OPTIONS='-nostdinc' '-isystem' '/home/cholokei/prebuilts/gcc/linux-x86/arm/arm-eabi-4.6/bin/../lib/gcc/arm-eabi/4.6.x-google/include' '-I' '/home/cholokei/git/android_kernel_samsung_dalikt/arch/arm/include' '-I' 'arch/arm/include/generated' '-I' 'include' '-include' '/home/cholokei/git/android_kernel_samsung_dalikt/include/linux/kconfig.h' '-D' '__KERNEL__' '-mlittle-endian' '-I' 'arch/arm/mach-msm/include' '-Wall' '-Wundef' '-Wstrict-prototypes' '-Wno-trigraphs' '-fno-strict-aliasing' '-fno-common' '-Wno-format-security' '-fno-delete-null-pointer-checks' '-Os' '-marm' '-fno-dwarf2-cfi-asm' '-mabi=aapcs-linux' '-mno-thumb-interwork' '-funwind-tables' '-D' '__LINUX_ARM_ARCH__=7' '-march=armv7-a' '-msoft-float' '-U' 'arm' '-Wframe-larger-than=1024' '-fno-stack-protector' '-Wno-unused-but-set-variable' '-fomit-frame-pointer' '-g' '-Wdeclaration-after-statement' '-Wno-pointer-sign' '-fno-strict-overflow' '-fconserve-stack' '-I' 'drivers/media/tdmb' '-v' '-I' 'drivers/media/tdmb/t3900' '-I' 'drivers/media/tdmb/fc8050' '-D' 'KBUILD_STR(s)=#s' '-D' 'KBUILD_BASENAME=KBUILD_STR(tdmb_spi)' '-D' 'KBUILD_MODNAME=KBUILD_STR(tdmb_spi)' '-c' '-o' 'drivers/media/tdmb/.tmp_tdmb_spi.o' '-mfpu=vfp'
 /home/cholokei/prebuilts/gcc/linux-x86/arm/arm-eabi-4.6/bin/../lib/gcc/arm-eabi/4.6.x-google/../../../../arm-eabi/bin/as -v -I /home/cholokei/git/android_kernel_samsung_dalikt/arch/arm/include -I arch/arm/include/generated -I include -I arch/arm/mach-msm/include -I drivers/media/tdmb -I drivers/media/tdmb/t3900 -I drivers/media/tdmb/fc8050 -EL -march=armv7-a -mfloat-abi=soft -mfpu=vfp -meabi=5 -o drivers/media/tdmb/.tmp_tdmb_spi.o /tmp/ccqJQg4h.s
  CC      drivers/hid/hid-samsung.o
GNU assembler version 2.21 (arm-eabi) using BFD version (GNU Binutils) 2.21
  CC      drivers/media/tdmb/fc8050/fci_oal.o
  CC      drivers/media/tdmb/t3900/INC_RF_CTRL500.o
  CC      drivers/media/tdmb/fc8050/fci_tun.o
COMPILER_PATH=/home/cholokei/prebuilts/gcc/linux-x86/arm/arm-eabi-4.6/bin/../libexec/gcc/arm-eabi/4.6.x-google/:/home/cholokei/prebuilts/gcc/linux-x86/arm/arm-eabi-4.6/bin/../libexec/gcc/:/home/cholokei/prebuilts/gcc/linux-x86/arm/arm-eabi-4.6/bin/../lib/gcc/arm-eabi/4.6.x-google/../../../../arm-eabi/bin/
LIBRARY_PATH=/home/cholokei/prebuilts/gcc/linux-x86/arm/arm-eabi-4.6/bin/../lib/gcc/arm-eabi/4.6.x-google/:/home/cholokei/prebuilts/gcc/linux-x86/arm/arm-eabi-4.6/bin/../lib/gcc/:/home/cholokei/prebuilts/gcc/linux-x86/arm/arm-eabi-4.6/bin/../lib/gcc/arm-eabi/4.6.x-google/../../../../arm-eabi/lib/
COLLECT_GCC_OPTIONS='-nostdinc' '-isystem' '/home/cholokei/prebuilts/gcc/linux-x86/arm/arm-eabi-4.6/bin/../lib/gcc/arm-eabi/4.6.x-google/include' '-I' '/home/cholokei/git/android_kernel_samsung_dalikt/arch/arm/include' '-I' 'arch/arm/include/generated' '-I' 'include' '-include' '/home/cholokei/git/android_kernel_samsung_dalikt/include/linux/kconfig.h' '-D' '__KERNEL__' '-mlittle-endian' '-I' 'arch/arm/mach-msm/include' '-Wall' '-Wundef' '-Wstrict-prototypes' '-Wno-trigraphs' '-fno-strict-aliasing' '-fno-common' '-Wno-format-security' '-fno-delete-null-pointer-checks' '-Os' '-marm' '-fno-dwarf2-cfi-asm' '-mabi=aapcs-linux' '-mno-thumb-interwork' '-funwind-tables' '-D' '__LINUX_ARM_ARCH__=7' '-march=armv7-a' '-msoft-float' '-U' 'arm' '-Wframe-larger-than=1024' '-fno-stack-protector' '-Wno-unused-but-set-variable' '-fomit-frame-pointer' '-g' '-Wdeclaration-after-statement' '-Wno-pointer-sign' '-fno-strict-overflow' '-fconserve-stack' '-I' 'drivers/media/tdmb' '-v' '-I' 'drivers/media/tdmb/t3900' '-I' 'drivers/media/tdmb/fc8050' '-D' 'KBUILD_STR(s)=#s' '-D' 'KBUILD_BASENAME=KBUILD_STR(tdmb_spi)' '-D' 'KBUILD_MODNAME=KBUILD_STR(tdmb_spi)' '-c' '-o' 'drivers/media/tdmb/.tmp_tdmb_spi.o' '-mfpu=vfp'
  CC      drivers/media/tdmb/fc8050/fic.o
  CC      drivers/media/tdmb/fc8050/ficdecoder.o
  CC      drivers/gpu/msm/kgsl_gpummu.o
  CC      drivers/hid/hid-sjoy.o
  CC      drivers/hid/hid-sony.o
  CC      drivers/hid/hid-sunplus.o
  CC      drivers/gpu/msm/kgsl_iommu.o
  CC      drivers/gpu/msm/kgsl_snapshot.o
  GZIP    kernel/config_data.gz
  CC      drivers/gpu/msm/kgsl_events.o
  CC      drivers/hid/hid-gaff.o
  CC      arch/arm/mach-msm/qdsp6v2/board-msm8x60-audio.o
  CHK     kernel/config_data.h
  UPD     kernel/config_data.h
  CC      kernel/configs.o
  CC      arch/arm/mach-msm/qdsp6v2/snddev_icodec.o
  LD      drivers/media/tdmb/t3900/built-in.o
  CC      arch/arm/mach-msm/qdsp6v2/snddev_ecodec.o
  CC      arch/arm/mach-msm/qdsp6v2/snddev_mi2s.o
  CC      arch/arm/mach-msm/qdsp6v2/snddev_virtual.o
  LD      drivers/media/tdmb/fc8050/built-in.o
  LD      kernel/built-in.o
  CC      drivers/hid/hid-tmff.o
  CC      drivers/hid/hid-topseed.o
  LD      drivers/media/tdmb/built-in.o
  LD      drivers/media/built-in.o
  CC      drivers/gpu/msm/kgsl_debugfs.o
  CC      arch/arm/mach-msm/qdsp6v2/pcm_out.o
  CC      arch/arm/mach-msm/qdsp6v2/pcm_in.o
  CC      drivers/gpu/msm/kgsl_pwrscale_trustzone.o
  CC      drivers/gpu/msm/kgsl_sync.o
  CC      arch/arm/mach-msm/qdsp6v2/fm.o
  CC      drivers/hid/hid-twinhan.o
  CC      drivers/hid/hid-zpff.o
  CC      arch/arm/mach-msm/qdsp6v2/audio_lpa.o
  CC      drivers/gpu/msm/z180.o
  CC      arch/arm/mach-msm/acpuclock-8x60.o
  CC      arch/arm/mach-msm/qdsp6v2/q6voice.o
  CC      arch/arm/mach-msm/qdsp6v2/snddev_hdmi.o
  CC      drivers/gpu/msm/z180_postmortem.o
  CC      arch/arm/mach-msm/qdsp6v2/audio_mvs.o
  CC      arch/arm/mach-msm/qdsp6v2/lpa_if_hdmi.o
  CC      drivers/gpu/msm/z180_trace.o
  LD      fs/exfat/exfat_core.o
  CC      drivers/hid/hid-zydacron.o
  LD      fs/exfat/exfat_fs.o
  CC      arch/arm/mach-msm/saw-regulator.o
  CC      drivers/hid/hid-wacom.o
  LD      fs/exfat/built-in.o
  LD      fs/built-in.o
  CC      arch/arm/mach-msm/qdsp6v2/apr.o
  CC      drivers/hid/usbhid/hid-core.o
  CC      arch/arm/mach-msm/qdsp6v2/apr_v1.o
  CC      arch/arm/mach-msm/qdsp6v2/apr_tal.o
  CC      arch/arm/mach-msm/qdsp6v2/q6core.o
  CC [M]  drivers/hid/hid-logitech-dj.o
  CC      arch/arm/mach-msm/qdsp6v2/dsp_debug.o
  CC      arch/arm/mach-msm/qdsp6v2/audio_acdb.o
  CC      arch/arm/mach-msm/qdsp6v2/aac_in.o
  CC      arch/arm/mach-msm/modem-8660.o
  LD      drivers/gpu/msm/msm_kgsl_core.o
  CC      arch/arm/mach-msm/qdsp6v2/qcelp_in.o
  LD      drivers/gpu/msm/msm_adreno.o
  LD      drivers/hid/hid.o
  LD      drivers/gpu/msm/msm_z180.o
  LD      drivers/hid/hid-logitech.o
  LD      drivers/gpu/msm/built-in.o
  CC      arch/arm/mach-msm/qdsp6v2/evrc_in.o
  LD      drivers/gpu/built-in.o
  CC      arch/arm/mach-msm/qdsp6v2/amrnb_in.o
  CC      drivers/hid/usbhid/hid-quirks.o
  CC      arch/arm/mach-msm/qdsp6v2/audio_utils.o
  CC      arch/arm/mach-msm/sec_switch.o
  CC      arch/arm/mach-msm/qdsp6v2/audio_wma.o
  CC      arch/arm/mach-msm/qdsp6v2/audio_wmapro.o
arch/arm/mach-msm/sec_switch.c:23:31: fatal error: linux/i2c/fsa9480.h: No such file or directory
compilation terminated.
make[1]: *** [arch/arm/mach-msm/sec_switch.o] 오류 1
make[1]: *** 끝나지 않은 작업을 기다리고 있습니다....
  CC      arch/arm/mach-msm/qdsp6v2/audio_aac.o
  CC      arch/arm/mach-msm/qdsp6v2/audio_multi_aac.o
  CC      arch/arm/mach-msm/qdsp6v2/audio_utils_aio.o
  CC      arch/arm/mach-msm/qdsp6v2/rtac.o
  CC      arch/arm/mach-msm/qdsp6v2/q6audio_v1.o
  CC      arch/arm/mach-msm/qdsp6v2/q6audio_v1_aio.o
  CC      arch/arm/mach-msm/qdsp6v2/audio_mp3.o
  CC      arch/arm/mach-msm/qdsp6v2/audio_amrnb.o
  CC      arch/arm/mach-msm/qdsp6v2/audio_amrwb.o
  CC      arch/arm/mach-msm/qdsp6v2/audio_amrwbplus.o
  CC      arch/arm/mach-msm/qdsp6v2/audio_evrc.o
  CC      arch/arm/mach-msm/qdsp6v2/audio_qcelp.o
  CC      arch/arm/mach-msm/qdsp6v2/amrwb_in.o
  LD      drivers/hid/usbhid/usbhid.o
  LD      drivers/hid/usbhid/built-in.o
  LD      drivers/hid/built-in.o
  LD      arch/arm/mach-msm/qdsp6v2/built-in.o
make: *** [drivers] 오류 2
make: *** 끝나지 않은 작업을 기다리고 있습니다....
make: *** [arch/arm/mach-msm] 오류 2
