Script started on 2014년 10월 13일 (월) 오전 01시 33분 15초
scripts/kconfig/conf --silentoldconfig Kconfig
  CHK     include/linux/version.h
  CHK     include/generated/utsrelease.h
  UPD     include/generated/utsrelease.h
make[1]: `include/generated/mach-types.h'는 이미 갱신되었습니다.
  CALL    scripts/checksyscalls.sh
  CHK     include/generated/compile.h
  CC      init/version.o
  CC      kernel/sys.o
  CC      drivers/base/genlock.o
  LD      init/built-in.o
  CC      sound/soc/msm/msm8x60-dai.o
  CC      sound/soc/msm/msm8x60-pcm.o
  LD      drivers/base/built-in.o
  CC      arch/arm/mach-msm/qdsp6v2/pcm_out.o
  CC      sound/soc/msm/msm8x60.o
  CC      arch/arm/mach-msm/qdsp6v2/pcm_in.o
  CC      arch/arm/mach-msm/qdsp6v2/audio_lpa.o
  CC      sound/soc/msm/qdsp6/q6asm.o
  CC      arch/arm/mach-msm/qdsp6v2/audio_acdb.o
  CC      arch/arm/mach-msm/qdsp6v2/aac_in.o
  CC      arch/arm/mach-msm/qdsp6v2/qcelp_in.o
  CC      kernel/trace/trace.o
  CC      arch/arm/mach-msm/qdsp6v2/evrc_in.o
  CC      arch/arm/mach-msm/qdsp6v2/amrnb_in.o
  LD      sound/soc/msm/qdsp6/built-in.o
  CC      arch/arm/mach-msm/qdsp6v2/audio_utils.o
  CC      drivers/char/msm_rotator.o
  LD      sound/soc/msm/snd-soc-msm8x60-dai.o
  LD      sound/soc/msm/snd-soc-msm8x60-pcm.o
  LD      sound/soc/msm/snd-soc-msm8x60.o
  CC      arch/arm/mach-msm/qdsp6v2/audio_wma.o
  LD      sound/soc/msm/snd-soc-lpass-dma.o
  CC      arch/arm/mach-msm/qdsp6v2/audio_wmapro.o
  CC      arch/arm/mach-msm/qdsp6v2/audio_aac.o
  LD      sound/soc/msm/built-in.o
  LD      sound/soc/built-in.o
  CC      arch/arm/mach-msm/qdsp6v2/audio_multi_aac.o
  CC      arch/arm/mach-msm/qdsp6v2/audio_utils_aio.o
  CC      arch/arm/mach-msm/qdsp6v2/rtac.o
  CC      arch/arm/mach-msm/qdsp6v2/q6audio_v1.o
  LD      sound/built-in.o
  CC      arch/arm/mach-msm/qdsp6v2/q6audio_v1_aio.o
  CC      arch/arm/mach-msm/qdsp6v2/audio_mp3.o
  CC      arch/arm/mach-msm/qdsp6v2/audio_amrnb.o
  CC      arch/arm/mach-msm/qdsp6v2/audio_amrwb.o
  CC      arch/arm/mach-msm/qdsp6v2/audio_amrwbplus.o
  CC      arch/arm/mach-msm/qdsp6v2/audio_evrc.o
  LD      kernel/trace/built-in.o
  CC      arch/arm/mach-msm/qdsp6v2/audio_qcelp.o
  CC      arch/arm/mach-msm/qdsp6v2/amrwb_in.o
  LD      drivers/char/built-in.o
  CC      kernel/module.o
  CC      drivers/gpu/ion/ion.o
  LD      arch/arm/mach-msm/qdsp6v2/built-in.o
  CC      drivers/hwmon/msm_adc.o
  CC      drivers/gpu/msm/kgsl.o
  CC      drivers/gpu/ion/ion_heap.o
  CC      drivers/hid/hid-picolcd.o
  CC      drivers/gpu/ion/ion_system_heap.o
  CC      drivers/input/keyboard/pmic8xxx-keypad.o
  CC      drivers/gpu/ion/ion_carveout_heap.o
  LD      drivers/hwmon/built-in.o
  CC      drivers/gpu/ion/ion_iommu_heap.o
  CC      arch/arm/mach-msm/devices-msm8x60.o
  CC      drivers/gpu/ion/ion_cp_heap.o
  CC      drivers/gpu/ion/msm/msm_ion.o
  CC      drivers/gpu/ion/msm/ion_cp_common.o
  CC      drivers/input/misc/pmic8xxx-pwrkey.o
  LD      drivers/input/keyboard/built-in.o
  CC      arch/arm/mach-msm/clock-8x60.o
  GZIP    kernel/config_data.gz
  LD      drivers/gpu/ion/msm/built-in.o
  LD      drivers/gpu/ion/built-in.o
  LD      drivers/input/misc/built-in.o
  CHK     kernel/config_data.h
  LD      drivers/hid/built-in.o
  UPD     kernel/config_data.h
  CC      kernel/configs.o
  CC      drivers/mfd/marimba-core.o
  LD      drivers/input/built-in.o
  CC      drivers/media/common/tuners/xc4000.o
  LD      kernel/built-in.o
  CC      arch/arm/mach-msm/board-msm8x60_dali.o
  LD      drivers/gpu/msm/msm_adreno.o
  CC      drivers/mfd/timpani-codec.o
  LD      drivers/mfd/built-in.o
  LD      drivers/media/common/tuners/built-in.o
  LD      drivers/gpu/msm/msm_z180.o
arch/arm/mach-msm/board-msm8x60_dali.c: In function 'reserve_ion_memory':
arch/arm/mach-msm/board-msm8x60_dali.c:9588:2: error: #endif without #if
arch/arm/mach-msm/board-msm8x60_dali.c: At top level:
  LD      drivers/gpu/msm/msm_kgsl_core.o
arch/arm/mach-msm/board-msm8x60_dali.c:9591:20: warning: 'reserve_mdp_memory' declared 'static' but never defined [-Wunused-function]
arch/arm/mach-msm/board-msm8x60_dali.c:16120:34: warning: 'dtv_hdmi_prim_pdata' defined but not used [-Wunused-variable]
arch/arm/mach-msm/board-msm8x60_dali.c:16363:13: warning: 'set_mdp_clocks_for_wuxga' defined but not used [-Wunused-function]
make[1]: *** [arch/arm/mach-msm/board-msm8x60_dali.o] 오류 1
make: *** [arch/arm/mach-msm] 오류 2
make: *** 끝나지 않은 작업을 기다리고 있습니다....
  CC      drivers/mmc/core/core.o
  LD      drivers/media/common/built-in.o
  CC      drivers/media/video/videobuf2-msm-mem.o
  CC      drivers/media/video/vcap_v4l2.o
  LD      drivers/gpu/msm/built-in.o
  LD      drivers/gpu/built-in.o
  CC      drivers/media/video/vcap_vc.o
  CC      drivers/mmc/core/mmc.o
  CC      drivers/media/video/vcap_vp.o
  CC      drivers/scsi/sd.o
  LD      drivers/media/video/built-in.o
  LD      drivers/mmc/core/mmc_core.o
  CC      drivers/mmc/host/msm_sdcc.o
  CC      drivers/tty/serial/msm_serial_hs.o
  CC      drivers/usb/host/ehci-hcd.o
  CC      drivers/usb/core/hub.o
  LD      drivers/mmc/core/built-in.o
  CC      drivers/tty/serial/msm_serial_hs_lite.o
  LD      drivers/media/built-in.o
  CC      drivers/video/fb_notify.o
  CC      drivers/video/fbmem.o
  LD      drivers/scsi/sd_mod.o
  LD      drivers/scsi/scsi_mod.o
  CC      drivers/video/fbmon.o
  CC      drivers/video/fbcmap.o
  LD      drivers/tty/serial/built-in.o
  LD      drivers/scsi/scsi_tgt.o
  LD      drivers/scsi/built-in.o
  LD      drivers/tty/built-in.o
  CC      drivers/usb/otg/msm72k_otg.o
  CC      drivers/video/fbsysfs.o
  LD      drivers/usb/core/usbcore.o
  CC      drivers/usb/storage/transport.o
  LD      drivers/usb/core/built-in.o
  CC      drivers/usb/storage/usb.o
  CC      drivers/video/modedb.o
  CC      drivers/video/fbcvt.o
  CC      drivers/video/backlight/lcd.o
  CC      drivers/video/cfbfillrect.o
  CC      drivers/video/cfbcopyarea.o
  CC      drivers/video/msm/msm_fb.o
  CC      drivers/video/backlight/backlight.o
  LD      drivers/usb/storage/ums-alauda.o
  LD      drivers/usb/storage/ums-cypress.o
  LD      drivers/mmc/host/built-in.o
  LD      drivers/usb/storage/ums-datafab.o
  LD      drivers/mmc/built-in.o
  LD      drivers/usb/storage/ums-freecom.o
  LD      drivers/usb/storage/ums-isd200.o
  LD      drivers/usb/storage/ums-jumpshot.o
  LD      drivers/usb/storage/ums-karma.o
  LD      drivers/usb/storage/ums-onetouch.o
  LD      drivers/usb/storage/ums-sddr09.o
  LD      drivers/usb/storage/ums-sddr55.o
  LD      drivers/usb/storage/ums-usbat.o
  LD      drivers/usb/storage/usb-storage.o
  CC      drivers/video/msm/mdp.o
  LD      drivers/usb/storage/built-in.o
  CC      drivers/video/msm/mdp_debugfs.o
  CC      drivers/video/cfbimgblt.o
  CC      drivers/video/msm/mdp4_util.o
  LD      drivers/usb/otg/built-in.o
  CC      drivers/video/msm/mdp4_video_enhance.o
  CC      drivers/video/backlight/generic_bl.o
  LD      drivers/usb/host/built-in.o
  LD      drivers/usb/built-in.o
drivers/video/msm/mdp4_video_tuning_HD720.h:297:21: warning: 'DMB_LUT_TUNE' defined but not used [-Wunused-variable]
  LD      drivers/video/fb.o
  CC      drivers/video/msm/mdp4_overlay.o
  CC      drivers/video/msm/mdp4_overlay_lcdc.o
  LD      drivers/video/backlight/built-in.o
  CC      drivers/video/msm/mdp4_overlay_dsi_video.o
  CC      drivers/video/msm/mdp4_overlay_dsi_cmd.o
  CC      drivers/video/msm/mdp4_dtv.o
  CC      drivers/video/msm/mdp4_overlay_dtv.o
  CC      drivers/video/msm/mdp_dma.o
  CC      drivers/video/msm/mdp_dma_s.o
  CC      drivers/video/msm/mdp_vsync.o
  CC      drivers/video/msm/mdp_cursor.o
  CC      drivers/video/msm/mdp_dma_tv.o
  CC      drivers/video/msm/msm_dss_io_8x60.o
  CC      drivers/video/msm/mipi_dsi.o
  CC      drivers/video/msm/mipi_dsi_host.o
  CC      drivers/video/msm/mipi_s6e8aa0_hd720.o
  CC      drivers/video/msm/sec_mipi_lcd_esd_refresh.o
  CC      drivers/video/msm/msm_fb_panel.o
  CC      drivers/video/msm/mipi_s6e8aa0_hd720_pt.o
  CC      drivers/video/msm/hdmi_msm.o
  CC      drivers/video/msm/external_common.o
  CC      drivers/video/msm/vidc/common/init/vidc_init.o
  CC      drivers/video/msm/vidc/common/vcd/vcd_api.o
  CC      drivers/video/msm/vidc/common/vcd/vcd_power_sm.o
  CC      drivers/video/msm/vidc/common/vcd/vcd_client_sm.o
  CC      drivers/video/msm/vidc/common/vcd/vcd_device_sm.o
  CC      drivers/video/msm/vidc/common/vcd/vcd_scheduler.o
  CC      drivers/video/msm/vidc/common/vcd/vcd_sub.o
  CC      drivers/video/msm/vidc/1080p/ddl/vcd_ddl_helper.o
  CC      drivers/video/msm/vidc/1080p/ddl/vcd_ddl_utils.o
  CC      drivers/video/msm/vidc/1080p/ddl/vcd_ddl_interrupt_handler.o
  CC      drivers/video/msm/vidc/1080p/ddl/vcd_ddl_properties.o
  LD      drivers/video/msm/msm_mipi.o
  CC      drivers/video/msm/vidc/1080p/ddl/vcd_ddl_vidc.o
  CC      drivers/video/msm/vidc/1080p/ddl/vcd_ddl.o
  CC      drivers/video/msm/vidc/1080p/ddl/vcd_ddl_metadata.o
  CC      drivers/video/msm/vidc/1080p/resource_tracker/vcd_res_tracker.o
  CC      drivers/video/msm/vidc/common/dec/vdec.o
  CC      drivers/video/msm/vidc/common/enc/venc.o
  CC      drivers/video/msm/vidc/common/enc/venc_internal.o
  LD      drivers/video/msm/vidc/vidc.o
  LD      drivers/video/msm/vidc/vidc_vdec.o
  LD      drivers/video/msm/vidc/vidc_venc.o
  LD      drivers/video/msm/vidc/built-in.o
  LD      drivers/video/msm/built-in.o
  LD      drivers/video/built-in.o
  LD      drivers/built-in.o
