Script started on 2014년 04월 20일 (일) 오전 12시 36분 12초
scripts/kconfig/conf --silentoldconfig Kconfig
  CHK     include/linux/version.h
  CHK     include/generated/utsrelease.h
make[1]: `include/generated/mach-types.h'는 이미 갱신되었습니다.
  CALL    scripts/checksyscalls.sh
  CHK     include/generated/compile.h
  GZIP    kernel/config_data.gz
  CHK     kernel/config_data.h
  CC      arch/arm/mach-msm/board-msm8x60_dali.o
  CC      drivers/misc/fsa9480.o
  CC      arch/arm/mach-msm/rpm_stats.o
  CC      arch/arm/mach-msm/rpm_master_stat.o
  CC      arch/arm/mach-msm/rpm_log.o
drivers/misc/fsa9480.c: In function 'fsa9480_detect_dev':
drivers/misc/fsa9480.c:950:8: error: 'ret' undeclared (first use in this function)
drivers/misc/fsa9480.c:950:8: note: each undeclared identifier is reported only once for each function it appears in
drivers/misc/fsa9480.c: In function 'fsa9480_init_detect':
drivers/misc/fsa9480.c:1535:28: error: 'intr' undeclared (first use in this function)
make[2]: *** [drivers/misc/fsa9480.o] 오류 1
make[1]: *** [drivers/misc] 오류 2
make[1]: *** 끝나지 않은 작업을 기다리고 있습니다....
  CC      arch/arm/mach-msm/tz_log.o
  CC      arch/arm/mach-msm/msm_xo.o
  CC      arch/arm/mach-msm/gpiomux-8x60_dali.o
  CC      arch/arm/mach-msm/gpiomux-v2.o
  CC      arch/arm/mach-msm/gpiomux.o
  CC      arch/arm/mach-msm/msm_rq_stats.o
  CC      arch/arm/mach-msm/msm_show_resume_irq.o
  CC      arch/arm/mach-msm/restart.o
arch/arm/mach-msm/board-msm8x60_dali.c:162:31: fatal error: linux/i2c/fsa9480.h: No such file or directory
compilation terminated.
make[1]: *** [arch/arm/mach-msm/board-msm8x60_dali.o] 오류 1
make[1]: *** 끝나지 않은 작업을 기다리고 있습니다....
make: *** [drivers] 오류 2
make: *** 끝나지 않은 작업을 기다리고 있습니다....
make: *** [arch/arm/mach-msm] 오류 2
