Script started on 2014년 02월 23일 (일) 오전 01시 24분 48초
scripts/kconfig/conf --silentoldconfig Kconfig
  CHK     include/linux/version.h
  CHK     include/generated/utsrelease.h
make[1]: `include/generated/mach-types.h'는 이미 갱신되었습니다.
  CALL    scripts/checksyscalls.sh
  CHK     include/generated/compile.h
  GZIP    kernel/config_data.gz
  CC      arch/arm/mach-msm/qdsp6v2/board-msm8x60-audio.o
  CHK     kernel/config_data.h
  CC      drivers/misc/tspdrv/tspdrv.o
arch/arm/mach-msm/qdsp6v2/board-msm8x60-audio.c: In function 'msm_snddev_poweramp_on':
arch/arm/mach-msm/qdsp6v2/board-msm8x60-audio.c:607:2: warning: implicit declaration of function 'config_class_d0_gpio' [-Wimplicit-function-declaration]
arch/arm/mach-msm/qdsp6v2/board-msm8x60-audio.c:612:2: warning: implicit declaration of function 'config_class_d1_gpio' [-Wimplicit-function-declaration]
arch/arm/mach-msm/qdsp6v2/board-msm8x60-audio.c: In function 'msm_snddev_init':
arch/arm/mach-msm/qdsp6v2/board-msm8x60-audio.c:2974:19: error: 'snd_devices_celox' undeclared (first use in this function)
arch/arm/mach-msm/qdsp6v2/board-msm8x60-audio.c:2974:19: note: each undeclared identifier is reported only once for each function it appears in
arch/arm/mach-msm/qdsp6v2/board-msm8x60-audio.c:2974:19: error: negative width in bit-field '<anonymous>'
arch/arm/mach-msm/qdsp6v2/board-msm8x60-audio.c:2978:5: error: negative width in bit-field '<anonymous>'
arch/arm/mach-msm/qdsp6v2/board-msm8x60-audio.c: At top level:
arch/arm/mach-msm/qdsp6v2/board-msm8x60-audio.c:879:12: warning: 'msm_snddev_enable_dmic_sec_power' defined but not used [-Wunused-function]
arch/arm/mach-msm/qdsp6v2/board-msm8x60-audio.c:899:13: warning: 'msm_snddev_disable_dmic_sec_power' defined but not used [-Wunused-function]
make[2]: *** [arch/arm/mach-msm/qdsp6v2/board-msm8x60-audio.o] 오류 1
make[1]: *** [arch/arm/mach-msm/qdsp6v2] 오류 2
make: *** [arch/arm/mach-msm] 오류 2
make: *** 끝나지 않은 작업을 기다리고 있습니다....
drivers/misc/tspdrv/tspdrv.c:80:37: fatal error: VibeOSKernelLinuxHRTime.c: No such file or directory
compilation terminated.
make[3]: *** [drivers/misc/tspdrv/tspdrv.o] 오류 1
make[2]: *** [drivers/misc/tspdrv] 오류 2
make[1]: *** [drivers/misc] 오류 2
make[1]: *** 끝나지 않은 작업을 기다리고 있습니다....
  CC      drivers/video/msm/msm_dss_io_8x60.o
drivers/video/msm/msm_dss_io_8x60.c:650:39: warning: 'struct hdmi_disp_mode_timing_type' declared inside parameter list [enabled by default]
drivers/video/msm/msm_dss_io_8x60.c:650:39: warning: its scope is only this definition or declaration, which is probably not what you want [enabled by default]
drivers/video/msm/msm_dss_io_8x60.c:650:6: error: conflicting types for 'hdmi_frame_ctrl_cfg'
drivers/video/msm/hdmi_msm.h:124:6: note: previous declaration of 'hdmi_frame_ctrl_cfg' was here
drivers/video/msm/msm_dss_io_8x60.c: In function 'hdmi_frame_ctrl_cfg':
drivers/video/msm/msm_dss_io_8x60.c:668:1: error: dereferencing pointer to incomplete type
drivers/video/msm/msm_dss_io_8x60.c:668:1: error: dereferencing pointer to incomplete type
drivers/video/msm/msm_dss_io_8x60.c:668:1: error: dereferencing pointer to incomplete type
make[3]: *** [drivers/video/msm/msm_dss_io_8x60.o] 오류 1
make[2]: *** [drivers/video/msm] 오류 2
make[1]: *** [drivers/video] 오류 2
make: *** [drivers] 오류 2
