Script started on 2014년 04월 13일 (일) 오전 02시 03분 15초
scripts/kconfig/conf --silentoldconfig Kconfig
  CHK     include/linux/version.h
  CHK     include/generated/utsrelease.h
  UPD     include/generated/utsrelease.h
make[1]: `include/generated/mach-types.h'는 이미 갱신되었습니다.
  CALL    scripts/checksyscalls.sh
  CHK     include/generated/compile.h
  CC      init/version.o
  LD      arch/arm/mach-msm/msm-etm.o
  LD      init/built-in.o
  LD      drivers/input/input-core.o
  CC      kernel/sys.o
  CC      drivers/input/misc/pmic8xxx-pwrkey.o
  CC      drivers/input/mouse/psmouse-base.o
  CC      drivers/input/keyboard/cypress-touchkey_dali.o
  CC      drivers/media/media-device.o
  CC      drivers/input/mouse/synaptics.o
  CC      drivers/md/dm-uevent.o
  CC      drivers/media/media-devnode.o
  CC      arch/arm/mach-msm/qdsp6v2/board-msm8x60-audio.o
  CC      drivers/mfd/marimba-core.o
  CC      drivers/misc/pmem.o
  CC      drivers/input/misc/uinput.o
  CC      arch/arm/mach-msm/qdsp6v2/snddev_icodec.o
  CC      drivers/mfd/timpani-codec.o
In file included from arch/arm/mach-msm/qdsp6v2/board-msm8x60-audio.c:31:0:
arch/arm/mach-msm/qdsp6v2/snddev_icodec.h:16:36: fatal error: mach/qdsp5v2/audio_def.h: No such file or directory
compilation terminated.
make[2]: *** [arch/arm/mach-msm/qdsp6v2/board-msm8x60-audio.o] 오류 1
make[2]: *** 끝나지 않은 작업을 기다리고 있습니다....
  CC      drivers/md/dm.o
  CC      drivers/media/media-entity.o
  CC      drivers/md/dm-table.o
  CC      drivers/md/dm-target.o
In file included from arch/arm/mach-msm/qdsp6v2/snddev_icodec.c:36:0:
arch/arm/mach-msm/qdsp6v2/snddev_icodec.h:16:36: fatal error: mach/qdsp5v2/audio_def.h: No such file or directory
compilation terminated.
make[2]: *** [arch/arm/mach-msm/qdsp6v2/snddev_icodec.o] 오류 1
make[1]: *** [arch/arm/mach-msm/qdsp6v2] 오류 2
make: *** [arch/arm/mach-msm] 오류 2
make: *** 끝나지 않은 작업을 기다리고 있습니다....
  CC      drivers/md/dm-linear.o
  CC      drivers/media/common/tuners/tuner-xc2028.o
  CC      drivers/media/radio/radio-tavarua.o
  CC      drivers/md/dm-stripe.o
  CC      drivers/input/misc/pmic8058-othc.o
  CC      drivers/media/common/tuners/tuner-simple.o
  CC      drivers/input/mouse/alps.o
  CC      drivers/md/dm-ioctl.o
  CC      drivers/mfd/msm-adie-codec.o
  CC      drivers/media/common/tuners/tuner-types.o
  CC      drivers/input/keyboard/issp_driver_routines.o
  CC      drivers/md/dm-io.o
  CC      drivers/md/dm-kcopyd.o
  CC      kernel/trace/trace.o
  CC      drivers/media/rc/keymaps/rc-adstech-dvb-t-pci.o
  CC      drivers/media/video/v4l2-dev.o
  CC      drivers/mfd/mfd-core.o
  CC      drivers/input/keyboard/issp_main.o
  CC      drivers/media/rc/keymaps/rc-alink-dtu-m.o
  CC      drivers/mfd/pmic8058.o
  CC      drivers/misc/uid_stat.o
  LD      drivers/input/misc/built-in.o
  CC      drivers/mfd/pmic8901.o
  CC      drivers/media/rc/keymaps/rc-anysee.o
  CC      drivers/input/mouse/logips2pp.o
  CC      drivers/mfd/pm8xxx-irq.o
  CC      drivers/media/video/v4l2-ioctl.o
  CC      drivers/media/common/tuners/mt20xx.o
  CC      drivers/mfd/pm8xxx-debug.o
  CC      drivers/md/dm-sysfs.o
  CC      drivers/media/rc/keymaps/rc-apac-viewcomp.o
  CC      drivers/media/common/tuners/tda8290.o
  CC      drivers/md/dm-crypt.o
  CC      drivers/misc/tspdrv/tspdrv.o
  CC      drivers/mfd/pm8xxx-misc.o
  CC      drivers/mfd/pm8xxx-batt-alarm.o
  CC      drivers/input/mouse/trackpoint.o
  CC      drivers/input/keyboard/issp_routines.o
  CC      drivers/media/rc/keymaps/rc-asus-pc39.o
  CC      drivers/media/common/tuners/tea5767.o
  CC      drivers/input/touchscreen/melfas_ts.o
  CC      drivers/input/touchscreen/mcs8000_download.o
  LD      drivers/md/dm-mod.o
  CC      drivers/media/rc/rc-main.o
  LD      drivers/media/radio/built-in.o
  LD      drivers/media/media.o
  CC      drivers/media/rc/keymaps/rc-ati-tv-wonder-hd-600.o
drivers/input/touchscreen/mcs8000_download.c:15:29: fatal error: linux/melfas_ts.h: No such file or directory
compilation terminated.
make[3]: *** [drivers/input/touchscreen/mcs8000_download.o] 오류 1
make[3]: *** 끝나지 않은 작업을 기다리고 있습니다....
  CC      drivers/mmc/card/block.o
drivers/input/touchscreen/melfas_ts.c:39:29: fatal error: linux/melfas_ts.h: No such file or directory
compilation terminated.
make[3]: *** [drivers/input/touchscreen/melfas_ts.o] 오류 1
make[2]: *** [drivers/input/touchscreen] 오류 2
make[2]: *** 끝나지 않은 작업을 기다리고 있습니다....
  CC      drivers/mmc/card/queue.o
  CC      drivers/mmc/core/core.o
  LD      drivers/input/mouse/psmouse.o
  LD      drivers/input/mouse/built-in.o
  CC      drivers/mmc/core/bus.o
  CC      drivers/media/video/v4l2-device.o
  CC      drivers/media/rc/keymaps/rc-ati-x10.o
  LD      drivers/misc/tspdrv/built-in.o
  CC      drivers/misc/fsa9480.o
  LD      drivers/input/keyboard/built-in.o
make[1]: *** [drivers/input] 오류 2
make[1]: *** 끝나지 않은 작업을 기다리고 있습니다....
  CC      drivers/media/rc/ir-raw.o
  CC      drivers/net/dummy.o
  CC      drivers/media/common/tuners/tea5761.o
  CC      drivers/media/rc/keymaps/rc-avermedia-a16d.o
  LD      drivers/mfd/built-in.o
  CC      drivers/mmc/core/host.o
  CC      drivers/media/rc/lirc_dev.o
  CC      drivers/misc/akm8975.o
  CC      drivers/media/rc/keymaps/rc-avermedia.o
  CC      drivers/media/rc/ir-nec-decoder.o
  CC      drivers/media/rc/ir-rc5-decoder.o
  LD      drivers/md/built-in.o
  CC      drivers/misc/pmic8058-pwm.o
  CC      drivers/media/rc/keymaps/rc-avermedia-cardbus.o
  CC      drivers/net/mii.o
drivers/misc/akm8975.c:537:11: error: 'THIS_MODULE' undeclared here (not in a function)
drivers/misc/akm8975.c:540:2: error: unknown field 'ioctl' specified in initializer
drivers/misc/akm8975.c:540:2: warning: initialization from incompatible pointer type [enabled by default]
error, forbidden warning: akm8975.c:540
make[2]: *** [drivers/misc/akm8975.o] 오류 1
make[2]: *** 끝나지 않은 작업을 기다리고 있습니다....
  CC      drivers/net/Space.o
  CC      drivers/media/rc/keymaps/rc-avermedia-dvbt.o
  CC      drivers/net/loopback.o
  CC      drivers/media/rc/ir-rc6-decoder.o
  CC      drivers/media/common/tuners/tda9887.o
  CC      drivers/media/rc/ir-jvc-decoder.o
  CC      drivers/media/rc/keymaps/rc-avermedia-m135a.o
  CC      drivers/media/rc/keymaps/rc-avermedia-m733a-rm-k6.o
  CC      drivers/media/rc/ir-sony-decoder.o
  CC      drivers/media/rc/keymaps/rc-avermedia-rm-ks.o
  CC      drivers/mmc/core/mmc.o
  CC      drivers/media/rc/ir-rc5-sz-decoder.o
  LD      kernel/trace/built-in.o
  CC      kernel/module.o
  CC      drivers/mmc/host/msm_sdcc.o
  CC      drivers/media/rc/ir-sanyo-decoder.o
  CC      drivers/net/phy/phy.o
  CC      drivers/media/video/v4l2-fh.o
make[1]: *** [drivers/misc] 오류 2
  CC      drivers/media/rc/ir-mce_kbd-decoder.o
  CC      drivers/net/ppp/ppp_generic.o
  CC      drivers/media/rc/keymaps/rc-avertv-303.o
  CC      drivers/net/ethernet/msm/msm_rmnet.o
  CC      drivers/net/ppp/ppp_async.o
  CC [M]  drivers/mmc/card/mmc_test.o
  CC      drivers/net/ppp/bsd_comp.o
  CC      drivers/media/rc/keymaps/rc-azurewave-ad-tu700.o
  CC      drivers/media/rc/keymaps/rc-behold.o
  CC      drivers/media/common/tuners/tda827x.o
  CC      drivers/media/rc/ir-lirc-codec.o
  CC      drivers/media/rc/keymaps/rc-behold-columbus.o
  CC      drivers/media/video/v4l2-event.o
  CC      drivers/media/video/v4l2-ctrls.o
  CC      drivers/media/rc/keymaps/rc-budget-ci-old.o
  CC      drivers/net/ppp/ppp_deflate.o
  CC      drivers/media/rc/keymaps/rc-cinergy-1400.o
  LD      drivers/net/ethernet/msm/built-in.o
  CC      drivers/media/rc/keymaps/rc-cinergy.o
  LD      drivers/mmc/card/mmc_block.o
  LD      drivers/mmc/card/built-in.o
  CC      drivers/net/ethernet/smsc/smc91x.o
  CC      drivers/mmc/core/mmc_ops.o
  CC      drivers/net/phy/phy_device.o
  CC      drivers/net/ppp/ppp_mppe.o
  CC      drivers/net/slip/slip.o
  CC      drivers/net/ppp/pppox.o
  CC      drivers/net/ppp/pppolac.o
  CC      drivers/media/rc/keymaps/rc-dib0700-nec.o
  CC      drivers/media/common/tuners/tda18271-maps.o
  LD      drivers/media/rc/rc-core.o
  CC      drivers/net/usb/asix.o
  CC      drivers/media/video/v4l2-subdev.o
  CC      drivers/media/rc/keymaps/rc-dib0700-rc5.o
  CC      drivers/media/common/tuners/tda18271-common.o
  CC      drivers/net/ppp/pppopns.o
  CC      drivers/media/rc/keymaps/rc-digitalnow-tinytwin.o
  CC      drivers/mmc/core/sd.o
  CC      drivers/mmc/core/sd_ops.o
  CC      drivers/media/rc/keymaps/rc-digittrade.o
  CC      drivers/media/video/v4l2-int-device.o
  CC      drivers/media/video/v4l2-common.o
  CC      drivers/net/usb/cdc_ether.o
  CC      drivers/net/phy/mdio_bus.o
  CC      drivers/net/usb/net1080.o
  CC      drivers/media/rc/keymaps/rc-dm1105-nec.o
  CC      drivers/net/slip/slhc.o
  CC      drivers/media/common/tuners/tda18271-fe.o
  CC      drivers/net/usb/cdc_subset.o
  CC      drivers/net/usb/zaurus.o
  LD      drivers/net/ppp/built-in.o
  CC      drivers/media/video/videobuf2-core.o
  CC      drivers/media/rc/keymaps/rc-dntv-live-dvb-t.o
  CC      drivers/net/ethernet/smsc/smc911x.o
  CC      drivers/net/ethernet/smsc/smsc911x.o
  CC      drivers/net/wireless/bcmdhd/aiutils.o
  GZIP    kernel/config_data.gz
  CC      drivers/mmc/core/sdio.o
  CHK     kernel/config_data.h
  LD      kernel/built-in.o
  CC      drivers/media/rc/keymaps/rc-dntv-live-dvbt-pro.o
  CC      drivers/net/usb/usbnet.o
  CC      drivers/media/video/videobuf2-memops.o
  CC      drivers/net/usb/cdc_ncm.o
  CC      drivers/media/video/videobuf2-vmalloc.o
  LD      drivers/net/phy/libphy.o
  LD      drivers/net/phy/built-in.o
  CC      drivers/media/video/videobuf2-dma-contig.o
  CC      drivers/net/tun.o
  CC      drivers/media/rc/keymaps/rc-em-terratec.o
  CC      drivers/media/rc/keymaps/rc-encore-enltv2.o
  CC      drivers/media/rc/keymaps/rc-encore-enltv.o
  CC      drivers/media/rc/keymaps/rc-encore-enltv-fm53.o
  CC      drivers/net/wireless/bcmdhd/bcmsdh_sdmmc_linux.o
  CC      drivers/media/video/videobuf2-dma-sg.o
  CC      drivers/mmc/core/sdio_ops.o
  CC      drivers/media/rc/keymaps/rc-evga-indtube.o
  CC      drivers/media/video/videobuf2-msm-mem.o
  CC      drivers/media/rc/keymaps/rc-eztv.o
  LD      drivers/net/slip/built-in.o
  CC      drivers/media/rc/keymaps/rc-flydvb.o
  CC      drivers/media/video/vcap_v4l2.o
  CC      drivers/media/common/tuners/xc5000.o
  CC      drivers/media/rc/keymaps/rc-flyvideo.o
  LD      drivers/mmc/host/built-in.o
  CC      drivers/media/rc/keymaps/rc-fusionhdtv-mce.o
  CC      drivers/media/rc/keymaps/rc-gadmei-rm008z.o
  CC      drivers/media/rc/keymaps/rc-genius-tvgo-a11mce.o
  CC      drivers/net/wireless/bcmdhd/dhd_linux.o
  CC      drivers/mmc/core/sdio_bus.o
  CC      drivers/media/video/vcap_vc.o
  CC      drivers/media/rc/keymaps/rc-gotview7135.o
  CC      drivers/media/rc/keymaps/rc-imon-mce.o
  CC      drivers/media/rc/keymaps/rc-imon-pad.o
  CC      drivers/net/wireless/bcmdhd/siutils.o
  CC      drivers/media/rc/keymaps/rc-iodata-bctv7e.o
  CC      drivers/media/rc/keymaps/rc-it913x-v1.o
  CC      drivers/media/video/vcap_vp.o
  CC      drivers/media/rc/keymaps/rc-it913x-v2.o
  CC      drivers/media/rc/keymaps/rc-kaiomy.o
  CC      drivers/media/rc/keymaps/rc-kworld-315u.o
  LD      drivers/net/usb/built-in.o
  CC      drivers/media/rc/keymaps/rc-kworld-pc150u.o
  CC      drivers/media/common/tuners/xc4000.o
  CC      drivers/media/common/tuners/mc44s803.o
  CC      drivers/media/rc/keymaps/rc-kworld-plus-tv-analog.o
  CC      drivers/mmc/core/sdio_cis.o
  CC      drivers/media/rc/keymaps/rc-leadtek-y04g0051.o
  CC      drivers/media/rc/keymaps/rc-lirc.o
  CC      drivers/media/rc/keymaps/rc-lme2510.o
  CC      drivers/media/rc/keymaps/rc-manli.o
  CC      drivers/media/rc/keymaps/rc-medion-x10.o
  CC [M]  drivers/media/video/gspca/gspca.o
  CC      drivers/media/rc/keymaps/rc-msi-digivox-ii.o
  CC      drivers/media/rc/keymaps/rc-msi-digivox-iii.o
  CC      drivers/media/rc/keymaps/rc-msi-tvanywhere.o
  CC      drivers/media/rc/keymaps/rc-msi-tvanywhere-plus.o
  CC      drivers/media/rc/keymaps/rc-nebula.o
  CC      drivers/media/video/uvc/uvc_driver.o
  CC      drivers/net/wireless/bcmdhd/bcmutils.o
  CC      drivers/media/rc/keymaps/rc-nec-terratec-cinergy-xs.o
  CC      drivers/mmc/core/sdio_io.o
  LD      drivers/media/common/tuners/tda18271.o
  CC      drivers/mmc/core/sdio_irq.o
  CC      drivers/media/rc/keymaps/rc-norwood.o
  CC      drivers/media/rc/keymaps/rc-npgtech.o
  CC      drivers/media/video/ir-kbd-i2c.o
  CC      drivers/media/rc/keymaps/rc-pctv-sedna.o
  CC      drivers/media/rc/keymaps/rc-philips.o
  CC      drivers/media/rc/keymaps/rc-pinnacle-color.o
  CC      drivers/media/rc/keymaps/rc-pinnacle-grey.o
  CC      drivers/media/video/uvc/uvc_queue.o
  CC      drivers/media/video/uvc/uvc_v4l2.o
  CC      drivers/media/rc/keymaps/rc-pinnacle-pctv-hd.o
  CC      drivers/media/rc/keymaps/rc-pixelview.o
  CC      drivers/mmc/core/quirks.o
  CC      drivers/media/rc/keymaps/rc-pixelview-mk12.o
  CC      drivers/mmc/core/cd-gpio.o
  CC      drivers/mmc/core/debugfs.o
  CC      drivers/media/rc/keymaps/rc-pixelview-002t.o
  CC      drivers/media/rc/keymaps/rc-pixelview-new.o
  CC      drivers/media/rc/keymaps/rc-powercolor-real-angel.o
  LD      drivers/media/common/tuners/built-in.o
  LD      drivers/media/common/built-in.o
  LD      drivers/media/video/videodev.o
  CC      drivers/media/rc/keymaps/rc-proteus-2309.o
  CC      drivers/media/rc/keymaps/rc-purpletv.o
  CC      drivers/net/wireless/bcmdhd/dhd_linux_sched.o
  CC      drivers/net/wireless/bcmdhd/dhd_sdio.o
  CC      drivers/media/rc/keymaps/rc-pv951.o
  CC      drivers/media/video/uvc/uvc_video.o
  CC      drivers/media/rc/keymaps/rc-hauppauge.o
  CC      drivers/media/rc/keymaps/rc-rc6-mce.o
  CC      drivers/media/rc/keymaps/rc-real-audio-220-32-keys.o
  CC      drivers/media/rc/keymaps/rc-snapstream-firefly.o
  CC      drivers/net/wireless/bcmdhd/bcmwifi_channels.o
  CC      drivers/net/wireless/bcmdhd/bcmevent.o
  CC      drivers/media/rc/keymaps/rc-samsung-necx.o
  CC      drivers/media/rc/keymaps/rc-streamzap.o
  CC      drivers/media/rc/keymaps/rc-tbs-nec.o
  LD [M]  drivers/media/video/gspca/gspca_main.o
  CC      drivers/media/rc/keymaps/rc-technisat-usb2.o
  LD      drivers/mmc/core/mmc_core.o
  CC      drivers/media/rc/keymaps/rc-terratec-cinergy-xs.o
  CC      drivers/media/rc/keymaps/rc-terratec-slim.o
  LD      drivers/mmc/core/built-in.o
  CC      drivers/media/video/uvc/uvc_ctrl.o
  LD      drivers/mmc/built-in.o
  CC      drivers/net/wireless/bcmdhd/hndpmu.o
  CC      drivers/net/wireless/bcmdhd/bcmsdh.o
  CC      drivers/media/rc/keymaps/rc-terratec-slim-2.o
  CC      drivers/media/video/uvc/uvc_status.o
  CC      drivers/media/video/uvc/uvc_isight.o
  CC      drivers/media/rc/keymaps/rc-tevii-nec.o
  CC      drivers/media/video/uvc/uvc_debugfs.o
  CC      drivers/media/rc/keymaps/rc-tivo.o
  CC      drivers/media/rc/keymaps/rc-total-media-in-hand.o
  CC      drivers/net/wireless/bcmdhd/dhd_cdc.o
  CC      drivers/net/wireless/bcmdhd/bcmsdh_linux.o
  CC      drivers/media/rc/keymaps/rc-trekstor.o
  CC      drivers/media/rc/keymaps/rc-tt-1500.o
  CC      drivers/net/wireless/bcmdhd/dhd_common.o
  CC      drivers/media/video/uvc/uvc_entity.o
  CC      drivers/media/rc/keymaps/rc-twinhan1027.o
  CC      drivers/net/wireless/bcmdhd/linux_osl.o
  CC      drivers/net/wireless/bcmdhd/bcmsdh_sdmmc.o
  CC      drivers/media/rc/keymaps/rc-ue-rf4ce.o
  CC      drivers/net/wireless/bcmdhd/dhd_custom_gpio.o
  CC      drivers/net/wireless/bcmdhd/sbutils.o
  CC      drivers/media/rc/keymaps/rc-videomate-m1f.o
  CC      drivers/media/rc/keymaps/rc-videomate-s350.o
  CC      drivers/net/wireless/bcmdhd/wldev_common.o
  CC      drivers/media/rc/keymaps/rc-videomate-tv-pvr.o
  CC      drivers/media/rc/keymaps/rc-winfast.o
  CC      drivers/media/rc/keymaps/rc-winfast-usbii-deluxe.o
  LD      drivers/media/video/uvc/uvcvideo.o
  CC      drivers/net/wireless/bcmdhd/wl_android.o
  LD      drivers/media/video/uvc/built-in.o
  LD      drivers/media/video/built-in.o
  CC      drivers/net/wireless/bcmdhd/wl_cfg80211.o
  CC      drivers/net/wireless/bcmdhd/wl_cfgp2p.o
  CC      drivers/net/wireless/bcmdhd/wl_linux_mon.o
  CC      drivers/net/wireless/bcmdhd/dhd_cfg80211.o
  LD      drivers/media/rc/keymaps/built-in.o
  LD      drivers/media/rc/built-in.o
  LD      drivers/media/built-in.o
  LD      drivers/net/ethernet/smsc/built-in.o
  LD      drivers/net/ethernet/built-in.o
drivers/net/wireless/bcmdhd/wl_cfg80211.c:6727:12: warning: 'wl_add_remove_eventmsg' defined but not used [-Wunused-function]
error, forbidden warning: wl_cfg80211.c:6727
make[4]: *** [drivers/net/wireless/bcmdhd/wl_cfg80211.o] 오류 1
make[3]: *** [drivers/net/wireless/bcmdhd] 오류 2
make[2]: *** [drivers/net/wireless] 오류 2
make[1]: *** [drivers/net] 오류 2
make: *** [drivers] 오류 2
