Script started on 2014년 04월 28일 (월) 오전 12시 57분 41초
scripts/kconfig/conf --silentoldconfig Kconfig
  CHK     include/linux/version.h
  CHK     include/generated/utsrelease.h
make[1]: `include/generated/mach-types.h'는 이미 갱신되었습니다.
  CALL    scripts/checksyscalls.sh
  CHK     include/generated/compile.h
  GZIP    kernel/config_data.gz
  CC      arch/arm/mach-msm/board-msm8x60_dali.o
  CHK     kernel/config_data.h
arch/arm/mach-msm/board-msm8x60_dali.c:4881:2: warning: initialization from incompatible pointer type [enabled by default]
arch/arm/mach-msm/board-msm8x60_dali.c:4881:2: warning: (near initialization for 'fsa9480_pdata.otg_cb') [enabled by default]
arch/arm/mach-msm/board-msm8x60_dali.c:4882:2: warning: initialization from incompatible pointer type [enabled by default]
arch/arm/mach-msm/board-msm8x60_dali.c:4882:2: warning: (near initialization for 'fsa9480_pdata.usb_cb') [enabled by default]
arch/arm/mach-msm/board-msm8x60_dali.c:4883:2: warning: initialization from incompatible pointer type [enabled by default]
arch/arm/mach-msm/board-msm8x60_dali.c:4883:2: warning: (near initialization for 'fsa9480_pdata.charger_cb') [enabled by default]
arch/arm/mach-msm/board-msm8x60_dali.c:4884:2: warning: initialization from incompatible pointer type [enabled by default]
arch/arm/mach-msm/board-msm8x60_dali.c:4884:2: warning: (near initialization for 'fsa9480_pdata.jig_cb') [enabled by default]
arch/arm/mach-msm/board-msm8x60_dali.c:4885:2: warning: initialization from incompatible pointer type [enabled by default]
arch/arm/mach-msm/board-msm8x60_dali.c:4885:2: warning: (near initialization for 'fsa9480_pdata.deskdock_cb') [enabled by default]
arch/arm/mach-msm/board-msm8x60_dali.c:4886:2: warning: initialization from incompatible pointer type [enabled by default]
arch/arm/mach-msm/board-msm8x60_dali.c:4886:2: warning: (near initialization for 'fsa9480_pdata.cardock_cb') [enabled by default]
arch/arm/mach-msm/board-msm8x60_dali.c:4889:2: warning: initialization from incompatible pointer type [enabled by default]
arch/arm/mach-msm/board-msm8x60_dali.c:4889:2: warning: (near initialization for 'fsa9480_pdata.mhl_cb') [enabled by default]
  LD      arch/arm/mach-msm/built-in.o
  LD      vmlinux.o
  MODPOST vmlinux.o
  GEN     .version
  CHK     include/generated/compile.h
  UPD     include/generated/compile.h
  CC      init/version.o
  LD      init/built-in.o
  LD      .tmp_vmlinux1
  KSYM    .tmp_kallsyms1.S
  AS      .tmp_kallsyms1.o
  LD      .tmp_vmlinux2
  KSYM    .tmp_kallsyms2.S
  AS      .tmp_kallsyms2.o
  LD      vmlinux
  SYSMAP  System.map
  SYSMAP  .tmp_System.map
  OBJCOPY arch/arm/boot/Image
  Building modules, stage 2.
  Kernel: arch/arm/boot/Image is ready
  MODPOST 15 modules
  GZIP    arch/arm/boot/compressed/piggy.gzip
  CC      arch/arm/mach-msm/dal_remotetest.mod.o
  CC      arch/arm/mach-msm/dma_test.mod.o
  CC      arch/arm/mach-msm/msm-buspm-dev.mod.o
  CC      block/test-iosched.mod.o
  CC      crypto/ansi_cprng.mod.o
  CC      drivers/crypto/msm/qce.mod.o
  CC      drivers/crypto/msm/qcedev.mod.o
  CC      drivers/crypto/msm/qcrypto.mod.o
  CC      drivers/hid/hid-logitech-dj.mod.o
  CC      drivers/input/evbug.mod.o
  CC      drivers/media/video/gspca/gspca_main.mod.o
  CC      drivers/misc/msm_tsif.mod.o
  CC      drivers/misc/tsif_chrdev.mod.o
  CC      drivers/scsi/scsi_wait_scan.mod.o
  CC      drivers/spi/spidev.mod.o
  LD [M]  arch/arm/mach-msm/dal_remotetest.ko
  LD [M]  arch/arm/mach-msm/dma_test.ko
  LD [M]  arch/arm/mach-msm/msm-buspm-dev.ko
  LD [M]  crypto/ansi_cprng.ko
  LD [M]  drivers/crypto/msm/qce.ko
  LD [M]  drivers/crypto/msm/qcedev.ko
  LD [M]  drivers/crypto/msm/qcrypto.ko
  LD [M]  drivers/hid/hid-logitech-dj.ko
  LD [M]  drivers/input/evbug.ko
  LD [M]  drivers/media/video/gspca/gspca_main.ko
  LD [M]  block/test-iosched.ko
  LD [M]  drivers/spi/spidev.ko
  LD [M]  drivers/misc/msm_tsif.ko
  LD [M]  drivers/misc/tsif_chrdev.ko
  LD [M]  drivers/scsi/scsi_wait_scan.ko
  AS      arch/arm/boot/compressed/piggy.gzip.o
  LD      arch/arm/boot/compressed/vmlinux
  OBJCOPY arch/arm/boot/zImage
  Kernel: arch/arm/boot/zImage is ready
