Script started on 2014년 04월 27일 (일) 오전 01시 25분 24초
scripts/kconfig/conf --silentoldconfig Kconfig
  CHK     include/linux/version.h
  CHK     include/generated/utsrelease.h
  UPD     include/generated/utsrelease.h
make[1]: `include/generated/mach-types.h'는 이미 갱신되었습니다.
  CALL    scripts/checksyscalls.sh
  CC      arch/arm/common/gic.o
  CC      arch/arm/common/cpaccess.o
  CC      init/main.o
  CHK     include/generated/compile.h
  CC      init/do_mounts.o
  CC      arch/arm/perfmon/perf-function-hooks.o
  CC      init/version.o
  CC      arch/arm/mm/mmap.o
  CC      arch/arm/kernel/irq.o
  CC      security/keys/key.o
  CC      crypto/api.o
  CC      block/blk-core.o
  CC      security/selinux/avc.o
  CC      mm/filemap.o
  CC      kernel/fork.o
  CC      arch/arm/mach-msm/timer.o
  CC      arch/arm/kernel/process.o
  CC      security/commoncap.o
  LD      arch/arm/perfmon/built-in.o
  CC      fs/cifs/cifsfs.o
  CC      security/selinux/hooks.o
  LD      arch/arm/mm/built-in.o
  CC      fs/ecryptfs/main.o
  LD      security/keys/built-in.o
  CC      drivers/bluetooth/hci_ldisc.o
  LD      arch/arm/common/built-in.o
  CC      fs/cifs/cifssmb.o
  CC      crypto/cipher.o
  LD      init/mounts.o
  LD      init/built-in.o
  CC      drivers/char/mem.o
  CC      drivers/cpufreq/cpufreq_ondemand.o
  CC      arch/arm/mach-msm/perf_event_msm_l2.o
  CC      security/selinux/selinuxfs.o
  CC      fs/ecryptfs/crypto.o
  CC      arch/arm/kernel/setup.o
  CC      security/lsm_audit.o
  CC      crypto/compress.o
  CC      drivers/char/random.o
  CC      drivers/bluetooth/hci_h4.o
  CC      crypto/algapi.o
  CC      fs/ecryptfs/keystore.o
  CC      arch/arm/mach-msm/smd.o
  CC      arch/arm/kernel/signal.o
  CC      drivers/cpufreq/cpufreq_conservative.o
  CC      sound/soc/msm/lpass-dma.o
  CC      crypto/scatterwalk.o
  CC      kernel/panic.o
  CC      mm/swap.o
  CC      drivers/bluetooth/hci_ibs.o
  CC      arch/arm/kernel/time.o
  CC      mm/vmscan.o
  LD      drivers/cpufreq/built-in.o
  CC      security/selinux/netlink.o
  CC      security/selinux/nlmsgtab.o
  CC      security/selinux/netif.o
  CC      arch/arm/kernel/smp.o
  LD      sound/soc/msm/snd-soc-msm8x60-pcm.o
  LD      sound/soc/msm/snd-soc-msm8x60.o
  CC      kernel/exit.o
  LD      sound/soc/msm/snd-soc-lpass-dma.o
  LD      sound/soc/msm/snd-soc-msm8x60-dai.o
  LD      sound/soc/msm/built-in.o
  CC      crypto/proc.o
  LD      drivers/char/built-in.o
  CC      security/selinux/netnode.o
  LD      sound/soc/built-in.o
  CC      security/selinux/netport.o
  CC      kernel/softirq.o
  LD      block/built-in.o
  CC      fs/ecryptfs/miscdev.o
  LD      sound/built-in.o
  CC      security/selinux/ss/ebitmap.o
  CC      drivers/bluetooth/bluesleep_bcm.o
  LD      drivers/bluetooth/hci_uart.o
  CC      security/selinux/ss/sidtab.o
  CC      crypto/ablkcipher.o
  CC      net/socket.o
  CC      arch/arm/kernel/perf_event.o
  CC      lib/random32.o
  CC      crypto/blkcipher.o
drivers/bluetooth/bluesleep_bcm.c: In function 'bluesleep_sleep_wakeup_wq':
drivers/bluetooth/bluesleep_bcm.c:223:8: warning: unused variable 'ret' [-Wunused-variable]
drivers/bluetooth/bluesleep_bcm.c: In function 'bluesleep_start_wq':
drivers/bluetooth/bluesleep_bcm.c:483:6: warning: unused variable 'ret' [-Wunused-variable]
  CC      security/selinux/ss/avtab.o
  CC      net/bluetooth/af_bluetooth.o
  LD      fs/ecryptfs/ecryptfs.o
  CC      lib/uuid.o
  LD      fs/ecryptfs/built-in.o
  CC      net/bluetooth/hci_core.o
  CC      lib/nlattr.o
  CC      security/selinux/ss/policydb.o
  CC [M]  drivers/crypto/msm/qcedev.o
  CC      kernel/sysctl.o
  CC      crypto/ahash.o
  LD      drivers/bluetooth/built-in.o
  CC      drivers/gpio/gpiolib.o
  CC      arch/arm/mach-msm/qdsp6v2/board-msm8x60-audio.o
  CC      security/selinux/ss/services.o
  CC      crypto/shash.o
  CC      kernel/sysctl_binary.o
  CC      fs/cifs/cifs_debug.o
  CC      lib/kobject_uevent.o
  CC      fs/cifs/connect.o
  CC      arch/arm/kernel/init_task.o
  CC      fs/cifs/dir.o
  LD      arch/arm/mach-msm/qdsp6v2/built-in.o
  CC      arch/arm/mach-msm/devices-msm8x60.o
  CC      fs/ext2/ialloc.o
  CC      crypto/algboss.o
  CC      mm/memory.o
  CC      kernel/timer.o
  LD      arch/arm/kernel/built-in.o
  CC [M]  drivers/crypto/msm/qce.o
  CC      crypto/testmgr.o
  CC      crypto/crypto_wq.o
  CC      crypto/aead.o
  CC      lib/vsprintf.o
  CC      arch/arm/mach-msm/saw-regulator.o
  CC      security/selinux/ss/conditional.o
  CC      drivers/gpio/gpio-msm-common.o
  CC      crypto/chainiv.o
  CC      fs/ext2/super.o
  CC      crypto/eseqiv.o
  CC      fs/cifs/file.o
  CC      net/bluetooth/hci_conn.o
  CC      arch/arm/mach-msm/sec_switch.o
  LD      crypto/crypto_hash.o
  CC      crypto/pcompress.o
  LD      crypto/cryptomgr.o
  CC      crypto/hmac.o
  CC      security/selinux/ss/mls.o
  CC      drivers/gpio/gpio-msm-v2.o
  CC      crypto/xcbc.o
  CC      security/selinux/ss/status.o
  CC      arch/arm/mach-msm/msm_watchdog.o
  CC      drivers/gpio/gpio-sx150x.o
  CC      crypto/crypto_null.o
  CC      crypto/md4.o
  CC      fs/ext3/ialloc.o
  LD      fs/ext2/ext2.o
  LD      fs/ext2/built-in.o
  CC      drivers/hid/hid-lg.o
  LD      lib/built-in.o
  CC [M]  drivers/crypto/msm/qcrypto.o
  CC      kernel/signal.o
  AR      lib/lib.a
  CC      fs/ext4/ialloc.o
  CC      kernel/sys.o
  LD      drivers/gpio/built-in.o
  CC      crypto/md5.o
  CC      arch/arm/mach-msm/board-msm8x60_dali.o
  CC      crypto/sha1_generic.o
  LD      security/selinux/selinux.o
  LD      security/selinux/built-in.o
  CC      crypto/sha256_generic.o
  LD      security/built-in.o
  CC      arch/arm/mach-msm/mdm.o
  CC      net/bluetooth/hci_event.o
  CC      mm/page_io.o
  CC      net/bluetooth/mgmt.o
  CC      net/core/sock.o
  CC      fs/cifs/inode.o
  CC      crypto/ecb.o
arch/arm/mach-msm/board-msm8x60_dali.c:4881:2: warning: initialization from incompatible pointer type [enabled by default]
arch/arm/mach-msm/board-msm8x60_dali.c:4881:2: warning: (near initialization for 'fsa9480_pdata.otg_cb') [enabled by default]
arch/arm/mach-msm/board-msm8x60_dali.c:4882:2: warning: initialization from incompatible pointer type [enabled by default]
arch/arm/mach-msm/board-msm8x60_dali.c:4882:2: warning: (near initialization for 'fsa9480_pdata.usb_cb') [enabled by default]
arch/arm/mach-msm/board-msm8x60_dali.c:4883:2: warning: initialization from incompatible pointer type [enabled by default]
arch/arm/mach-msm/board-msm8x60_dali.c:4883:2: warning: (near initialization for 'fsa9480_pdata.charger_cb') [enabled by default]
arch/arm/mach-msm/board-msm8x60_dali.c:4884:2: warning: initialization from incompatible pointer type [enabled by default]
arch/arm/mach-msm/board-msm8x60_dali.c:4884:2: warning: (near initialization for 'fsa9480_pdata.jig_cb') [enabled by default]
arch/arm/mach-msm/board-msm8x60_dali.c:4885:2: warning: initialization from incompatible pointer type [enabled by default]
arch/arm/mach-msm/board-msm8x60_dali.c:4885:2: warning: (near initialization for 'fsa9480_pdata.deskdock_cb') [enabled by default]
arch/arm/mach-msm/board-msm8x60_dali.c:4886:2: warning: initialization from incompatible pointer type [enabled by default]
arch/arm/mach-msm/board-msm8x60_dali.c:4886:2: warning: (near initialization for 'fsa9480_pdata.cardock_cb') [enabled by default]
arch/arm/mach-msm/board-msm8x60_dali.c:4889:2: warning: initialization from incompatible pointer type [enabled by default]
arch/arm/mach-msm/board-msm8x60_dali.c:4889:2: warning: (near initialization for 'fsa9480_pdata.mhl_cb') [enabled by default]
  CC      fs/ext3/super.o
  LD      drivers/hid/hid-logitech.o
  LD      drivers/hid/hid.o
  LD      drivers/hid/built-in.o
  CC      arch/arm/mach-msm/rpm.o
  CC      mm/swap_state.o
  CC      mm/swapfile.o
  CC      crypto/cbc.o
  CC      fs/ext4/super.o
  CC      crypto/deflate.o
  CC      net/core/request_sock.o
  CC      fs/cifs/link.o
  CC      kernel/pid.o
  CC      fs/fuse/inode.o
  CC      crypto/crc32c.o
  CC      crypto/authenc.o
  CC      crypto/authencesn.o
  CC      net/core/skbuff.o
  CC      net/core/iovec.o
  CC      fs/cifs/misc.o
  CC      drivers/i2c/chips/gp2ap020_proximity.o
  CC      net/core/datagram.o
  CC      kernel/posix-cpu-timers.o
  CC      net/core/stream.o
  LD      fs/fuse/fuse.o
  LD      fs/fuse/built-in.o
  CC      crypto/rng.o
  LD      mm/built-in.o
  CC      net/core/scm.o
  CC      net/ethernet/eth.o
  CC      crypto/krng.o
  LD      drivers/i2c/chips/built-in.o
  CC      arch/arm/mach-msm/mpm.o
  LD      drivers/i2c/built-in.o
  CC      fs/lockd/clntlock.o
  CC      drivers/input/input.o
  CC      fs/cifs/netmisc.o
  CC      fs/nfs/client.o
  CC [M]  crypto/ansi_cprng.o
  CC      fs/lockd/clntproc.o
  CC      net/core/gen_stats.o
  CC      net/core/gen_estimator.o
  CC      arch/arm/mach-msm/msm_rq_stats.o
  CC      kernel/nsproxy.o
  LD      net/ethernet/built-in.o
  CC      net/core/net_namespace.o
  CC      net/core/secure_seq.o
  LD      crypto/crypto.o
  LD      crypto/crypto_algapi.o
  LD      crypto/crypto_blkcipher.o
  LD      crypto/built-in.o
  CC      fs/cifs/smbencrypt.o
  CC      fs/cifs/transport.o
  CC      net/core/flow_dissector.o
  LD      fs/ext3/ext3.o
  CC      arch/arm/mach-msm/restart.o
  LD      fs/ext3/built-in.o
  CC      kernel/cred.o
  CC      net/ipv6/af_inet6.o
  CC      net/ipv4/route.o
  CC      net/core/sysctl_net_core.o
  CC      fs/proc/array.o
  CC      net/core/dev.o
  CC      fs/lockd/clntxdr.o
  CC      fs/cifs/asn1.o
  CC      drivers/input/mousedev.o
  CC      arch/arm/mach-msm/sec_gaf.o
  CC      net/core/ethtool.o
  CC      net/core/dev_addr_lists.o
  CC      fs/nfs/dir.o
  CC      net/core/dst.o
  CC      kernel/events/core.o
  CC      fs/cifs/cifs_unicode.o
  CC      fs/proc/stat.o
  CC      arch/arm/mach-msm/board-bluetooth-bcm4330.o
  CC      fs/lockd/host.o
  CC      fs/nfs/file.o
  CC      net/bluetooth/hci_sock.o
  LD      arch/arm/mach-msm/built-in.o
  CC      fs/proc/uptime.o
  CC      drivers/input/keyboard/gpio_keys.o
  CC      net/ipv6/anycast.o
  CC      fs/cifs/xattr.o
  CC      net/bluetooth/hci_sysfs.o
  CC      net/ipv4/inetpeer.o
  CC      net/ipv4/protocol.o
  CC      fs/proc/softirqs.o
  CC      fs/lockd/svc.o
  CC      fs/proc/namespaces.o
  CC      drivers/input/keyboard/matrix_keypad.o
  CC      fs/cifs/cifsencrypt.o
  CC      fs/lockd/svclock.o
  CC      fs/nfs/getroot.o
  CC      net/bluetooth/l2cap_core.o
  CC      net/ipv6/ip6_output.o
  CC      net/ipv6/ip6_input.o
  CC      fs/nfs/inode.o
  CC      fs/proc/proc_net.o
  CC      net/ipv4/ip_input.o
  CC      net/bluetooth/l2cap_sock.o
  CC      net/ipv4/ip_fragment.o
  CC      drivers/input/keyboard/cypress-touchkey_dali.o
  CC      fs/nfs/super.o
  CC      fs/nfs/nfs2xdr.o
  LD      fs/proc/proc.o
  CC      fs/lockd/svcshare.o
  LD      fs/proc/built-in.o
  CC      fs/cifs/readdir.o
  CC      fs/lockd/svcproc.o
  CC      fs/lockd/svcsubs.o
  CC      net/ipv4/ip_forward.o
  CC      fs/lockd/mon.o
  CC      net/bluetooth/smp.o
  CC      drivers/input/keyboard/issp_driver_routines.o
  CC      drivers/input/keyboard/issp_main.o
  CC      net/ipv4/ip_options.o
  CC      fs/lockd/xdr.o
  CC      drivers/input/keyboard/issp_routines.o
  CC      net/ipv4/ip_output.o
  CC      fs/cifs/ioctl.o
  CC      fs/ext4/mmp.o
  CC      net/core/netevent.o
  CC      fs/lockd/clnt4xdr.o
  LD      kernel/events/built-in.o
  CC      drivers/md/dm-crypt.o
  CC      kernel/irq/irqdesc.o
  CC      net/ipv6/addrconf.o
  CC      net/core/neighbour.o
  CC      fs/lockd/xdr4.o
  CC      fs/lockd/svc4proc.o
  CC      fs/nfs/direct.o
  LD      drivers/input/keyboard/built-in.o
  CC      fs/cifs/sess.o
  LD      fs/ext4/ext4.o
  CC      net/ipv4/ip_sockglue.o
  CC      net/ipv4/inet_hashtables.o
  CC      drivers/input/touchscreen/melfas_ts.o
  LD      fs/ext4/built-in.o
  CC      fs/nfs/pagelist.o
  CC      fs/nfs/proc.o
  CC      kernel/irq/handle.o
  CC      drivers/input/touchscreen/mcs8000_download.o
  CC      net/key/af_key.o
  LD      fs/lockd/lockd.o
  LD      fs/lockd/built-in.o
  CC      kernel/irq/manage.o
  CC      kernel/irq/spurious.o
  CC      fs/nfs/read.o
  LD      drivers/md/built-in.o
  CC      kernel/irq/resend.o
  CC      fs/nfs/symlink.o
  CC      fs/nfs/unlink.o
  LD      drivers/input/touchscreen/built-in.o
  CC      fs/nfs/write.o
  CC      drivers/media/radio/radio-tavarua.o
  LD      drivers/input/input-core.o
  LD      drivers/input/built-in.o
  CC      kernel/irq/chip.o
  CC      net/ipv4/inet_timewait_sock.o
  CC      fs/cifs/export.o
  CC      drivers/mfd/pmic8058.o
  CC      net/ipv4/inet_connection_sock.o
  CC      net/ipv4/tcp.o
  CC      fs/nfs/namespace.o
  LD      fs/cifs/cifs.o
  CC      kernel/irq/dummychip.o
  LD      fs/cifs/built-in.o
  CC      net/bluetooth/sco.o
  CC      drivers/mfd/pmic8901.o
  CC      kernel/irq/autoprobe.o
  CC      kernel/irq/irqdomain.o
  CC      fs/nfs/mount_clnt.o
  CC      net/ipv4/tcp_input.o
  CC      kernel/irq/proc.o
  CC      fs/nfs/dns_resolve.o
  CC      drivers/mfd/pm8xxx-irq.o
  CC      kernel/irq/pm.o
  CC      net/netfilter/core.o
  CC      net/core/rtnetlink.o
  CC      net/netfilter/nf_log.o
  CC      net/ipv4/tcp_output.o
  CC      fs/nfs/cache_lib.o
  LD      kernel/irq/built-in.o
  CC      fs/nfs/nfs3proc.o
  LD      drivers/mfd/built-in.o
  CC      fs/nfs/nfs3xdr.o
  CC      kernel/sched/core.o
  CC      net/bluetooth/lib.o
  LD      net/key/built-in.o
  CC      net/netlink/af_netlink.o
  CC      net/bluetooth/amp.o
  CC      drivers/misc/fsa9480.o
  LD      drivers/media/radio/built-in.o
  CC      net/ipv6/addrlabel.o
  CC      drivers/media/tdmb/tdmb.o
Using built-in specs.
COLLECT_GCC=arm-eabi-gcc
COLLECT_LTO_WRAPPER=/home/cholokei/prebuilts/gcc/linux-x86/arm/arm-eabi-4.6/bin/../libexec/gcc/arm-eabi/4.6.x-google/lto-wrapper
Target: arm-eabi
Configured with: /tmp/android-15472/src/build/../gcc/gcc-4.6/configure --prefix=/usr/local --target=arm-eabi --host=x86_64-linux-gnu --build=x86_64-linux-gnu --with-gnu-as --with-gnu-ld --enable-languages=c,c++ --with-gmp=/tmp/android-15472/obj/temp-install --with-mpfr=/tmp/android-15472/obj/temp-install --with-mpc=/tmp/android-15472/obj/temp-install --without-ppl --without-cloog --disable-libssp --enable-threads --disable-nls --disable-libmudflap --disable-libgomp --disable-libstdc__-v3 --disable-sjlj-exceptions --disable-shared --disable-tls --disable-libitm --with-float=soft --with-fpu=vfp --with-arch=armv5te --enable-target-optspace --with-abi=aapcs --with-gcc-version=4.6 --with-binutils-version=2.21 --with-gmp-version=4.2.4 --with-mpfr-version=2.4.1 --with-gdb-version=7.3.x --with-arch=armv5te --with-sysroot=/tmp/android-15472/install/sysroot --with-prefix=/tmp/android-15472/install --with-gold-version=2.21 --enable-gold --disable-gold --disable-multilib --program-transform-name='s&^&arm-eabi-&'
Thread model: single
gcc version 4.6.x-google 20120106 (prerelease) (GCC) 
COLLECT_GCC_OPTIONS='-nostdinc' '-isystem' '/home/cholokei/prebuilts/gcc/linux-x86/arm/arm-eabi-4.6/bin/../lib/gcc/arm-eabi/4.6.x-google/include' '-I' '/home/cholokei/git/android_kernel_samsung_dalikt/arch/arm/include' '-I' 'arch/arm/include/generated' '-I' 'include' '-include' '/home/cholokei/git/android_kernel_samsung_dalikt/include/linux/kconfig.h' '-D' '__KERNEL__' '-mlittle-endian' '-I' 'arch/arm/mach-msm/include' '-Wall' '-Wundef' '-Wstrict-prototypes' '-Wno-trigraphs' '-fno-strict-aliasing' '-fno-common' '-Wno-format-security' '-fno-delete-null-pointer-checks' '-Os' '-marm' '-fno-dwarf2-cfi-asm' '-mabi=aapcs-linux' '-mno-thumb-interwork' '-funwind-tables' '-D' '__LINUX_ARM_ARCH__=7' '-march=armv7-a' '-msoft-float' '-U' 'arm' '-Wframe-larger-than=1024' '-fno-stack-protector' '-Wno-unused-but-set-variable' '-fomit-frame-pointer' '-g' '-Wdeclaration-after-statement' '-Wno-pointer-sign' '-fno-strict-overflow' '-fconserve-stack' '-I' 'drivers/media/tdmb' '-v' '-I' 'drivers/media/tdmb/t3900' '-I' 'drivers/media/tdmb/fc8050' '-D' 'KBUILD_STR(s)=#s' '-D' 'KBUILD_BASENAME=KBUILD_STR(tdmb)' '-D' 'KBUILD_MODNAME=KBUILD_STR(tdmb)' '-c' '-o' 'drivers/media/tdmb/.tmp_tdmb.o' '-mfpu=vfp'
 /home/cholokei/prebuilts/gcc/linux-x86/arm/arm-eabi-4.6/bin/../libexec/gcc/arm-eabi/4.6.x-google/cc1 -quiet -nostdinc -v -I /home/cholokei/git/android_kernel_samsung_dalikt/arch/arm/include -I arch/arm/include/generated -I include -I arch/arm/mach-msm/include -I drivers/media/tdmb -I drivers/media/tdmb/t3900 -I drivers/media/tdmb/fc8050 -iprefix /home/cholokei/prebuilts/gcc/linux-x86/arm/arm-eabi-4.6/bin/../lib/gcc/arm-eabi/4.6.x-google/ -D__USES_INITFINI__ -D __KERNEL__ -D __LINUX_ARM_ARCH__=7 -U arm -D KBUILD_STR(s)=#s -D KBUILD_BASENAME=KBUILD_STR(tdmb) -D KBUILD_MODNAME=KBUILD_STR(tdmb) -isystem /home/cholokei/prebuilts/gcc/linux-x86/arm/arm-eabi-4.6/bin/../lib/gcc/arm-eabi/4.6.x-google/include -include /home/cholokei/git/android_kernel_samsung_dalikt/include/linux/kconfig.h -MD drivers/media/tdmb/.tdmb.o.d drivers/media/tdmb/tdmb.c -quiet -dumpbase tdmb.c -mlittle-endian -marm -mabi=aapcs-linux -mno-thumb-interwork -march=armv7-a -msoft-float -mfpu=vfp -auxbase-strip drivers/media/tdmb/.tmp_tdmb.o -g -Os -Wall -Wundef -Wstrict-prototypes -Wno-trigraphs -Wno-format-security -Wframe-larger-than=1024 -Wno-unused-but-set-variable -Wdeclaration-after-statement -Wno-pointer-sign -version -fno-strict-aliasing -fno-common -fno-delete-null-pointer-checks -fno-dwarf2-cfi-asm -funwind-tables -fno-stack-protector -fomit-frame-pointer -fno-strict-overflow -fconserve-stack -o /tmp/cc6s3zJV.s
GNU C (GCC) version 4.6.x-google 20120106 (prerelease) (arm-eabi)
	compiled by GNU C version 4.4.3, GMP version 4.2.4, MPFR version 2.4.1, MPC version 0.8.1
GGC heuristics: --param ggc-min-expand=100 --param ggc-min-heapsize=131072
#include "..." search starts here:
#include <...> search starts here:
 /home/cholokei/git/android_kernel_samsung_dalikt/arch/arm/include
 arch/arm/include/generated
 include
 arch/arm/mach-msm/include
 drivers/media/tdmb
 drivers/media/tdmb/t3900
 drivers/media/tdmb/fc8050
 /home/cholokei/prebuilts/gcc/linux-x86/arm/arm-eabi-4.6/bin/../lib/gcc/arm-eabi/4.6.x-google/include
End of search list.
GNU C (GCC) version 4.6.x-google 20120106 (prerelease) (arm-eabi)
	compiled by GNU C version 4.4.3, GMP version 4.2.4, MPFR version 2.4.1, MPC version 0.8.1
GGC heuristics: --param ggc-min-expand=100 --param ggc-min-heapsize=131072
Compiler executable checksum: 7e0a3541f55243241c747ff83ef85799
  CC      net/netlink/genetlink.o
  CC      net/netfilter/nf_queue.o
drivers/media/tdmb/tdmb.c: In function 'tdmb_mmap':
drivers/media/tdmb/tdmb.c:208:2: warning: format '%lx' expects argument of type 'long unsigned int', but argument 5 has type 'pgprot_t' [-Wformat]
  CC      net/bluetooth/bnep/core.o
COLLECT_GCC_OPTIONS='-nostdinc' '-isystem' '/home/cholokei/prebuilts/gcc/linux-x86/arm/arm-eabi-4.6/bin/../lib/gcc/arm-eabi/4.6.x-google/include' '-I' '/home/cholokei/git/android_kernel_samsung_dalikt/arch/arm/include' '-I' 'arch/arm/include/generated' '-I' 'include' '-include' '/home/cholokei/git/android_kernel_samsung_dalikt/include/linux/kconfig.h' '-D' '__KERNEL__' '-mlittle-endian' '-I' 'arch/arm/mach-msm/include' '-Wall' '-Wundef' '-Wstrict-prototypes' '-Wno-trigraphs' '-fno-strict-aliasing' '-fno-common' '-Wno-format-security' '-fno-delete-null-pointer-checks' '-Os' '-marm' '-fno-dwarf2-cfi-asm' '-mabi=aapcs-linux' '-mno-thumb-interwork' '-funwind-tables' '-D' '__LINUX_ARM_ARCH__=7' '-march=armv7-a' '-msoft-float' '-U' 'arm' '-Wframe-larger-than=1024' '-fno-stack-protector' '-Wno-unused-but-set-variable' '-fomit-frame-pointer' '-g' '-Wdeclaration-after-statement' '-Wno-pointer-sign' '-fno-strict-overflow' '-fconserve-stack' '-I' 'drivers/media/tdmb' '-v' '-I' 'drivers/media/tdmb/t3900' '-I' 'drivers/media/tdmb/fc8050' '-D' 'KBUILD_STR(s)=#s' '-D' 'KBUILD_BASENAME=KBUILD_STR(tdmb)' '-D' 'KBUILD_MODNAME=KBUILD_STR(tdmb)' '-c' '-o' 'drivers/media/tdmb/.tmp_tdmb.o' '-mfpu=vfp'
 /home/cholokei/prebuilts/gcc/linux-x86/arm/arm-eabi-4.6/bin/../lib/gcc/arm-eabi/4.6.x-google/../../../../arm-eabi/bin/as -v -I /home/cholokei/git/android_kernel_samsung_dalikt/arch/arm/include -I arch/arm/include/generated -I include -I arch/arm/mach-msm/include -I drivers/media/tdmb -I drivers/media/tdmb/t3900 -I drivers/media/tdmb/fc8050 -EL -march=armv7-a -mfloat-abi=soft -mfpu=vfp -meabi=5 -o drivers/media/tdmb/.tmp_tdmb.o /tmp/cc6s3zJV.s
GNU assembler version 2.21 (arm-eabi) using BFD version (GNU Binutils) 2.21
COMPILER_PATH=/home/cholokei/prebuilts/gcc/linux-x86/arm/arm-eabi-4.6/bin/../libexec/gcc/arm-eabi/4.6.x-google/:/home/cholokei/prebuilts/gcc/linux-x86/arm/arm-eabi-4.6/bin/../libexec/gcc/:/home/cholokei/prebuilts/gcc/linux-x86/arm/arm-eabi-4.6/bin/../lib/gcc/arm-eabi/4.6.x-google/../../../../arm-eabi/bin/
LIBRARY_PATH=/home/cholokei/prebuilts/gcc/linux-x86/arm/arm-eabi-4.6/bin/../lib/gcc/arm-eabi/4.6.x-google/:/home/cholokei/prebuilts/gcc/linux-x86/arm/arm-eabi-4.6/bin/../lib/gcc/:/home/cholokei/prebuilts/gcc/linux-x86/arm/arm-eabi-4.6/bin/../lib/gcc/arm-eabi/4.6.x-google/../../../../arm-eabi/lib/
COLLECT_GCC_OPTIONS='-nostdinc' '-isystem' '/home/cholokei/prebuilts/gcc/linux-x86/arm/arm-eabi-4.6/bin/../lib/gcc/arm-eabi/4.6.x-google/include' '-I' '/home/cholokei/git/android_kernel_samsung_dalikt/arch/arm/include' '-I' 'arch/arm/include/generated' '-I' 'include' '-include' '/home/cholokei/git/android_kernel_samsung_dalikt/include/linux/kconfig.h' '-D' '__KERNEL__' '-mlittle-endian' '-I' 'arch/arm/mach-msm/include' '-Wall' '-Wundef' '-Wstrict-prototypes' '-Wno-trigraphs' '-fno-strict-aliasing' '-fno-common' '-Wno-format-security' '-fno-delete-null-pointer-checks' '-Os' '-marm' '-fno-dwarf2-cfi-asm' '-mabi=aapcs-linux' '-mno-thumb-interwork' '-funwind-tables' '-D' '__LINUX_ARM_ARCH__=7' '-march=armv7-a' '-msoft-float' '-U' 'arm' '-Wframe-larger-than=1024' '-fno-stack-protector' '-Wno-unused-but-set-variable' '-fomit-frame-pointer' '-g' '-Wdeclaration-after-statement' '-Wno-pointer-sign' '-fno-strict-overflow' '-fconserve-stack' '-I' 'drivers/media/tdmb' '-v' '-I' 'drivers/media/tdmb/t3900' '-I' 'drivers/media/tdmb/fc8050' '-D' 'KBUILD_STR(s)=#s' '-D' 'KBUILD_BASENAME=KBUILD_STR(tdmb)' '-D' 'KBUILD_MODNAME=KBUILD_STR(tdmb)' '-c' '-o' 'drivers/media/tdmb/.tmp_tdmb.o' '-mfpu=vfp'
  CC      drivers/media/tdmb/tdmb_data.o
  CC      net/ipv4/tcp_timer.o
Using built-in specs.
COLLECT_GCC=arm-eabi-gcc
COLLECT_LTO_WRAPPER=/home/cholokei/prebuilts/gcc/linux-x86/arm/arm-eabi-4.6/bin/../libexec/gcc/arm-eabi/4.6.x-google/lto-wrapper
Target: arm-eabi
Configured with: /tmp/android-15472/src/build/../gcc/gcc-4.6/configure --prefix=/usr/local --target=arm-eabi --host=x86_64-linux-gnu --build=x86_64-linux-gnu --with-gnu-as --with-gnu-ld --enable-languages=c,c++ --with-gmp=/tmp/android-15472/obj/temp-install --with-mpfr=/tmp/android-15472/obj/temp-install --with-mpc=/tmp/android-15472/obj/temp-install --without-ppl --without-cloog --disable-libssp --enable-threads --disable-nls --disable-libmudflap --disable-libgomp --disable-libstdc__-v3 --disable-sjlj-exceptions --disable-shared --disable-tls --disable-libitm --with-float=soft --with-fpu=vfp --with-arch=armv5te --enable-target-optspace --with-abi=aapcs --with-gcc-version=4.6 --with-binutils-version=2.21 --with-gmp-version=4.2.4 --with-mpfr-version=2.4.1 --with-gdb-version=7.3.x --with-arch=armv5te --with-sysroot=/tmp/android-15472/install/sysroot --with-prefix=/tmp/android-15472/install --with-gold-version=2.21 --enable-gold --disable-gold --disable-multilib --program-transform-name='s&^&arm-eabi-&'
Thread model: single
gcc version 4.6.x-google 20120106 (prerelease) (GCC) 
COLLECT_GCC_OPTIONS='-nostdinc' '-isystem' '/home/cholokei/prebuilts/gcc/linux-x86/arm/arm-eabi-4.6/bin/../lib/gcc/arm-eabi/4.6.x-google/include' '-I' '/home/cholokei/git/android_kernel_samsung_dalikt/arch/arm/include' '-I' 'arch/arm/include/generated' '-I' 'include' '-include' '/home/cholokei/git/android_kernel_samsung_dalikt/include/linux/kconfig.h' '-D' '__KERNEL__' '-mlittle-endian' '-I' 'arch/arm/mach-msm/include' '-Wall' '-Wundef' '-Wstrict-prototypes' '-Wno-trigraphs' '-fno-strict-aliasing' '-fno-common' '-Wno-format-security' '-fno-delete-null-pointer-checks' '-Os' '-marm' '-fno-dwarf2-cfi-asm' '-mabi=aapcs-linux' '-mno-thumb-interwork' '-funwind-tables' '-D' '__LINUX_ARM_ARCH__=7' '-march=armv7-a' '-msoft-float' '-U' 'arm' '-Wframe-larger-than=1024' '-fno-stack-protector' '-Wno-unused-but-set-variable' '-fomit-frame-pointer' '-g' '-Wdeclaration-after-statement' '-Wno-pointer-sign' '-fno-strict-overflow' '-fconserve-stack' '-I' 'drivers/media/tdmb' '-v' '-I' 'drivers/media/tdmb/t3900' '-I' 'drivers/media/tdmb/fc8050' '-D' 'KBUILD_STR(s)=#s' '-D' 'KBUILD_BASENAME=KBUILD_STR(tdmb_data)' '-D' 'KBUILD_MODNAME=KBUILD_STR(tdmb_data)' '-c' '-o' 'drivers/media/tdmb/.tmp_tdmb_data.o' '-mfpu=vfp'
 /home/cholokei/prebuilts/gcc/linux-x86/arm/arm-eabi-4.6/bin/../libexec/gcc/arm-eabi/4.6.x-google/cc1 -quiet -nostdinc -v -I /home/cholokei/git/android_kernel_samsung_dalikt/arch/arm/include -I arch/arm/include/generated -I include -I arch/arm/mach-msm/include -I drivers/media/tdmb -I drivers/media/tdmb/t3900 -I drivers/media/tdmb/fc8050 -iprefix /home/cholokei/prebuilts/gcc/linux-x86/arm/arm-eabi-4.6/bin/../lib/gcc/arm-eabi/4.6.x-google/ -D__USES_INITFINI__ -D __KERNEL__ -D __LINUX_ARM_ARCH__=7 -U arm -D KBUILD_STR(s)=#s -D KBUILD_BASENAME=KBUILD_STR(tdmb_data) -D KBUILD_MODNAME=KBUILD_STR(tdmb_data) -isystem /home/cholokei/prebuilts/gcc/linux-x86/arm/arm-eabi-4.6/bin/../lib/gcc/arm-eabi/4.6.x-google/include -include /home/cholokei/git/android_kernel_samsung_dalikt/include/linux/kconfig.h -MD drivers/media/tdmb/.tdmb_data.o.d drivers/media/tdmb/tdmb_data.c -quiet -dumpbase tdmb_data.c -mlittle-endian -marm -mabi=aapcs-linux -mno-thumb-interwork -march=armv7-a -msoft-float -mfpu=vfp -auxbase-strip drivers/media/tdmb/.tmp_tdmb_data.o -g -Os -Wall -Wundef -Wstrict-prototypes -Wno-trigraphs -Wno-format-security -Wframe-larger-than=1024 -Wno-unused-but-set-variable -Wdeclaration-after-statement -Wno-pointer-sign -version -fno-strict-aliasing -fno-common -fno-delete-null-pointer-checks -fno-dwarf2-cfi-asm -funwind-tables -fno-stack-protector -fomit-frame-pointer -fno-strict-overflow -fconserve-stack -o /tmp/ccxkMV1t.s
GNU C (GCC) version 4.6.x-google 20120106 (prerelease) (arm-eabi)
	compiled by GNU C version 4.4.3, GMP version 4.2.4, MPFR version 2.4.1, MPC version 0.8.1
GGC heuristics: --param ggc-min-expand=100 --param ggc-min-heapsize=131072
#include "..." search starts here:
#include <...> search starts here:
 /home/cholokei/git/android_kernel_samsung_dalikt/arch/arm/include
 arch/arm/include/generated
 include
 arch/arm/mach-msm/include
 drivers/media/tdmb
 drivers/media/tdmb/t3900
 drivers/media/tdmb/fc8050
 /home/cholokei/prebuilts/gcc/linux-x86/arm/arm-eabi-4.6/bin/../lib/gcc/arm-eabi/4.6.x-google/include
End of search list.
GNU C (GCC) version 4.6.x-google 20120106 (prerelease) (arm-eabi)
	compiled by GNU C version 4.4.3, GMP version 4.2.4, MPFR version 2.4.1, MPC version 0.8.1
GGC heuristics: --param ggc-min-expand=100 --param ggc-min-heapsize=131072
Compiler executable checksum: 7e0a3541f55243241c747ff83ef85799
  CC      net/core/utils.o
  CC      net/core/link_watch.o
  CC      drivers/misc/ak8975.o
  CC      net/ipv6/route.o
  CC      fs/nfs/nfs3acl.o
  CC      net/netfilter/nf_sockopt.o
COLLECT_GCC_OPTIONS='-nostdinc' '-isystem' '/home/cholokei/prebuilts/gcc/linux-x86/arm/arm-eabi-4.6/bin/../lib/gcc/arm-eabi/4.6.x-google/include' '-I' '/home/cholokei/git/android_kernel_samsung_dalikt/arch/arm/include' '-I' 'arch/arm/include/generated' '-I' 'include' '-include' '/home/cholokei/git/android_kernel_samsung_dalikt/include/linux/kconfig.h' '-D' '__KERNEL__' '-mlittle-endian' '-I' 'arch/arm/mach-msm/include' '-Wall' '-Wundef' '-Wstrict-prototypes' '-Wno-trigraphs' '-fno-strict-aliasing' '-fno-common' '-Wno-format-security' '-fno-delete-null-pointer-checks' '-Os' '-marm' '-fno-dwarf2-cfi-asm' '-mabi=aapcs-linux' '-mno-thumb-interwork' '-funwind-tables' '-D' '__LINUX_ARM_ARCH__=7' '-march=armv7-a' '-msoft-float' '-U' 'arm' '-Wframe-larger-than=1024' '-fno-stack-protector' '-Wno-unused-but-set-variable' '-fomit-frame-pointer' '-g' '-Wdeclaration-after-statement' '-Wno-pointer-sign' '-fno-strict-overflow' '-fconserve-stack' '-I' 'drivers/media/tdmb' '-v' '-I' 'drivers/media/tdmb/t3900' '-I' 'drivers/media/tdmb/fc8050' '-D' 'KBUILD_STR(s)=#s' '-D' 'KBUILD_BASENAME=KBUILD_STR(tdmb_data)' '-D' 'KBUILD_MODNAME=KBUILD_STR(tdmb_data)' '-c' '-o' 'drivers/media/tdmb/.tmp_tdmb_data.o' '-mfpu=vfp'
 /home/cholokei/prebuilts/gcc/linux-x86/arm/arm-eabi-4.6/bin/../lib/gcc/arm-eabi/4.6.x-google/../../../../arm-eabi/bin/as -v -I /home/cholokei/git/android_kernel_samsung_dalikt/arch/arm/include -I arch/arm/include/generated -I include -I arch/arm/mach-msm/include -I drivers/media/tdmb -I drivers/media/tdmb/t3900 -I drivers/media/tdmb/fc8050 -EL -march=armv7-a -mfloat-abi=soft -mfpu=vfp -meabi=5 -o drivers/media/tdmb/.tmp_tdmb_data.o /tmp/ccxkMV1t.s
GNU assembler version 2.21 (arm-eabi) using BFD version (GNU Binutils) 2.21
COMPILER_PATH=/home/cholokei/prebuilts/gcc/linux-x86/arm/arm-eabi-4.6/bin/../libexec/gcc/arm-eabi/4.6.x-google/:/home/cholokei/prebuilts/gcc/linux-x86/arm/arm-eabi-4.6/bin/../libexec/gcc/:/home/cholokei/prebuilts/gcc/linux-x86/arm/arm-eabi-4.6/bin/../lib/gcc/arm-eabi/4.6.x-google/../../../../arm-eabi/bin/
LIBRARY_PATH=/home/cholokei/prebuilts/gcc/linux-x86/arm/arm-eabi-4.6/bin/../lib/gcc/arm-eabi/4.6.x-google/:/home/cholokei/prebuilts/gcc/linux-x86/arm/arm-eabi-4.6/bin/../lib/gcc/:/home/cholokei/prebuilts/gcc/linux-x86/arm/arm-eabi-4.6/bin/../lib/gcc/arm-eabi/4.6.x-google/../../../../arm-eabi/lib/
COLLECT_GCC_OPTIONS='-nostdinc' '-isystem' '/home/cholokei/prebuilts/gcc/linux-x86/arm/arm-eabi-4.6/bin/../lib/gcc/arm-eabi/4.6.x-google/include' '-I' '/home/cholokei/git/android_kernel_samsung_dalikt/arch/arm/include' '-I' 'arch/arm/include/generated' '-I' 'include' '-include' '/home/cholokei/git/android_kernel_samsung_dalikt/include/linux/kconfig.h' '-D' '__KERNEL__' '-mlittle-endian' '-I' 'arch/arm/mach-msm/include' '-Wall' '-Wundef' '-Wstrict-prototypes' '-Wno-trigraphs' '-fno-strict-aliasing' '-fno-common' '-Wno-format-security' '-fno-delete-null-pointer-checks' '-Os' '-marm' '-fno-dwarf2-cfi-asm' '-mabi=aapcs-linux' '-mno-thumb-interwork' '-funwind-tables' '-D' '__LINUX_ARM_ARCH__=7' '-march=armv7-a' '-msoft-float' '-U' 'arm' '-Wframe-larger-than=1024' '-fno-stack-protector' '-Wno-unused-but-set-variable' '-fomit-frame-pointer' '-g' '-Wdeclaration-after-statement' '-Wno-pointer-sign' '-fno-strict-overflow' '-fconserve-stack' '-I' 'drivers/media/tdmb' '-v' '-I' 'drivers/media/tdmb/t3900' '-I' 'drivers/media/tdmb/fc8050' '-D' 'KBUILD_STR(s)=#s' '-D' 'KBUILD_BASENAME=KBUILD_STR(tdmb_data)' '-D' 'KBUILD_MODNAME=KBUILD_STR(tdmb_data)' '-c' '-o' 'drivers/media/tdmb/.tmp_tdmb_data.o' '-mfpu=vfp'
  CC      drivers/media/tdmb/tdmb_port_t3900.o
Using built-in specs.
COLLECT_GCC=arm-eabi-gcc
COLLECT_LTO_WRAPPER=/home/cholokei/prebuilts/gcc/linux-x86/arm/arm-eabi-4.6/bin/../libexec/gcc/arm-eabi/4.6.x-google/lto-wrapper
Target: arm-eabi
Configured with: /tmp/android-15472/src/build/../gcc/gcc-4.6/configure --prefix=/usr/local --target=arm-eabi --host=x86_64-linux-gnu --build=x86_64-linux-gnu --with-gnu-as --with-gnu-ld --enable-languages=c,c++ --with-gmp=/tmp/android-15472/obj/temp-install --with-mpfr=/tmp/android-15472/obj/temp-install --with-mpc=/tmp/android-15472/obj/temp-install --without-ppl --without-cloog --disable-libssp --enable-threads --disable-nls --disable-libmudflap --disable-libgomp --disable-libstdc__-v3 --disable-sjlj-exceptions --disable-shared --disable-tls --disable-libitm --with-float=soft --with-fpu=vfp --with-arch=armv5te --enable-target-optspace --with-abi=aapcs --with-gcc-version=4.6 --with-binutils-version=2.21 --with-gmp-version=4.2.4 --with-mpfr-version=2.4.1 --with-gdb-version=7.3.x --with-arch=armv5te --with-sysroot=/tmp/android-15472/install/sysroot --with-prefix=/tmp/android-15472/install --with-gold-version=2.21 --enable-gold --disable-gold --disable-multilib --program-transform-name='s&^&arm-eabi-&'
Thread model: single
gcc version 4.6.x-google 20120106 (prerelease) (GCC) 
COLLECT_GCC_OPTIONS='-nostdinc' '-isystem' '/home/cholokei/prebuilts/gcc/linux-x86/arm/arm-eabi-4.6/bin/../lib/gcc/arm-eabi/4.6.x-google/include' '-I' '/home/cholokei/git/android_kernel_samsung_dalikt/arch/arm/include' '-I' 'arch/arm/include/generated' '-I' 'include' '-include' '/home/cholokei/git/android_kernel_samsung_dalikt/include/linux/kconfig.h' '-D' '__KERNEL__' '-mlittle-endian' '-I' 'arch/arm/mach-msm/include' '-Wall' '-Wundef' '-Wstrict-prototypes' '-Wno-trigraphs' '-fno-strict-aliasing' '-fno-common' '-Wno-format-security' '-fno-delete-null-pointer-checks' '-Os' '-marm' '-fno-dwarf2-cfi-asm' '-mabi=aapcs-linux' '-mno-thumb-interwork' '-funwind-tables' '-D' '__LINUX_ARM_ARCH__=7' '-march=armv7-a' '-msoft-float' '-U' 'arm' '-Wframe-larger-than=1024' '-fno-stack-protector' '-Wno-unused-but-set-variable' '-fomit-frame-pointer' '-g' '-Wdeclaration-after-statement' '-Wno-pointer-sign' '-fno-strict-overflow' '-fconserve-stack' '-I' 'drivers/media/tdmb' '-v' '-I' 'drivers/media/tdmb/t3900' '-I' 'drivers/media/tdmb/fc8050' '-D' 'KBUILD_STR(s)=#s' '-D' 'KBUILD_BASENAME=KBUILD_STR(tdmb_port_t3900)' '-D' 'KBUILD_MODNAME=KBUILD_STR(tdmb_port_t3900)' '-c' '-o' 'drivers/media/tdmb/.tmp_tdmb_port_t3900.o' '-mfpu=vfp'
 /home/cholokei/prebuilts/gcc/linux-x86/arm/arm-eabi-4.6/bin/../libexec/gcc/arm-eabi/4.6.x-google/cc1 -quiet -nostdinc -v -I /home/cholokei/git/android_kernel_samsung_dalikt/arch/arm/include -I arch/arm/include/generated -I include -I arch/arm/mach-msm/include -I drivers/media/tdmb -I drivers/media/tdmb/t3900 -I drivers/media/tdmb/fc8050 -iprefix /home/cholokei/prebuilts/gcc/linux-x86/arm/arm-eabi-4.6/bin/../lib/gcc/arm-eabi/4.6.x-google/ -D__USES_INITFINI__ -D __KERNEL__ -D __LINUX_ARM_ARCH__=7 -U arm -D KBUILD_STR(s)=#s -D KBUILD_BASENAME=KBUILD_STR(tdmb_port_t3900) -D KBUILD_MODNAME=KBUILD_STR(tdmb_port_t3900) -isystem /home/cholokei/prebuilts/gcc/linux-x86/arm/arm-eabi-4.6/bin/../lib/gcc/arm-eabi/4.6.x-google/include -include /home/cholokei/git/android_kernel_samsung_dalikt/include/linux/kconfig.h -MD drivers/media/tdmb/.tdmb_port_t3900.o.d drivers/media/tdmb/tdmb_port_t3900.c -quiet -dumpbase tdmb_port_t3900.c -mlittle-endian -marm -mabi=aapcs-linux -mno-thumb-interwork -march=armv7-a -msoft-float -mfpu=vfp -auxbase-strip drivers/media/tdmb/.tmp_tdmb_port_t3900.o -g -Os -Wall -Wundef -Wstrict-prototypes -Wno-trigraphs -Wno-format-security -Wframe-larger-than=1024 -Wno-unused-but-set-variable -Wdeclaration-after-statement -Wno-pointer-sign -version -fno-strict-aliasing -fno-common -fno-delete-null-pointer-checks -fno-dwarf2-cfi-asm -funwind-tables -fno-stack-protector -fomit-frame-pointer -fno-strict-overflow -fconserve-stack -o /tmp/ccW86B81.s
GNU C (GCC) version 4.6.x-google 20120106 (prerelease) (arm-eabi)
	compiled by GNU C version 4.4.3, GMP version 4.2.4, MPFR version 2.4.1, MPC version 0.8.1
GGC heuristics: --param ggc-min-expand=100 --param ggc-min-heapsize=131072
#include "..." search starts here:
#include <...> search starts here:
 /home/cholokei/git/android_kernel_samsung_dalikt/arch/arm/include
 arch/arm/include/generated
 include
 arch/arm/mach-msm/include
 drivers/media/tdmb
 drivers/media/tdmb/t3900
 drivers/media/tdmb/fc8050
 /home/cholokei/prebuilts/gcc/linux-x86/arm/arm-eabi-4.6/bin/../lib/gcc/arm-eabi/4.6.x-google/include
End of search list.
GNU C (GCC) version 4.6.x-google 20120106 (prerelease) (arm-eabi)
	compiled by GNU C version 4.4.3, GMP version 4.2.4, MPFR version 2.4.1, MPC version 0.8.1
GGC heuristics: --param ggc-min-expand=100 --param ggc-min-heapsize=131072
Compiler executable checksum: 7e0a3541f55243241c747ff83ef85799
  CC      net/ipv4/tcp_ipv4.o
  CC      drivers/media/tdmb/fc8050/dmbdrv_wrap_fc8050.o
  CC      net/bluetooth/bnep/sock.o
  CC      drivers/misc/sec_jack.o
  CC      net/core/filter.o
COLLECT_GCC_OPTIONS='-nostdinc' '-isystem' '/home/cholokei/prebuilts/gcc/linux-x86/arm/arm-eabi-4.6/bin/../lib/gcc/arm-eabi/4.6.x-google/include' '-I' '/home/cholokei/git/android_kernel_samsung_dalikt/arch/arm/include' '-I' 'arch/arm/include/generated' '-I' 'include' '-include' '/home/cholokei/git/android_kernel_samsung_dalikt/include/linux/kconfig.h' '-D' '__KERNEL__' '-mlittle-endian' '-I' 'arch/arm/mach-msm/include' '-Wall' '-Wundef' '-Wstrict-prototypes' '-Wno-trigraphs' '-fno-strict-aliasing' '-fno-common' '-Wno-format-security' '-fno-delete-null-pointer-checks' '-Os' '-marm' '-fno-dwarf2-cfi-asm' '-mabi=aapcs-linux' '-mno-thumb-interwork' '-funwind-tables' '-D' '__LINUX_ARM_ARCH__=7' '-march=armv7-a' '-msoft-float' '-U' 'arm' '-Wframe-larger-than=1024' '-fno-stack-protector' '-Wno-unused-but-set-variable' '-fomit-frame-pointer' '-g' '-Wdeclaration-after-statement' '-Wno-pointer-sign' '-fno-strict-overflow' '-fconserve-stack' '-I' 'drivers/media/tdmb' '-v' '-I' 'drivers/media/tdmb/t3900' '-I' 'drivers/media/tdmb/fc8050' '-D' 'KBUILD_STR(s)=#s' '-D' 'KBUILD_BASENAME=KBUILD_STR(tdmb_port_t3900)' '-D' 'KBUILD_MODNAME=KBUILD_STR(tdmb_port_t3900)' '-c' '-o' 'drivers/media/tdmb/.tmp_tdmb_port_t3900.o' '-mfpu=vfp'
 /home/cholokei/prebuilts/gcc/linux-x86/arm/arm-eabi-4.6/bin/../lib/gcc/arm-eabi/4.6.x-google/../../../../arm-eabi/bin/as -v -I /home/cholokei/git/android_kernel_samsung_dalikt/arch/arm/include -I arch/arm/include/generated -I include -I arch/arm/mach-msm/include -I drivers/media/tdmb -I drivers/media/tdmb/t3900 -I drivers/media/tdmb/fc8050 -EL -march=armv7-a -mfloat-abi=soft -mfpu=vfp -meabi=5 -o drivers/media/tdmb/.tmp_tdmb_port_t3900.o /tmp/ccW86B81.s
GNU assembler version 2.21 (arm-eabi) using BFD version (GNU Binutils) 2.21
COMPILER_PATH=/home/cholokei/prebuilts/gcc/linux-x86/arm/arm-eabi-4.6/bin/../libexec/gcc/arm-eabi/4.6.x-google/:/home/cholokei/prebuilts/gcc/linux-x86/arm/arm-eabi-4.6/bin/../libexec/gcc/:/home/cholokei/prebuilts/gcc/linux-x86/arm/arm-eabi-4.6/bin/../lib/gcc/arm-eabi/4.6.x-google/../../../../arm-eabi/bin/
LIBRARY_PATH=/home/cholokei/prebuilts/gcc/linux-x86/arm/arm-eabi-4.6/bin/../lib/gcc/arm-eabi/4.6.x-google/:/home/cholokei/prebuilts/gcc/linux-x86/arm/arm-eabi-4.6/bin/../lib/gcc/:/home/cholokei/prebuilts/gcc/linux-x86/arm/arm-eabi-4.6/bin/../lib/gcc/arm-eabi/4.6.x-google/../../../../arm-eabi/lib/
COLLECT_GCC_OPTIONS='-nostdinc' '-isystem' '/home/cholokei/prebuilts/gcc/linux-x86/arm/arm-eabi-4.6/bin/../lib/gcc/arm-eabi/4.6.x-google/include' '-I' '/home/cholokei/git/android_kernel_samsung_dalikt/arch/arm/include' '-I' 'arch/arm/include/generated' '-I' 'include' '-include' '/home/cholokei/git/android_kernel_samsung_dalikt/include/linux/kconfig.h' '-D' '__KERNEL__' '-mlittle-endian' '-I' 'arch/arm/mach-msm/include' '-Wall' '-Wundef' '-Wstrict-prototypes' '-Wno-trigraphs' '-fno-strict-aliasing' '-fno-common' '-Wno-format-security' '-fno-delete-null-pointer-checks' '-Os' '-marm' '-fno-dwarf2-cfi-asm' '-mabi=aapcs-linux' '-mno-thumb-interwork' '-funwind-tables' '-D' '__LINUX_ARM_ARCH__=7' '-march=armv7-a' '-msoft-float' '-U' 'arm' '-Wframe-larger-than=1024' '-fno-stack-protector' '-Wno-unused-but-set-variable' '-fomit-frame-pointer' '-g' '-Wdeclaration-after-statement' '-Wno-pointer-sign' '-fno-strict-overflow' '-fconserve-stack' '-I' 'drivers/media/tdmb' '-v' '-I' 'drivers/media/tdmb/t3900' '-I' 'drivers/media/tdmb/fc8050' '-D' 'KBUILD_STR(s)=#s' '-D' 'KBUILD_BASENAME=KBUILD_STR(tdmb_port_t3900)' '-D' 'KBUILD_MODNAME=KBUILD_STR(tdmb_port_t3900)' '-c' '-o' 'drivers/media/tdmb/.tmp_tdmb_port_t3900.o' '-mfpu=vfp'
  CC      net/core/sock_diag.o
  CC      drivers/media/tdmb/t3900/INC_FICDEC.o
  CC      net/ipv4/tcp_minisocks.o
  CC      net/netfilter/nf_conntrack_core.o
  CC      drivers/media/tdmb/fc8050/fc8050_spi.o
  CC      fs/nfs/nfs4proc.o
  CC      net/ipv4/tcp_cong.o
  LD      net/netlink/built-in.o
  CC      net/packet/af_packet.o
  CC      net/phonet/pn_dev.o
  CC      drivers/misc/pmic8058-xoadc.o
  CC      net/bluetooth/bnep/netdev.o
  LD      drivers/media/tdmb/fc8050/built-in.o
  CC      drivers/media/tdmb/tdmb_port_fc8050.o
Using built-in specs.
COLLECT_GCC=arm-eabi-gcc
COLLECT_LTO_WRAPPER=/home/cholokei/prebuilts/gcc/linux-x86/arm/arm-eabi-4.6/bin/../libexec/gcc/arm-eabi/4.6.x-google/lto-wrapper
Target: arm-eabi
Configured with: /tmp/android-15472/src/build/../gcc/gcc-4.6/configure --prefix=/usr/local --target=arm-eabi --host=x86_64-linux-gnu --build=x86_64-linux-gnu --with-gnu-as --with-gnu-ld --enable-languages=c,c++ --with-gmp=/tmp/android-15472/obj/temp-install --with-mpfr=/tmp/android-15472/obj/temp-install --with-mpc=/tmp/android-15472/obj/temp-install --without-ppl --without-cloog --disable-libssp --enable-threads --disable-nls --disable-libmudflap --disable-libgomp --disable-libstdc__-v3 --disable-sjlj-exceptions --disable-shared --disable-tls --disable-libitm --with-float=soft --with-fpu=vfp --with-arch=armv5te --enable-target-optspace --with-abi=aapcs --with-gcc-version=4.6 --with-binutils-version=2.21 --with-gmp-version=4.2.4 --with-mpfr-version=2.4.1 --with-gdb-version=7.3.x --with-arch=armv5te --with-sysroot=/tmp/android-15472/install/sysroot --with-prefix=/tmp/android-15472/install --with-gold-version=2.21 --enable-gold --disable-gold --disable-multilib --program-transform-name='s&^&arm-eabi-&'
Thread model: single
gcc version 4.6.x-google 20120106 (prerelease) (GCC) 
COLLECT_GCC_OPTIONS='-nostdinc' '-isystem' '/home/cholokei/prebuilts/gcc/linux-x86/arm/arm-eabi-4.6/bin/../lib/gcc/arm-eabi/4.6.x-google/include' '-I' '/home/cholokei/git/android_kernel_samsung_dalikt/arch/arm/include' '-I' 'arch/arm/include/generated' '-I' 'include' '-include' '/home/cholokei/git/android_kernel_samsung_dalikt/include/linux/kconfig.h' '-D' '__KERNEL__' '-mlittle-endian' '-I' 'arch/arm/mach-msm/include' '-Wall' '-Wundef' '-Wstrict-prototypes' '-Wno-trigraphs' '-fno-strict-aliasing' '-fno-common' '-Wno-format-security' '-fno-delete-null-pointer-checks' '-Os' '-marm' '-fno-dwarf2-cfi-asm' '-mabi=aapcs-linux' '-mno-thumb-interwork' '-funwind-tables' '-D' '__LINUX_ARM_ARCH__=7' '-march=armv7-a' '-msoft-float' '-U' 'arm' '-Wframe-larger-than=1024' '-fno-stack-protector' '-Wno-unused-but-set-variable' '-fomit-frame-pointer' '-g' '-Wdeclaration-after-statement' '-Wno-pointer-sign' '-fno-strict-overflow' '-fconserve-stack' '-I' 'drivers/media/tdmb' '-v' '-I' 'drivers/media/tdmb/t3900' '-I' 'drivers/media/tdmb/fc8050' '-D' 'KBUILD_STR(s)=#s' '-D' 'KBUILD_BASENAME=KBUILD_STR(tdmb_port_fc8050)' '-D' 'KBUILD_MODNAME=KBUILD_STR(tdmb_port_fc8050)' '-c' '-o' 'drivers/media/tdmb/.tmp_tdmb_port_fc8050.o' '-mfpu=vfp'
 /home/cholokei/prebuilts/gcc/linux-x86/arm/arm-eabi-4.6/bin/../libexec/gcc/arm-eabi/4.6.x-google/cc1 -quiet -nostdinc -v -I /home/cholokei/git/android_kernel_samsung_dalikt/arch/arm/include -I arch/arm/include/generated -I include -I arch/arm/mach-msm/include -I drivers/media/tdmb -I drivers/media/tdmb/t3900 -I drivers/media/tdmb/fc8050 -iprefix /home/cholokei/prebuilts/gcc/linux-x86/arm/arm-eabi-4.6/bin/../lib/gcc/arm-eabi/4.6.x-google/ -D__USES_INITFINI__ -D __KERNEL__ -D __LINUX_ARM_ARCH__=7 -U arm -D KBUILD_STR(s)=#s -D KBUILD_BASENAME=KBUILD_STR(tdmb_port_fc8050) -D KBUILD_MODNAME=KBUILD_STR(tdmb_port_fc8050) -isystem /home/cholokei/prebuilts/gcc/linux-x86/arm/arm-eabi-4.6/bin/../lib/gcc/arm-eabi/4.6.x-google/include -include /home/cholokei/git/android_kernel_samsung_dalikt/include/linux/kconfig.h -MD drivers/media/tdmb/.tdmb_port_fc8050.o.d drivers/media/tdmb/tdmb_port_fc8050.c -quiet -dumpbase tdmb_port_fc8050.c -mlittle-endian -marm -mabi=aapcs-linux -mno-thumb-interwork -march=armv7-a -msoft-float -mfpu=vfp -auxbase-strip drivers/media/tdmb/.tmp_tdmb_port_fc8050.o -g -Os -Wall -Wundef -Wstrict-prototypes -Wno-trigraphs -Wno-format-security -Wframe-larger-than=1024 -Wno-unused-but-set-variable -Wdeclaration-after-statement -Wno-pointer-sign -version -fno-strict-aliasing -fno-common -fno-delete-null-pointer-checks -fno-dwarf2-cfi-asm -funwind-tables -fno-stack-protector -fomit-frame-pointer -fno-strict-overflow -fconserve-stack -o /tmp/ccZfu4Ic.s
GNU C (GCC) version 4.6.x-google 20120106 (prerelease) (arm-eabi)
	compiled by GNU C version 4.4.3, GMP version 4.2.4, MPFR version 2.4.1, MPC version 0.8.1
GGC heuristics: --param ggc-min-expand=100 --param ggc-min-heapsize=131072
#include "..." search starts here:
#include <...> search starts here:
 /home/cholokei/git/android_kernel_samsung_dalikt/arch/arm/include
 arch/arm/include/generated
 include
 arch/arm/mach-msm/include
 drivers/media/tdmb
 drivers/media/tdmb/t3900
 drivers/media/tdmb/fc8050
 /home/cholokei/prebuilts/gcc/linux-x86/arm/arm-eabi-4.6/bin/../lib/gcc/arm-eabi/4.6.x-google/include
End of search list.
GNU C (GCC) version 4.6.x-google 20120106 (prerelease) (arm-eabi)
	compiled by GNU C version 4.4.3, GMP version 4.2.4, MPFR version 2.4.1, MPC version 0.8.1
GGC heuristics: --param ggc-min-expand=100 --param ggc-min-heapsize=131072
Compiler executable checksum: 7e0a3541f55243241c747ff83ef85799
  CC      net/core/flow.o
COLLECT_GCC_OPTIONS='-nostdinc' '-isystem' '/home/cholokei/prebuilts/gcc/linux-x86/arm/arm-eabi-4.6/bin/../lib/gcc/arm-eabi/4.6.x-google/include' '-I' '/home/cholokei/git/android_kernel_samsung_dalikt/arch/arm/include' '-I' 'arch/arm/include/generated' '-I' 'include' '-include' '/home/cholokei/git/android_kernel_samsung_dalikt/include/linux/kconfig.h' '-D' '__KERNEL__' '-mlittle-endian' '-I' 'arch/arm/mach-msm/include' '-Wall' '-Wundef' '-Wstrict-prototypes' '-Wno-trigraphs' '-fno-strict-aliasing' '-fno-common' '-Wno-format-security' '-fno-delete-null-pointer-checks' '-Os' '-marm' '-fno-dwarf2-cfi-asm' '-mabi=aapcs-linux' '-mno-thumb-interwork' '-funwind-tables' '-D' '__LINUX_ARM_ARCH__=7' '-march=armv7-a' '-msoft-float' '-U' 'arm' '-Wframe-larger-than=1024' '-fno-stack-protector' '-Wno-unused-but-set-variable' '-fomit-frame-pointer' '-g' '-Wdeclaration-after-statement' '-Wno-pointer-sign' '-fno-strict-overflow' '-fconserve-stack' '-I' 'drivers/media/tdmb' '-v' '-I' 'drivers/media/tdmb/t3900' '-I' 'drivers/media/tdmb/fc8050' '-D' 'KBUILD_STR(s)=#s' '-D' 'KBUILD_BASENAME=KBUILD_STR(tdmb_port_fc8050)' '-D' 'KBUILD_MODNAME=KBUILD_STR(tdmb_port_fc8050)' '-c' '-o' 'drivers/media/tdmb/.tmp_tdmb_port_fc8050.o' '-mfpu=vfp'
 /home/cholokei/prebuilts/gcc/linux-x86/arm/arm-eabi-4.6/bin/../lib/gcc/arm-eabi/4.6.x-google/../../../../arm-eabi/bin/as -v -I /home/cholokei/git/android_kernel_samsung_dalikt/arch/arm/include -I arch/arm/include/generated -I include -I arch/arm/mach-msm/include -I drivers/media/tdmb -I drivers/media/tdmb/t3900 -I drivers/media/tdmb/fc8050 -EL -march=armv7-a -mfloat-abi=soft -mfpu=vfp -meabi=5 -o drivers/media/tdmb/.tmp_tdmb_port_fc8050.o /tmp/ccZfu4Ic.s
GNU assembler version 2.21 (arm-eabi) using BFD version (GNU Binutils) 2.21
COMPILER_PATH=/home/cholokei/prebuilts/gcc/linux-x86/arm/arm-eabi-4.6/bin/../libexec/gcc/arm-eabi/4.6.x-google/:/home/cholokei/prebuilts/gcc/linux-x86/arm/arm-eabi-4.6/bin/../libexec/gcc/:/home/cholokei/prebuilts/gcc/linux-x86/arm/arm-eabi-4.6/bin/../lib/gcc/arm-eabi/4.6.x-google/../../../../arm-eabi/bin/
LIBRARY_PATH=/home/cholokei/prebuilts/gcc/linux-x86/arm/arm-eabi-4.6/bin/../lib/gcc/arm-eabi/4.6.x-google/:/home/cholokei/prebuilts/gcc/linux-x86/arm/arm-eabi-4.6/bin/../lib/gcc/:/home/cholokei/prebuilts/gcc/linux-x86/arm/arm-eabi-4.6/bin/../lib/gcc/arm-eabi/4.6.x-google/../../../../arm-eabi/lib/
COLLECT_GCC_OPTIONS='-nostdinc' '-isystem' '/home/cholokei/prebuilts/gcc/linux-x86/arm/arm-eabi-4.6/bin/../lib/gcc/arm-eabi/4.6.x-google/include' '-I' '/home/cholokei/git/android_kernel_samsung_dalikt/arch/arm/include' '-I' 'arch/arm/include/generated' '-I' 'include' '-include' '/home/cholokei/git/android_kernel_samsung_dalikt/include/linux/kconfig.h' '-D' '__KERNEL__' '-mlittle-endian' '-I' 'arch/arm/mach-msm/include' '-Wall' '-Wundef' '-Wstrict-prototypes' '-Wno-trigraphs' '-fno-strict-aliasing' '-fno-common' '-Wno-format-security' '-fno-delete-null-pointer-checks' '-Os' '-marm' '-fno-dwarf2-cfi-asm' '-mabi=aapcs-linux' '-mno-thumb-interwork' '-funwind-tables' '-D' '__LINUX_ARM_ARCH__=7' '-march=armv7-a' '-msoft-float' '-U' 'arm' '-Wframe-larger-than=1024' '-fno-stack-protector' '-Wno-unused-but-set-variable' '-fomit-frame-pointer' '-g' '-Wdeclaration-after-statement' '-Wno-pointer-sign' '-fno-strict-overflow' '-fconserve-stack' '-I' 'drivers/media/tdmb' '-v' '-I' 'drivers/media/tdmb/t3900' '-I' 'drivers/media/tdmb/fc8050' '-D' 'KBUILD_STR(s)=#s' '-D' 'KBUILD_BASENAME=KBUILD_STR(tdmb_port_fc8050)' '-D' 'KBUILD_MODNAME=KBUILD_STR(tdmb_port_fc8050)' '-c' '-o' 'drivers/media/tdmb/.tmp_tdmb_port_fc8050.o' '-mfpu=vfp'
  CC      net/netfilter/nf_conntrack_standalone.o
  CC      net/bluetooth/hidp/core.o
  CC      drivers/media/tdmb/t3900/INC_INTERFACE.o
  LD      net/bluetooth/bnep/bnep.o
  CC      net/phonet/pn_netlink.o
  LD      net/bluetooth/bnep/built-in.o
  CC      net/bluetooth/rfcomm/core.o
  CC      net/bluetooth/rfcomm/sock.o
  LD      drivers/misc/built-in.o
  CC      net/ipv4/datagram.o
  CC      net/core/net-sysfs.o
  CC      net/ipv4/raw.o
  CC      drivers/mmc/core/core.o
  CC      drivers/media/tdmb/t3900/INC_PROCESS.o
  CC      net/netfilter/nf_conntrack_expect.o
  CC      net/phonet/socket.o
  CC      net/ipv6/ip6_fib.o
  CC      net/netfilter/nf_conntrack_helper.o
  CC      net/ipv4/udp.o
  CC      net/ipv4/udplite.o
  CC      net/bluetooth/hidp/sock.o
  CC      net/bluetooth/rfcomm/tty.o
  LD      net/bluetooth/hidp/hidp.o
  LD      net/bluetooth/hidp/built-in.o
  CC      net/phonet/datagram.o
  LD      net/packet/built-in.o
  LD      net/bluetooth/bluetooth.o
  CC      net/ipv4/arp.o
  CC      net/ipv4/icmp.o
  CC      net/phonet/af_phonet.o
  CC      net/netfilter/nf_conntrack_proto.o
  CC      net/core/fib_rules.o
  CC      net/core/net-traces.o
  CC      net/sched/sch_generic.o
  CC      drivers/media/tdmb/t3900/INC_RF_CTRL500.o
  CC      net/sunrpc/clnt.o
  CC      net/ipv6/ipv6_sockglue.o
  CC      net/phonet/pep.o
  CC      fs/nfs/nfs4xdr.o
  LD      drivers/media/tdmb/t3900/built-in.o
  CC      drivers/media/tdmb/tdmb_spi.o
Using built-in specs.
COLLECT_GCC=arm-eabi-gcc
COLLECT_LTO_WRAPPER=/home/cholokei/prebuilts/gcc/linux-x86/arm/arm-eabi-4.6/bin/../libexec/gcc/arm-eabi/4.6.x-google/lto-wrapper
Target: arm-eabi
Configured with: /tmp/android-15472/src/build/../gcc/gcc-4.6/configure --prefix=/usr/local --target=arm-eabi --host=x86_64-linux-gnu --build=x86_64-linux-gnu --with-gnu-as --with-gnu-ld --enable-languages=c,c++ --with-gmp=/tmp/android-15472/obj/temp-install --with-mpfr=/tmp/android-15472/obj/temp-install --with-mpc=/tmp/android-15472/obj/temp-install --without-ppl --without-cloog --disable-libssp --enable-threads --disable-nls --disable-libmudflap --disable-libgomp --disable-libstdc__-v3 --disable-sjlj-exceptions --disable-shared --disable-tls --disable-libitm --with-float=soft --with-fpu=vfp --with-arch=armv5te --enable-target-optspace --with-abi=aapcs --with-gcc-version=4.6 --with-binutils-version=2.21 --with-gmp-version=4.2.4 --with-mpfr-version=2.4.1 --with-gdb-version=7.3.x --with-arch=armv5te --with-sysroot=/tmp/android-15472/install/sysroot --with-prefix=/tmp/android-15472/install --with-gold-version=2.21 --enable-gold --disable-gold --disable-multilib --program-transform-name='s&^&arm-eabi-&'
Thread model: single
gcc version 4.6.x-google 20120106 (prerelease) (GCC) 
COLLECT_GCC_OPTIONS='-nostdinc' '-isystem' '/home/cholokei/prebuilts/gcc/linux-x86/arm/arm-eabi-4.6/bin/../lib/gcc/arm-eabi/4.6.x-google/include' '-I' '/home/cholokei/git/android_kernel_samsung_dalikt/arch/arm/include' '-I' 'arch/arm/include/generated' '-I' 'include' '-include' '/home/cholokei/git/android_kernel_samsung_dalikt/include/linux/kconfig.h' '-D' '__KERNEL__' '-mlittle-endian' '-I' 'arch/arm/mach-msm/include' '-Wall' '-Wundef' '-Wstrict-prototypes' '-Wno-trigraphs' '-fno-strict-aliasing' '-fno-common' '-Wno-format-security' '-fno-delete-null-pointer-checks' '-Os' '-marm' '-fno-dwarf2-cfi-asm' '-mabi=aapcs-linux' '-mno-thumb-interwork' '-funwind-tables' '-D' '__LINUX_ARM_ARCH__=7' '-march=armv7-a' '-msoft-float' '-U' 'arm' '-Wframe-larger-than=1024' '-fno-stack-protector' '-Wno-unused-but-set-variable' '-fomit-frame-pointer' '-g' '-Wdeclaration-after-statement' '-Wno-pointer-sign' '-fno-strict-overflow' '-fconserve-stack' '-I' 'drivers/media/tdmb' '-v' '-I' 'drivers/media/tdmb/t3900' '-I' 'drivers/media/tdmb/fc8050' '-D' 'KBUILD_STR(s)=#s' '-D' 'KBUILD_BASENAME=KBUILD_STR(tdmb_spi)' '-D' 'KBUILD_MODNAME=KBUILD_STR(tdmb_spi)' '-c' '-o' 'drivers/media/tdmb/.tmp_tdmb_spi.o' '-mfpu=vfp'
 /home/cholokei/prebuilts/gcc/linux-x86/arm/arm-eabi-4.6/bin/../libexec/gcc/arm-eabi/4.6.x-google/cc1 -quiet -nostdinc -v -I /home/cholokei/git/android_kernel_samsung_dalikt/arch/arm/include -I arch/arm/include/generated -I include -I arch/arm/mach-msm/include -I drivers/media/tdmb -I drivers/media/tdmb/t3900 -I drivers/media/tdmb/fc8050 -iprefix /home/cholokei/prebuilts/gcc/linux-x86/arm/arm-eabi-4.6/bin/../lib/gcc/arm-eabi/4.6.x-google/ -D__USES_INITFINI__ -D __KERNEL__ -D __LINUX_ARM_ARCH__=7 -U arm -D KBUILD_STR(s)=#s -D KBUILD_BASENAME=KBUILD_STR(tdmb_spi) -D KBUILD_MODNAME=KBUILD_STR(tdmb_spi) -isystem /home/cholokei/prebuilts/gcc/linux-x86/arm/arm-eabi-4.6/bin/../lib/gcc/arm-eabi/4.6.x-google/include -include /home/cholokei/git/android_kernel_samsung_dalikt/include/linux/kconfig.h -MD drivers/media/tdmb/.tdmb_spi.o.d drivers/media/tdmb/tdmb_spi.c -quiet -dumpbase tdmb_spi.c -mlittle-endian -marm -mabi=aapcs-linux -mno-thumb-interwork -march=armv7-a -msoft-float -mfpu=vfp -auxbase-strip drivers/media/tdmb/.tmp_tdmb_spi.o -g -Os -Wall -Wundef -Wstrict-prototypes -Wno-trigraphs -Wno-format-security -Wframe-larger-than=1024 -Wno-unused-but-set-variable -Wdeclaration-after-statement -Wno-pointer-sign -version -fno-strict-aliasing -fno-common -fno-delete-null-pointer-checks -fno-dwarf2-cfi-asm -funwind-tables -fno-stack-protector -fomit-frame-pointer -fno-strict-overflow -fconserve-stack -o /tmp/cc24ys9g.s
GNU C (GCC) version 4.6.x-google 20120106 (prerelease) (arm-eabi)
	compiled by GNU C version 4.4.3, GMP version 4.2.4, MPFR version 2.4.1, MPC version 0.8.1
GGC heuristics: --param ggc-min-expand=100 --param ggc-min-heapsize=131072
#include "..." search starts here:
#include <...> search starts here:
 /home/cholokei/git/android_kernel_samsung_dalikt/arch/arm/include
 arch/arm/include/generated
 include
 arch/arm/mach-msm/include
 drivers/media/tdmb
 drivers/media/tdmb/t3900
 drivers/media/tdmb/fc8050
 /home/cholokei/prebuilts/gcc/linux-x86/arm/arm-eabi-4.6/bin/../lib/gcc/arm-eabi/4.6.x-google/include
End of search list.
GNU C (GCC) version 4.6.x-google 20120106 (prerelease) (arm-eabi)
	compiled by GNU C version 4.4.3, GMP version 4.2.4, MPFR version 2.4.1, MPC version 0.8.1
GGC heuristics: --param ggc-min-expand=100 --param ggc-min-heapsize=131072
Compiler executable checksum: 7e0a3541f55243241c747ff83ef85799
  LD      kernel/sched/built-in.o
  LD      net/bluetooth/rfcomm/rfcomm.o
  LD      net/bluetooth/rfcomm/built-in.o
  LD      net/bluetooth/built-in.o
  CC      kernel/time/tick-sched.o
COLLECT_GCC_OPTIONS='-nostdinc' '-isystem' '/home/cholokei/prebuilts/gcc/linux-x86/arm/arm-eabi-4.6/bin/../lib/gcc/arm-eabi/4.6.x-google/include' '-I' '/home/cholokei/git/android_kernel_samsung_dalikt/arch/arm/include' '-I' 'arch/arm/include/generated' '-I' 'include' '-include' '/home/cholokei/git/android_kernel_samsung_dalikt/include/linux/kconfig.h' '-D' '__KERNEL__' '-mlittle-endian' '-I' 'arch/arm/mach-msm/include' '-Wall' '-Wundef' '-Wstrict-prototypes' '-Wno-trigraphs' '-fno-strict-aliasing' '-fno-common' '-Wno-format-security' '-fno-delete-null-pointer-checks' '-Os' '-marm' '-fno-dwarf2-cfi-asm' '-mabi=aapcs-linux' '-mno-thumb-interwork' '-funwind-tables' '-D' '__LINUX_ARM_ARCH__=7' '-march=armv7-a' '-msoft-float' '-U' 'arm' '-Wframe-larger-than=1024' '-fno-stack-protector' '-Wno-unused-but-set-variable' '-fomit-frame-pointer' '-g' '-Wdeclaration-after-statement' '-Wno-pointer-sign' '-fno-strict-overflow' '-fconserve-stack' '-I' 'drivers/media/tdmb' '-v' '-I' 'drivers/media/tdmb/t3900' '-I' 'drivers/media/tdmb/fc8050' '-D' 'KBUILD_STR(s)=#s' '-D' 'KBUILD_BASENAME=KBUILD_STR(tdmb_spi)' '-D' 'KBUILD_MODNAME=KBUILD_STR(tdmb_spi)' '-c' '-o' 'drivers/media/tdmb/.tmp_tdmb_spi.o' '-mfpu=vfp'
 /home/cholokei/prebuilts/gcc/linux-x86/arm/arm-eabi-4.6/bin/../lib/gcc/arm-eabi/4.6.x-google/../../../../arm-eabi/bin/as -v -I /home/cholokei/git/android_kernel_samsung_dalikt/arch/arm/include -I arch/arm/include/generated -I include -I arch/arm/mach-msm/include -I drivers/media/tdmb -I drivers/media/tdmb/t3900 -I drivers/media/tdmb/fc8050 -EL -march=armv7-a -mfloat-abi=soft -mfpu=vfp -meabi=5 -o drivers/media/tdmb/.tmp_tdmb_spi.o /tmp/cc24ys9g.s
GNU assembler version 2.21 (arm-eabi) using BFD version (GNU Binutils) 2.21
  CC      net/unix/af_unix.o
COMPILER_PATH=/home/cholokei/prebuilts/gcc/linux-x86/arm/arm-eabi-4.6/bin/../libexec/gcc/arm-eabi/4.6.x-google/:/home/cholokei/prebuilts/gcc/linux-x86/arm/arm-eabi-4.6/bin/../libexec/gcc/:/home/cholokei/prebuilts/gcc/linux-x86/arm/arm-eabi-4.6/bin/../lib/gcc/arm-eabi/4.6.x-google/../../../../arm-eabi/bin/
LIBRARY_PATH=/home/cholokei/prebuilts/gcc/linux-x86/arm/arm-eabi-4.6/bin/../lib/gcc/arm-eabi/4.6.x-google/:/home/cholokei/prebuilts/gcc/linux-x86/arm/arm-eabi-4.6/bin/../lib/gcc/:/home/cholokei/prebuilts/gcc/linux-x86/arm/arm-eabi-4.6/bin/../lib/gcc/arm-eabi/4.6.x-google/../../../../arm-eabi/lib/
COLLECT_GCC_OPTIONS='-nostdinc' '-isystem' '/home/cholokei/prebuilts/gcc/linux-x86/arm/arm-eabi-4.6/bin/../lib/gcc/arm-eabi/4.6.x-google/include' '-I' '/home/cholokei/git/android_kernel_samsung_dalikt/arch/arm/include' '-I' 'arch/arm/include/generated' '-I' 'include' '-include' '/home/cholokei/git/android_kernel_samsung_dalikt/include/linux/kconfig.h' '-D' '__KERNEL__' '-mlittle-endian' '-I' 'arch/arm/mach-msm/include' '-Wall' '-Wundef' '-Wstrict-prototypes' '-Wno-trigraphs' '-fno-strict-aliasing' '-fno-common' '-Wno-format-security' '-fno-delete-null-pointer-checks' '-Os' '-marm' '-fno-dwarf2-cfi-asm' '-mabi=aapcs-linux' '-mno-thumb-interwork' '-funwind-tables' '-D' '__LINUX_ARM_ARCH__=7' '-march=armv7-a' '-msoft-float' '-U' 'arm' '-Wframe-larger-than=1024' '-fno-stack-protector' '-Wno-unused-but-set-variable' '-fomit-frame-pointer' '-g' '-Wdeclaration-after-statement' '-Wno-pointer-sign' '-fno-strict-overflow' '-fconserve-stack' '-I' 'drivers/media/tdmb' '-v' '-I' 'drivers/media/tdmb/t3900' '-I' 'drivers/media/tdmb/fc8050' '-D' 'KBUILD_STR(s)=#s' '-D' 'KBUILD_BASENAME=KBUILD_STR(tdmb_spi)' '-D' 'KBUILD_MODNAME=KBUILD_STR(tdmb_spi)' '-c' '-o' 'drivers/media/tdmb/.tmp_tdmb_spi.o' '-mfpu=vfp'
  LD      drivers/media/tdmb/built-in.o
  LD      drivers/media/built-in.o
  LD      drivers/mmc/core/mmc_core.o
  CC      net/netfilter/nf_conntrack_l3proto_generic.o
  LD      drivers/mmc/core/built-in.o
  CC      net/phonet/pep-gprs.o
  CC      drivers/mmc/host/msm_sdcc.o
  CC      drivers/net/dummy.o
  CC      net/wireless/core.o
  CC      net/sched/sch_mq.o
  CC      drivers/net/mii.o
  LD      net/core/built-in.o
  CC      net/ipv4/devinet.o
  CC      net/netfilter/nf_conntrack_proto_generic.o
  CC      net/netfilter/nf_conntrack_proto_tcp.o
  LD      kernel/time/built-in.o
  CC      drivers/net/Space.o
  CC      net/xfrm/xfrm_policy.o
  CC      net/sunrpc/xprt.o
  LD      net/phonet/phonet.o
  LD      net/phonet/pn_pep.o
  LD      net/phonet/built-in.o
  CC      kernel/trace/trace.o
  CC      net/sysctl_net.o
  CC      net/ipv6/ndisc.o
  CC      net/sunrpc/socklib.o
  CC      net/sched/sch_api.o
  CC      net/sched/sch_blackhole.o
  CC      drivers/net/loopback.o
  CC      drivers/net/ethernet/msm/msm_rmnet.o
  CC      drivers/net/ethernet/smsc/smc91x.o
  CC      net/sched/cls_api.o
  CC      net/sunrpc/xprtsock.o
  CC      net/wireless/sysfs.o
  CC      drivers/net/phy/phy.o
  CC      net/ipv4/af_inet.o
  CC      net/netfilter/nf_conntrack_proto_udp.o
  CC      drivers/net/phy/phy_device.o
  CC      fs/nfs/nfs4state.o
  LD      drivers/net/ethernet/msm/built-in.o
  CC      net/wireless/radiotap.o
  CC      net/sunrpc/sched.o
  CC      net/unix/garbage.o
  CC      drivers/net/phy/mdio_bus.o
  CC      net/ipv6/udp.o
  CC      net/netfilter/nf_conntrack_extend.o
  CC      net/sched/act_api.o
  CC      net/unix/sysctl_net_unix.o
  CC      net/wireless/util.o
  CC      net/wireless/reg.o
  CC      net/netfilter/nf_conntrack_acct.o
  CC      net/xfrm/xfrm_state.o
  CC      drivers/net/ethernet/smsc/smc911x.o
  CC      net/netfilter/nf_conntrack_ecache.o
  LD      net/unix/unix.o
  LD      net/unix/built-in.o
  LD      drivers/net/phy/libphy.o
  CC      net/activity_stats.o
  LD      drivers/net/phy/built-in.o
  CC      drivers/net/ppp/ppp_generic.o
  CC      drivers/net/slip/slip.o
  LD      kernel/trace/built-in.o
  CC      kernel/module.o
  CC      net/ipv4/igmp.o
  LD      drivers/mmc/host/built-in.o
  LD      drivers/mmc/built-in.o
  CC      drivers/net/slip/slhc.o
  CC      net/netfilter/nf_conntrack_h323_main.o
  CC      net/netfilter/nfnetlink.o
  CC      net/netfilter/nfnetlink_queue.o
  CC      net/sunrpc/auth.o
  CC      net/sched/act_police.o
  CC      fs/nfs/nfs4renewd.o
  CC      net/wireless/scan.o
  CC      net/ipv6/udplite.o
  CC      net/sunrpc/auth_null.o
  CC      fs/nfs/delegation.o
  CC      net/wireless/nl80211.o
  CC      fs/nfs/idmap.o
  CC      net/sched/act_gact.o
  LD      drivers/net/slip/built-in.o
  CC      drivers/net/usb/asix.o
  CC      drivers/net/usb/cdc_ether.o
  CC      net/sunrpc/auth_unix.o
  CC      net/ipv6/raw.o
  CC      kernel/cgroup.o
  CC      net/netfilter/nfnetlink_log.o
  CC      net/sched/act_mirred.o
  CC      drivers/net/ppp/ppp_async.o
  CC      net/xfrm/xfrm_input.o
  CC      net/ipv4/fib_frontend.o
  LD      net/netfilter/nf_conntrack.o
  CC      net/netfilter/nf_conntrack_proto_dccp.o
  CC      drivers/net/usb/net1080.o
  CC      net/sunrpc/auth_generic.o
  CC      fs/nfs/callback.o
  CC      net/wireless/mlme.o
  CC      drivers/net/usb/cdc_subset.o
  CC      net/sched/sch_fifo.o
  GZIP    kernel/config_data.gz
  CC      net/wireless/ibss.o
  CC      drivers/net/usb/zaurus.o
  CC      drivers/net/ppp/pppox.o
  CC      drivers/net/usb/usbnet.o
  CC      net/netfilter/nf_conntrack_proto_gre.o
  CC      fs/nfs/callback_xdr.o
  CC      net/sunrpc/svc.o
  CC      net/xfrm/xfrm_output.o
  CC      net/sunrpc/svcsock.o
  CC      net/ipv6/protocol.o
  CC      net/sched/sch_htb.o
  CC      net/ipv6/icmp.o
  CC      net/ipv4/fib_semantics.o
  CC      drivers/net/ppp/pppolac.o
  CC      net/netfilter/nf_conntrack_proto_sctp.o
  CC      net/sched/sch_ingress.o
  CC      fs/nfs/callback_proc.o
  CC      drivers/net/ethernet/smsc/smsc911x.o
  CC      net/netfilter/nf_conntrack_proto_udplite.o
  CC      net/xfrm/xfrm_algo.o
  CC      net/netfilter/nf_conntrack_netlink.o
  CC      net/netfilter/nf_conntrack_amanda.o
  CC      drivers/net/ppp/pppopns.o
  CC      fs/nfs/nfs4namespace.o
  CC      net/sunrpc/svcauth_unix.o
  CC      drivers/power/max17040_battery.o
  CC      drivers/net/usb/cdc_ncm.o
  CC      net/netfilter/nf_conntrack_ftp.o
  CC      net/sched/sch_dsmark.o
  CC      net/ipv4/fib_trie.o
  CC      net/ipv6/mcast.o
  CC      kernel/audit.o
  CC      net/xfrm/xfrm_sysctl.o
  CC      net/ipv4/inet_fragment.o
  LD      drivers/net/ppp/built-in.o
  LD      drivers/power/built-in.o
  CC      fs/nfs/sysctl.o
  CC      drivers/regulator/pmic8058-regulator.o
  CC      drivers/net/wireless/bcmdhd/aiutils.o
  CC      net/xfrm/xfrm_replay.o
  CC      net/sched/sch_sfq.o
  LD      drivers/net/usb/built-in.o
  CC      drivers/net/wireless/bcmdhd/bcmsdh_sdmmc_linux.o
  CC      drivers/net/tun.o
  LD      net/netfilter/nf_conntrack_h323.o
  CC      net/netfilter/nf_conntrack_irc.o
  LD      fs/nfs/nfs.o
  CC      net/sunrpc/addr.o
  CC      net/sunrpc/rpcb_clnt.o
  LD      fs/nfs/built-in.o
  CC      fs/binfmt_elf.o
  CC      drivers/regulator/pmic8901-regulator.o
  CC      net/sunrpc/timer.o
  CC      net/sunrpc/sunrpc_syms.o
  CC      drivers/net/wireless/bcmdhd/dhd_linux.o
  CC      kernel/auditfilter.o
  CC      net/wireless/sme.o
  CC      net/xfrm/xfrm_user.o
  CC      net/ipv4/ping.o
  LD      drivers/regulator/built-in.o
  CC      drivers/net/wireless/bcmdhd/siutils.o
  CC      net/sunrpc/cache.o
  CC      net/netfilter/nf_conntrack_broadcast.o
  LD      drivers/net/ethernet/smsc/built-in.o
  LD      drivers/net/ethernet/built-in.o
  CC      net/netfilter/nf_conntrack_netbios_ns.o
  CC      net/sched/sch_tbf.o
  CC      net/sunrpc/rpc_pipe.o
  CC      net/sunrpc/svc_xprt.o
  CC      net/sunrpc/stats.o
  CC      net/sunrpc/sysctl.o
  CC      net/sunrpc/auth_gss/auth_gss.o
  CC      net/ipv6/reassembly.o
  CC      net/netfilter/nf_conntrack_pptp.o
  CC      net/sched/sch_prio.o
  LD      fs/built-in.o
  CC      net/wireless/chan.o
  CC      net/wireless/ethtool.o
  CC      kernel/auditsc.o
  CC      net/wireless/mesh.o
  CC      net/ipv4/sysctl_net_ipv4.o
  CC      net/netfilter/nf_conntrack_sane.o
  CC      net/netfilter/nf_conntrack_sip.o
  CC      net/wireless/wext-compat.o
  CC      net/sched/cls_u32.o
  CC      net/xfrm/xfrm_ipcomp.o
  CC      net/netfilter/nf_conntrack_tftp.o
  CC      drivers/net/wireless/bcmdhd/bcmutils.o
  CC      net/netfilter/nf_tproxy_core.o
  CC      net/netfilter/x_tables.o
  CC      net/netfilter/xt_tcpudp.o
  CC      net/wireless/wext-sme.o
  CC      net/ipv6/tcp_ipv6.o
  CC      net/netfilter/xt_mark.o
  CC      net/sunrpc/auth_gss/gss_mech_switch.o
  CC      net/ipv4/sysfs_net_ipv4.o
  CC      net/ipv4/proc.o
  CC      net/netfilter/xt_connmark.o
  CC      net/netfilter/xt_CLASSIFY.o
  CC      net/sched/cls_fw.o
  CC      net/netfilter/xt_CONNSECMARK.o
  CC      net/netfilter/xt_NFLOG.o
  CC      net/wireless/wext-core.o
  LD      net/xfrm/built-in.o
  CC      net/wireless/wext-proc.o
  CC      net/ipv4/fib_rules.o
  CC      kernel/audit_watch.o
  CC      kernel/audit_tree.o
  CC      net/netfilter/xt_NFQUEUE.o
  CC      drivers/net/wireless/bcmdhd/dhd_linux_sched.o
  CC      net/netfilter/xt_TCPMSS.o
  CC      drivers/net/wireless/bcmdhd/dhd_sdio.o
  CC      net/netfilter/xt_IDLETIMER.o
  LD      net/sunrpc/sunrpc.o
  CC      net/sunrpc/auth_gss/svcauth_gss.o
  CC      drivers/spi/spi_qsd.o
  CC      net/netfilter/xt_comment.o
  CC      drivers/scsi/scsi_tgt_if.o
  CC      net/sched/cls_tcindex.o
  LD      net/wireless/cfg80211.o
  CC      net/sched/cls_basic.o
  CC      net/sched/cls_flow.o
  LD      net/wireless/built-in.o
  CC      drivers/net/wireless/bcmdhd/bcmwifi_channels.o
  CC      drivers/net/wireless/bcmdhd/bcmevent.o
  CC      net/netfilter/xt_connlimit.o
  CC      net/ipv4/esp4.o
  CC      net/netfilter/xt_conntrack.o
  CC      drivers/net/wireless/bcmdhd/hndpmu.o
  CC      net/netfilter/xt_ecn.o
  CC      net/ipv6/ping.o
  CC      net/ipv6/exthdrs.o
  CC      net/sched/ematch.o
  CC      kernel/rcutree.o
  CC      net/sched/em_cmp.o
  LD      drivers/scsi/scsi_tgt.o
  LD      drivers/scsi/sd_mod.o
  LD      drivers/scsi/scsi_mod.o
  CC      drivers/net/wireless/bcmdhd/bcmsdh.o
  LD      drivers/scsi/built-in.o
  CC      drivers/thermal/thermal_sys.o
  CC      net/netfilter/xt_hashlimit.o
  CC      net/netfilter/xt_helper.o
  CC      net/netfilter/xt_hl.o
  CC      net/sched/em_nbyte.o
  LD      net/sunrpc/auth_gss/auth_rpcgss.o
  CC      drivers/tty/serial/msm_serial_hs.o
  LD      net/sunrpc/auth_gss/built-in.o
  LD      net/sunrpc/built-in.o
  CC      net/sched/em_u32.o
  CC      net/ipv6/datagram.o
  CC      net/ipv6/ip6_flowlabel.o
  CC      net/ipv4/ipcomp.o
  CC      net/sched/em_meta.o
  CC      drivers/tty/serial/msm_serial_hs_lite.o
  CC      net/netfilter/xt_iprange.o
  CC      drivers/net/wireless/bcmdhd/dhd_cdc.o
  CC      net/sched/em_text.o
  CC      drivers/net/wireless/bcmdhd/bcmsdh_linux.o
  LD      drivers/spi/built-in.o
  CC      net/ipv6/inet6_connection_sock.o
  CC      net/ipv4/xfrm4_tunnel.o
  CC      net/ipv6/sysctl_net_ipv6.o
  LD      drivers/thermal/built-in.o
  CC      net/netfilter/xt_length.o
  CC      net/netfilter/xt_limit.o
  CC      drivers/usb/gadget/android.o
  CC      net/ipv6/xfrm6_policy.o
  LD      net/sched/built-in.o
  CC      net/ipv6/xfrm6_state.o
  CC      drivers/video/msm/logo.o
  CC      net/ipv6/xfrm6_input.o
  CC      net/ipv4/tunnel4.o
  CC      drivers/net/wireless/bcmdhd/dhd_common.o
  CHK     kernel/config_data.h
  CC      net/netfilter/xt_mac.o
  CC      net/netfilter/xt_multiport.o
  LD      kernel/built-in.o
  CC      net/ipv6/xfrm6_output.o
  CC      net/ipv4/xfrm4_mode_transport.o
  CC      net/ipv6/netfilter.o
  CC      net/ipv6/fib6_rules.o
  CC      net/ipv6/proc.o
  CC      drivers/video/msm/mdp4_video_enhance.o
  CC      net/ipv6/ah6.o
  CC      net/ipv6/esp6.o
  CC      drivers/net/wireless/bcmdhd/linux_osl.o
  LD      drivers/tty/serial/built-in.o
  CC      net/netfilter/xt_pkttype.o
  CC      net/netfilter/xt_policy.o
  CC      net/ipv6/ipcomp6.o
  LD      drivers/tty/built-in.o
  CC      net/ipv4/xfrm4_mode_tunnel.o
  CC      net/ipv4/ipconfig.o
  CC      net/ipv6/xfrm6_tunnel.o
  CC      net/netfilter/xt_qtaguid_print.o
  CC      drivers/net/wireless/bcmdhd/bcmsdh_sdmmc.o
  CC      net/ipv6/tunnel6.o
  CC      net/netfilter/xt_qtaguid.o
  CC      drivers/video/msm/sec_mipi_lcd_esd_refresh.o
  CC      drivers/net/wireless/bcmdhd/dhd_custom_gpio.o
  CC      net/ipv6/xfrm6_mode_transport.o
  CC      drivers/net/wireless/bcmdhd/sbutils.o
  CC      net/netfilter/xt_quota.o
  CC      net/ipv6/xfrm6_mode_tunnel.o
  CC      net/netfilter/xt_quota2.o
  CC      drivers/net/wireless/bcmdhd/wldev_common.o
  CC      drivers/net/wireless/bcmdhd/wl_android.o
  CC      net/ipv4/netfilter.o
  CC      net/ipv4/inet_diag.o
  CC      net/netfilter/xt_socket.o
  CC      net/ipv6/xfrm6_mode_beet.o
  CC      net/ipv6/mip6.o
  LD      drivers/video/msm/built-in.o
  CC      net/ipv4/netfilter/nf_nat_rule.o
  CC      net/ipv6/netfilter/ip6_tables.o
  CC      net/ipv6/sit.o
  CC      net/netfilter/xt_state.o
  LD      drivers/video/built-in.o
  CC      net/ipv4/tcp_diag.o
  CC      drivers/net/wireless/bcmdhd/wl_cfg80211.o
  CC      drivers/net/wireless/bcmdhd/wl_cfgp2p.o
  CC      net/netfilter/xt_statistic.o
  CC      net/ipv4/tcp_bic.o
  CC      drivers/net/wireless/bcmdhd/wl_linux_mon.o
  CC      net/ipv6/ip6_tunnel.o
  CC      net/netfilter/xt_string.o
  CC      net/ipv4/netfilter/nf_nat_standalone.o
drivers/net/wireless/bcmdhd/wl_cfg80211.c:6727:12: warning: 'wl_add_remove_eventmsg' defined but not used [-Wunused-function]
drivers/net/wireless/bcmdhd/wl_cfg80211.c:792:1: warning: 'wl_validate_wps_ie' defined but not used [-Wunused-function]
drivers/net/wireless/bcmdhd/wl_cfg80211.c:3941:1: warning: 'wl_validate_opensecurity' defined but not used [-Wunused-function]
drivers/net/wireless/bcmdhd/wl_cfg80211.c:3968:1: warning: 'wl_validate_wpa2ie' defined but not used [-Wunused-function]
drivers/net/wireless/bcmdhd/wl_cfg80211.c:4081:1: warning: 'wl_validate_wpaie' defined but not used [-Wunused-function]
  CC      net/netfilter/xt_time.o
  CC      net/ipv4/tcp_cubic.o
  CC      net/ipv6/addrconf_core.o
  CC      net/netfilter/xt_u32.o
  CC      net/ipv4/tcp_westwood.o
  LD      net/netfilter/netfilter.o
  CC      net/ipv4/tcp_htcp.o
  CC      net/ipv4/xfrm4_policy.o
  CC      drivers/net/wireless/bcmdhd/dhd_cfg80211.o
  CC      net/ipv4/netfilter/nf_conntrack_l3proto_ipv4_compat.o
  CC      net/ipv4/netfilter/nf_conntrack_l3proto_ipv4.o
  CC      net/ipv4/netfilter/nf_conntrack_proto_icmp.o
  CC      net/ipv4/netfilter/nf_nat_core.o
  CC      net/ipv6/netfilter/ip6table_filter.o
  LD      net/netfilter/built-in.o
  CC      net/ipv6/exthdrs_core.o
  CC      net/ipv4/xfrm4_state.o
  CC      net/ipv4/xfrm4_input.o
  CC      net/ipv4/xfrm4_output.o
  CC      net/ipv6/netfilter/ip6table_mangle.o
  CC      net/ipv6/netfilter/ip6table_raw.o
  CC      net/ipv6/inet6_hashtables.o
  LD      net/ipv6/ipv6.o
  CC      net/ipv4/netfilter/nf_nat_helper.o
  CC      net/ipv6/netfilter/nf_conntrack_l3proto_ipv6.o
  CC      net/ipv6/netfilter/nf_conntrack_proto_icmpv6.o
  CC      net/ipv4/netfilter/nf_nat_proto_unknown.o
  CC      net/ipv4/netfilter/nf_nat_proto_common.o
  CC      net/ipv4/netfilter/nf_nat_proto_tcp.o
  CC      net/ipv4/netfilter/nf_nat_proto_udp.o
  CC      net/ipv4/netfilter/nf_nat_proto_icmp.o
  CC      net/ipv6/netfilter/nf_defrag_ipv6_hooks.o
  CC      net/ipv6/netfilter/nf_conntrack_reasm.o
  CC      net/ipv6/netfilter/ip6t_REJECT.o
  CC      net/ipv4/netfilter/nf_defrag_ipv4.o
  CC      net/ipv4/netfilter/nf_nat_amanda.o
  CC      net/ipv4/netfilter/nf_nat_ftp.o
  CC      net/ipv4/netfilter/nf_nat_h323.o
  CC      net/ipv4/netfilter/nf_nat_irc.o
  CC      net/ipv4/netfilter/nf_nat_pptp.o
  CC      net/ipv4/netfilter/nf_nat_sip.o
  CC      net/ipv4/netfilter/nf_nat_tftp.o
  CC      net/ipv4/netfilter/nf_nat_proto_dccp.o
  CC      net/ipv4/netfilter/nf_nat_proto_gre.o
  CC      net/ipv4/netfilter/nf_nat_proto_udplite.o
  CC      net/ipv4/netfilter/nf_nat_proto_sctp.o
  CC      net/ipv4/netfilter/ip_tables.o
  CC      net/ipv4/netfilter/iptable_filter.o
  CC      net/ipv4/netfilter/iptable_mangle.o
  LD      net/ipv6/netfilter/nf_conntrack_ipv6.o
  LD      net/ipv6/netfilter/nf_defrag_ipv6.o
  LD      net/ipv6/netfilter/built-in.o
  LD      net/ipv4/netfilter/iptable_nat.o
  CC      net/ipv4/netfilter/iptable_raw.o
  CC      net/ipv4/netfilter/iptable_security.o
  LD      net/ipv6/built-in.o
  CC      net/ipv4/netfilter/ipt_ah.o
  CC      net/ipv4/netfilter/ipt_MASQUERADE.o
  CC      net/ipv4/netfilter/ipt_NETMAP.o
  CC      net/ipv4/netfilter/ipt_REDIRECT.o
  CC      net/ipv4/netfilter/ipt_REJECT.o
  CC      net/ipv4/netfilter/arp_tables.o
  CC      net/ipv4/netfilter/arpt_mangle.o
  CC      net/ipv4/netfilter/arptable_filter.o
  LD      net/ipv4/netfilter/nf_conntrack_ipv4.o
  LD      net/ipv4/netfilter/nf_nat.o
  LD      net/ipv4/netfilter/built-in.o
  LD      net/ipv4/built-in.o
  LD      net/built-in.o
  LD      drivers/net/wireless/bcmdhd/bcmdhd.o
  LD      drivers/net/wireless/bcmdhd/built-in.o
  LD      drivers/net/wireless/built-in.o
  LD      drivers/net/built-in.o
  LD      drivers/usb/gadget/g_android.o
  LD      drivers/usb/gadget/built-in.o
  LD      drivers/usb/built-in.o
  LD      drivers/built-in.o
  LD      vmlinux.o
  MODPOST vmlinux.o
  GEN     .version
  CHK     include/generated/compile.h
  UPD     include/generated/compile.h
  CC      init/version.o
  LD      init/built-in.o
  LD      .tmp_vmlinux1
  KSYM    .tmp_kallsyms1.S
  AS      .tmp_kallsyms1.o
  LD      .tmp_vmlinux2
  KSYM    .tmp_kallsyms2.S
  AS      .tmp_kallsyms2.o
  LD      vmlinux
  SYSMAP  System.map
  SYSMAP  .tmp_System.map
  Building modules, stage 2.
  OBJCOPY arch/arm/boot/Image
  MODPOST 15 modules
  CC      arch/arm/mach-msm/dal_remotetest.mod.o
  CC      arch/arm/mach-msm/dma_test.mod.o
  CC      arch/arm/mach-msm/msm-buspm-dev.mod.o
  CC      block/test-iosched.mod.o
  CC      crypto/ansi_cprng.mod.o
  CC      drivers/crypto/msm/qce.mod.o
  CC      drivers/crypto/msm/qcedev.mod.o
  CC      drivers/crypto/msm/qcrypto.mod.o
  CC      drivers/hid/hid-logitech-dj.mod.o
  CC      drivers/input/evbug.mod.o
  CC      drivers/media/video/gspca/gspca_main.mod.o
  CC      drivers/misc/msm_tsif.mod.o
  CC      drivers/misc/tsif_chrdev.mod.o
  CC      drivers/scsi/scsi_wait_scan.mod.o
  CC      drivers/spi/spidev.mod.o
  Kernel: arch/arm/boot/Image is ready
  AS      arch/arm/boot/compressed/head.o
  LD [M]  drivers/scsi/scsi_wait_scan.ko
  GZIP    arch/arm/boot/compressed/piggy.gzip
  LD [M]  arch/arm/mach-msm/dal_remotetest.ko
  CC      arch/arm/boot/compressed/misc.o
  CC      arch/arm/boot/compressed/decompress.o
  CC      arch/arm/boot/compressed/string.o
  SHIPPED arch/arm/boot/compressed/lib1funcs.S
  SHIPPED arch/arm/boot/compressed/ashldi3.S
  LD [M]  arch/arm/mach-msm/dma_test.ko
  AS      arch/arm/boot/compressed/lib1funcs.o
  LD [M]  arch/arm/mach-msm/msm-buspm-dev.ko
  LD [M]  block/test-iosched.ko
  AS      arch/arm/boot/compressed/ashldi3.o
  LD [M]  crypto/ansi_cprng.ko
  LD [M]  drivers/crypto/msm/qce.ko
  LD [M]  drivers/crypto/msm/qcedev.ko
  LD [M]  drivers/crypto/msm/qcrypto.ko
  LD [M]  drivers/hid/hid-logitech-dj.ko
  LD [M]  drivers/input/evbug.ko
  LD [M]  drivers/media/video/gspca/gspca_main.ko
  LD [M]  drivers/misc/msm_tsif.ko
  LD [M]  drivers/misc/tsif_chrdev.ko
  LD [M]  drivers/spi/spidev.ko
  AS      arch/arm/boot/compressed/piggy.gzip.o
  LD      arch/arm/boot/compressed/vmlinux
  OBJCOPY arch/arm/boot/zImage
  Kernel: arch/arm/boot/zImage is ready
