Script started on 2014년 01월 27일 (월) 오전 01시 17분 40초
scripts/kconfig/conf --silentoldconfig Kconfig
  CHK     include/linux/version.h
  CHK     include/generated/utsrelease.h
  UPD     include/generated/utsrelease.h
make[1]: `include/generated/mach-types.h'는 이미 갱신되었습니다.
  CALL    scripts/checksyscalls.sh
  CC [M]  arch/arm/perfmon/per-process-perf.o
  CHK     include/generated/compile.h
  CC      init/version.o
  AS      arch/arm/lib/copy_page.o
  AS      arch/arm/lib/csumpartialcopyuser.o
  CC      arch/arm/lib/delay.o
  CC      kernel/sys.o
  CC      lib/sort.o
  CC      arch/arm/mach-msm/board-msm8x60_dali.o
  CC      arch/arm/mach-msm/rmt_storage_client.o
  LD      init/built-in.o
  AR      arch/arm/lib/lib.a
  CC      lib/list_sort.o
  CC      arch/arm/mach-msm/sdio_smem.o
  CC      lib/bitrev.o
arch/arm/perfmon/per-process-perf.c: In function 'per_process_create_results_proc':
arch/arm/perfmon/per-process-perf.c:438:3: error: invalid use of flexible array member
arch/arm/perfmon/per-process-perf.c: In function 'per_process_create_l2_results_proc':
arch/arm/perfmon/per-process-perf.c:461:3: error: invalid use of flexible array member
  CC      lib/crc-ccitt.o
  CC      arch/arm/mach-msm/rpm.o
  CC      arch/arm/mach-msm/rpm_resources.o
make[1]: *** [arch/arm/perfmon/per-process-perf.o] 오류 1
make: *** [arch/arm/perfmon] 오류 2
make: *** 끝나지 않은 작업을 기다리고 있습니다....
  CC      lib/crc16.o
  CC      arch/arm/mach-msm/mpm.o
  CC      arch/arm/mach-msm/rpm_stats.o
  CC      arch/arm/mach-msm/rpm_master_stat.o
  CC      lib/crc32.o
  CC      lib/libcrc32c.o
  CC      lib/lzo/lzo1x_compress.o
  CC      arch/arm/mach-msm/rpm_log.o
  CC      arch/arm/mach-msm/msm_xo.o
  CC      arch/arm/mach-msm/gpiomux-8x60_dali.o
  CC      lib/reed_solomon/reed_solomon.o
  CC      lib/lzo/lzo1x_decompress.o
  CC      arch/arm/mach-msm/gpiomux-v2.o
  CC      lib/zlib_deflate/deflate.o
  CC      lib/zlib_deflate/deflate_syms.o
  CC      lib/textsearch.o
  CC      lib/ts_kmp.o
  CC      lib/zlib_inflate/inflate_syms.o
  CC      lib/ts_bm.o
  CC      arch/arm/mach-msm/gpiomux.o
  CC      arch/arm/mach-msm/msm_rq_stats.o
  LD      lib/lzo/lzo_compress.o
  LD      lib/zlib_inflate/zlib_inflate.o
  LD      lib/lzo/lzo_decompress.o
  CC      lib/ts_fsm.o
  LD      lib/lzo/built-in.o
  CC      lib/percpu_counter.o
  CC      lib/dynamic_debug.o
  LD      lib/zlib_inflate/built-in.o
  CC      lib/nlattr.o
  CC      lib/dynamic_queue_limits.o
  LD      lib/zlib_deflate/zlib_deflate.o
  LD      lib/reed_solomon/built-in.o
  CC      lib/bug.o
  LD      lib/zlib_deflate/built-in.o
  CC      arch/arm/mach-msm/msm_show_resume_irq.o
  CC      arch/arm/mach-msm/restart.o
  CC      lib/extable.o
  CC      lib/ioremap.o
  CC      arch/arm/mach-msm/sec_debug.o
  CC      lib/is_single_threaded.o
  CC      arch/arm/mach-msm/sec_getlog.o
  CC      arch/arm/mach-msm/sec_gaf.o
  CC      lib/klist.o
arch/arm/mach-msm/sec_gaf.c:118:36: error: 'struct vfsmount' has no member named 'mnt_mountpoint'
arch/arm/mach-msm/sec_gaf.c:120:32: error: 'struct vfsmount' has no member named 'mnt_parent'
arch/arm/mach-msm/sec_gaf.c: In function 'dump_cpu_stat':
arch/arm/mach-msm/sec_gaf.c:300:26: error: 'cputime64_zero' undeclared (first use in this function)
arch/arm/mach-msm/sec_gaf.c:300:26: note: each undeclared identifier is reported only once for each function it appears in
arch/arm/mach-msm/sec_gaf.c:306:3: warning: implicit declaration of function 'cputime64_add' [-Wimplicit-function-declaration]
arch/arm/mach-msm/sec_gaf.c:306:42: error: 'struct kernel_stat' has no member named 'cpustat'
arch/arm/mach-msm/sec_gaf.c:307:42: error: 'struct kernel_stat' has no member named 'cpustat'
arch/arm/mach-msm/sec_gaf.c:308:46: error: 'struct kernel_stat' has no member named 'cpustat'
arch/arm/mach-msm/sec_gaf.c:309:42: error: 'struct kernel_stat' has no member named 'cpustat'
arch/arm/mach-msm/sec_gaf.c:311:46: error: 'struct kernel_stat' has no member named 'cpustat'
arch/arm/mach-msm/sec_gaf.c:312:40: error: 'struct kernel_stat' has no member named 'cpustat'
arch/arm/mach-msm/sec_gaf.c:313:48: error: 'struct kernel_stat' has no member named 'cpustat'
arch/arm/mach-msm/sec_gaf.c:350:22: error: 'struct kernel_stat' has no member named 'cpustat'
arch/arm/mach-msm/sec_gaf.c:351:22: error: 'struct kernel_stat' has no member named 'cpustat'
arch/arm/mach-msm/sec_gaf.c:352:24: error: 'struct kernel_stat' has no member named 'cpustat'
arch/arm/mach-msm/sec_gaf.c:353:22: error: 'struct kernel_stat' has no member named 'cpustat'
arch/arm/mach-msm/sec_gaf.c:355:24: error: 'struct kernel_stat' has no member named 'cpustat'
arch/arm/mach-msm/sec_gaf.c:356:21: error: 'struct kernel_stat' has no member named 'cpustat'
arch/arm/mach-msm/sec_gaf.c:357:25: error: 'struct kernel_stat' has no member named 'cpustat'
arch/arm/mach-msm/sec_debug.c:148:36: error: expected ')' before 'uint'
arch/arm/mach-msm/sec_debug.c:149:46: error: expected ')' before 'uint'make[1]: *** [arch/arm/mach-msm/sec_gaf.o] 오류 1

arch/arm/mach-msm/sec_debug.c:150:48: error: expected ')' before 'uint'
make[1]: *** 끝나지 않은 작업을 기다리고 있습니다....
arch/arm/mach-msm/sec_debug.c:343:1: warning: data definition has no type or storage class [enabled by default]
arch/arm/mach-msm/sec_debug.c:343:1: warning: type defaults to 'int' in declaration of 'EXPORT_SYMBOL' [-Wimplicit-int]
arch/arm/mach-msm/sec_debug.c:343:1: warning: parameter names (without types) in function declaration [enabled by default]
arch/arm/mach-msm/sec_debug.c:361:1: warning: data definition has no type or storage class [enabled by default]
arch/arm/mach-msm/sec_debug.c:361:1: warning: type defaults to 'int' in declaration of 'EXPORT_SYMBOL' [-Wimplicit-int]
arch/arm/mach-msm/sec_debug.c:361:1: warning: parameter names (without types) in function declaration [enabled by default]
arch/arm/mach-msm/sec_debug.c: In function 'sec_debug_hw_reset':
arch/arm/mach-msm/sec_debug.c:575:2: warning: implicit declaration of function 'arch_reset' [-Wimplicit-function-declaration]
arch/arm/mach-msm/board-msm8x60_dali.c:1851:2: error: unknown field 'check_microusb' specified in initializer
arch/arm/mach-msm/board-msm8x60_dali.c:1851:2: warning: excess elements in struct initializer [enabled by default]
arch/arm/mach-msm/board-msm8x60_dali.c:1851:2: warning: (near initialization for 'msm_gadget_pdata') [enabled by default]
arch/arm/mach-msm/board-msm8x60_dali.c:4055:0: warning: "MSM_ION_MM_SIZE" redefined [enabled by default]
arch/arm/mach-msm/board-msm8x60_dali.c:4036:0: note: this is the location of the previous definition
arch/arm/mach-msm/board-msm8x60_dali.c: In function 'sec_jack_read_adc':
arch/arm/mach-msm/board-msm8x60_dali.c:6399:3: warning: implicit declaration of function 'pm8058_xoadc_clear_recentQ' [-Wimplicit-function-declaration]
make[1]: *** [arch/arm/mach-msm/sec_debug.o] 오류 1
arch/arm/mach-msm/board-msm8x60_dali.c: At top level:  CC      lib/kobject_uevent.o
  CC      lib/memory_alloc.o

arch/arm/mach-msm/board-msm8x60_dali.c:8815:45: error: 'scale_sec_settherm' undeclared here (not in a function)
arch/arm/mach-msm/board-msm8x60_dali.c:9718:3: error: 'msm_device_tz_log' undeclared here (not in a function)
arch/arm/mach-msm/board-msm8x60_dali.c:9718:2: error: initializer element is not constant
arch/arm/mach-msm/board-msm8x60_dali.c:9718:2: error: (near initialization for 'surf_devices[49]')
arch/arm/mach-msm/board-msm8x60_dali.c:9847:19: error: 'ION_ADSP_TYPE' undeclared here (not in a function)
arch/arm/mach-msm/board-msm8x60_dali.c:9847:4: error: initializer element is not constant
arch/arm/mach-msm/board-msm8x60_dali.c:9847:4: error: (near initialization for 'msm8x60_heaps[5].memory_type')
arch/arm/mach-msm/board-msm8x60_dali.c:9859:4: error: initializer element is not constant
arch/arm/mach-msm/board-msm8x60_dali.c:9859:4: error: (near initialization for 'msm8x60_heaps[6].memory_type')
arch/arm/mach-msm/board-msm8x60_dali.c:9912:3: error: 'MEMTYPE_PMEM_ADSP' undeclared here (not in a function)
arch/arm/mach-msm/board-msm8x60_dali.c:9912:2: error: array index in initializer not of integer type
arch/arm/mach-msm/board-msm8x60_dali.c:9912:2: error: (near initialization for 'msm8x60_reserve_table')
arch/arm/mach-msm/board-msm8x60_dali.c: In function 'reserve_ion_memory':
arch/arm/mach-msm/board-msm8x60_dali.c:9966:23: error: array subscript is not an integer
arch/arm/mach-msm/board-msm8x60_dali.c:9966:42: error: request for member 'size' in something not a structure or union
arch/arm/mach-msm/board-msm8x60_dali.c:9966:2: warning: statement with no effect [-Wunused-value]
arch/arm/mach-msm/board-msm8x60_dali.c:9967:23: error: array subscript is not an integer
arch/arm/mach-msm/board-msm8x60_dali.c:9967:42: error: request for member 'size' in something not a structure or union
arch/arm/mach-msm/board-msm8x60_dali.c:9967:2: warning: statement with no effect [-Wunused-value]
  CC      lib/radix-tree.o
arch/arm/mach-msm/board-msm8x60_dali.c: At top level:
arch/arm/mach-msm/board-msm8x60_dali.c:13471:2: error: unknown field 'cfg_mpm_sdiowakeup' specified in initializer
arch/arm/mach-msm/board-msm8x60_dali.c:13471:24: error: 'msm_sdcc_cfg_mpm_sdiowakeup' undeclared here (not in a function)
arch/arm/mach-msm/board-msm8x60_dali.c:13471:2: error: initializer element is not constant
arch/arm/mach-msm/board-msm8x60_dali.c:13471:2: error: (near initialization for 'msm8x60_sdc4_data.wpswitch_gpio')
arch/arm/mach-msm/board-msm8x60_dali.c:766:31: warning: 'smc91x_device' defined but not used [-Wunused-variable]
arch/arm/mach-msm/board-msm8x60_dali.c:1086:36: warning: 'msm_pm_data' defined but not used [-Wunused-variable]
arch/arm/mach-msm/board-msm8x60_dali.c:1130:33: warning: 'msm_cstates' defined but not used [-Wunused-variable]
  CC      lib/rwsem-spinlock.o
  CC      lib/show_mem.o
make[1]: *** [arch/arm/mach-msm/board-msm8x60_dali.o] 오류 1
make: *** [arch/arm/mach-msm] 오류 2
  CC      lib/vsprintf.o
  CC      kernel/module.o
  CC      kernel/trace/trace.o
  GZIP    kernel/config_data.gz
  LD      lib/built-in.o
  CC      drivers/video/msm/mdp4_hsic.o
  CC      drivers/video/msm/mdp4_overlay.o
  CC      drivers/video/msm/mdp4_overlay_lcdc.o
  CC      drivers/video/msm/mdp4_overlay_dsi_video.o
  CC      drivers/video/msm/mdp4_overlay_dsi_cmd.o
  CC      drivers/video/msm/mdp4_dtv.o
  CC      drivers/video/msm/mdp4_overlay_dtv.o
  CC      drivers/video/msm/mdp_dma.o
  CC      drivers/video/msm/mdp_dma_s.o
  CC      drivers/video/msm/mdp_vsync.o
  CC      drivers/video/msm/mdp_cursor.o
  CC      drivers/video/msm/mdp_dma_tv.o
  CC      drivers/video/msm/msm_dss_io_8x60.o
drivers/video/msm/mdp4_hsic.c: In function '_hsic_generate_csc_matrix':
drivers/video/msm/mdp4_hsic.c:379:38: error: 'struct mdp4_overlay_pipe' has no member named 'hsic_regs'
drivers/video/msm/mdp4_hsic.c: In function '_hsic_update_mdp':
drivers/video/msm/mdp4_hsic.c:457:38: error: 'struct mdp4_overlay_pipe' has no member named 'hsic_regs'
drivers/video/msm/mdp4_hsic.c: At top level:
drivers/video/msm/mdp4_hsic.c:513:59: warning: 'struct dpp_ctrl' declared inside parameter list [enabled by default]
drivers/video/msm/mdp4_hsic.c:513:59: warning: its scope is only this definition or declaration, which is probably not what you want [enabled by default]
drivers/video/msm/mdp4_hsic.c: In function 'mdp4_hsic_get':
drivers/video/msm/mdp4_hsic.c:517:19: error: 'struct mdp4_overlay_pipe' has no member named 'hsic_regs'
drivers/video/msm/mdp4_hsic.c:517:42: error: dereferencing pointer to incomplete type
drivers/video/msm/mdp4_hsic.c: At top level:
drivers/video/msm/mdp4_hsic.c:520:59: warning: 'struct dpp_ctrl' declared inside parameter list [enabled by default]
drivers/video/msm/mdp4_hsic.c: In function 'mdp4_hsic_set':
drivers/video/msm/mdp4_hsic.c:524:19: error: 'struct mdp4_overlay_pipe' has no member named 'hsic_regs'
drivers/video/msm/mdp4_hsic.c:524:40: error: dereferencing pointer to incomplete type
drivers/video/msm/mdp4_hsic.c:526:10: error: 'struct mdp4_overlay_pipe' has no member named 'hsic_regs'
drivers/video/msm/mdp4_hsic.c: In function 'mdp4_hsic_update':
drivers/video/msm/mdp4_hsic.c:532:10: error: 'struct mdp4_overlay_pipe' has no member named 'hsic_regs'
make[3]: *** [drivers/video/msm/mdp4_hsic.o] 오류 1
make[3]: *** 끝나지 않은 작업을 기다리고 있습니다....
drivers/video/msm/msm_dss_io_8x60.c:650:39: warning: 'struct hdmi_disp_mode_timing_type' declared inside parameter list [enabled by default]
drivers/video/msm/msm_dss_io_8x60.c:650:39: warning: its scope is only this definition or declaration, which is probably not what you want [enabled by default]
drivers/video/msm/msm_dss_io_8x60.c:650:6: error: conflicting types for 'hdmi_frame_ctrl_cfg'
drivers/video/msm/hdmi_msm.h:124:6: note: previous declaration of 'hdmi_frame_ctrl_cfg' was here
drivers/video/msm/msm_dss_io_8x60.c: In function 'hdmi_frame_ctrl_cfg':
drivers/video/msm/msm_dss_io_8x60.c:668:1: error: dereferencing pointer to incomplete type
drivers/video/msm/msm_dss_io_8x60.c:668:1: error: dereferencing pointer to incomplete type
drivers/video/msm/msm_dss_io_8x60.c:668:1: error: dereferencing pointer to incomplete type
make[3]: *** [drivers/video/msm/msm_dss_io_8x60.o] 오류 1
  CHK     kernel/config_data.h
  AR      lib/lib.a
make[2]: *** [drivers/video/msm] 오류 2
make[1]: *** [drivers/video] 오류 2
make: *** [drivers] 오류 2
  LD      kernel/trace/built-in.o
  LD      kernel/built-in.o
