Script started on 2014년 07월 16일 (수) 오후 04시 43분 38초
scripts/kconfig/conf --silentoldconfig Kconfig
  CHK     include/linux/version.h
  UPD     include/linux/version.h
  WRAP    arch/arm/include/generated/asm/auxvec.h
  WRAP    arch/arm/include/generated/asm/bitsperlong.h
  WRAP    arch/arm/include/generated/asm/cputime.h
  WRAP    arch/arm/include/generated/asm/emergency-restart.h
  WRAP    arch/arm/include/generated/asm/errno.h
  WRAP    arch/arm/include/generated/asm/ioctl.h
  WRAP    arch/arm/include/generated/asm/irq_regs.h
  WRAP    arch/arm/include/generated/asm/kdebug.h
  WRAP    arch/arm/include/generated/asm/local.h
  WRAP    arch/arm/include/generated/asm/local64.h
  WRAP    arch/arm/include/generated/asm/percpu.h
  WRAP    arch/arm/include/generated/asm/poll.h
  WRAP    arch/arm/include/generated/asm/resource.h
  WRAP    arch/arm/include/generated/asm/sections.h
  WRAP    arch/arm/include/generated/asm/siginfo.h
  WRAP    arch/arm/include/generated/asm/sizes.h
  HOSTCC  scripts/genksyms/genksyms.o
  SHIPPED scripts/genksyms/lex.lex.c
  SHIPPED scripts/genksyms/keywords.hash.c
  SHIPPED scripts/genksyms/parse.tab.h
  SHIPPED scripts/genksyms/parse.tab.c
  HOSTCC  scripts/genksyms/lex.lex.o
  CC      scripts/mod/empty.o
  HOSTCC  scripts/mod/mk_elfconfig
  HOSTCC  scripts/genksyms/parse.tab.o
  MKELF   scripts/mod/elfconfig.h
  HOSTCC  scripts/mod/file2alias.o
  HOSTCC  scripts/kallsyms
  HOSTCC  scripts/conmakehash
  HOSTCC  scripts/selinux/genheaders/genheaders
  HOSTCC  scripts/selinux/mdp/mdp
  HOSTCC  scripts/mod/modpost.o
  HOSTLD  scripts/genksyms/genksyms
  HOSTCC  scripts/mod/sumversion.o
  HOSTCC  scripts/bin2c
  HOSTLD  scripts/mod/modpost
  CHK     include/generated/utsrelease.h
  UPD     include/generated/utsrelease.h
  Generating include/generated/mach-types.h
  CC      kernel/bounds.s
  GEN     include/generated/bounds.h
  CC      arch/arm/kernel/asm-offsets.s
  GEN     include/generated/asm-offsets.h
  CALL    scripts/checksyscalls.sh
  CC      init/main.o
  CC      init/do_mounts.o
  CHK     include/generated/compile.h
  CC      init/do_mounts_rd.o
  HOSTCC  usr/gen_init_cpio
  CC      init/do_mounts_initrd.o
  CC      init/initramfs.o
  CC      arch/arm/vfp/vfpmodule.o
  UPD     include/generated/compile.h
  CC      init/calibrate.o
  CC      init/version.o
  GEN     usr/initramfs_data.cpio
  CC      arch/arm/kernel/elf.o
  AS      usr/initramfs_data.o
  AS      arch/arm/vfp/entry.o
  LD      usr/built-in.o
  AS      arch/arm/vfp/vfphw.o
  CC      arch/arm/vfp/vfpsingle.o
  AS      arch/arm/kernel/entry-armv.o
  CC      arch/arm/mm/dma-mapping.o
  CC      arch/arm/common/gic.o
  CC      arch/arm/vfp/vfpdouble.o
  AS      arch/arm/kernel/entry-common.o
  CC      arch/arm/kernel/irq.o
  CC      arch/arm/kernel/opcodes.o
  CC      arch/arm/common/cpaccess.o
  CC      arch/arm/kernel/process.o
  LD      arch/arm/net/built-in.o
  LD      init/mounts.o
  LD      init/built-in.o
  CC      arch/arm/kernel/ptrace.o
  CC      arch/arm/perfmon/perf-function-hooks.o
  CC      arch/arm/mach-msm/io.o
  CC      arch/arm/mm/extable.o
  CC      arch/arm/mach-msm/dma.o
  LD      arch/arm/perfmon/built-in.o
  CC      arch/arm/mach-msm/memory.o
  LD      arch/arm/vfp/vfp.o
  LD      arch/arm/common/built-in.o
  CC      kernel/fork.o
  LD      arch/arm/vfp/built-in.o
  CC      kernel/exec_domain.o
  CC      arch/arm/mm/fault.o
  CC      mm/filemap.o
  CC      arch/arm/kernel/return_address.o
arch/arm/kernel/return_address.c:62:2: warning: #warning "TODO: return_address should use unwind tables" [-Wcpp]  CC      arch/arm/kernel/sched_clock.o

arch/arm/kernel/return_address.c:62:2: warning: #warning "TODO: return_address should use unwind tables" [-Wcpp]
  CC      mm/mempool.o
  CC      arch/arm/kernel/setup.o
  CC      arch/arm/kernel/signal.o
  CC      kernel/panic.o
  CC      arch/arm/mach-msm/timer.o
  CC      arch/arm/mm/init.o
  CC      kernel/printk.o
  CC      arch/arm/kernel/stacktrace.o
  CC      mm/oom_kill.o
  CC      arch/arm/mach-msm/clock.o
  CC      mm/fadvise.o
  CC      arch/arm/mm/iomap.o
  CC      arch/arm/kernel/sys_arm.o
  CC      mm/maccess.o
  CC      arch/arm/mach-msm/clock-voter.o
  CC      arch/arm/mm/fault-armv.o
  CC      arch/arm/mach-msm/clock-dummy.o
  CC      mm/page_alloc.o
  CC      mm/page-writeback.o
  CC      arch/arm/kernel/time.o
  CC      arch/arm/mach-msm/modem_notifier.o
  CC      kernel/cpu.o
  CC      arch/arm/mm/flush.o
  CC      mm/readahead.o
  CC      arch/arm/kernel/traps.o
  CC      arch/arm/mach-msm/subsystem_map.o
  CC      kernel/exit.o
  CC      arch/arm/mm/idmap.o
  CC      arch/arm/kernel/cpuidle.o
  CC      arch/arm/mach-msm/cpufreq.o
  CC      kernel/itimer.o
  TIMEC   kernel/timeconst.h
defined(@array) is deprecated at kernel/timeconst.pl line 373.
	(Maybe you should just omit the defined()?)
  CC      arch/arm/kernel/armksyms.o
  CC      arch/arm/mm/ioremap.o
  CC      mm/swap.o
  CC      kernel/softirq.o
  CC      arch/arm/mach-msm/nohlt.o
  CC      kernel/resource.o
  CC      arch/arm/kernel/module.o
  CC      arch/arm/mach-msm/clock-debug.o
  CC      arch/arm/mm/mmap.o
  CC      mm/truncate.o
  AS      arch/arm/kernel/sleep.o
  CC      arch/arm/kernel/suspend.o
  CC      mm/vmscan.o
  CC      arch/arm/mm/pgd.o
  CC      arch/arm/kernel/smp.o
  CC      arch/arm/mach-msm/acpuclock.o
  CC      arch/arm/mach-msm/perf_trace_counters.o
  CC      kernel/sysctl.o
  CC      kernel/sysctl_binary.o
  CC      mm/shmem.o
  CC      arch/arm/mm/mmu.o
In file included from arch/arm/mach-msm/perf_trace_counters.h:163:0,
                 from arch/arm/mach-msm/perf_trace_counters.c:16:
include/trace/define_trace.h:79:43: fatal error: ./perf_trace_counters.h: No such file or directory
compilation terminated.
make[1]: *** [arch/arm/mach-msm/perf_trace_counters.o] 오류 1
make: *** [arch/arm/mach-msm] 오류 2
make: *** 끝나지 않은 작업을 기다리고 있습니다....
  CC      arch/arm/mm/vmregion.o
  CC      kernel/capability.o
  CC      arch/arm/kernel/smp_tlb.o
  CC      arch/arm/mm/proc-syms.o
  CC      kernel/ptrace.o
  CC      arch/arm/kernel/smp_scu.o
  CC      kernel/timer.o
  CC      arch/arm/kernel/kprobes.o
  CC      arch/arm/mm/alignment.o
  CC      arch/arm/kernel/kprobes-common.o
  CC      kernel/user.o
  CC      arch/arm/kernel/patch.o
  CC      arch/arm/mm/highmem.o
  CC      arch/arm/kernel/kprobes-arm.o
  CC      kernel/signal.o
  CC      arch/arm/kernel/unwind.o
  CC      kernel/sys.o
  CC      arch/arm/kernel/swp_emulate.o
  CC      mm/prio_tree.o
  AS      arch/arm/mm/abort-ev7.o
  AS      arch/arm/mm/pabort-v7.o
  CC      mm/util.o
  AS      arch/arm/mm/cache-v7.o
  CC      arch/arm/kernel/hw_breakpoint.o
  CC      arch/arm/mm/copypage-v6.o
  CC      arch/arm/kernel/pmu.o
  CC      mm/mmzone.o
  CC      arch/arm/mm/context.o
  CC      mm/vmstat.o
  CC      arch/arm/kernel/perf_event.o
  AS      arch/arm/mm/tlb-v7.o
  CC      kernel/kmod.o
  AS      arch/arm/mm/proc-v7.o
  CC      mm/backing-dev.o
  LD      arch/arm/mm/built-in.o
  CC      mm/page_isolation.o
  CC      kernel/workqueue.o
  CC      mm/mm_init.o
  CC      mm/mmu_context.o
  CC      mm/percpu.o
  CC      mm/compaction.o
  CC      mm/fremap.o
  CC      kernel/pid.o
  CC      mm/highmem.o
  CC      mm/madvise.o
  CC      mm/memory.o
  CC      kernel/rcupdate.o
  CC      arch/arm/kernel/topology.o
  CC      mm/mincore.o
  CC      mm/mlock.o
  CC      arch/arm/kernel/io.o
  CC      kernel/extable.o
  CC      kernel/params.o
  AS      arch/arm/kernel/head.o
  CC      arch/arm/kernel/init_task.o
  CC      kernel/posix-timers.o
  CC      mm/mmap.o
  CC      mm/mprotect.o
  LDS     arch/arm/kernel/vmlinux.lds
  LD      arch/arm/kernel/built-in.o
  CC      kernel/kthread.o
  CC      kernel/wait.o
  CC      mm/mremap.o
  CC      mm/msync.o
  CC      kernel/kfifo.o
  CC      kernel/sys_ni.o
  CC      mm/rmap.o
  CC      kernel/posix-cpu-timers.o
  CC      mm/vmalloc.o
  CC      kernel/mutex.o
  CC      mm/pagewalk.o
  CC      mm/pgtable-generic.o
  CC      kernel/hrtimer.o
  CC      kernel/rwsem.o
  CC      mm/process_vm_access.o
  CC      kernel/nsproxy.o
  CC      mm/init-mm.o
  CC      mm/bootmem.o
  CC      kernel/srcu.o
  CC      kernel/semaphore.o
  CC      kernel/notifier.o
  CC      mm/memblock.o
  CC      kernel/ksysfs.o
  CC      kernel/cred.o
  CC      mm/bounce.o
  CC      kernel/async.o
  CC      kernel/range.o
  CC      kernel/groups.o
  CC      kernel/events/core.o
  CC      kernel/irq/irqdesc.o
  CC      mm/page_io.o
  CC      kernel/power/qos.o
  CC      kernel/sched/core.o
  CC      kernel/time/timekeeping.o
  CC      kernel/irq/handle.o
  CC      kernel/power/main.o
  CC      mm/swap_state.o
  CC      kernel/trace/trace_clock.o
  CC      mm/swapfile.o
  CC      kernel/irq/manage.o
  CC      mm/thrash.o
  CC      kernel/trace/ring_buffer.o
  CC      kernel/power/process.o
  CC      mm/dmapool.o
  CC      kernel/time/ntp.o
  CC      kernel/power/suspend.o
  CC      kernel/irq/spurious.o
  CC      kernel/time/clocksource.o
  CC      kernel/time/jiffies.o
  CC      kernel/irq/resend.o
  CC      kernel/time/timer_list.o
  CC      kernel/power/wakelock.o
  CC      kernel/time/timecompare.o
  CC      kernel/irq/chip.o
  CC      mm/slub.o
  CC      kernel/time/timeconv.o
  CC      kernel/time/posix-clock.o
  CC      kernel/time/alarmtimer.o
  CC      kernel/trace/trace.o
  CC      kernel/power/userwakelock.o
  CC      kernel/irq/dummychip.o
  CC      kernel/events/ring_buffer.o
  CC      kernel/irq/devres.o
  CC      kernel/irq/autoprobe.o
  CC      kernel/power/earlysuspend.o
  CC      mm/migrate.o
  CC      kernel/events/callchain.o
  CC      kernel/time/clockevents.o
  CC      kernel/irq/irqdomain.o
  CC      kernel/events/hw_breakpoint.o
  CC      kernel/time/tick-common.o
  CC      kernel/power/fbearlysuspend.o
  CC      kernel/irq/proc.o
  CC      kernel/power/poweroff.o
  CC      kernel/time/tick-broadcast.o
  LD      kernel/power/built-in.o
  CC      kernel/freezer.o
  CC      kernel/time/tick-oneshot.o
  LD      mm/built-in.o
  LD      kernel/events/built-in.o
  CC      kernel/profile.o
  CC      kernel/stacktrace.o
  CC      kernel/irq/pm.o
  CC      kernel/time/tick-sched.o
  CC      kernel/time/timer_stats.o
  CC      kernel/futex.o
  CC      kernel/rtmutex.o
  LD      kernel/irq/built-in.o
  CC      kernel/sched/clock.o
  CC      kernel/smp.o
  CC      kernel/sched/idle_task.o
  CC      kernel/sched/fair.o
  CC      kernel/spinlock.o
  CC      kernel/trace/trace_output.o
  CC      kernel/sched/rt.o
  LD      kernel/time/built-in.o
  CC      kernel/uid16.o
  CC      kernel/module.o
  CC      kernel/kallsyms.o
  CC      kernel/cgroup.o
  CC      kernel/cgroup_freezer.o
  GZIP    kernel/config_data.gz
  CC      kernel/res_counter.o
  CC      kernel/stop_machine.o
  CC      kernel/trace/trace_stat.o
  CC      kernel/audit.o
  CC      kernel/sched/stop_task.o
  CC      kernel/auditfilter.o
  CC      kernel/trace/trace_printk.o
  CC      kernel/auditsc.o
  CC      kernel/sched/sched_avg.o
  CC      kernel/sched/cpupri.o
  CC      kernel/audit_watch.o
  CC      kernel/sched/debug.o
  CC      kernel/trace/trace_sched_switch.o
  CC      kernel/audit_tree.o
  CC      kernel/kprobes.o
  CC      kernel/trace/trace_sched_wakeup.o
  CC      kernel/hung_task.o
  CC      kernel/watchdog.o
  LD      kernel/sched/built-in.o
  CC      kernel/rcutree.o
  CC      kernel/utsname_sysctl.o
  CC      kernel/trace/trace_nop.o
  CC      kernel/tracepoint.o
  CC      kernel/elfcore.o
  CC      kernel/irq_work.o
  CC      kernel/cpu_pm.o
  CC      kernel/time.o
  CHK     kernel/config_data.h
  UPD     kernel/config_data.h
  CC      kernel/configs.o
  CC      kernel/trace/blktrace.o
  CC      kernel/trace/trace_events.o
  CC      kernel/trace/trace_export.o
  CC      kernel/trace/trace_event_perf.o
  CC      kernel/trace/trace_events_filter.o
  CC      kernel/trace/trace_kprobe.o
  CC      kernel/trace/power-traces.o
  CC      kernel/trace/rpm-traces.o
  LD      kernel/trace/built-in.o
  LD      kernel/built-in.o
