Script started on 2014년 01월 13일 (월) 오전 01시 13분 36초
scripts/kconfig/conf --silentoldconfig Kconfig
  CHK     include/linux/version.h
  CHK     include/generated/utsrelease.h
  UPD     include/generated/utsrelease.h
make[1]: `include/generated/mach-types.h'는 이미 갱신되었습니다.
  CC      arch/arm/kernel/asm-offsets.s
  GEN     include/generated/asm-offsets.h
  CALL    scripts/checksyscalls.sh
  CC      init/main.o
  CHK     include/generated/compile.h
  CC      arch/arm/vfp/vfpmodule.o
  AS      arch/arm/vfp/entry.o
  AS      arch/arm/vfp/vfphw.o
  CC      init/do_mounts.o
  CC      init/do_mounts_rd.o
  CC      init/do_mounts_initrd.o
  CC      init/initramfs.o
  CC      init/version.o
  CC      arch/arm/common/gic.o
  CC      arch/arm/common/cpaccess.o
  CC      arch/arm/mm/dma-mapping.o
  CC      arch/arm/mm/extable.o
  CC      arch/arm/perfmon/perf-function-hooks.o
  CC      arch/arm/kernel/elf.o
  CC      mm/filemap.o
  CC      arch/arm/mm/fault.o
  CC      kernel/fork.o
  AS      arch/arm/kernel/entry-armv.o
  AS      arch/arm/kernel/entry-common.o
  CC      arch/arm/mach-msm/io.o
  CC      arch/arm/kernel/irq.o
  CC      arch/arm/kernel/opcodes.o
  CC      mm/mempool.o
  LD      arch/arm/vfp/vfp.o
  LD      arch/arm/vfp/built-in.o
  CC [M]  arch/arm/perfmon/per.o
  CC      arch/arm/mach-msm/dma.o
  CC      kernel/exec_domain.o
  CC      arch/arm/kernel/process.o
  CC      arch/arm/kernel/ptrace.o
  CC      fs/open.o
  CC      fs/read_write.o
  CC      fs/file_table.o
  CC [M]  arch/arm/perfmon/per-process-perf.o
  LD      init/mounts.o
  LD      arch/arm/perfmon/built-in.o
  CC      fs/super.o
  LD      init/built-in.o
  CC      ipc/util.o
  LD      arch/arm/common/built-in.o
  CC      arch/arm/mm/init.o
arch/arm/perfmon/per-process-perf.c: In function 'per_process_create_results_proc':
arch/arm/perfmon/per-process-perf.c:438:3: error: invalid use of flexible array member
arch/arm/perfmon/per-process-perf.c: In function 'per_process_create_l2_results_proc':
arch/arm/perfmon/per-process-perf.c:461:3: error: invalid use of flexible array member
  CC      arch/arm/mm/iomap.o
make[1]: *** [arch/arm/perfmon/per-process-perf.o] 오류 1
make: *** [arch/arm/perfmon] 오류 2
make: *** 끝나지 않은 작업을 기다리고 있습니다....
  CC      arch/arm/mm/fault-armv.o
  CC      security/keys/gc.o
  CC      kernel/panic.o
  CC      mm/oom_kill.o
  CC      arch/arm/mach-msm/memory.o
  CC      arch/arm/mm/flush.o
  CC      fs/char_dev.o
  CC      fs/stat.o
  CC      arch/arm/kernel/return_address.o
  CC      security/keys/key.o
arch/arm/kernel/return_address.c:62:2: warning: #warning "TODO: return_address should use unwind tables" [-Wcpp]
  CC      arch/arm/mm/idmap.o
  CC      ipc/msgutil.o
arch/arm/kernel/return_address.c:62:2: warning: #warning "TODO: return_address should use unwind tables" [-Wcpp]
  CC      arch/arm/kernel/sched_clock.o
  CC      arch/arm/mach-msm/timer.o
  CC      mm/fadvise.o
  CC      arch/arm/mm/ioremap.o
  CC      fs/exec.o
  CC      arch/arm/mach-msm/clock.o
  CC      arch/arm/mm/mmap.o
  CC      arch/arm/mm/pgd.o
  CC      arch/arm/kernel/setup.o
  CC      ipc/msg.o
  CC      fs/pipe.o
  CC      fs/namei.o
  CC      arch/arm/kernel/signal.o
  CC      mm/page_alloc.o
  CC      arch/arm/mm/mmu.o
  CC      security/keys/keyring.o
  CC      kernel/printk.o
  CC      mm/page-writeback.o
  CC      mm/readahead.o
  CC      arch/arm/mm/proc-syms.o
  CC      arch/arm/mm/alignment.o
  CC      arch/arm/mm/highmem.o
  CC      arch/arm/mach-msm/modem_notifier.o
  CC      arch/arm/mach-msm/subsystem_map.o
  CC      ipc/sem.o
  CC      arch/arm/mach-msm/cpufreq.o
  CC      ipc/shm.o
  CC      arch/arm/kernel/stacktrace.o
  AS      arch/arm/mm/cache-v7.o
  CC      arch/arm/mm/copypage-v6.o
  CC      mm/swap.o
  CC      mm/truncate.o
  CC      security/keys/keyctl.o
  CC      mm/vmscan.o
  CC      arch/arm/kernel/sys_arm.o
  CC      arch/arm/kernel/time.o
  CC      arch/arm/mm/context.o
  AS      arch/arm/mm/tlb-v7.o
  CC      arch/arm/mach-msm/nohlt.o
  AS      arch/arm/mm/proc-v7.o
  CC      arch/arm/kernel/traps.o
  CC      ipc/ipcns_notifier.o
  LD      arch/arm/mm/built-in.o
  CC      arch/arm/mach-msm/clock-debug.o
  CC      arch/arm/mach-msm/pmu.o
  CC      arch/arm/kernel/armksyms.o
  CC      arch/arm/kernel/module.o
  CC      kernel/cpu.o
  CC      fs/fcntl.o
  CC      mm/shmem.o
  CC      ipc/ipc_sysctl.o
  CC      arch/arm/mach-msm/perf_event_msm_l2.o
  CC      mm/util.o
  CC      mm/vmstat.o
  CC      security/keys/permission.o
  CC      fs/ioctl.o
  CC      mm/backing-dev.o
  AS      arch/arm/kernel/sleep.o
  LD      ipc/built-in.o
  CC      arch/arm/kernel/suspend.o
  CC      arch/arm/kernel/smp.o
  CC      arch/arm/kernel/smp_tlb.o
  CC      security/keys/process_keys.o
  CC      fs/readdir.o
  CC      kernel/exit.o
  CC      fs/select.o
  CC      fs/fifo.o
  CC      arch/arm/mach-msm/etm.o
  CC      fs/dcache.o
  CC      fs/inode.o
  CC      arch/arm/kernel/kprobes.o
  CC      fs/attr.o
  CC      fs/bad_inode.o
  CC      security/keys/request_key.o
  CC      fs/file.o
  CC      fs/filesystems.o
  CC      mm/mmu_context.o
  CC      mm/percpu.o
  CC      arch/arm/mach-msm/scm.o
  CC      security/commoncap.o
  CC      fs/namespace.o
  CC      fs/xattr.o
  CC      arch/arm/kernel/kprobes-common.o
  CC      security/keys/request_key_auth.o
  CC      mm/compaction.o
  CC      fs/libfs.o
  CC      arch/arm/mach-msm/scm-boot.o
  CC      arch/arm/mach-msm/scm-io.o
  CC      arch/arm/mach-msm/peripheral-loader.o
  CC      arch/arm/kernel/patch.o
  CC      arch/arm/mach-msm/scm-pas.o
  CC      security/keys/user_defined.o
  CC      arch/arm/mach-msm/peripheral-reset.o
  CC      arch/arm/kernel/kprobes-arm.o
  CC      arch/arm/mach-msm/pil-q6v3.o
  CC      arch/arm/mach-msm/pil-tzapps.o
  CC      mm/fremap.o
  CC      security/min_addr.o
  CC      arch/arm/kernel/unwind.o
  CC      arch/arm/mach-msm/pil-modem.o
  CC      security/keys/proc.o
  CC      kernel/itimer.o
  CC      security/keys/sysctl.o
  CC      mm/highmem.o
  CC      arch/arm/mach-msm/sdio_al.o
  CC      arch/arm/mach-msm/sdio_al_test.o
  CC      arch/arm/mach-msm/sdio_al_dloader.o
  CC      mm/madvise.o
  CC      arch/arm/mach-msm/sdio_dmux.o
  CC      mm/memory.o
  CC      fs/fs-writeback.o
  CC      fs/pnode.o
  CC      mm/mincore.o
  LD      security/keys/built-in.o
  LD      security/built-in.o
  CC      arch/arm/kernel/swp_emulate.o
  CC      mm/mlock.o
  CC      fs/drop_caches.o
  CC      kernel/time.o
  CC      mm/mmap.o
  CC      fs/splice.o
  CC      fs/sync.o
  CC      fs/utimes.o
  CC      fs/fs_struct.o
  CC      fs/statfs.o
  CC      arch/arm/kernel/hw_breakpoint.o
  CC      arch/arm/kernel/pmu.o
  CC      mm/mprotect.o
  CC      fs/buffer.o
  CC      kernel/softirq.o
  CC      arch/arm/mach-msm/smem_log.o
  CC      fs/bio.o
  CC      arch/arm/mach-msm/smd.o
  CC      arch/arm/kernel/perf_event.o
  CC      fs/block_dev.o
  CC      fs/direct-io.o
  CC      arch/arm/kernel/topology.o
  AS      arch/arm/kernel/head.o
  CC      arch/arm/kernel/init_task.o
  CC      mm/mremap.o
  CC      fs/mpage.o
  CC      fs/ioprio.o
  CC      fs/proc_namespace.o
  CC      mm/msync.o
  CC      mm/rmap.o
  CC      kernel/resource.o
  CC      arch/arm/mach-msm/remote_spinlock.o
  CC      mm/vmalloc.o
  CC      fs/cifs/cifsfs.o
  CC      fs/debugfs/inode.o
  CC      arch/arm/mach-msm/socinfo.o
  CC      fs/debugfs/file.o
  CC      fs/cifs/cifssmb.o
  CC      fs/devpts/inode.o
  CC      fs/ecryptfs/dentry.o
  CC      fs/cifs/cifs_debug.o
  LD      arch/arm/kernel/built-in.o
  CC      arch/arm/mach-msm/sdio_tty.o
  CC      fs/ecryptfs/file.o
  CC      fs/cifs/connect.o
  CC      arch/arm/mach-msm/smd_tty.o
  LD      fs/devpts/devpts.o
  CC      arch/arm/mach-msm/smd_pkt.o
  LD      fs/devpts/built-in.o
  LD      fs/debugfs/debugfs.o
  CC      fs/ext2/balloc.o
  LD      fs/debugfs/built-in.o
  CC      kernel/sysctl.o
  CC      fs/ext3/balloc.o
  CC      fs/ext3/bitmap.o
  CC      fs/ext3/dir.o
  CC      fs/ext3/file.o
  CC      mm/pagewalk.o
  CC      fs/ecryptfs/inode.o
  CC      fs/cifs/dir.o
  CC      arch/arm/mach-msm/sdio_cmux.o
  CC      fs/ext3/fsync.o
  CC      arch/arm/mach-msm/msm_dsps.o
  CC      fs/ext3/ialloc.o
  CC      mm/pgtable-generic.o
  CC      fs/ext3/inode.o
  CC      arch/arm/mach-msm/sdio_ctl.o
  CC      fs/ext2/dir.o
  CC      mm/process_vm_access.o
  CC      fs/ext3/ioctl.o
  CC      mm/bounce.o
  CC      fs/ecryptfs/main.o
  CC      arch/arm/mach-msm/smd_rpcrouter.o
  CC      fs/cifs/file.o
  CC      kernel/sysctl_binary.o
  CC      fs/ext3/namei.o
  CC      arch/arm/mach-msm/smd_rpcrouter_device.o
  CC      fs/ecryptfs/super.o
  CC      fs/ext4/balloc.o
  CC      kernel/capability.o
  CC      fs/cifs/inode.o
  CC      fs/ext3/super.o
  CC      fs/ext2/file.o
  CC      mm/page_io.o
  CC      fs/ecryptfs/mmap.o
  CC      fs/ecryptfs/read_write.o
  CC      fs/ext2/ialloc.o
  CC      fs/ext2/inode.o
  CC      kernel/ptrace.o
  CC      mm/swap_state.o
  CC      fs/ecryptfs/crypto.o
  CC      kernel/timer.o
  CC      fs/ecryptfs/keystore.o
  CC      fs/ext4/bitmap.o
  CC      fs/ext2/ioctl.o
  CC      mm/swapfile.o
  CC      fs/cifs/link.o
  CC      fs/ext4/dir.o
  CC      fs/ext3/symlink.o
  CC      fs/ext2/namei.o
  CC      kernel/user.o
  CC      kernel/signal.o
  CC      fs/ext3/hash.o
  CC      kernel/sys.o
  CC      kernel/kmod.o
  CC      fs/ext3/resize.o
  CC      kernel/workqueue.o
  CC      fs/ext2/super.o
  CC      fs/ext2/xattr.o
  CC      fs/ecryptfs/messaging.o
  CC      fs/ext4/file.o
  CC      fs/cifs/misc.o
  CC      fs/ecryptfs/miscdev.o
  CC      fs/cifs/netmisc.o
  CC      arch/arm/mach-msm/smd_rpc_sym.o
  CC      fs/ecryptfs/kthread.o
  CC      kernel/pid.o
  CC      fs/ext4/fsync.o
  CC      fs/ecryptfs/debug.o
  CC      arch/arm/mach-msm/smd_rpcrouter_servers.o
  CC      arch/arm/mach-msm/smd_rpcrouter_clients.o
  CC      kernel/rcupdate.o
  CC      arch/arm/mach-msm/smd_rpcrouter_xdr.o
  CC      arch/arm/mach-msm/rpcrouter_smd_xprt.o
  LD      fs/ecryptfs/ecryptfs.o
  LD      fs/ext2/ext2.o
  CC      kernel/extable.o
  CC      mm/thrash.o
  CC      mm/dmapool.o
  LD      fs/ecryptfs/built-in.o
  CC      mm/slub.o
  LD      fs/ext2/built-in.o
  CC      fs/cifs/smbencrypt.o
  CC      fs/cifs/transport.o
  CC      fs/ext4/ialloc.o
  CC      fs/fat/dir.o
  CC      fs/cifs/asn1.o
  CC      fs/cifs/cifs_unicode.o
  CC      arch/arm/mach-msm/rpcrouter_sdio_xprt.o
  CC      arch/arm/mach-msm/ping_mdm_rpc_client.o
  CC      kernel/params.o
  CC      mm/migrate.o
  CC      kernel/posix-timers.o
  CC      fs/ext3/ext3_jbd.o
  CC      fs/ext3/xattr.o
  CC      fs/ext3/xattr_user.o
  CC      kernel/kthread.o
  CC      kernel/wait.o
  CC      arch/arm/mach-msm/ping_apps_server.o
  CC      arch/arm/mach-msm/oem_rapi_client.o
  CC      fs/cifs/xattr.o
  CC      fs/ext3/xattr_trusted.o
  CC      kernel/kfifo.o
  CC      arch/arm/mach-msm/dal.o
  CC      fs/cifs/cifsencrypt.o
  CC      fs/cifs/readdir.o
  CC      kernel/posix-cpu-timers.o
  CC      kernel/mutex.o
  CC      kernel/hrtimer.o
  CC      kernel/rwsem.o
  CC      arch/arm/mach-msm/msm_bus/msm_bus_core.o
  CC      arch/arm/mach-msm/msm_bus/msm_bus_fabric.o
  LD      fs/ext3/ext3.o
  CC      fs/cifs/ioctl.o
  CC      fs/ext4/inode.o
  LD      fs/ext3/built-in.o
  CC      fs/fat/fatent.o
  CC      kernel/nsproxy.o
  CC      fs/fuse/dev.o
  CC      arch/arm/mach-msm/qdsp6v2/audio_dev_ctl.o
  CC      kernel/srcu.o
  CC      arch/arm/mach-msm/msm_bus/msm_bus_config.o
  CC      kernel/semaphore.o
  CC      kernel/notifier.o
  CC      fs/cifs/sess.o
  CC      arch/arm/mach-msm/pm-boot.o
  CC      arch/arm/mach-msm/pm-8x60.o
  CC      kernel/ksysfs.o
  CC      fs/cifs/export.o
  CC      arch/arm/mach-msm/msm_bus/msm_bus_arb.o
  LD      mm/built-in.o
  CC      kernel/cred.o
  CC      arch/arm/mach-msm/pm-stats.o
arch/arm/mach-msm/pm-8x60.c: In function 'msm_pm_power_collapse_standalone':
arch/arm/mach-msm/pm-8x60.c:596:2: warning: implicit declaration of function 'avs_set_avscsr' [-Wimplicit-function-declaration]
arch/arm/mach-msm/pm-8x60.c:600:2: warning: implicit declaration of function 'avs_set_avsdscr' [-Wimplicit-function-declaration]
  CC      kernel/async.o
  CC      arch/arm/mach-msm/msm_bus/msm_bus_of.o
  CC      kernel/groups.o
  CC      kernel/events/core.o
  CC      fs/fat/file.o
  CC      kernel/irq/irqdesc.o
  CC      kernel/power/qos.o
  CC      arch/arm/mach-msm/spm.o
  CC      arch/arm/mach-msm/devices-msm8x60.o
  CC      arch/arm/mach-msm/msm_bus/msm_bus_rpm.o
  CC      arch/arm/mach-msm/qdsp6v2/board-msm8x60-audio.o
  CC      kernel/sched/core.o
  CC      arch/arm/mach-msm/clock-8x60.o
  CC      kernel/irq/handle.o
  CC      arch/arm/mach-msm/acpuclock-8x60.o
  CC      arch/arm/mach-msm/msm_bus/msm_bus_board_8660.o
  CC      kernel/time/timekeeping.o
  CC      kernel/trace/trace_clock.o
  CC      fs/fat/inode.o
  CC      kernel/power/main.o
  LD      fs/cifs/cifs.o
  LD      fs/cifs/built-in.o
  CC      fs/jbd/transaction.o
  CC      fs/jbd/commit.o
  CC      kernel/irq/manage.o
  CC      fs/fuse/dir.o
  CC      arch/arm/mach-msm/msm_bus/msm_bus_dbg.o
  CC      fs/fuse/file.o
  CC      kernel/trace/ring_buffer.o
  CC      arch/arm/mach-msm/qdsp6v2/snddev_icodec.o
  CC      kernel/trace/trace.o
  CC      kernel/power/console.o
  CC      arch/arm/mach-msm/saw-regulator.o
  CC      kernel/power/process.o
  CC      kernel/time/ntp.o
  CC      arch/arm/mach-msm/qdsp6v2/snddev_ecodec.o
  CC      arch/arm/mach-msm/footswitch-8x60.o
  LD      arch/arm/mach-msm/msm_bus/built-in.o
  CC      arch/arm/mach-msm/rpm-regulator.o
  CC      kernel/irq/spurious.o
  CC      fs/fat/misc.o
  CC      arch/arm/mach-msm/rpm-regulator-8660.o
  CC      kernel/time/clocksource.o
  CC      arch/arm/mach-msm/qdsp6v2/snddev_mi2s.o
  CC      fs/ext4/page-io.o
  CC      kernel/power/suspend.o
  CC      kernel/irq/resend.o
  CC      kernel/power/wakelock.o
  CC      fs/fuse/inode.o
  CC      arch/arm/mach-msm/subsystem_notif.o
  CC      fs/jbd/recovery.o
  CC      kernel/irq/chip.o
  CC      fs/fat/namei_vfat.o
  CC      arch/arm/mach-msm/qdsp6v2/snddev_virtual.o
  CC      kernel/time/jiffies.o
  CC      arch/arm/mach-msm/subsystem_restart.o
  CC      arch/arm/mach-msm/ramdump.o
  CC      fs/ext4/ioctl.o
  CC      kernel/power/userwakelock.o
  CC      arch/arm/mach-msm/qdsp6v2/pcm_out.o
  CC      kernel/time/timer_list.o
  CC      fs/jbd/checkpoint.o
  CC      kernel/trace/trace_output.o
  CC      arch/arm/mach-msm/modem-8660.o
  CC      arch/arm/mach-msm/lpass-8660.o
  CC      kernel/power/earlysuspend.o
  CC      kernel/power/fbearlysuspend.o
  CC      kernel/irq/dummychip.o
  CC      fs/fuse/control.o
  CC      arch/arm/mach-msm/qdsp6v2/pcm_in.o
  CC      fs/ext4/namei.o
  CC      kernel/irq/devres.o
  CC      fs/ext4/super.o
  CC      kernel/time/timecompare.o
  CC      kernel/time/timeconv.o
  CC      kernel/time/posix-clock.o
  LD      fs/fat/fat.o
  LD      fs/fat/vfat.o
  CC      arch/arm/mach-msm/sec_switch.o
  LD      fs/fat/built-in.o
  CC      kernel/events/ring_buffer.o
  CC      fs/jbd2/transaction.o
  CC      kernel/irq/autoprobe.o
  CC      kernel/time/clockevents.o
  LD      kernel/power/built-in.o
  CC      kernel/time/tick-common.o
  CC      kernel/freezer.o
  LD      fs/fuse/fuse.o
  LD      fs/fuse/built-in.o
  CC      kernel/trace/trace_stat.o
  CC      arch/arm/mach-msm/qdsp6v2/fm.o
  CC      fs/lockd/clntlock.o
  CC      fs/jbd/revoke.o
  CC      kernel/irq/irqdomain.o
  CC      arch/arm/mach-msm/sysmon.o
  CC      kernel/trace/trace_printk.o
  CC      kernel/events/callchain.o
  CC      kernel/time/tick-broadcast.o
  CC      kernel/time/tick-oneshot.o
  CC      kernel/time/tick-sched.o
  CC      kernel/trace/trace_sched_switch.o
  CC      arch/arm/mach-msm/qdsp6v2/audio_lpa.o
  CC      arch/arm/mach-msm/qdsp6v2/q6voice.o
  CC      arch/arm/mach-msm/qdsp6v2/snddev_hdmi.o
  CC      kernel/trace/trace_sched_wakeup.o
  CC      fs/jbd/journal.o
  CC      kernel/events/hw_breakpoint.o
  CC      kernel/irq/proc.o
  CC      kernel/trace/trace_nop.o
  CC      kernel/trace/blktrace.o
  CC      arch/arm/mach-msm/qdsp6v2/audio_mvs.o
  CC      kernel/trace/trace_events.o
  CC      fs/ext4/symlink.o
  CC      fs/lockd/clntproc.o
  CC      kernel/time/timer_stats.o
  CC      fs/lockd/clntxdr.o
  CC      kernel/trace/trace_export.o
  CC      kernel/irq/pm.o
  CC      fs/lockd/host.o
  CC      fs/jbd2/commit.o
  LD      kernel/events/built-in.o
  CC      kernel/profile.o
  CC      fs/ext4/hash.o
  LD      kernel/time/built-in.o
  CC      kernel/stacktrace.o
  LD      kernel/irq/built-in.o
  CC      arch/arm/mach-msm/qdsp6v2/lpa_if_hdmi.o
  CC      kernel/futex.o
  CC      kernel/sched/clock.o
  CC      kernel/sched/idle_task.o
  CC      arch/arm/mach-msm/qdsp6v2/apr.o
  CC      kernel/rtmutex.o
  CC      fs/lockd/svc.o
  CC      kernel/sched/fair.o
  CC      kernel/sched/rt.o
  CC      fs/lockd/svclock.o
  CC      kernel/trace/trace_event_perf.o
  CC      kernel/smp.o
  CC      fs/ext4/resize.o
  CC      fs/lockd/svcshare.o
  CC      fs/lockd/svcproc.o
  CC      arch/arm/mach-msm/qdsp6v2/apr_v1.o
  CC      kernel/trace/trace_events_filter.o
  CC      kernel/uid16.o
  LD      fs/jbd/jbd.o
  CC      kernel/module.o
  LD      fs/jbd/built-in.o
  CC      kernel/kallsyms.o
  CC      fs/jbd2/recovery.o
  CC      fs/lockd/svcsubs.o
  CC      fs/lockd/mon.o
  CC      arch/arm/mach-msm/qdsp6v2/apr_tal.o
  CC      fs/nfs/client.o
  CC      fs/lockd/xdr.o
  CC      fs/lockd/grace.o
  CC      kernel/cgroup.o
  CC      kernel/cgroup_freezer.o
  CC      fs/jbd2/checkpoint.o
  CC      arch/arm/mach-msm/cpuidle.o
  CC      arch/arm/mach-msm/qdsp6v2/q6core.o
  CC      arch/arm/mach-msm/msm_watchdog.o
  CC      fs/jbd2/revoke.o
  CC      arch/arm/mach-msm/board-msm8x60_dali.o
  CC      fs/lockd/clnt4xdr.o
  CC      fs/lockd/xdr4.o
  CC      fs/lockd/svc4proc.o
  CC      fs/jbd2/journal.o
  CC      fs/ext4/extents.o
  CC      kernel/trace/trace_kprobe.o
  CC      arch/arm/mach-msm/mdm.o
  CC      kernel/sched/stop_task.o
  CC      arch/arm/mach-msm/qdsp6v2/dsp_debug.o
arch/arm/mach-msm/board-msm8x60_dali.c: In function 'sec_jack_read_adc':
arch/arm/mach-msm/board-msm8x60_dali.c:6353:3: warning: implicit declaration of function 'pm8058_xoadc_clear_recentQ' [-Wimplicit-function-declaration]
arch/arm/mach-msm/board-msm8x60_dali.c: At top level:
arch/arm/mach-msm/board-msm8x60_dali.c:8884:45: error: 'scale_sec_settherm' undeclared here (not in a function)
arch/arm/mach-msm/board-msm8x60_dali.c:9680:3: error: 'msm_rpm_device' undeclared here (not in a function)
arch/arm/mach-msm/board-msm8x60_dali.c:9680:2: error: initializer element is not constant
arch/arm/mach-msm/board-msm8x60_dali.c:9680:2: error: (near initialization for 'surf_devices[41]')
arch/arm/mach-msm/board-msm8x60_dali.c:9717:15: error: variable 'cp_mm_ion_pdata' has initializer but incomplete type
arch/arm/mach-msm/board-msm8x60_dali.c:9718:2: error: unknown field 'permission_type' specified in initializer
arch/arm/mach-msm/board-msm8x60_dali.c:9718:2: warning: excess elements in struct initializer [enabled by default]
arch/arm/mach-msm/board-msm8x60_dali.c:9718:2: warning: (near initialization for 'cp_mm_ion_pdata') [enabled by default]
arch/arm/mach-msm/board-msm8x60_dali.c:9719:2: error: unknown field 'align' specified in initializer
arch/arm/mach-msm/board-msm8x60_dali.c:9719:2: warning: excess elements in struct initializer [enabled by default]
arch/arm/mach-msm/board-msm8x60_dali.c:9719:2: warning: (near initialization for 'cp_mm_ion_pdata') [enabled by default]
arch/arm/mach-msm/board-msm8x60_dali.c:9720:2: error: unknown field 'request_region' specified in initializer
arch/arm/mach-msm/board-msm8x60_dali.c:9720:2: warning: excess elements in struct initializer [enabled by default]
arch/arm/mach-msm/board-msm8x60_dali.c:9720:2: warning: (near initialization for 'cp_mm_ion_pdata') [enabled by default]
arch/arm/mach-msm/board-msm8x60_dali.c:9721:2: error: unknown field 'release_region' specified in initializer
arch/arm/mach-msm/board-msm8x60_dali.c:9721:2: warning: excess elements in struct initializer [enabled by default]
arch/arm/mach-msm/board-msm8x60_dali.c:9721:2: warning: (near initialization for 'cp_mm_ion_pdata') [enabled by default]
arch/arm/mach-msm/board-msm8x60_dali.c:9722:2: error: unknown field 'setup_region' specified in initializer
arch/arm/mach-msm/board-msm8x60_dali.c:9722:2: warning: excess elements in struct initializer [enabled by default]
arch/arm/mach-msm/board-msm8x60_dali.c:9722:2: warning: (near initialization for 'cp_mm_ion_pdata') [enabled by default]
arch/arm/mach-msm/board-msm8x60_dali.c:9723:2: error: unknown field 'iommu_map_all' specified in initializer
arch/arm/mach-msm/board-msm8x60_dali.c:9723:2: warning: excess elements in struct initializer [enabled by default]
arch/arm/mach-msm/board-msm8x60_dali.c:9723:2: warning: (near initialization for 'cp_mm_ion_pdata') [enabled by default]
arch/arm/mach-msm/board-msm8x60_dali.c:9724:2: error: unknown field 'iommu_2x_map_domain' specified in initializer
arch/arm/mach-msm/board-msm8x60_dali.c:9724:2: warning: excess elements in struct initializer [enabled by default]
arch/arm/mach-msm/board-msm8x60_dali.c:9724:2: warning: (near initialization for 'cp_mm_ion_pdata') [enabled by default]
arch/arm/mach-msm/board-msm8x60_dali.c:9727:15: error: variable 'cp_mfc_ion_pdata' has initializer but incomplete type
arch/arm/mach-msm/board-msm8x60_dali.c:9728:2: error: unknown field 'permission_type' specified in initializer
arch/arm/mach-msm/board-msm8x60_dali.c:9728:2: warning: excess elements in struct initializer [enabled by default]
arch/arm/mach-msm/board-msm8x60_dali.c:9728:2: warning: (near initialization for 'cp_mfc_ion_pdata') [enabled by default]
arch/arm/mach-msm/board-msm8x60_dali.c:9729:2: error: unknown field 'align' specified in initializer
arch/arm/mach-msm/board-msm8x60_dali.c:9729:2: warning: excess elements in struct initializer [enabled by default]
arch/arm/mach-msm/board-msm8x60_dali.c:9729:2: warning: (near initialization for 'cp_mfc_ion_pdata') [enabled by default]
arch/arm/mach-msm/board-msm8x60_dali.c:9730:2: error: unknown field 'request_region' specified in initializer
arch/arm/mach-msm/board-msm8x60_dali.c:9730:2: warning: excess elements in struct initializer [enabled by default]
arch/arm/mach-msm/board-msm8x60_dali.c:9730:2: warning: (near initialization for 'cp_mfc_ion_pdata') [enabled by default]
arch/arm/mach-msm/board-msm8x60_dali.c:9731:2: error: unknown field 'release_region' specified in initializer
arch/arm/mach-msm/board-msm8x60_dali.c:9731:2: warning: excess elements in struct initializer [enabled by default]
arch/arm/mach-msm/board-msm8x60_dali.c:9731:2: warning: (near initialization for 'cp_mfc_ion_pdata') [enabled by default]
arch/arm/mach-msm/board-msm8x60_dali.c:9732:2: error: unknown field 'setup_region' specified in initializer
arch/arm/mach-msm/board-msm8x60_dali.c:9732:2: warning: excess elements in struct initializer [enabled by default]
arch/arm/mach-msm/board-msm8x60_dali.c:9732:2: warning: (near initialization for 'cp_mfc_ion_pdata') [enabled by default]
arch/arm/mach-msm/board-msm8x60_dali.c:9735:15: error: variable 'cp_wb_ion_pdata' has initializer but incomplete type
arch/arm/mach-msm/board-msm8x60_dali.c:9736:2: error: unknown field 'permission_type' specified in initializer
arch/arm/mach-msm/board-msm8x60_dali.c:9736:2: warning: excess elements in struct initializer [enabled by default]
arch/arm/mach-msm/board-msm8x60_dali.c:9736:2: warning: (near initialization for 'cp_wb_ion_pdata') [enabled by default]
arch/arm/mach-msm/board-msm8x60_dali.c:9737:2: error: unknown field 'align' specified in initializer
arch/arm/mach-msm/board-msm8x60_dali.c:9737:2: warning: excess elements in struct initializer [enabled by default]
arch/arm/mach-msm/board-msm8x60_dali.c:9737:2: warning: (near initialization for 'cp_wb_ion_pdata') [enabled by default]
arch/arm/mach-msm/board-msm8x60_dali.c:9740:15: error: variable 'fw_co_ion_pdata' has initializer but incomplete type
arch/arm/mach-msm/board-msm8x60_dali.c:9741:2: error: unknown field 'adjacent_mem_id' specified in initializer
arch/arm/mach-msm/board-msm8x60_dali.c:9741:21: error: 'ION_CP_MM_HEAP_ID' undeclared here (not in a function)
arch/arm/mach-msm/board-msm8x60_dali.c:9741:2: warning: excess elements in struct initializer [enabled by default]
arch/arm/mach-msm/board-msm8x60_dali.c:9741:2: warning: (near initialization for 'fw_co_ion_pdata') [enabled by default]
arch/arm/mach-msm/board-msm8x60_dali.c:9742:2: error: unknown field 'align' specified in initializer
arch/arm/mach-msm/board-msm8x60_dali.c:9742:2: warning: excess elements in struct initializer [enabled by default]
arch/arm/mach-msm/board-msm8x60_dali.c:9742:2: warning: (near initialization for 'fw_co_ion_pdata') [enabled by default]
arch/arm/mach-msm/board-msm8x60_dali.c:9745:15: error: variable 'co_ion_pdata' has initializer but incomplete type
arch/arm/mach-msm/board-msm8x60_dali.c:9746:2: error: unknown field 'adjacent_mem_id' specified in initializer
arch/arm/mach-msm/board-msm8x60_dali.c:9746:21: error: 'INVALID_HEAP_ID' undeclared here (not in a function)
arch/arm/mach-msm/board-msm8x60_dali.c:9746:2: warning: excess elements in struct initializer [enabled by default]
arch/arm/mach-msm/board-msm8x60_dali.c:9746:2: warning: (near initialization for 'co_ion_pdata') [enabled by default]
arch/arm/mach-msm/board-msm8x60_dali.c:9747:2: error: unknown field 'align' specified in initializer
arch/arm/mach-msm/board-msm8x60_dali.c:9747:2: warning: excess elements in struct initializer [enabled by default]
arch/arm/mach-msm/board-msm8x60_dali.c:9747:2: warning: (near initialization for 'co_ion_pdata') [enabled by default]
arch/arm/mach-msm/board-msm8x60_dali.c:9764:2: warning: braces around scalar initializer [enabled by default]
arch/arm/mach-msm/board-msm8x60_dali.c:9764:2: warning: (near initialization for 'ion_pdata.heaps') [enabled by default]
arch/arm/mach-msm/board-msm8x60_dali.c:9765:3: warning: braces around scalar initializer [enabled by default]
arch/arm/mach-msm/board-msm8x60_dali.c:9765:3: warning: (near initialization for 'ion_pdata.heaps') [enabled by default]
arch/arm/mach-msm/board-msm8x60_dali.c:9766:4: error: field name not in record or union initializer
arch/arm/mach-msm/board-msm8x60_dali.c:9766:4: error: (near initialization for 'ion_pdata.heaps')
arch/arm/mach-msm/board-msm8x60_dali.c:9766:10: error: 'ION_SYSTEM_HEAP_ID' undeclared here (not in a function)
arch/arm/mach-msm/board-msm8x60_dali.c:9766:4: error: initializer element is not constant
arch/arm/mach-msm/board-msm8x60_dali.c:9766:4: error: (near initialization for 'ion_pdata.heaps')
arch/arm/mach-msm/board-msm8x60_dali.c:9767:4: error: field name not in record or union initializer
arch/arm/mach-msm/board-msm8x60_dali.c:9767:4: error: (near initialization for 'ion_pdata.heaps')
arch/arm/mach-msm/board-msm8x60_dali.c:9767:4: warning: excess elements in scalar initializer [enabled by default]
arch/arm/mach-msm/board-msm8x60_dali.c:9767:4: warning: (near initialization for 'ion_pdata.heaps') [enabled by default]
arch/arm/mach-msm/board-msm8x60_dali.c:9768:4: error: field name not in record or union initializer
arch/arm/mach-msm/board-msm8x60_dali.c:9768:4: error: (near initialization for 'ion_pdata.heaps')
arch/arm/mach-msm/board-msm8x60_dali.c:9768:12: error: 'ION_VMALLOC_HEAP_NAME' undeclared here (not in a function)
arch/arm/mach-msm/board-msm8x60_dali.c:9768:4: warning: excess elements in scalar initializer [enabled by default]
arch/arm/mach-msm/board-msm8x60_dali.c:9768:4: warning: (near initialization for 'ion_pdata.heaps') [enabled by default]
arch/arm/mach-msm/board-msm8x60_dali.c:9771:3: warning: braces around scalar initializer [enabled by default]
arch/arm/mach-msm/board-msm8x60_dali.c:9771:3: warning: (near initialization for 'ion_pdata.heaps') [enabled by default]
arch/arm/mach-msm/board-msm8x60_dali.c:9772:4: error: field name not in record or union initializer
arch/arm/mach-msm/board-msm8x60_dali.c:9772:4: error: (near initialization for 'ion_pdata.heaps')
arch/arm/mach-msm/board-msm8x60_dali.c:9772:4: error: initializer element is not constant
arch/arm/mach-msm/board-msm8x60_dali.c:9772:4: error: (near initialization for 'ion_pdata.heaps')
arch/arm/mach-msm/board-msm8x60_dali.c:9773:4: error: field name not in record or union initializer
arch/arm/mach-msm/board-msm8x60_dali.c:9773:4: error: (near initialization for 'ion_pdata.heaps')
arch/arm/mach-msm/board-msm8x60_dali.c:9773:12: error: 'ION_HEAP_TYPE_CP' undeclared here (not in a function)
arch/arm/mach-msm/board-msm8x60_dali.c:9773:4: warning: excess elements in scalar initializer [enabled by default]
arch/arm/mach-msm/board-msm8x60_dali.c:9773:4: warning: (near initialization for 'ion_pdata.heaps') [enabled by default]
arch/arm/mach-msm/board-msm8x60_dali.c:9774:4: error: field name not in record or union initializer
arch/arm/mach-msm/board-msm8x60_dali.c:9774:4: error: (near initialization for 'ion_pdata.heaps')
arch/arm/mach-msm/board-msm8x60_dali.c:9774:12: error: 'ION_MM_HEAP_NAME' undeclared here (not in a function)
arch/arm/mach-msm/board-msm8x60_dali.c:9774:4: warning: excess elements in scalar initializer [enabled by default]
arch/arm/mach-msm/board-msm8x60_dali.c:9774:4: warning: (near initialization for 'ion_pdata.heaps') [enabled by default]
arch/arm/mach-msm/board-msm8x60_dali.c:9775:4: error: field name not in record or union initializer
arch/arm/mach-msm/board-msm8x60_dali.c:9775:4: error: (near initialization for 'ion_pdata.heaps')
arch/arm/mach-msm/board-msm8x60_dali.c:9775:4: warning: excess elements in scalar initializer [enabled by default]
arch/arm/mach-msm/board-msm8x60_dali.c:9775:4: warning: (near initialization for 'ion_pdata.heaps') [enabled by default]
arch/arm/mach-msm/board-msm8x60_dali.c:9776:4: error: field name not in record or union initializer
arch/arm/mach-msm/board-msm8x60_dali.c:9776:4: error: (near initialization for 'ion_pdata.heaps')
arch/arm/mach-msm/board-msm8x60_dali.c:9776:4: warning: excess elements in scalar initializer [enabled by default]
arch/arm/mach-msm/board-msm8x60_dali.c:9776:4: warning: (near initialization for 'ion_pdata.heaps') [enabled by default]
arch/arm/mach-msm/board-msm8x60_dali.c:9777:4: error: field name not in record or union initializer
arch/arm/mach-msm/board-msm8x60_dali.c:9777:4: error: (near initialization for 'ion_pdata.heaps')
arch/arm/mach-msm/board-msm8x60_dali.c:9777:4: warning: excess elements in scalar initializer [enabled by default]
arch/arm/mach-msm/board-msm8x60_dali.c:9777:4: warning: (near initialization for 'ion_pdata.heaps') [enabled by default]
arch/arm/mach-msm/board-msm8x60_dali.c:9778:3: warning: excess elements in scalar initializer [enabled by default]
arch/arm/mach-msm/board-msm8x60_dali.c:9778:3: warning: (near initialization for 'ion_pdata.heaps') [enabled by default]
arch/arm/mach-msm/board-msm8x60_dali.c:9779:3: warning: braces around scalar initializer [enabled by default]
arch/arm/mach-msm/board-msm8x60_dali.c:9779:3: warning: (near initialization for 'ion_pdata.heaps') [enabled by default]
arch/arm/mach-msm/board-msm8x60_dali.c:9780:4: error: field name not in record or union initializer
arch/arm/mach-msm/board-msm8x60_dali.c:9780:4: error: (near initialization for 'ion_pdata.heaps')
arch/arm/mach-msm/board-msm8x60_dali.c:9780:10: error: 'ION_MM_FIRMWARE_HEAP_ID' undeclared here (not in a function)
arch/arm/mach-msm/board-msm8x60_dali.c:9780:4: error: initializer element is not constant
arch/arm/mach-msm/board-msm8x60_dali.c:9780:4: error: (near initialization for 'ion_pdata.heaps')
arch/arm/mach-msm/board-msm8x60_dali.c:9781:4: error: field name not in record or union initializer
arch/arm/mach-msm/board-msm8x60_dali.c:9781:4: error: (near initialization for 'ion_pdata.heaps')
arch/arm/mach-msm/board-msm8x60_dali.c:9781:4: warning: excess elements in scalar initializer [enabled by default]
arch/arm/mach-msm/board-msm8x60_dali.c:9781:4: warning: (near initialization for 'ion_pdata.heaps') [enabled by default]
arch/arm/mach-msm/board-msm8x60_dali.c:9782:4: error: field name not in record or union initializer
arch/arm/mach-msm/board-msm8x60_dali.c:9782:4: error: (near initialization for 'ion_pdata.heaps')
arch/arm/mach-msm/board-msm8x60_dali.c:9782:12: error: 'ION_MM_FIRMWARE_HEAP_NAME' undeclared here (not in a function)
arch/arm/mach-msm/board-msm8x60_dali.c:9782:4: warning: excess elements in scalar initializer [enabled by default]
arch/arm/mach-msm/board-msm8x60_dali.c:9782:4: warning: (near initialization for 'ion_pdata.heaps') [enabled by default]
arch/arm/mach-msm/board-msm8x60_dali.c:9783:4: error: field name not in record or union initializer
arch/arm/mach-msm/board-msm8x60_dali.c:9783:4: error: (near initialization for 'ion_pdata.heaps')
arch/arm/mach-msm/board-msm8x60_dali.c:9783:4: warning: excess elements in scalar initializer [enabled by default]
arch/arm/mach-msm/board-msm8x60_dali.c:9783:4: warning: (near initialization for 'ion_pdata.heaps') [enabled by default]
arch/arm/mach-msm/board-msm8x60_dali.c:9784:4: error: field name not in record or union initializer
arch/arm/mach-msm/board-msm8x60_dali.c:9784:4: error: (near initialization for 'ion_pdata.heaps')
arch/arm/mach-msm/board-msm8x60_dali.c:9784:4: warning: excess elements in scalar initializer [enabled by default]
arch/arm/mach-msm/board-msm8x60_dali.c:9784:4: warning: (near initialization for 'ion_pdata.heaps') [enabled by default]
arch/arm/mach-msm/board-msm8x60_dali.c:9785:4: error: field name not in record or union initializer
arch/arm/mach-msm/board-msm8x60_dali.c:9785:4: error: (near initialization for 'ion_pdata.heaps')
arch/arm/mach-msm/board-msm8x60_dali.c:9785:4: warning: excess elements in scalar initializer [enabled by default]
arch/arm/mach-msm/board-msm8x60_dali.c:9785:4: warning: (near initialization for 'ion_pdata.heaps') [enabled by default]
arch/arm/mach-msm/board-msm8x60_dali.c:9786:3: warning: excess elements in scalar initializer [enabled by default]
arch/arm/mach-msm/board-msm8x60_dali.c:9786:3: warning: (near initialization for 'ion_pdata.heaps') [enabled by default]
arch/arm/mach-msm/board-msm8x60_dali.c:9787:3: warning: braces around scalar initializer [enabled by default]
arch/arm/mach-msm/board-msm8x60_dali.c:9787:3: warning: (near initialization for 'ion_pdata.heaps') [enabled by default]
arch/arm/mach-msm/board-msm8x60_dali.c:9788:4: error: field name not in record or union initializer
arch/arm/mach-msm/board-msm8x60_dali.c:9788:4: error: (near initialization for 'ion_pdata.heaps')
arch/arm/mach-msm/board-msm8x60_dali.c:9788:10: error: 'ION_CP_MFC_HEAP_ID' undeclared here (not in a function)
arch/arm/mach-msm/board-msm8x60_dali.c:9788:4: error: initializer element is not constant
arch/arm/mach-msm/board-msm8x60_dali.c:9788:4: error: (near initialization for 'ion_pdata.heaps')
arch/arm/mach-msm/board-msm8x60_dali.c:9789:4: error: field name not in record or union initializer
arch/arm/mach-msm/board-msm8x60_dali.c:9789:4: error: (near initialization for 'ion_pdata.heaps')
arch/arm/mach-msm/board-msm8x60_dali.c:9789:4: warning: excess elements in scalar initializer [enabled by default]
arch/arm/mach-msm/board-msm8x60_dali.c:9789:4: warning: (near initialization for 'ion_pdata.heaps') [enabled by default]
arch/arm/mach-msm/board-msm8x60_dali.c:9790:4: error: field name not in record or union initializer
arch/arm/mach-msm/board-msm8x60_dali.c:9790:4: error: (near initialization for 'ion_pdata.heaps')
arch/arm/mach-msm/board-msm8x60_dali.c:9790:12: error: 'ION_MFC_HEAP_NAME' undeclared here (not in a function)
arch/arm/mach-msm/board-msm8x60_dali.c:9790:4: warning: excess elements in scalar initializer [enabled by default]
arch/arm/mach-msm/board-msm8x60_dali.c:9790:4: warning: (near initialization for 'ion_pdata.heaps') [enabled by default]
arch/arm/mach-msm/board-msm8x60_dali.c:9791:4: error: field name not in record or union initializer
arch/arm/mach-msm/board-msm8x60_dali.c:9791:4: error: (near initialization for 'ion_pdata.heaps')
arch/arm/mach-msm/board-msm8x60_dali.c:9791:4: warning: excess elements in scalar initializer [enabled by default]
arch/arm/mach-msm/board-msm8x60_dali.c:9791:4: warning: (near initialization for 'ion_pdata.heaps') [enabled by default]
arch/arm/mach-msm/board-msm8x60_dali.c:9792:4: error: field name not in record or union initializer
arch/arm/mach-msm/board-msm8x60_dali.c:9792:4: error: (near initialization for 'ion_pdata.heaps')
arch/arm/mach-msm/board-msm8x60_dali.c:9792:4: warning: excess elements in scalar initializer [enabled by default]
arch/arm/mach-msm/board-msm8x60_dali.c:9792:4: warning: (near initialization for 'ion_pdata.heaps') [enabled by default]
arch/arm/mach-msm/board-msm8x60_dali.c:9793:4: error: field name not in record or union initializer
arch/arm/mach-msm/board-msm8x60_dali.c:9793:4: error: (near initialization for 'ion_pdata.heaps')
arch/arm/mach-msm/board-msm8x60_dali.c:9793:4: warning: excess elements in scalar initializer [enabled by default]
arch/arm/mach-msm/board-msm8x60_dali.c:9793:4: warning: (near initialization for 'ion_pdata.heaps') [enabled by default]
arch/arm/mach-msm/board-msm8x60_dali.c:9794:3: warning: excess elements in scalar initializer [enabled by default]
arch/arm/mach-msm/board-msm8x60_dali.c:9794:3: warning: (near initialization for 'ion_pdata.heaps') [enabled by default]
arch/arm/mach-msm/board-msm8x60_dali.c:9795:3: warning: braces around scalar initializer [enabled by default]
arch/arm/mach-msm/board-msm8x60_dali.c:9795:3: warning: (near initialization for 'ion_pdata.heaps') [enabled by default]
arch/arm/mach-msm/board-msm8x60_dali.c:9796:4: error: field name not in record or union initializer
arch/arm/mach-msm/board-msm8x60_dali.c:9796:4: error: (near initialization for 'ion_pdata.heaps')
arch/arm/mach-msm/board-msm8x60_dali.c:9796:10: error: 'ION_SF_HEAP_ID' undeclared here (not in a function)
arch/arm/mach-msm/board-msm8x60_dali.c:9796:4: error: initializer element is not constant
arch/arm/mach-msm/board-msm8x60_dali.c:9796:4: error: (near initialization for 'ion_pdata.heaps')
arch/arm/mach-msm/board-msm8x60_dali.c:9797:4: error: field name not in record or union initializer
arch/arm/mach-msm/board-msm8x60_dali.c:9797:4: error: (near initialization for 'ion_pdata.heaps')
arch/arm/mach-msm/board-msm8x60_dali.c:9797:4: warning: excess elements in scalar initializer [enabled by default]
arch/arm/mach-msm/board-msm8x60_dali.c:9797:4: warning: (near initialization for 'ion_pdata.heaps') [enabled by default]
arch/arm/mach-msm/board-msm8x60_dali.c:9798:4: error: field name not in record or union initializer
arch/arm/mach-msm/board-msm8x60_dali.c:9798:4: error: (near initialization for 'ion_pdata.heaps')
arch/arm/mach-msm/board-msm8x60_dali.c:9798:12: error: 'ION_SF_HEAP_NAME' undeclared here (not in a function)
arch/arm/mach-msm/board-msm8x60_dali.c:9798:4: warning: excess elements in scalar initializer [enabled by default]
arch/arm/mach-msm/board-msm8x60_dali.c:9798:4: warning: (near initialization for 'ion_pdata.heaps') [enabled by default]
arch/arm/mach-msm/board-msm8x60_dali.c:9799:4: error: field name not in record or union initializer
arch/arm/mach-msm/board-msm8x60_dali.c:9799:4: error: (near initialization for 'ion_pdata.heaps')
arch/arm/mach-msm/board-msm8x60_dali.c:9799:4: warning: excess elements in scalar initializer [enabled by default]
arch/arm/mach-msm/board-msm8x60_dali.c:9799:4: warning: (near initialization for 'ion_pdata.heaps') [enabled by default]
arch/arm/mach-msm/board-msm8x60_dali.c:9800:4: error: field name not in record or union initializer
arch/arm/mach-msm/board-msm8x60_dali.c:9800:4: error: (near initialization for 'ion_pdata.heaps')
arch/arm/mach-msm/board-msm8x60_dali.c:9800:4: warning: excess elements in scalar initializer [enabled by default]
arch/arm/mach-msm/board-msm8x60_dali.c:9800:4: warning: (near initialization for 'ion_pdata.heaps') [enabled by default]
arch/arm/mach-msm/board-msm8x60_dali.c:9801:4: error: field name not in record or union initializer
arch/arm/mach-msm/board-msm8x60_dali.c:9801:4: error: (near initialization for 'ion_pdata.heaps')
arch/arm/mach-msm/board-msm8x60_dali.c:9801:4: warning: excess elements in scalar initializer [enabled by default]
arch/arm/mach-msm/board-msm8x60_dali.c:9801:4: warning: (near initialization for 'ion_pdata.heaps') [enabled by default]
arch/arm/mach-msm/board-msm8x60_dali.c:9802:3: warning: excess elements in scalar initializer [enabled by default]
arch/arm/mach-msm/board-msm8x60_dali.c:9802:3: warning: (near initialization for 'ion_pdata.heaps') [enabled by default]
arch/arm/mach-msm/board-msm8x60_dali.c:9803:3: warning: braces around scalar initializer [enabled by default]
arch/arm/mach-msm/board-msm8x60_dali.c:9803:3: warning: (near initialization for 'ion_pdata.heaps') [enabled by default]
arch/arm/mach-msm/board-msm8x60_dali.c:9804:4: error: field name not in record or union initializer
arch/arm/mach-msm/board-msm8x60_dali.c:9804:4: error: (near initialization for 'ion_pdata.heaps')
arch/arm/mach-msm/board-msm8x60_dali.c:9804:10: error: 'ION_CP_WB_HEAP_ID' undeclared here (not in a function)
arch/arm/mach-msm/board-msm8x60_dali.c:9804:4: error: initializer element is not constant
arch/arm/mach-msm/board-msm8x60_dali.c:9804:4: error: (near initialization for 'ion_pdata.heaps')
arch/arm/mach-msm/board-msm8x60_dali.c:9805:4: error: field name not in record or union initializer
arch/arm/mach-msm/board-msm8x60_dali.c:9805:4: error: (near initialization for 'ion_pdata.heaps')
arch/arm/mach-msm/board-msm8x60_dali.c:9805:4: warning: excess elements in scalar initializer [enabled by default]
arch/arm/mach-msm/board-msm8x60_dali.c:9805:4: warning: (near initialization for 'ion_pdata.heaps') [enabled by default]
arch/arm/mach-msm/board-msm8x60_dali.c:9806:4: error: field name not in record or union initializer
arch/arm/mach-msm/board-msm8x60_dali.c:9806:4: error: (near initialization for 'ion_pdata.heaps')
arch/arm/mach-msm/board-msm8x60_dali.c:9806:12: error: 'ION_WB_HEAP_NAME' undeclared here (not in a function)
arch/arm/mach-msm/board-msm8x60_dali.c:9806:4: warning: excess elements in scalar initializer [enabled by default]
arch/arm/mach-msm/board-msm8x60_dali.c:9806:4: warning: (near initialization for 'ion_pdata.heaps') [enabled by default]
arch/arm/mach-msm/board-msm8x60_dali.c:9807:4: error: field name not in record or union initializer
arch/arm/mach-msm/board-msm8x60_dali.c:9807:4: error: (near initialization for 'ion_pdata.heaps')
arch/arm/mach-msm/board-msm8x60_dali.c:9807:4: warning: excess elements in scalar initializer [enabled by default]
arch/arm/mach-msm/board-msm8x60_dali.c:9807:4: warning: (near initialization for 'ion_pdata.heaps') [enabled by default]
arch/arm/mach-msm/board-msm8x60_dali.c:9809:4: error: field name not in record or union initializer
arch/arm/mach-msm/board-msm8x60_dali.c:9809:4: error: (near initialization for 'ion_pdata.heaps')
arch/arm/mach-msm/board-msm8x60_dali.c:9809:19: error: 'ION_ADSP_TYPE' undeclared here (not in a function)
arch/arm/mach-msm/board-msm8x60_dali.c:9809:4: warning: excess elements in scalar initializer [enabled by default]
arch/arm/mach-msm/board-msm8x60_dali.c:9809:4: warning: (near initialization for 'ion_pdata.heaps') [enabled by default]
arch/arm/mach-msm/board-msm8x60_dali.c:9813:4: error: field name not in record or union initializer
arch/arm/mach-msm/board-msm8x60_dali.c:9813:4: error: (near initialization for 'ion_pdata.heaps')
arch/arm/mach-msm/board-msm8x60_dali.c:9813:4: warning: excess elements in scalar initializer [enabled by default]
arch/arm/mach-msm/board-msm8x60_dali.c:9813:4: warning: (near initialization for 'ion_pdata.heaps') [enabled by default]
arch/arm/mach-msm/board-msm8x60_dali.c:9814:3: warning: excess elements in scalar initializer [enabled by default]
arch/arm/mach-msm/board-msm8x60_dali.c:9814:3: warning: (near initialization for 'ion_pdata.heaps') [enabled by default]
arch/arm/mach-msm/board-msm8x60_dali.c:9815:3: warning: braces around scalar initializer [enabled by default]
arch/arm/mach-msm/board-msm8x60_dali.c:9815:3: warning: (near initialization for 'ion_pdata.heaps') [enabled by default]
arch/arm/mach-msm/board-msm8x60_dali.c:9816:4: error: field name not in record or union initializer
arch/arm/mach-msm/board-msm8x60_dali.c:9816:4: error: (near initialization for 'ion_pdata.heaps')
arch/arm/mach-msm/board-msm8x60_dali.c:9816:10: error: 'ION_CAMERA_HEAP_ID' undeclared here (not in a function)
arch/arm/mach-msm/board-msm8x60_dali.c:9816:4: error: initializer element is not constant
arch/arm/mach-msm/board-msm8x60_dali.c:9816:4: error: (near initialization for 'ion_pdata.heaps')
arch/arm/mach-msm/board-msm8x60_dali.c:9817:4: error: field name not in record or union initializer
arch/arm/mach-msm/board-msm8x60_dali.c:9817:4: error: (near initialization for 'ion_pdata.heaps')
arch/arm/mach-msm/board-msm8x60_dali.c:9817:4: warning: excess elements in scalar initializer [enabled by default]
arch/arm/mach-msm/board-msm8x60_dali.c:9817:4: warning: (near initialization for 'ion_pdata.heaps') [enabled by default]
arch/arm/mach-msm/board-msm8x60_dali.c:9818:4: error: field name not in record or union initializer
arch/arm/mach-msm/board-msm8x60_dali.c:9818:4: error: (near initialization for 'ion_pdata.heaps')
arch/arm/mach-msm/board-msm8x60_dali.c:9818:12: error: 'ION_CAMERA_HEAP_NAME' undeclared here (not in a function)
arch/arm/mach-msm/board-msm8x60_dali.c:9818:4: warning: excess elements in scalar initializer [enabled by default]
arch/arm/mach-msm/board-msm8x60_dali.c:9818:4: warning: (near initialization for 'ion_pdata.heaps') [enabled by default]
arch/arm/mach-msm/board-msm8x60_dali.c:9819:4: error: field name not in record or union initializer
arch/arm/mach-msm/board-msm8x60_dali.c:9819:4: error: (near initialization for 'ion_pdata.heaps')
arch/arm/mach-msm/board-msm8x60_dali.c:9819:4: warning: excess elements in scalar initializer [enabled by default]
arch/arm/mach-msm/board-msm8x60_dali.c:9819:4: warning: (near initialization for 'ion_pdata.heaps') [enabled by default]
arch/arm/mach-msm/board-msm8x60_dali.c:9821:4: error: field name not in record or union initializer
arch/arm/mach-msm/board-msm8x60_dali.c:9821:4: error: (near initialization for 'ion_pdata.heaps')
arch/arm/mach-msm/board-msm8x60_dali.c:9821:4: warning: excess elements in scalar initializer [enabled by default]
arch/arm/mach-msm/board-msm8x60_dali.c:9821:4: warning: (near initialization for 'ion_pdata.heaps') [enabled by default]
arch/arm/mach-msm/board-msm8x60_dali.c:9825:4: error: field name not in record or union initializer
arch/arm/mach-msm/board-msm8x60_dali.c:9825:4: error: (near initialization for 'ion_pdata.heaps')
arch/arm/mach-msm/board-msm8x60_dali.c:9825:4: warning: excess elements in scalar initializer [enabled by default]
arch/arm/mach-msm/board-msm8x60_dali.c:9825:4: warning: (near initialization for 'ion_pdata.heaps') [enabled by default]
arch/arm/mach-msm/board-msm8x60_dali.c:9826:3: warning: excess elements in scalar initializer [enabled by default]
arch/arm/mach-msm/board-msm8x60_dali.c:9826:3: warning: (near initialization for 'ion_pdata.heaps') [enabled by default]
arch/arm/mach-msm/board-msm8x60_dali.c:9837:3: warning: braces around scalar initializer [enabled by default]
arch/arm/mach-msm/board-msm8x60_dali.c:9837:3: warning: (near initialization for 'ion_pdata.heaps') [enabled by default]
arch/arm/mach-msm/board-msm8x60_dali.c:9838:4: error: field name not in record or union initializer
arch/arm/mach-msm/board-msm8x60_dali.c:9838:4: error: (near initialization for 'ion_pdata.heaps')
arch/arm/mach-msm/board-msm8x60_dali.c:9838:10: error: 'ION_AUDIO_HEAP_ID' undeclared here (not in a function)
arch/arm/mach-msm/board-msm8x60_dali.c:9838:4: error: initializer element is not constant
arch/arm/mach-msm/board-msm8x60_dali.c:9838:4: error: (near initialization for 'ion_pdata.heaps')
arch/arm/mach-msm/board-msm8x60_dali.c:9839:4: error: field name not in record or union initializer
arch/arm/mach-msm/board-msm8x60_dali.c:9839:4: error: (near initialization for 'ion_pdata.heaps')
arch/arm/mach-msm/board-msm8x60_dali.c:9839:4: warning: excess elements in scalar initializer [enabled by default]
arch/arm/mach-msm/board-msm8x60_dali.c:9839:4: warning: (near initialization for 'ion_pdata.heaps') [enabled by default]
arch/arm/mach-msm/board-msm8x60_dali.c:9840:4: error: field name not in record or union initializer
arch/arm/mach-msm/board-msm8x60_dali.c:9840:4: error: (near initialization for 'ion_pdata.heaps')
arch/arm/mach-msm/board-msm8x60_dali.c:9840:12: error: 'ION_AUDIO_HEAP_NAME' undeclared here (not in a function)
arch/arm/mach-msm/board-msm8x60_dali.c:9840:4: warning: excess elements in scalar initializer [enabled by default]
arch/arm/mach-msm/board-msm8x60_dali.c:9840:4: warning: (near initialization for 'ion_pdata.heaps') [enabled by default]
arch/arm/mach-msm/board-msm8x60_dali.c:9841:4: error: field name not in record or union initializer
arch/arm/mach-msm/board-msm8x60_dali.c:9841:4: error: (near initialization for 'ion_pdata.heaps')
arch/arm/mach-msm/board-msm8x60_dali.c:9841:4: warning: excess elements in scalar initializer [enabled by default]
arch/arm/mach-msm/board-msm8x60_dali.c:9841:4: warning: (near initialization for 'ion_pdata.heaps') [enabled by default]
arch/arm/mach-msm/board-msm8x60_dali.c:9842:4: error: field name not in record or union initializer
arch/arm/mach-msm/board-msm8x60_dali.c:9842:4: error: (near initialization for 'ion_pdata.heaps')
arch/arm/mach-msm/board-msm8x60_dali.c:9842:4: warning: excess elements in scalar initializer [enabled by default]
arch/arm/mach-msm/board-msm8x60_dali.c:9842:4: warning: (near initialization for 'ion_pdata.heaps') [enabled by default]
arch/arm/mach-msm/board-msm8x60_dali.c:9843:4: error: field name not in record or union initializer
arch/arm/mach-msm/board-msm8x60_dali.c:9843:4: error: (near initialization for 'ion_pdata.heaps')
arch/arm/mach-msm/board-msm8x60_dali.c:9843:4: warning: excess elements in scalar initializer [enabled by default]
arch/arm/mach-msm/board-msm8x60_dali.c:9843:4: warning: (near initialization for 'ion_pdata.heaps') [enabled by default]
arch/arm/mach-msm/board-msm8x60_dali.c:9844:3: warning: excess elements in scalar initializer [enabled by default]
arch/arm/mach-msm/board-msm8x60_dali.c:9844:3: warning: (near initialization for 'ion_pdata.heaps') [enabled by default]
arch/arm/mach-msm/board-msm8x60_dali.c:9877:3: error: 'MEMTYPE_PMEM_ADSP' undeclared here (not in a function)
arch/arm/mach-msm/board-msm8x60_dali.c:9877:2: error: array index in initializer not of integer type
arch/arm/mach-msm/board-msm8x60_dali.c:9877:2: error: (near initialization for 'msm8x60_reserve_table')
arch/arm/mach-msm/board-msm8x60_dali.c: In function 'reserve_ion_memory':
arch/arm/mach-msm/board-msm8x60_dali.c:9899:30: warning: comparison between pointer and integer [enabled by default]
arch/arm/mach-msm/board-msm8x60_dali.c:9912:38: warning: comparison between pointer and integer [enabled by default]
arch/arm/mach-msm/board-msm8x60_dali.c:9914:22: error: dereferencing pointer to incomplete type
arch/arm/mach-msm/board-msm8x60_dali.c:9914:22: error: request for member 'iommu_map_all' in something not a structure or union
arch/arm/mach-msm/board-msm8x60_dali.c:9913:18: warning: initialization makes integer from pointer without a cast [enabled by default]
arch/arm/mach-msm/board-msm8x60_dali.c:9933:23: error: array subscript is not an integer
arch/arm/mach-msm/board-msm8x60_dali.c:9933:42: error: request for member 'size' in something not a structure or union
arch/arm/mach-msm/board-msm8x60_dali.c:9933:2: warning: statement with no effect [-Wunused-value]
arch/arm/mach-msm/board-msm8x60_dali.c:9934:23: error: array subscript is not an integer
arch/arm/mach-msm/board-msm8x60_dali.c:9934:42: error: request for member 'size' in something not a structure or union
arch/arm/mach-msm/board-msm8x60_dali.c:9934:2: warning: statement with no effect [-Wunused-value]
  CC      kernel/trace/power-traces.o
arch/arm/mach-msm/board-msm8x60_dali.c: In function 'msm_sdcc_cfg_mpm_sdiowakeup':
arch/arm/mach-msm/board-msm8x60_dali.c:13406:19: error: storage size of 'pin' isn't known
arch/arm/mach-msm/board-msm8x60_dali.c:13413:9: error: 'MSM_MPM_PIN_SDC4_DAT1' undeclared (first use in this function)
arch/arm/mach-msm/board-msm8x60_dali.c:13413:9: note: each undeclared identifier is reported only once for each function it appears in
arch/arm/mach-msm/board-msm8x60_dali.c:13413:3: warning: statement with no effect [-Wunused-value]
arch/arm/mach-msm/board-msm8x60_dali.c:13419:3: warning: passing argument 1 of 'msm_mpm_enable_pin' makes integer from pointer without a cast [enabled by default]
arch/arm/mach-msm/include/mach/mpm.h:54:5: note: expected 'unsigned int' but argument is of type 'struct platform_device **'
arch/arm/mach-msm/board-msm8x60_dali.c:13422:3: warning: passing argument 1 of 'msm_mpm_set_pin_type' makes integer from pointer without a cast [enabled by default]
arch/arm/mach-msm/include/mach/mpm.h:81:5: note: expected 'unsigned int' but argument is of type 'struct platform_device **'
arch/arm/mach-msm/board-msm8x60_dali.c:13423:3: warning: passing argument 1 of 'msm_mpm_enable_pin' makes integer from pointer without a cast [enabled by default]
arch/arm/mach-msm/include/mach/mpm.h:54:5: note: expected 'unsigned int' but argument is of type 'struct platform_device **'
arch/arm/mach-msm/board-msm8x60_dali.c:13426:3: warning: passing argument 1 of 'msm_mpm_set_pin_wake' makes integer from pointer without a cast [enabled by default]
arch/arm/mach-msm/include/mach/mpm.h:68:5: note: expected 'unsigned int' but argument is of type 'struct platform_device **'
arch/arm/mach-msm/board-msm8x60_dali.c:13429:3: warning: passing argument 1 of 'msm_mpm_set_pin_wake' makes integer from pointer without a cast [enabled by default]
arch/arm/mach-msm/include/mach/mpm.h:68:5: note: expected 'unsigned int' but argument is of type 'struct platform_device **'
arch/arm/mach-msm/board-msm8x60_dali.c:13406:19: warning: unused variable 'pin' [-Wunused-variable]
arch/arm/mach-msm/board-msm8x60_dali.c: At top level:
arch/arm/mach-msm/board-msm8x60_dali.c:13453:2: error: unknown field 'pclk_src_dfab' specified in initializer
arch/arm/mach-msm/board-msm8x60_dali.c:13468:2: error: unknown field 'pclk_src_dfab' specified in initializer
arch/arm/mach-msm/board-msm8x60_dali.c:13493:2: error: unknown field 'pclk_src_dfab' specified in initializer
arch/arm/mach-msm/board-msm8x60_dali.c:13507:2: error: unknown field 'pclk_src_dfab' specified in initializer
arch/arm/mach-msm/board-msm8x60_dali.c:13508:2: error: unknown field 'cfg_mpm_sdiowakeup' specified in initializer
arch/arm/mach-msm/board-msm8x60_dali.c:13508:2: warning: initialization makes integer from pointer without a cast [enabled by default]
arch/arm/mach-msm/board-msm8x60_dali.c:13508:2: warning: (near initialization for 'msm8x60_sdc4_data.wpswitch_gpio') [enabled by default]
arch/arm/mach-msm/board-msm8x60_dali.c:13523:2: error: unknown field 'pclk_src_dfab' specified in initializer
arch/arm/mach-msm/board-msm8x60_dali.c:16720:13: error: invalid operands to binary << (have 'long unsigned int' and 'struct platform_device **')
arch/arm/mach-msm/board-msm8x60_dali.c:16720:2: error: initializer element is not constant
arch/arm/mach-msm/board-msm8x60_dali.c:16720:2: error: (near initialization for 'mdp_pdata.mem_hid')
arch/arm/mach-msm/board-msm8x60_dali.c:17373:2: error: unknown field 'irq_vmpm' specified in initializer
arch/arm/mach-msm/board-msm8x60_dali.c:17374:2: error: unknown field 'msm_apps_ipc_rpm_reg' specified in initializer
arch/arm/mach-msm/board-msm8x60_dali.c:17375:2: error: unknown field 'msm_apps_ipc_rpm_val' specified in initializer
arch/arm/mach-msm/board-msm8x60_dali.c: In function 'msm8x60_init':
arch/arm/mach-msm/board-msm8x60_dali.c:17539:2: warning: passing argument 1 of 'msm_rpmrs_levels_init' from incompatible pointer type [enabled by default]
arch/arm/mach-msm/rpm_resources.h:142:5: note: expected 'struct msm_rpmrs_platform_data *' but argument is of type 'struct msm_rpmrs_level *'
arch/arm/mach-msm/board-msm8x60_dali.c:17539:2: error: too many arguments to function 'msm_rpmrs_levels_init'
arch/arm/mach-msm/rpm_resources.h:142:5: note: declared here
arch/arm/mach-msm/board-msm8x60_dali.c:17605:3: warning: implicit declaration of function 'acpuclk_init' [-Wimplicit-function-declaration]
arch/arm/mach-msm/board-msm8x60_dali.c:17605:17: error: 'acpuclk_8x60_soc_data' undeclared (first use in this function)
arch/arm/mach-msm/board-msm8x60_dali.c:17809:2: warning: implicit declaration of function 'msm_cpuidle_set_states' [-Wimplicit-function-declaration]
  CC      kernel/trace/rpm-traces.o
make[1]: *** [arch/arm/mach-msm/board-msm8x60_dali.o] 오류 1
make[1]: *** 끝나지 않은 작업을 기다리고 있습니다....
  CC      arch/arm/mach-msm/qdsp6v2/audio_acdb.o
  CC      kernel/sched/sched_avg.o
  CC      arch/arm/mach-msm/qdsp6v2/aac_in.o
  GZIP    kernel/config_data.gz
  CC      fs/ext4/ext4_jbd2.o
  LD      fs/lockd/lockd.o
  CC      fs/ext4/migrate.o
  CC      kernel/res_counter.o
  LD      fs/lockd/built-in.o
  CC      fs/nfs_common/nfsacl.o
  CC      kernel/sched/cpupri.o
  CC      fs/nfs/dir.o
  CC      fs/nfs/file.o
  LD      kernel/sched/built-in.o
  CC      kernel/stop_machine.o
  CC      kernel/kprobes.o
  CC      fs/ext4/mballoc.o
  CC      arch/arm/mach-msm/qdsp6v2/qcelp_in.o
  CC      arch/arm/mach-msm/qdsp6v2/evrc_in.o
  LD      fs/nfs_common/nfs_acl.o
  LD      fs/nfs_common/built-in.o
  CC      fs/ext4/block_validity.o
  CC      fs/nls/nls_base.o
  CC      fs/nls/nls_cp437.o
  CC      kernel/rcutree.o
  CC      fs/notify/fsnotify.o
  LD      kernel/trace/built-in.o
  CC      fs/notify/notification.o
  CC      kernel/utsname_sysctl.o
  CC      arch/arm/mach-msm/qdsp6v2/amrnb_in.o
  CC      fs/nls/nls_ascii.o
  CC      arch/arm/mach-msm/qdsp6v2/audio_utils.o
  CC      fs/ext4/move_extent.o
  CC      fs/nls/nls_iso8859-1.o
  CC      fs/ext4/mmp.o
  CC      fs/nfs/getroot.o
  CC      fs/nls/nls_utf8.o
  CC      fs/notify/group.o
  CC      arch/arm/mach-msm/qdsp6v2/audio_wma.o
  LD      fs/nls/built-in.o
  CC      fs/notify/inode_mark.o
  CC      kernel/tracepoint.o
  CC      fs/proc/task_mmu.o
  CC      kernel/elfcore.o
  CC      fs/notify/mark.o
  CC      arch/arm/mach-msm/qdsp6v2/audio_wmapro.o
  CC      fs/ext4/indirect.o
  CC      fs/ext4/xattr.o
  CC      kernel/cpu_pm.o
  CC      fs/nfs/inode.o
  CHK     kernel/config_data.h
  CC      fs/ext4/xattr_user.o
  UPD     kernel/config_data.h
  CC      kernel/configs.o
  LD      fs/jbd2/jbd2.o
  LD      fs/jbd2/built-in.o
  CC      fs/ext4/xattr_trusted.o
  CC      fs/ramfs/inode.o
  CC      fs/sysfs/inode.o
  CC      arch/arm/mach-msm/qdsp6v2/audio_aac.o
  CC      arch/arm/mach-msm/qdsp6v2/audio_multi_aac.o
  CC      arch/arm/mach-msm/qdsp6v2/audio_utils_aio.o
  CC      fs/notify/vfsmount_mark.o
  CC      arch/arm/mach-msm/qdsp6v2/rtac.o
  CC      fs/ext4/acl.o
  CC      fs/proc/inode.o
  CC      fs/ext4/xattr_security.o
  LD      fs/ramfs/ramfs.o
  LD      fs/ramfs/built-in.o
  CC      fs/eventpoll.o
  CC      arch/arm/mach-msm/qdsp6v2/q6audio_v1.o
  CC      fs/sysfs/file.o
  CC      arch/arm/mach-msm/qdsp6v2/q6audio_v1_aio.o
  CC      arch/arm/mach-msm/qdsp6v2/audio_mp3.o
  CC      fs/notify/dnotify/dnotify.o
  LD      kernel/built-in.o
  CC      fs/nfs/super.o
  CC      arch/arm/mach-msm/qdsp6v2/audio_amrnb.o
  CC      arch/arm/mach-msm/qdsp6v2/audio_amrwb.o
  CC      arch/arm/mach-msm/qdsp6v2/audio_amrwbplus.o
  CC      fs/proc/root.o
  CC      fs/proc/base.o
  CC      fs/proc/generic.o
  CC      fs/nfs/nfs2xdr.o
  LD      fs/notify/dnotify/built-in.o
  CC      fs/notify/inotify/inotify_fsnotify.o
  CC      fs/notify/inotify/inotify_user.o
  CC      arch/arm/mach-msm/qdsp6v2/audio_evrc.o
  CC      fs/sysfs/dir.o
  CC      arch/arm/mach-msm/qdsp6v2/audio_qcelp.o
  CC      arch/arm/mach-msm/qdsp6v2/amrwb_in.o
  CC      fs/proc/array.o
  CC      fs/sysfs/symlink.o
  CC      fs/nfs/direct.o
  CC      fs/anon_inodes.o
  CC      fs/signalfd.o
  CC      fs/nfs/pagelist.o
  CC      fs/nfs/proc.o
  CC      fs/sysfs/mount.o
  LD      arch/arm/mach-msm/qdsp6v2/built-in.o
  CC      fs/nfs/read.o
make: *** [arch/arm/mach-msm] 오류 2
  CC      fs/nfs/symlink.o
  LD      fs/notify/inotify/built-in.o
  CC      fs/nfs/unlink.o
  LD      fs/notify/built-in.o
  CC      fs/proc/proc_tty.o
  CC      fs/timerfd.o
  CC      fs/nfs/write.o
  CC      fs/eventfd.o
  CC      fs/nfs/namespace.o
  CC      fs/sysfs/bin.o
  CC      fs/sysfs/group.o
  CC      fs/aio.o
  CC      fs/nfs/mount_clnt.o
  CC      fs/nfs/dns_resolve.o
  CC      fs/nfs/cache_lib.o
  CC      fs/nfs/nfs3proc.o
  CC      fs/nfs/nfs3xdr.o
  CC      fs/locks.o
  LD      fs/sysfs/built-in.o
  CC      fs/binfmt_script.o
  CC      fs/nfs/nfs3acl.o
  CC      fs/proc/loadavg.o
  CC      fs/binfmt_elf.o
  CC      fs/nfs/nfs4proc.o
  LD      fs/ext4/ext4.o
  CC      fs/nfs/nfs4xdr.o
  CC      fs/nfs/nfs4state.o
  LD      fs/ext4/built-in.o
  CC      fs/mbcache.o
  CC      fs/nfs/nfs4renewd.o
  CC      fs/posix_acl.o
  CC      fs/proc/meminfo.o
  CC      fs/proc/stat.o
  CC      fs/nfs/delegation.o
  CC      fs/proc/uptime.o
  CC      fs/proc/version.o
  CC      fs/dcookies.o
  CC      fs/nfs/idmap.o
  CC      fs/nfs/callback.o
  CC      fs/nfs/callback_xdr.o
  CC      fs/nfs/callback_proc.o
  CC      fs/nfs/nfs4namespace.o
  CC      fs/proc/softirqs.o
  CC      fs/proc/namespaces.o
  CC      fs/proc/proc_sysctl.o
  CC      fs/proc/proc_net.o
  CC      fs/proc/kmsg.o
  CC      fs/proc/page.o
  CC      fs/nfs/sysctl.o
  LD      fs/proc/proc.o
  LD      fs/proc/built-in.o
  LD      fs/nfs/nfs.o
  LD      fs/nfs/built-in.o
  LD      fs/built-in.o
