Script started on 2014년 04월 27일 (일) 오전 01시 15분 09초
scripts/kconfig/conf --silentoldconfig Kconfig
  CHK     include/linux/version.h
  CHK     include/generated/utsrelease.h
  UPD     include/generated/utsrelease.h
make[1]: `include/generated/mach-types.h'는 이미 갱신되었습니다.
  CALL    scripts/checksyscalls.sh
  CC      init/main.o
  CHK     include/generated/compile.h
  CC      init/do_mounts.o
  CC      init/version.o
  CC      drivers/bluetooth/hci_ldisc.o
  CC      drivers/char/mem.o
  CC      arch/arm/mm/mmap.o
  CC      security/keys/key.o
  CC      net/socket.o
  LD      arch/arm/mm/built-in.o
  CC      arch/arm/kernel/irq.o
  CC      crypto/api.o
  CC      drivers/char/random.o
  LD      security/keys/built-in.o
  CC      mm/swapfile.o
  CC      arch/arm/kernel/process.o
  CC      drivers/bluetooth/hci_h4.o
  CC      drivers/bluetooth/hci_ibs.o
drivers/char/random.c:703:6: error: conflicting types for 'add_interrupt_randomness'
include/linux/random.h:54:13: note: previous declaration of 'add_interrupt_randomness' was here
drivers/char/random.c:1334:19: error: static declaration of 'random_int_secret_init' follows non-static declaration
include/linux/random.h:59:12: note: previous declaration of 'random_int_secret_init' was here
make[2]: *** [drivers/char/random.o] 오류 1
make[1]: *** [drivers/char] 오류 2
make[1]: *** 끝나지 않은 작업을 기다리고 있습니다....
  LD      init/mounts.o
  CC      kernel/fork.o
  LD      init/built-in.o
  CC      net/ethernet/eth.o
  CC      net/bluetooth/af_bluetooth.o
  CC      fs/cifs/cifsfs.o
  CC      security/selinux/avc.o
  CC      net/core/sock.o
  CC      net/core/request_sock.o
  CC      lib/random32.o
  CC      crypto/cipher.o
  CC      drivers/bluetooth/bluesleep_bcm.o
  CC      lib/uuid.o
  CC      arch/arm/kernel/signal.o
  CC      lib/nlattr.o
drivers/bluetooth/bluesleep_bcm.c: In function 'bluesleep_sleep_wakeup_wq':
drivers/bluetooth/bluesleep_bcm.c:223:8: warning: unused variable 'ret' [-Wunused-variable]
drivers/bluetooth/bluesleep_bcm.c: In function 'bluesleep_start_wq':
drivers/bluetooth/bluesleep_bcm.c:483:6: warning: unused variable 'ret' [-Wunused-variable]
  CC      crypto/compress.o
  CC      arch/arm/mach-msm/sec_switch.o
  CC      security/commoncap.o
  LD      net/ethernet/built-in.o
  CC      net/core/skbuff.o
  CC      arch/arm/kernel/init_task.o
  CC      net/ipv4/route.o
  CC      security/selinux/hooks.o
  CC      net/core/iovec.o
  CC      fs/cifs/cifssmb.o
  CC      crypto/algapi.o
  CC      net/bluetooth/hci_core.o
  CC      net/ipv6/af_inet6.o
  CC      arch/arm/mach-msm/board-msm8x60_dali.o
  LD      drivers/bluetooth/hci_uart.o
  LD      drivers/bluetooth/built-in.o
make: *** [drivers] 오류 2
make: *** 끝나지 않은 작업을 기다리고 있습니다....
  CC      net/ipv6/anycast.o
  CC      lib/kobject_uevent.o
  LD      mm/built-in.o
  LD      arch/arm/kernel/built-in.o
  CC      net/ipv6/ip6_output.o
  CC      net/ipv6/ip6_input.o
  CC      net/ipv6/addrconf.o
arch/arm/mach-msm/board-msm8x60_dali.c:4881:2: warning: initialization from incompatible pointer type [enabled by default]
arch/arm/mach-msm/board-msm8x60_dali.c:4881:2: warning: (near initialization for 'fsa9480_pdata.otg_cb') [enabled by default]
arch/arm/mach-msm/board-msm8x60_dali.c:4882:2: warning: initialization from incompatible pointer type [enabled by default]
arch/arm/mach-msm/board-msm8x60_dali.c:4882:2: warning: (near initialization for 'fsa9480_pdata.usb_cb') [enabled by default]
arch/arm/mach-msm/board-msm8x60_dali.c:4883:2: warning: initialization from incompatible pointer type [enabled by default]
arch/arm/mach-msm/board-msm8x60_dali.c:4883:2: warning: (near initialization for 'fsa9480_pdata.charger_cb') [enabled by default]
arch/arm/mach-msm/board-msm8x60_dali.c:4884:2: warning: initialization from incompatible pointer type [enabled by default]
arch/arm/mach-msm/board-msm8x60_dali.c:4884:2: warning: (near initialization for 'fsa9480_pdata.jig_cb') [enabled by default]
arch/arm/mach-msm/board-msm8x60_dali.c:4885:2: warning: initialization from incompatible pointer type [enabled by default]
arch/arm/mach-msm/board-msm8x60_dali.c:4885:2: warning: (near initialization for 'fsa9480_pdata.deskdock_cb') [enabled by default]
arch/arm/mach-msm/board-msm8x60_dali.c:4886:2: warning: initialization from incompatible pointer type [enabled by default]
arch/arm/mach-msm/board-msm8x60_dali.c:4886:2: warning: (near initialization for 'fsa9480_pdata.cardock_cb') [enabled by default]
arch/arm/mach-msm/board-msm8x60_dali.c:4889:2: warning: initialization from incompatible pointer type [enabled by default]
arch/arm/mach-msm/board-msm8x60_dali.c:4889:2: warning: (near initialization for 'fsa9480_pdata.mhl_cb') [enabled by default]
  CC      kernel/panic.o
  CC      net/core/datagram.o
  CC      net/ipv6/addrlabel.o
  CC      lib/vsprintf.o
  CC      kernel/exit.o
  CC      crypto/scatterwalk.o
  CC      net/core/stream.o
  CC      net/ipv6/route.o
  CC      net/ipv6/ip6_fib.o
  CC      crypto/proc.o
  CC      net/ipv6/ipv6_sockglue.o
  CC      net/core/scm.o
  CC      net/core/gen_stats.o
  CC      crypto/ablkcipher.o
  CC      net/bluetooth/hci_conn.o
  CC      net/core/gen_estimator.o
  CC      net/ipv4/inetpeer.o
  LD      lib/built-in.o
  AR      lib/lib.a
  CC      net/ipv4/protocol.o
  CC      net/ipv6/ndisc.o
  CC      net/core/net_namespace.o
  CC      net/core/secure_seq.o
  CC      net/bluetooth/hci_event.o
  CC      kernel/sysctl.o
  LD      arch/arm/mach-msm/built-in.o
  CC      kernel/sysctl_binary.o
  CC      security/selinux/selinuxfs.o
  CC      net/key/af_key.o
  CC      crypto/blkcipher.o
  CC      security/lsm_audit.o
  CC      net/netlink/af_netlink.o
  CC      net/ipv4/ip_input.o
  CC      net/core/flow_dissector.o
  CC      net/netfilter/core.o
  CC      fs/cifs/cifs_debug.o
  CC      net/packet/af_packet.o
  CC      net/ipv6/udp.o
  CC      net/ipv6/udplite.o
  CC      net/bluetooth/mgmt.o
  CC      net/bluetooth/hci_sock.o
  CC      crypto/ahash.o
  CC      kernel/signal.o
  CC      net/ipv4/ip_fragment.o
  CC      net/core/sysctl_net_core.o
  CC      net/ipv4/ip_forward.o
  CC      security/selinux/netlink.o
  CC      net/netfilter/nf_log.o
  CC      fs/cifs/connect.o
  CC      net/ipv4/ip_options.o
  CC      security/selinux/nlmsgtab.o
  CC      net/core/dev.o
  CC      crypto/shash.o
  CC      net/ipv4/ip_output.o
  CC      net/bluetooth/hci_sysfs.o
  CC      security/selinux/netif.o
  CC      net/netfilter/nf_queue.o
  CC      net/ipv4/ip_sockglue.o
  CC      net/netlink/genetlink.o
  LD      net/key/built-in.o
  CC      net/ipv4/inet_hashtables.o
  CC      net/bluetooth/l2cap_core.o
  CC      crypto/algboss.o
  CC      net/ipv6/raw.o
  CC      security/selinux/netnode.o
  CC      net/bluetooth/l2cap_sock.o
  LD      net/packet/built-in.o
  CC      net/phonet/pn_dev.o
  CC      net/netfilter/nf_sockopt.o
  CC      crypto/testmgr.o
  CC      net/phonet/pn_netlink.o
  LD      net/netlink/built-in.o
  CC      security/selinux/netport.o
  CC      net/ipv4/inet_timewait_sock.o
  CC      net/sched/sch_generic.o
  CC      kernel/sys.o
  CC      net/ipv4/inet_connection_sock.o
  CC      net/ipv4/tcp.o
  CC      net/phonet/socket.o
  CC      net/netfilter/nf_conntrack_core.o
  CC      crypto/crypto_wq.o
  LD      crypto/crypto_algapi.o
  CC      net/sched/sch_mq.o
  CC      security/selinux/ss/ebitmap.o
  CC      net/bluetooth/smp.o
  CC      crypto/aead.o
  CC      net/ipv6/protocol.o
  CC      fs/cifs/dir.o
  CC      net/ipv4/tcp_input.o
  CC      net/bluetooth/sco.o
  CC      net/sched/sch_api.o
  CC      net/phonet/datagram.o
  CC      net/netfilter/nf_conntrack_standalone.o
  CC      security/selinux/ss/sidtab.o
  CC      net/ipv4/tcp_output.o
  CC      net/ipv6/icmp.o
  CC      kernel/pid.o
  CC      fs/cifs/file.o
  LD      crypto/crypto_blkcipher.o
  CC      crypto/chainiv.o
  CC      net/bluetooth/lib.o
  CC      net/phonet/af_phonet.o
  CC      crypto/eseqiv.o
  CC      security/selinux/ss/avtab.o
  CC      security/selinux/ss/policydb.o
  CC      net/netfilter/nf_conntrack_expect.o
  CC      net/bluetooth/amp.o
  CC      kernel/nsproxy.o
  CC      net/core/ethtool.o
  CC      net/ipv4/tcp_timer.o
  LD      crypto/crypto_hash.o
  CC      crypto/pcompress.o
  CC      net/ipv6/mcast.o
  CC      net/phonet/pep.o
  CC      kernel/cred.o
  CC      net/sched/sch_blackhole.o
  CC      net/phonet/pep-gprs.o
  CC      net/ipv4/tcp_ipv4.o
  LD      crypto/cryptomgr.o
  CC      crypto/hmac.o
  CC      net/netfilter/nf_conntrack_helper.o
  CC      net/sched/cls_api.o
  CC      net/netfilter/nf_conntrack_proto.o
  CC      net/ipv4/tcp_minisocks.o
  CC      net/ipv4/tcp_cong.o
  CC      crypto/xcbc.o
  CC      kernel/irq/handle.o
  CC      net/core/dev_addr_lists.o
kernel/irq/handle.c: In function 'handle_irq_event_percpu':
kernel/irq/handle.c:182:3: error: too few arguments to function 'add_interrupt_randomness'
include/linux/random.h:54:13: note: declared here
make[2]: *** [kernel/irq/handle.o] 오류 1
make[1]: *** [kernel/irq] 오류 2
make: *** [kernel] 오류 2
  CC      net/core/dst.o
  LD      net/phonet/phonet.o
  LD      net/phonet/pn_pep.o
  LD      net/phonet/built-in.o
  CC      crypto/crypto_null.o
  CC      fs/cifs/inode.o
  CC      net/sunrpc/clnt.o
  CC      net/netfilter/nf_conntrack_l3proto_generic.o
  CC      net/bluetooth/bnep/core.o
  CC      net/bluetooth/bnep/sock.o
  CC      crypto/md4.o
  CC      net/sched/act_api.o
  CC      security/selinux/ss/services.o
  CC      security/selinux/ss/conditional.o
  CC      security/selinux/ss/mls.o
  CC      net/core/netevent.o
  CC      net/bluetooth/hidp/core.o
  CC      crypto/md5.o
  CC      net/core/neighbour.o
  CC      net/bluetooth/bnep/netdev.o
  CC      net/netfilter/nf_conntrack_proto_generic.o
  CC      net/ipv4/datagram.o
  CC      net/ipv6/reassembly.o
  CC      crypto/sha1_generic.o
  CC      net/ipv6/tcp_ipv6.o
  CC      net/ipv4/raw.o
  CC      net/netfilter/nf_conntrack_proto_tcp.o
  CC      net/core/rtnetlink.o
  CC      net/core/utils.o
  CC      security/selinux/ss/status.o
  LD      net/bluetooth/bnep/bnep.o
  LD      net/bluetooth/bnep/built-in.o
  CC      net/bluetooth/rfcomm/core.o
  CC      crypto/sha256_generic.o
  CC      net/sched/act_police.o
  CC      net/sunrpc/xprt.o
  CC      net/ipv4/udp.o
  CC      fs/cifs/link.o
  CC      net/sunrpc/socklib.o
  CC      net/bluetooth/hidp/sock.o
  CC      net/core/link_watch.o
  CC      net/ipv6/ping.o
  CC      net/sched/act_gact.o
  LD      security/selinux/selinux.o
  LD      security/selinux/built-in.o
  CC      net/sched/act_mirred.o
  LD      security/built-in.o
  CC      fs/cifs/misc.o
  CC      crypto/ecb.o
  CC      net/netfilter/nf_conntrack_proto_udp.o
  LD      net/bluetooth/hidp/hidp.o
  CC      net/netfilter/nf_conntrack_extend.o
  LD      net/bluetooth/hidp/built-in.o
  CC      net/ipv6/exthdrs.o
  CC      net/sunrpc/xprtsock.o
  CC      net/ipv6/datagram.o
  CC      net/sched/sch_fifo.o
  CC      net/core/filter.o
  CC      net/ipv6/ip6_flowlabel.o
  CC      net/core/sock_diag.o
  CC      crypto/cbc.o
  CC      net/sunrpc/sched.o
  CC      net/sunrpc/auth.o
  CC      net/sched/sch_htb.o
  CC      net/bluetooth/rfcomm/sock.o
  CC      net/sched/sch_ingress.o
  CC      crypto/deflate.o
  CC      net/netfilter/nf_conntrack_acct.o
  CC      fs/cifs/netmisc.o
  CC      crypto/crc32c.o
  CC      net/sunrpc/auth_null.o
  CC      net/sunrpc/auth_unix.o
  CC      fs/cifs/smbencrypt.o
  CC      net/core/flow.o
  CC      net/ipv6/inet6_connection_sock.o
  CC      crypto/authenc.o
  CC      net/netfilter/nf_conntrack_ecache.o
  CC      fs/ecryptfs/main.o
  CC      net/netfilter/nf_conntrack_h323_main.o
  CC      net/sunrpc/auth_generic.o
  CC      net/ipv4/udplite.o
  CC      net/core/net-sysfs.o
  CC      net/bluetooth/rfcomm/tty.o
  CC      net/core/fib_rules.o
  CC      fs/cifs/transport.o
  CC      net/sunrpc/svc.o
  CC      fs/cifs/asn1.o
  CC      net/core/net-traces.o
  CC      net/sched/sch_dsmark.o
  CC      net/sunrpc/svcsock.o
  CC      fs/ecryptfs/crypto.o
  CC      fs/ecryptfs/keystore.o
  CC      net/ipv6/sysctl_net_ipv6.o
  CC      crypto/authencesn.o
  CC      net/ipv4/arp.o
  LD      net/bluetooth/bluetooth.o
  CC      fs/ext2/ialloc.o
  CC      fs/cifs/cifs_unicode.o
  CC      net/netfilter/nfnetlink.o
  CC      net/ipv4/icmp.o
  CC      net/sched/sch_sfq.o
  CC      net/ipv6/xfrm6_policy.o
  LD      net/bluetooth/rfcomm/rfcomm.o
  LD      net/bluetooth/rfcomm/built-in.o
  LD      net/bluetooth/built-in.o
  CC      net/netfilter/nfnetlink_queue.o
  CC      net/unix/af_unix.o
  CC      crypto/rng.o
  CC      net/sunrpc/svcauth_unix.o
  CC      net/sunrpc/addr.o
  LD      net/core/built-in.o
  CC      fs/ext2/super.o
  CC      fs/ecryptfs/miscdev.o
  CC      net/ipv4/devinet.o
  CC      fs/cifs/xattr.o
  CC      fs/ext3/ialloc.o
  CC      net/sunrpc/rpcb_clnt.o
  CC      crypto/krng.o
  CC      net/netfilter/nfnetlink_log.o
  LD      net/netfilter/nf_conntrack.o
  CC      net/netfilter/nf_conntrack_proto_dccp.o
  CC      net/ipv6/xfrm6_state.o
  CC      net/ipv4/af_inet.o
  CC [M]  crypto/ansi_cprng.o
  LD      fs/ecryptfs/ecryptfs.o
  CC      fs/cifs/cifsencrypt.o
  LD      fs/ecryptfs/built-in.o
  CC      net/sunrpc/timer.o
  CC      net/netfilter/nf_conntrack_proto_gre.o
  CC      fs/ext4/ialloc.o
  CC      net/sched/sch_tbf.o
  CC      net/sched/sch_prio.o
  CC      fs/ext3/super.o
  CC      net/netfilter/nf_conntrack_proto_sctp.o
  CC      net/ipv6/xfrm6_input.o
  CC      net/ipv6/xfrm6_output.o
  LD      crypto/crypto.o
  LD      crypto/built-in.o
  CC      net/sunrpc/sunrpc_syms.o
  LD      fs/ext2/ext2.o
  CC      net/sunrpc/cache.o
  LD      fs/ext2/built-in.o
  CC      fs/fuse/inode.o
  CC      net/sunrpc/rpc_pipe.o
  CC      net/sunrpc/svc_xprt.o
  CC      net/sched/cls_u32.o
  CC      fs/cifs/readdir.o
  CC      net/netfilter/nf_conntrack_proto_udplite.o
  CC      net/netfilter/nf_conntrack_netlink.o
  CC      net/ipv4/igmp.o
  CC      net/ipv4/fib_frontend.o
  CC      net/ipv6/netfilter.o
  CC      net/sunrpc/stats.o
  CC      net/unix/garbage.o
  CC      net/unix/sysctl_net_unix.o
  CC      fs/ext4/super.o
  CC      net/netfilter/nf_conntrack_amanda.o
  LD      fs/fuse/fuse.o
  LD      fs/fuse/built-in.o
  CC      net/sched/cls_fw.o
  CC      net/sched/cls_tcindex.o
  CC      fs/cifs/ioctl.o
  CC      fs/lockd/clntlock.o
  CC      net/ipv6/fib6_rules.o
  LD      net/unix/unix.o
  LD      net/unix/built-in.o
  CC      net/sunrpc/sysctl.o
  CC      net/wireless/core.o
  CC      net/sunrpc/auth_gss/auth_gss.o
  CC      net/wireless/sysfs.o
  CC      net/netfilter/nf_conntrack_ftp.o
  LD      net/netfilter/nf_conntrack_h323.o
  CC      fs/cifs/sess.o
  CC      net/ipv4/fib_semantics.o
  CC      net/netfilter/nf_conntrack_irc.o
  CC      net/sched/cls_basic.o
  CC      net/sched/cls_flow.o
  CC      net/ipv6/proc.o
  CC      net/ipv6/ah6.o
  CC      net/netfilter/nf_conntrack_broadcast.o
  CC      fs/lockd/clntproc.o
  CC      net/netfilter/nf_conntrack_netbios_ns.o
  CC      net/sched/ematch.o
  CC      net/ipv4/fib_trie.o
  CC      net/ipv4/inet_fragment.o
  CC      net/netfilter/nf_conntrack_pptp.o
  CC      net/ipv6/esp6.o
  CC      net/ipv6/ipcomp6.o
  CC      net/wireless/radiotap.o
  CC      net/ipv4/ping.o
  CC      net/netfilter/nf_conntrack_sane.o
  CC      net/ipv6/xfrm6_tunnel.o
  CC      net/sched/em_cmp.o
  CC      fs/cifs/export.o
  CC      net/sunrpc/auth_gss/gss_mech_switch.o
  LD      fs/ext3/ext3.o
  LD      fs/ext3/built-in.o
  CC      fs/nfs/client.o
  CC      fs/lockd/clntxdr.o
  CC      net/sched/em_nbyte.o
  CC      net/ipv6/tunnel6.o
  CC      net/wireless/util.o
  CC      net/ipv4/sysctl_net_ipv4.o
  CC      net/sched/em_u32.o
  LD      fs/cifs/cifs.o
  LD      fs/cifs/built-in.o
  CC      net/netfilter/nf_conntrack_sip.o
  CC      net/ipv4/sysfs_net_ipv4.o
  CC      net/ipv4/proc.o
  CC      net/ipv6/xfrm6_mode_transport.o
  CC      net/sched/em_meta.o
  CC      fs/proc/namespaces.o
  CC      net/sunrpc/auth_gss/svcauth_gss.o
  CC      fs/lockd/host.o
  CC      fs/lockd/svc.o
  CC      net/ipv4/fib_rules.o
  CC      net/ipv4/esp4.o
  CC      net/ipv6/xfrm6_mode_tunnel.o
  CC      fs/proc/proc_net.o
  CC      net/ipv4/ipcomp.o
  CC      net/sched/em_text.o
  CC      net/ipv4/xfrm4_tunnel.o
  CC      net/ipv4/tunnel4.o
  CC      net/wireless/reg.o
  CC      net/ipv4/xfrm4_mode_transport.o
  LD      fs/proc/proc.o
  LD      fs/proc/built-in.o
  CC      net/ipv6/xfrm6_mode_beet.o
  CC      net/ipv6/mip6.o
  CC      net/ipv4/xfrm4_mode_tunnel.o
  LD      net/sched/built-in.o
  CC      fs/nfs/dir.o
  LD      net/sunrpc/sunrpc.o
  CC      fs/nfs/file.o
  CC      net/sysctl_net.o
  CC      net/activity_stats.o
  CC      net/xfrm/xfrm_policy.o
  CC      fs/lockd/svclock.o
  CC      net/netfilter/nf_conntrack_tftp.o
  CC      net/ipv4/ipconfig.o
  CC      net/ipv4/netfilter.o
  LD      net/sunrpc/auth_gss/auth_rpcgss.o
  LD      net/sunrpc/auth_gss/built-in.o
  LD      net/sunrpc/built-in.o
  CC      net/ipv4/inet_diag.o
  CC      net/ipv4/tcp_diag.o
  CC      net/ipv4/netfilter/nf_nat_rule.o
  CC      net/ipv6/netfilter/ip6_tables.o
  CC      net/ipv4/tcp_bic.o
  CC      net/ipv4/tcp_cubic.o
  CC      net/ipv6/sit.o
  CC      net/netfilter/nf_tproxy_core.o
  CC      fs/nfs/getroot.o
  CC      fs/lockd/svcshare.o
  CC      net/ipv4/tcp_westwood.o
  CC      net/ipv4/tcp_htcp.o
  CC      net/ipv4/netfilter/nf_nat_standalone.o
  CC      net/xfrm/xfrm_state.o
  CC      net/wireless/scan.o
  CC      net/ipv4/xfrm4_policy.o
  CC      net/ipv4/xfrm4_state.o
  CC      fs/lockd/svcproc.o
  CC      fs/lockd/svcsubs.o
  CC      fs/nfs/inode.o
  CC      net/netfilter/x_tables.o
  CC      net/netfilter/xt_tcpudp.o
  CC      net/ipv4/xfrm4_input.o
  CC      net/ipv6/netfilter/ip6table_filter.o
  CC      net/ipv4/xfrm4_output.o
  CC      net/ipv4/netfilter/nf_conntrack_l3proto_ipv4_compat.o
  CC      net/ipv6/ip6_tunnel.o
  CC      net/ipv6/addrconf_core.o
  CC      net/ipv6/exthdrs_core.o
  CC      net/ipv6/netfilter/ip6table_mangle.o
  CC      net/ipv6/inet6_hashtables.o
  CC      net/netfilter/xt_mark.o
  CC      fs/ext4/mmp.o
  CC      net/ipv4/netfilter/nf_conntrack_l3proto_ipv4.o
  CC      net/ipv4/netfilter/nf_conntrack_proto_icmp.o
  CC      fs/lockd/mon.o
  CC      fs/lockd/xdr.o
  CC      net/netfilter/xt_connmark.o
  CC      net/wireless/nl80211.o
  CC      net/wireless/mlme.o
  CC      net/netfilter/xt_CLASSIFY.o
  LD      net/ipv6/ipv6.o
  LD      fs/ext4/ext4.o
  CC      net/ipv6/netfilter/ip6table_raw.o
  CC      net/ipv6/netfilter/nf_conntrack_l3proto_ipv6.o
  LD      fs/ext4/built-in.o
  CC      net/netfilter/xt_CONNSECMARK.o
  CC      fs/binfmt_elf.o
  CC      net/netfilter/xt_NFLOG.o
  CC      net/ipv4/netfilter/nf_nat_core.o
  CC      fs/nfs/super.o
  CC      net/netfilter/xt_NFQUEUE.o
  CC      fs/lockd/clnt4xdr.o
  CC      net/ipv4/netfilter/nf_nat_helper.o
  CC      net/ipv6/netfilter/nf_conntrack_proto_icmpv6.o
  CC      net/ipv6/netfilter/nf_defrag_ipv6_hooks.o
  CC      fs/lockd/xdr4.o
  CC      fs/lockd/svc4proc.o
  CC      fs/nfs/nfs2xdr.o
  CC      net/xfrm/xfrm_input.o
  CC      net/netfilter/xt_TCPMSS.o
  CC      net/ipv6/netfilter/nf_conntrack_reasm.o
  CC      net/wireless/ibss.o
  CC      net/netfilter/xt_IDLETIMER.o
  CC      net/netfilter/xt_comment.o
  CC      net/ipv6/netfilter/ip6t_REJECT.o
  CC      net/netfilter/xt_connlimit.o
  CC      net/netfilter/xt_conntrack.o
  LD      fs/lockd/lockd.o
  LD      fs/lockd/built-in.o
  CC      net/netfilter/xt_ecn.o
  CC      net/ipv4/netfilter/nf_nat_proto_unknown.o
  CC      net/ipv4/netfilter/nf_nat_proto_common.o
  CC      net/ipv4/netfilter/nf_nat_proto_tcp.o
  CC      net/netfilter/xt_hashlimit.o
  CC      fs/nfs/direct.o
  CC      net/netfilter/xt_helper.o
  LD      net/ipv6/netfilter/nf_conntrack_ipv6.o
  LD      net/ipv6/netfilter/nf_defrag_ipv6.o
  CC      net/netfilter/xt_hl.o
  CC      net/netfilter/xt_iprange.o
  CC      net/xfrm/xfrm_output.o
  CC      net/xfrm/xfrm_algo.o
  CC      net/xfrm/xfrm_sysctl.o
  LD      net/ipv6/netfilter/built-in.o
  LD      net/ipv6/built-in.o
  CC      net/wireless/sme.o
  CC      net/netfilter/xt_length.o
  CC      net/xfrm/xfrm_replay.o
  CC      net/xfrm/xfrm_user.o
  CC      net/ipv4/netfilter/nf_nat_proto_udp.o
  CC      net/netfilter/xt_limit.o
  CC      net/ipv4/netfilter/nf_nat_proto_icmp.o
  CC      net/netfilter/xt_mac.o
  CC      net/ipv4/netfilter/nf_defrag_ipv4.o
  CC      fs/nfs/pagelist.o
  CC      fs/nfs/proc.o
  CC      net/xfrm/xfrm_ipcomp.o
  CC      net/netfilter/xt_multiport.o
  CC      net/wireless/chan.o
  CC      net/wireless/ethtool.o
  CC      net/ipv4/netfilter/nf_nat_amanda.o
  CC      fs/nfs/read.o
  CC      net/netfilter/xt_pkttype.o
  CC      net/netfilter/xt_policy.o
  CC      net/ipv4/netfilter/nf_nat_ftp.o
  CC      net/ipv4/netfilter/nf_nat_h323.o
  CC      net/ipv4/netfilter/nf_nat_irc.o
  CC      net/wireless/mesh.o
  CC      fs/nfs/symlink.o
  CC      net/wireless/wext-compat.o
  CC      net/netfilter/xt_qtaguid_print.o
  CC      net/ipv4/netfilter/nf_nat_pptp.o
  CC      net/netfilter/xt_qtaguid.o
  CC      net/wireless/wext-sme.o
  CC      net/ipv4/netfilter/nf_nat_sip.o
  CC      fs/nfs/unlink.o
  CC      fs/nfs/write.o
  CC      net/netfilter/xt_quota.o
  CC      net/netfilter/xt_quota2.o
  CC      net/ipv4/netfilter/nf_nat_tftp.o
  CC      fs/nfs/namespace.o
  CC      net/wireless/wext-core.o
  CC      fs/nfs/mount_clnt.o
  CC      net/ipv4/netfilter/nf_nat_proto_dccp.o
  CC      net/netfilter/xt_socket.o
  CC      net/netfilter/xt_state.o
  LD      net/xfrm/built-in.o
  CC      net/netfilter/xt_statistic.o
  CC      net/netfilter/xt_string.o
  CC      net/ipv4/netfilter/nf_nat_proto_gre.o
  CC      net/ipv4/netfilter/nf_nat_proto_udplite.o
  CC      net/netfilter/xt_time.o
  CC      fs/nfs/dns_resolve.o
  CC      fs/nfs/cache_lib.o
  CC      fs/nfs/nfs3proc.o
  CC      fs/nfs/nfs3xdr.o
  CC      net/wireless/wext-proc.o
  CC      net/netfilter/xt_u32.o
  LD      net/netfilter/netfilter.o
  CC      net/ipv4/netfilter/nf_nat_proto_sctp.o
  CC      fs/nfs/nfs3acl.o
  CC      net/ipv4/netfilter/ip_tables.o
  CC      net/ipv4/netfilter/iptable_filter.o
  CC      net/ipv4/netfilter/iptable_mangle.o
  LD      net/wireless/cfg80211.o
  CC      fs/nfs/nfs4proc.o
  LD      net/ipv4/netfilter/iptable_nat.o
  CC      net/ipv4/netfilter/iptable_raw.o
  CC      net/ipv4/netfilter/iptable_security.o
  CC      fs/nfs/nfs4xdr.o
  CC      fs/nfs/nfs4state.o
  LD      net/wireless/built-in.o
  CC      fs/nfs/nfs4renewd.o
  CC      fs/nfs/delegation.o
  CC      fs/nfs/idmap.o
  CC      net/ipv4/netfilter/ipt_ah.o
  CC      net/ipv4/netfilter/ipt_MASQUERADE.o
  CC      net/ipv4/netfilter/ipt_NETMAP.o
  CC      fs/nfs/callback.o
  LD      net/netfilter/built-in.o
  CC      fs/nfs/callback_xdr.o
  CC      net/ipv4/netfilter/ipt_REDIRECT.o
  CC      net/ipv4/netfilter/ipt_REJECT.o
  CC      net/ipv4/netfilter/arp_tables.o
  CC      net/ipv4/netfilter/arpt_mangle.o
  CC      fs/nfs/callback_proc.o
  CC      fs/nfs/nfs4namespace.o
  CC      net/ipv4/netfilter/arptable_filter.o
  LD      net/ipv4/netfilter/nf_conntrack_ipv4.o
  LD      net/ipv4/netfilter/nf_nat.o
  CC      fs/nfs/sysctl.o
  LD      net/ipv4/netfilter/built-in.o
  LD      net/ipv4/built-in.o
  LD      net/built-in.o
  LD      fs/nfs/nfs.o
  LD      fs/nfs/built-in.o
  LD      fs/built-in.o
