Script started on 2014년 03월 31일 (월) 오전 12시 50분 45초
scripts/kconfig/conf --silentoldconfig Kconfig
warning: (ARCH_MSM8X60 && ARCH_MSM8960 && ARCH_MSM8930 && ARCH_APQ8064) selects MSM_IOMMU_GPU_SYNC which has unmet direct dependencies (IOMMU_SUPPORT && (ARCH_MSM8X60 || ARCH_MSM8960 || ARCH_APQ8064 || ARCH_MSM8930) && MSM_IOMMU && MSM_REMOTE_SPINLOCK_SFPB)
warning: (ARCH_MSM8X60 && ARCH_MSM8960 && ARCH_MSM8930 && ARCH_APQ8064) selects MSM_IOMMU_GPU_SYNC which has unmet direct dependencies (IOMMU_SUPPORT && (ARCH_MSM8X60 || ARCH_MSM8960 || ARCH_APQ8064 || ARCH_MSM8930) && MSM_IOMMU && MSM_REMOTE_SPINLOCK_SFPB)
  CHK     include/linux/version.h
  CHK     include/generated/utsrelease.h
  UPD     include/generated/utsrelease.h
make[1]: `include/generated/mach-types.h'는 이미 갱신되었습니다.
  CC      arch/arm/kernel/asm-offsets.s
  GEN     include/generated/asm-offsets.h
  CALL    scripts/checksyscalls.sh
  CC      arch/arm/common/cpaccess.o
  AS      arch/arm/vfp/entry.o
  AS      arch/arm/vfp/vfphw.o
  LD      arch/arm/common/built-in.o
  CC      ipc/util.o
  CC      drivers/block/brd.o
  CC      init/main.o
  CC      ipc/msg.o
  LD      arch/arm/vfp/vfp.o
  LD      arch/arm/vfp/built-in.o
  CC      arch/arm/mm/dma-mapping.o
  CC      security/keys/keyctl.o
  CC      drivers/base/platform.o
  CC      block/elevator.o
  CC      sound/core/memalloc.o
  CC      arch/arm/oprofile/../../../drivers/oprofile/oprof.o
  CC      crypto/api.o
  CC      drivers/block/loop.o
  AS      arch/arm/kernel/entry-armv.o
  CC      fs/open.o
  CC      mm/filemap.o
  AS      arch/arm/kernel/entry-common.o
  CC      kernel/fork.o
  CC      arch/arm/kernel/process.o
  CC      fs/read_write.o
  CC      arch/arm/mach-msm/io.o
  CC      arch/arm/oprofile/../../../drivers/oprofile/cpu_buffer.o
  CC      ipc/sem.o
  CC      arch/arm/mm/fault.o
  CHK     include/generated/compile.h
  CC      sound/core/pcm.o
  CC      drivers/base/topology.o
  CC      init/do_mounts.o
  CC      arch/arm/mach-msm/memory.o
  CC      arch/arm/oprofile/../../../drivers/oprofile/buffer_sync.o
  LD      security/keys/built-in.o
  CC      crypto/cipher.o
  CC      arch/arm/kernel/ptrace.o
  CC      security/selinux/avc.o
  CC      drivers/base/power/main.o
  CC      block/blk-core.o
  CC      fs/super.o
  CC      ipc/shm.o
  CC      arch/arm/mm/init.o
  CC      arch/arm/mach-msm/timer.o
  CC      arch/arm/oprofile/../../../drivers/oprofile/oprofilefs.o
  CC      crypto/compress.o
  LD      drivers/block/built-in.o
  CC      drivers/bluetooth/hci_ldisc.o
  CC      init/do_mounts_rd.o
  CC      sound/core/pcm_native.o
  CC      arch/arm/oprofile/../../../drivers/oprofile/oprofile_stats.o
  CC      arch/arm/kernel/sched_clock.o
  CC      crypto/algapi.o
  CC      drivers/bluetooth/hci_h4.o
  CC      arch/arm/oprofile/../../../drivers/oprofile/oprofile_perf.o
  CC      security/selinux/hooks.o
  CC      arch/arm/kernel/setup.o
  CC      arch/arm/mach-msm/subsystem_map.o
  CC      arch/arm/mm/iomap.o
  CC      drivers/base/power/wakeup.o
  CC      kernel/exec_domain.o
  CC      mm/mempool.o
  CC      init/do_mounts_initrd.o
  LD      ipc/built-in.o
  CC      arch/arm/mach-msm/cpufreq.o
  CC      arch/arm/mm/fault-armv.o
  CC      crypto/scatterwalk.o
  CC      drivers/bluetooth/hci_ibs.o
  CC      arch/arm/oprofile/common.o
  CC      fs/stat.o
  CC      crypto/proc.o
  CC      init/initramfs.o
  CC      kernel/printk.o
  CC      arch/arm/mm/flush.o
  CC      arch/arm/mach-msm/pmu.o
  CC      arch/arm/kernel/signal.o
  CC      mm/oom_kill.o
  LD      arch/arm/oprofile/oprofile.o
  LD      arch/arm/oprofile/built-in.o
  CC      security/selinux/selinuxfs.o
  LD      drivers/base/power/built-in.o
  CC      security/selinux/netlink.o
  CC      fs/exec.o
  CC      drivers/base/regmap/regmap.o
  CC      crypto/ablkcipher.o
  CC      arch/arm/mach-msm/perf_event_msm_l2.o
  CC      arch/arm/mm/idmap.o
  CC      fs/pipe.o
  CC      security/selinux/nlmsgtab.o
  CC      init/version.o
  LD      drivers/bluetooth/hci_uart.o
  LD      drivers/bluetooth/built-in.o
  LD      init/mounts.o
  CC      sound/core/pcm_lib.o
  CC      arch/arm/kernel/sys_arm.o
  CC      arch/arm/mm/ioremap.o
  LD      init/built-in.o
  CC      arch/arm/mm/mmap.o
  CC      arch/arm/mach-msm/platsmp.o
  CC      arch/arm/mm/pgd.o
  CC      mm/fadvise.o
  CC      arch/arm/kernel/traps.o
  CC      net/socket.o
  CC      crypto/blkcipher.o
  CC      arch/arm/mach-msm/hotplug.o
  CC      block/blk-tag.o
  CC      arch/arm/mm/mmu.o
  CC      kernel/cpu.o
  CC      kernel/exit.o
  CC      security/selinux/netif.o
  CC      mm/maccess.o
  LD      drivers/base/regmap/built-in.o
  CC      drivers/base/dma-mapping.o
  LD      arch/arm/mach-msm/msm-etm.o
  CC      arch/arm/mach-msm/scm.o
  CC      fs/namei.o
  CC      sound/core/pcm_timer.o
  CC      mm/page_alloc.o
  CC      drivers/base/dma-coherent.o
  CC      arch/arm/kernel/armksyms.o
  CC      arch/arm/mach-msm/peripheral-loader.o
  CC      block/blk-sysfs.o
  CC      kernel/itimer.o
  CC      mm/page-writeback.o
  CC      sound/core/pcm_misc.o
  CC      fs/fcntl.o
  CC      arch/arm/mm/proc-syms.o
  CC      crypto/ahash.o
  CC      drivers/base/dma-buf.o
  CC      arch/arm/kernel/module.o
  CC      block/blk-flush.o
  CC      arch/arm/mm/highmem.o
  CC      security/selinux/netnode.o
  CC      fs/ioctl.o
  CC      sound/core/pcm_memory.o
  CC      block/blk-settings.o
  AS      arch/arm/kernel/sleep.o
  CC      arch/arm/mach-msm/smd.o
  CC      arch/arm/kernel/suspend.o
  CC      drivers/base/firmware_class.o
  AS      arch/arm/mm/cache-v7.o
  CC      crypto/shash.o
  CC      arch/arm/mm/copypage-v6.o
  CC      arch/arm/kernel/smp.o
  CC      arch/arm/kernel/smp_scu.o
  CC      fs/readdir.o
  CC      kernel/time.o
  CC      security/selinux/netport.o
  CC      net/bluetooth/af_bluetooth.o
  CC      sound/core/info.o
  CC      net/bluetooth/hci_core.o
  CC      arch/arm/mm/context.o
  CC      fs/select.o
  CC      block/blk-ioc.o
  CC      drivers/base/sync.o
  AS      arch/arm/mm/tlb-v7.o
  AS      arch/arm/mm/proc-v7.o
  CC      arch/arm/kernel/kprobes.o
  AS      arch/arm/lib/copy_page.o
  LD      arch/arm/mm/built-in.o
  CC      mm/readahead.o
  AS      arch/arm/lib/csumpartialcopyuser.o
  CC      security/selinux/ss/ebitmap.o
  CC      crypto/algboss.o
  AR      arch/arm/lib/lib.a
  CC      kernel/softirq.o
  CC      mm/swap.o
  CC      lib/bust_spinlocks.o
  LD      sound/core/snd-hwdep.o
  LD      sound/core/snd-timer.o
  LD      sound/core/snd-pcm.o
  CC      fs/fifo.o
  LD      sound/core/snd-page-alloc.o
  LD      sound/core/snd-rawmidi.o
  LD      sound/core/snd.o
  LD      sound/core/built-in.o
  CC      block/blk-map.o
  CC      arch/arm/kernel/patch.o
  CC      net/bluetooth/hci_conn.o
  CC      lib/scatterlist.o
  CC      net/bluetooth/hci_event.o
  CC      crypto/testmgr.o
  CC      fs/dcache.o
  CC      arch/arm/kernel/swp_emulate.o
  CC      fs/inode.o
  CC      mm/truncate.o
  CC      security/selinux/ss/sidtab.o
  CC      block/blk-exec.o
  CC      lib/pci_iomap.o
  CC      crypto/crypto_wq.o
  CC      arch/arm/kernel/hw_breakpoint.o
  CC      security/selinux/ss/avtab.o
  CC      drivers/base/sw_sync.o
  CC      sound/soc/soc-core.o
  CC      lib/devres.o
  CC      kernel/sysctl.o
  CC      arch/arm/mach-msm/ping_mdm_rpc_client.o
  LD      crypto/crypto_algapi.o
  CC      crypto/aead.o
  CC      mm/vmscan.o
  LD      crypto/crypto_blkcipher.o
  CC      security/commoncap.o
  CC      block/blk-merge.o
  LD      drivers/base/built-in.o
  CC      drivers/char/mem.o
  CC      lib/nlattr.o
  CC      block/blk-softirq.o
  CC      arch/arm/kernel/pmu.o
  CC      security/selinux/ss/policydb.o
  CC      arch/arm/kernel/perf_event.o
  CC      kernel/sysctl_binary.o
  CC      arch/arm/mach-msm/qdsp6v2/board-msm8x60-audio.o
  CC      fs/attr.o
  CC      net/bluetooth/mgmt.o
  CC      block/blk-timeout.o
  CC      block/blk-iopoll.o
  CC      crypto/chainiv.o
  CC      drivers/char/random.o
  CC      lib/ioremap.o
  CC      kernel/capability.o
  CC      fs/file.o
  CC      crypto/eseqiv.o
  CC      lib/kobject_uevent.o
  CC      arch/arm/mach-msm/qdsp6v2/fm.o
  CC      block/blk-lib.o
  CC      net/bluetooth/hci_sock.o
  CC      fs/filesystems.o
  CC      block/ioctl.o
  CC      kernel/ptrace.o
  CC      arch/arm/mach-msm/qdsp6v2/audio_lpa.o
  LD      crypto/crypto_hash.o
  CC      crypto/pcompress.o
  CC      drivers/char/msm_rotator.o
  CC      kernel/timer.o
  CC      kernel/signal.o
  CC      lib/memory_alloc.o
  AS      arch/arm/kernel/head.o
  CC      arch/arm/kernel/init_task.o
  CC      fs/namespace.o
  LD      crypto/cryptomgr.o
  CC      block/genhd.o
  CC      crypto/hmac.o
  CC      crypto/xcbc.o
  CC      arch/arm/mach-msm/pm-8x60.o
  CC      sound/soc/soc-dapm.o
  CC      lib/prio_tree.o
  CC      security/selinux/ss/services.o
  LD      arch/arm/kernel/built-in.o
  CC      crypto/crypto_null.o
  CC      crypto/md4.o
  CC      arch/arm/mach-msm/qdsp6v2/audio_acdb.o
  CC      mm/shmem.o
  CC      lib/show_mem.o
  CC      net/core/sock.o
  CC      crypto/md5.o
  CC      lib/vsprintf.o
  CC      net/ethernet/eth.o
  CC      crypto/sha1_generic.o
  LD      lib/built-in.o
  CC      sound/soc/soc-jack.o
  CC      sound/soc/soc-cache.o
  CC      block/scsi_ioctl.o
  LD      drivers/char/built-in.o
  CC      arch/arm/mach-msm/qdsp6v2/aac_in.o
  CC      drivers/cpufreq/cpufreq_ondemand.o
  CC      net/bluetooth/hci_sysfs.o
  CC      fs/seq_file.o
  CC      fs/xattr.o
  CC      crypto/sha256_generic.o
  LD      net/ethernet/built-in.o
  CC      fs/libfs.o
  CC      sound/soc/soc-utils.o
  CC      arch/arm/mach-msm/qdsp6v2/qcelp_in.o
  CC      sound/soc/soc-pcm.o
  CC      kernel/sys.o
  CC      block/partition-generic.o
  CC      security/selinux/ss/conditional.o
  CC      block/partitions/check.o
  CC      security/selinux/ss/mls.o
  CC      arch/arm/mach-msm/qdsp6v2/evrc_in.o
  CC      mm/prio_tree.o
  CC      arch/arm/mach-msm/qdsp6v2/amrnb_in.o
  CC      drivers/cpufreq/cpufreq_conservative.o
  CC      arch/arm/mach-msm/qdsp6v2/audio_utils.o
  CC      net/bluetooth/l2cap_core.o
  AR      lib/lib.a
  CC      net/bluetooth/l2cap_sock.o
  CC      crypto/ecb.o
  CC      mm/util.o
  CC      fs/fs-writeback.o
  CC      block/partitions/msdos.o
  CC      net/bluetooth/smp.o
  CC      security/min_addr.o
  CC      drivers/cpufreq/cpufreq_interactive.o
  CC      crypto/cbc.o
  CC      net/core/request_sock.o
  CC      mm/mmzone.o
  CC      arch/arm/mach-msm/qdsp6v2/audio_utils_aio.o
  CC      net/bluetooth/sco.o
  CC      mm/vmstat.o
  CC      security/selinux/ss/status.o
  CC      net/bluetooth/lib.o
  CC      crypto/deflate.o
  LD      block/partitions/built-in.o
  CC      block/bsg.o
  CC      kernel/kmod.o
  CC      net/bluetooth/amp.o
  CC      crypto/crc32c.o
  CC      mm/backing-dev.o
  CC      sound/soc/soc-io.o
  LD      security/selinux/selinux.o
  CC      net/core/skbuff.o
  LD      security/selinux/built-in.o
  CC      security/lsm_audit.o
  CC      mm/page_isolation.o
  CC      crypto/authenc.o
  CC      drivers/cpuidle/governors/menu.o
  LD      drivers/cpufreq/built-in.o
  CC      crypto/authencesn.o
  CC      mm/mm_init.o
  CC      arch/arm/mach-msm/qdsp6v2/q6audio_v1.o
  CC      net/bluetooth/bnep/core.o
  CC      net/bluetooth/hidp/core.o
  CC      net/ipv4/route.o
  LD      drivers/cpuidle/governors/built-in.o
  CC      kernel/workqueue.o
  LD      drivers/cpuidle/built-in.o
  CC [M]  drivers/crypto/msm/qcedev.o
  CC      sound/soc/msm/lpass-dma.o
  CC      block/noop-iosched.o
  LD      security/built-in.o
  CC      arch/arm/mach-msm/qdsp6v2/q6audio_v1_aio.o
  CC      block/deadline-iosched.o
  CC      mm/mmu_context.o
  CC      block/cfq-iosched.o
  CC      fs/drop_caches.o
  CC [M]  block/test-iosched.o
  CC      crypto/rng.o
  CC      mm/percpu.o
  CC      arch/arm/mach-msm/qdsp6v2/amrwb_in.o
  CC      sound/soc/msm/msm8x60-dai.o
  CC      net/bluetooth/bnep/sock.o
  CC      mm/compaction.o
  CC      fs/splice.o
  CC      crypto/krng.o
  CC      net/bluetooth/hidp/sock.o
  LD      arch/arm/mach-msm/qdsp6v2/built-in.o
  CC      sound/soc/msm/msm8x60-pcm.o
  CC      arch/arm/mach-msm/devices-msm8x60.o
  CC [M]  crypto/ansi_cprng.o
  CC      net/bluetooth/bnep/netdev.o
  LD      crypto/crypto.o
  LD      crypto/built-in.o
  CC      net/bluetooth/rfcomm/core.o
  CC      net/ipv4/inetpeer.o
  CC [M]  drivers/crypto/msm/qce.o
  LD      net/bluetooth/hidp/hidp.o
  CC [M]  drivers/crypto/msm/qcrypto.o
  LD      net/bluetooth/hidp/built-in.o
  CC      net/ipv4/protocol.o
  CC      net/bluetooth/rfcomm/sock.o
  CC      arch/arm/mach-msm/clock-8x60.o
  CC      net/core/iovec.o
  CC      sound/soc/msm/msm8x60.o
  LD      net/bluetooth/bnep/bnep.o
  LD      net/bluetooth/bnep/built-in.o
  CC      kernel/pid.o
  LD      block/built-in.o
  CC      mm/fremap.o
  CC      mm/highmem.o
  CC      fs/sync.o
  CC      net/ipv4/ip_input.o
  CC      net/ipv4/ip_fragment.o
  CC      kernel/rcupdate.o
  CC      net/ipv4/ip_forward.o
  CC      arch/arm/mach-msm/acpuclock-8x60.o
  CC      mm/madvise.o
  CC      net/core/datagram.o
  CC      net/bluetooth/rfcomm/tty.o
  CC      fs/utimes.o
  CC      fs/statfs.o
  CC      sound/soc/msm/qdsp6/q6asm.o
  CC      mm/memory.o
  CC      arch/arm/mach-msm/saw-regulator.o
  CC      mm/mincore.o
  CC      kernel/posix-timers.o
  CC      net/ipv4/ip_options.o
  CC      kernel/kthread.o
  CC      mm/mlock.o
  CC      fs/buffer.o
  CC      net/ipv4/ip_output.o
  CC      arch/arm/mach-msm/footswitch-8x60.o
  CC      arch/arm/mach-msm/rpm-regulator.o
  LD      net/bluetooth/bluetooth.o
  CC      mm/mmap.o
  CC      net/ipv4/ip_sockglue.o
  CC      net/ipv4/inet_hashtables.o
  CC      kernel/wait.o
  CC      net/core/stream.o
  CC      drivers/gpio/gpiolib.o
  CC      mm/mprotect.o
  CC      arch/arm/mach-msm/rpm-regulator-8660.o
  LD      net/bluetooth/rfcomm/rfcomm.o
  LD      net/bluetooth/rfcomm/built-in.o
  LD      net/bluetooth/built-in.o
  CC      kernel/kfifo.o
  CC      net/ipv4/inet_timewait_sock.o
  CC      net/key/af_key.o
  CC      net/ipv6/af_inet6.o
  CC      mm/mremap.o
  CC      net/netfilter/core.o
  CC      kernel/hrtimer.o
  CC      net/core/scm.o
  CC      net/ipv4/inet_connection_sock.o
  CC      arch/arm/mach-msm/subsystem_restart.o
  CC      mm/msync.o
  CC      net/ipv4/tcp.o
  CC      mm/rmap.o
  CC      mm/vmalloc.o
  LD      sound/soc/msm/qdsp6/built-in.o
  LD      sound/soc/msm/snd-soc-msm8x60-dai.o
  LD      sound/soc/msm/snd-soc-msm8x60-pcm.o
  CC      net/ipv4/tcp_input.o
  LD      sound/soc/msm/snd-soc-msm8x60.o
  LD      sound/soc/msm/snd-soc-lpass-dma.o
  CC      net/ipv4/tcp_output.o
  LD      sound/soc/msm/built-in.o
  LD      sound/soc/snd-soc-core.o
  CC      mm/pagewalk.o
  CC      net/netfilter/nf_log.o
  LD      sound/soc/built-in.o
  LD      drivers/gpio/built-in.o
  CC      net/core/gen_stats.o
  CC      fs/bio.o
  CC      sound/usb/card.o
  CC      drivers/gpu/ion/ion.o
  CC      net/ipv6/anycast.o
  CC      arch/arm/mach-msm/ramdump.o
  CC      net/ipv4/tcp_timer.o
  CC      kernel/nsproxy.o
  CC      drivers/gpu/msm/adreno_ringbuffer.o
  CC      mm/pgtable-generic.o
  CC      arch/arm/mach-msm/sec_switch.o
  CC      sound/usb/clock.o
  CC      net/netfilter/nf_queue.o
  CC      net/core/gen_estimator.o
  CC      kernel/cred.o
  CC      mm/process_vm_access.o
  CC      net/ipv6/ip6_output.o
  LD      net/key/built-in.o
  CC      sound/usb/endpoint.o
  CC      net/netlink/af_netlink.o
  CC      arch/arm/mach-msm/msm_watchdog.o
  CC      fs/block_dev.o
  CC      drivers/gpu/ion/ion_heap.o
  CC      drivers/gpu/msm/adreno_drawctxt.o
  CC      net/packet/af_packet.o
  CC      drivers/gpu/ion/ion_system_heap.o
  CC      mm/bootmem.o
  CC      mm/memblock.o
  CC      net/core/net_namespace.o
  CC      net/netfilter/nf_sockopt.o
  CC      kernel/groups.o
  CC      arch/arm/mach-msm/board-msm8x60_dali.o
  CC      net/ipv4/tcp_ipv4.o
  CC      sound/usb/format.o
  CC      drivers/gpu/msm/adreno_postmortem.o
  CC      drivers/gpu/ion/ion_carveout_heap.o
  CC      net/ipv4/tcp_minisocks.o
  CC      mm/bounce.o
  CC      mm/page_io.o
  CC      net/netfilter/nf_conntrack_core.o
  CC      kernel/events/core.o
  CC      net/core/flow_dissector.o
  CC      sound/usb/pcm.o
  CC      fs/direct-io.o
  CC      drivers/gpu/ion/ion_iommu_heap.o
  CC      drivers/gpu/ion/ion_cp_heap.o
  CC      mm/swap_state.o
  CC      drivers/gpu/msm/adreno_snapshot.o
  CC      net/netlink/genetlink.o
  CC      net/core/sysctl_net_core.o
  CC      drivers/gpu/msm/adreno_a2xx.o
  CC      net/ipv6/ip6_input.o
  CC      sound/usb/proc.o
  CC      mm/swapfile.o
  CC      drivers/gpu/ion/msm/msm_ion.o
  CC      drivers/gpu/msm/adreno_a2xx_trace.o
  CC      fs/mpage.o
  CC      net/core/dev.o
  CC      sound/usb/quirks.o
  CC      drivers/hid/hid-core.o
  CC      fs/ioprio.o
  LD      net/packet/built-in.o
  CC      net/phonet/pn_dev.o
  LD      drivers/gpu/ion/msm/built-in.o
  LD      drivers/gpu/ion/built-in.o
  CC      net/phonet/pn_netlink.o
  CC      net/ipv6/addrconf.o
  CC      net/ipv4/tcp_cong.o
  LD      net/netlink/built-in.o
  CC      drivers/gpu/msm/adreno_a2xx_snapshot.o
  CC      net/phonet/socket.o
  CC      net/netfilter/nf_conntrack_standalone.o
  CC      sound/usb/stream.o
  CC      fs/debugfs/inode.o
  CC      fs/cifs/cifsfs.o
  CC      arch/arm/mach-msm/rmt_storage_client.o
  CC      fs/cifs/cifssmb.o
  CC      net/phonet/datagram.o
  CC      drivers/gpu/msm/adreno_a3xx.o
  LD      sound/usb/snd-usbmidi-lib.o
  LD      sound/usb/snd-usb-audio.o
  LD      sound/usb/built-in.o
  LD      sound/built-in.o
  CC      net/netfilter/nf_conntrack_expect.o
  CC      net/ipv4/datagram.o
  LD      drivers/hid/hid-logitech.o
  CC      net/ipv4/raw.o
  CC      drivers/hid/usbhid/hid-core.o
  CC      fs/debugfs/file.o
  CC      net/phonet/af_phonet.o
  CC      mm/thrash.o
  CC      net/ipv4/udp.o
  CC      arch/arm/mach-msm/rpm_stats.o
  CC      fs/cifs/cifs_debug.o
  CC      mm/dmapool.o
  CC      fs/ecryptfs/dentry.o
  CC      fs/ecryptfs/file.o
  LD      fs/debugfs/debugfs.o
  LD      fs/debugfs/built-in.o
  CC      fs/exfat/exfat.o
  CC      arch/arm/mach-msm/rpm_master_stat.o
  CC      net/netfilter/nf_conntrack_helper.o
  CC      fs/ecryptfs/inode.o
  CC      kernel/events/ring_buffer.o
  CC      net/phonet/pep.o
  CC      mm/ksm.o
  CC      kernel/events/callchain.o
  CC      drivers/gpu/msm/adreno_a3xx_trace.o
  CC      arch/arm/mach-msm/devices-iommu.o
  CC      net/core/ethtool.o
  CC      fs/cifs/connect.o
  LD      drivers/hid/usbhid/usbhid.o
  LD      drivers/hid/usbhid/built-in.o
  CC [M]  drivers/hid/hid-logitech-dj.o
  CC      net/core/dev_addr_lists.o
  CC      arch/arm/mach-msm/iommu_domains.o
  CC      kernel/events/hw_breakpoint.o
  CC      drivers/gpu/msm/adreno_a3xx_snapshot.o
  CC      net/netfilter/nf_conntrack_proto.o
  CC      fs/ecryptfs/main.o
  CC      arch/arm/mach-msm/msm_rq_stats.o
  LD      drivers/hid/hid.o
  LD      drivers/hid/built-in.o
  CC      net/phonet/pep-gprs.o
  CC      drivers/gpu/msm/adreno.o
  LD      kernel/events/built-in.o
  CC      net/core/dst.o
  CC      mm/slub.o
  CC      net/ipv6/addrlabel.o
  CC      kernel/power/main.o
  CC      fs/cifs/dir.o
  CC      net/ipv4/udplite.o
  CC      fs/ecryptfs/super.o
  CC      arch/arm/mach-msm/restart.o
  CC      fs/cifs/file.o
  CC      net/netfilter/nf_conntrack_l3proto_generic.o
  CC      arch/arm/mach-msm/sec_debug.o
  LD      net/phonet/phonet.o
  LD      net/phonet/pn_pep.o
  LD      net/phonet/built-in.o
  CC      kernel/power/console.o
  CC      net/core/netevent.o
  CC      fs/ecryptfs/mmap.o
  CC      net/ipv6/route.o
  CC      net/ipv4/arp.o
  CC      kernel/power/process.o
  CC      net/ipv6/ip6_fib.o
  CC      fs/ecryptfs/read_write.o
  CC      net/sched/sch_generic.o
  CC      net/ipv6/ipv6_sockglue.o
  CC      net/core/neighbour.o
  CC      fs/exfat/exfat_api.o
  CC      net/netfilter/nf_conntrack_proto_generic.o
  CC      net/core/rtnetlink.o
  CC      fs/ecryptfs/crypto.o
  CC      kernel/power/suspend.o
  CC      arch/arm/mach-msm/sec_getlog.o
  CC      net/netfilter/nf_conntrack_proto_tcp.o
  CC      arch/arm/mach-msm/sec_gaf.o
  CC      fs/exfat/exfat_blkdev.o
  CC      drivers/gpu/msm/adreno_debugfs.o
  CC      net/core/utils.o
  CC      kernel/power/wakelock.o
  CC      mm/migrate.o
  CC      net/sched/sch_mq.o
  CC      net/ipv4/icmp.o
  CC      arch/arm/mach-msm/sec_last_log.o
  CC      drivers/gpu/msm/kgsl.o
  CC      net/ipv6/ndisc.o
  CC      net/ipv6/udp.o
  CC      fs/exfat/exfat_cache.o
  CC      arch/arm/mach-msm/board-bluetooth-bcm4330.o
  CC      fs/ecryptfs/keystore.o
  CC      net/core/link_watch.o
  CC      net/sched/sch_api.o
  CC      fs/cifs/inode.o
  CC [M]  arch/arm/mach-msm/dal_remotetest.o
  CC      fs/exfat/exfat_data.o
  CC      net/netfilter/nf_conntrack_proto_udp.o
  CC      net/core/filter.o
  CC      kernel/power/userwakelock.o
  CC      net/ipv6/udplite.o
  CC      mm/cleancache.o
  CC      fs/exfat/exfat_global.o
  CC [M]  arch/arm/mach-msm/dma_test.o
  CC      kernel/power/earlysuspend.o
  CC      kernel/power/fbearlysuspend.o
  CC      net/ipv4/devinet.o
  CC      fs/exfat/exfat_nls.o
  LD      mm/built-in.o
  CC      net/ipv6/raw.o
  CC      net/ipv6/protocol.o
  CC      net/core/sock_diag.o
  CC      net/netfilter/nf_conntrack_extend.o
  CC      net/ipv6/icmp.o
  CC [M]  arch/arm/mach-msm/msm-buspm-dev.o
  CC      net/core/flow.o
  LD      kernel/power/built-in.o
  CC      kernel/sched/core.o
  CC      fs/exfat/exfat_oal.o
  CC      fs/ecryptfs/messaging.o
  CC      net/ipv6/mcast.o
  LD      arch/arm/mach-msm/built-in.o
  CC      fs/exfat/exfat_upcase.o
  CC      net/ipv6/reassembly.o
  CC      net/ipv6/tcp_ipv6.o
  CC      net/core/net-sysfs.o
  CC      net/sched/sch_blackhole.o
  CC      net/netfilter/nf_conntrack_acct.o
  CC      net/core/fib_rules.o
  CC      fs/cifs/link.o
  CC      net/ipv6/ping.o
  CC      fs/exfat/exfat_super.o
  CC      fs/ecryptfs/miscdev.o
  CC      drivers/gpu/msm/kgsl_trace.o
  CC      net/sched/cls_api.o
  CC      net/sched/act_api.o
  CC      net/ipv4/af_inet.o
  CC      net/netfilter/nf_conntrack_ecache.o
  CC      net/ipv4/igmp.o
  CC      fs/ecryptfs/kthread.o
  CC      net/ipv6/exthdrs.o
  CC      fs/cifs/misc.o
  CC      net/ipv6/datagram.o
  CC      net/core/net-traces.o
  CC      fs/ecryptfs/debug.o
  CC      net/netfilter/nf_conntrack_h323_main.o
  LD      fs/ecryptfs/ecryptfs.o
  LD      fs/ecryptfs/built-in.o
  LD      fs/exfat/exfat_core.o
  CC      net/sched/act_police.o
  CC      net/sched/act_gact.o
  LD      fs/exfat/exfat_fs.o
  LD      fs/exfat/built-in.o
  CC      kernel/time/timekeeping.o
  CC      net/sched/act_mirred.o
  CC      net/ipv6/ip6_flowlabel.o
  CC      net/sched/sch_fifo.o
  CC      fs/cifs/netmisc.o
  CC      drivers/gpu/msm/kgsl_sharedmem.o
  CC      net/ipv6/inet6_connection_sock.o
  CC      net/sched/sch_htb.o
  CC      net/ipv6/sysctl_net_ipv6.o
  CC      net/ipv6/xfrm6_policy.o
  CC      net/ipv6/xfrm6_state.o
  CC      net/ipv6/xfrm6_input.o
  CC      net/ipv6/xfrm6_output.o
  LD      net/core/built-in.o
  CC      net/ipv6/netfilter.o
  CC      fs/cifs/smbencrypt.o
  CC      kernel/time/ntp.o
  CC      net/sched/sch_ingress.o
  CC      drivers/hwmon/hwmon.o
  CC      net/ipv6/fib6_rules.o
  CC      net/ipv6/proc.o
  CC      net/sched/sch_sfq.o
  CC      net/ipv4/fib_frontend.o
  CC      net/netfilter/nfnetlink.o
  CC      drivers/gpu/msm/kgsl_pwrctrl.o
  CC      kernel/time/clocksource.o
  CC      net/ipv6/ah6.o
  CC      net/sunrpc/clnt.o
  CC      kernel/trace/trace_clock.o
  CC      fs/cifs/transport.o
  LD      drivers/hwmon/built-in.o
  CC      net/sched/sch_tbf.o
  CC      drivers/i2c/chips/gp2ap020_proximity.o
  CC      fs/cifs/asn1.o
  CC      net/ipv4/fib_semantics.o
  CC      net/ipv6/esp6.o
  CC      net/sched/sch_prio.o
  CC      kernel/time/jiffies.o
  CC      kernel/trace/ring_buffer.o
  CC      net/netfilter/nfnetlink_queue.o
  CC      kernel/time/timer_list.o
  CC      kernel/trace/trace.o
  CC      net/ipv6/ipcomp6.o
  CC      net/sched/cls_u32.o
  CC      drivers/i2c/chips/fsa9480.o
  CC      net/ipv4/fib_trie.o
  CC      fs/cifs/cifs_unicode.o
  CC      net/sched/cls_fw.o
  CC      drivers/gpu/msm/kgsl_pwrscale.o
  CC      fs/cifs/xattr.o
  CC      kernel/time/timecompare.o
  CC      net/ipv4/inet_fragment.o
  CC      kernel/time/posix-clock.o
  LD      kernel/sched/built-in.o
  CC      net/netfilter/nfnetlink_log.o
  CC      net/sched/cls_tcindex.o
  CC      kernel/trace/trace_output.o
  CC      net/ipv6/xfrm6_tunnel.o
  CC      drivers/gpu/msm/kgsl_mmu.o
  CC      net/sunrpc/xprt.o
  CC      net/ipv6/tunnel6.o
  CC      fs/cifs/cifsencrypt.o
  CC      net/ipv6/xfrm6_mode_transport.o
  CC      net/ipv6/xfrm6_mode_tunnel.o
  LD      drivers/i2c/chips/built-in.o
  LD      drivers/i2c/built-in.o
  CC      net/ipv6/xfrm6_mode_beet.o
  CC      kernel/time/clockevents.o
  CC      net/ipv4/ping.o
  CC      net/sched/cls_basic.o
  CC      net/ipv6/mip6.o
  CC      net/sched/ematch.o
  CC      net/sched/em_cmp.o
  CC      kernel/time/tick-common.o
  CC      fs/ext2/balloc.o
  CC      fs/ext2/dir.o
  CC      kernel/time/tick-broadcast.o
  CC      kernel/trace/trace_stat.o
  CC      drivers/gpu/msm/kgsl_gpummu.o
  LD      net/netfilter/nf_conntrack.o
  CC      fs/cifs/readdir.o
  CC      net/netfilter/nf_conntrack_proto_dccp.o
  CC      net/ipv4/sysctl_net_ipv4.o
  CC      kernel/time/tick-oneshot.o
  CC      net/sched/em_nbyte.o
  CC      net/sched/em_u32.o
  CC      net/sunrpc/socklib.o
  CC      kernel/trace/trace_printk.o
  CC      kernel/time/tick-sched.o
  CC      kernel/trace/trace_sched_switch.o
  CC      fs/ext2/file.o
  CC      net/sched/em_meta.o
  CC      net/ipv6/netfilter/ip6_tables.o
  CC      fs/ext2/ialloc.o
  CC      drivers/gpu/msm/kgsl_iommu.o
  CC      kernel/trace/trace_sched_wakeup.o
  CC      net/sched/em_text.o
  CC      net/ipv4/sysfs_net_ipv4.o
  CC [M]  net/sched/sch_dsmark.o
  CC [M]  net/sched/cls_flow.o
  CC      kernel/trace/trace_nop.o
  CC      net/netfilter/nf_conntrack_proto_gre.o
  CC      fs/ext2/inode.o
  CC      fs/cifs/ioctl.o
  CC      fs/cifs/sess.o
  LD      kernel/time/built-in.o
  CC      net/sunrpc/xprtsock.o
  CC      kernel/freezer.o
  CC      kernel/trace/blktrace.o
  CC      kernel/trace/trace_events.o
  CC      fs/ext2/namei.o
  CC      fs/ext2/super.o
  CC      net/ipv4/proc.o
  LD      net/sched/built-in.o
  CC      fs/cifs/export.o
  CC      net/ipv4/fib_rules.o
  CC      net/ipv4/esp4.o
  CC      kernel/trace/trace_export.o
  CC      kernel/profile.o
  CC      fs/ext2/xattr.o
  CC      net/netfilter/nf_conntrack_proto_sctp.o
  CC      net/unix/af_unix.o
  CC      drivers/gpu/msm/kgsl_snapshot.o
  CC      net/ipv6/netfilter/ip6table_filter.o
  CC      net/netfilter/nf_conntrack_proto_udplite.o
  CC      net/ipv4/ipcomp.o
  CC      fs/ext3/balloc.o
  CC      kernel/trace/trace_event_perf.o
  LD      fs/cifs/cifs.o
  LD      fs/cifs/built-in.o
  CC      kernel/trace/trace_events_filter.o
  CC      net/ipv4/xfrm4_tunnel.o
  CC      fs/ext4/balloc.o
  LD      fs/ext2/ext2.o
  CC      net/ipv4/tunnel4.o
  CC      net/ipv6/netfilter/ip6table_mangle.o
  CC      net/ipv4/xfrm4_mode_transport.o
  CC      fs/fat/cache.o
  CC      net/ipv4/xfrm4_mode_tunnel.o
  LD      fs/ext2/built-in.o
  CC      net/netfilter/nf_conntrack_netlink.o
  CC      fs/fuse/dev.o
  CC      drivers/input/keyboard/cypress-touchkey_dali.o
  CC      net/sunrpc/sched.o
  CC      fs/fat/dir.o
  CC      drivers/gpu/msm/kgsl_events.o
  CC      net/ipv4/ipconfig.o
  CC      fs/fat/fatent.o
  CC      net/ipv6/netfilter/ip6table_raw.o
  CC      net/ipv4/netfilter.o
  CC      fs/ext4/bitmap.o
  CC      net/ipv4/inet_diag.o
  CC      net/ipv4/netfilter/nf_nat_rule.o
  CC      fs/ext3/bitmap.o
  CC      kernel/trace/trace_kprobe.o
  CC      fs/ext4/dir.o
  CC      drivers/gpu/msm/kgsl_debugfs.o
  CC      net/ipv6/netfilter/nf_conntrack_l3proto_ipv6.o
  CC      drivers/input/keyboard/issp_driver_routines.o
  CC      fs/ext3/dir.o
  CC      net/ipv4/netfilter/nf_nat_standalone.o
  CC      net/ipv4/netfilter/nf_conntrack_l3proto_ipv4_compat.o
  CC      net/ipv4/tcp_diag.o
  CC      net/unix/garbage.o
  CC      net/ipv4/tcp_bic.o
  CC      fs/fat/file.o
  CC      drivers/gpu/msm/kgsl_pwrscale_trustzone.o
  CC      drivers/input/keyboard/issp_main.o
  CC      fs/fuse/dir.o
  CC      fs/ext4/file.o
  CC      net/sunrpc/auth.o
  CC      fs/ext3/file.o
  CC      net/ipv6/netfilter/nf_conntrack_proto_icmpv6.o
  CC      net/netfilter/nf_conntrack_amanda.o
  CC      net/ipv4/netfilter/nf_conntrack_l3proto_ipv4.o
  CC      drivers/gpu/msm/kgsl_sync.o
  CC      net/ipv4/netfilter/nf_conntrack_proto_icmp.o
  CC      fs/ext3/fsync.o
  CC      drivers/gpu/msm/z180.o
  CC      net/unix/sysctl_net_unix.o
  CC      net/ipv6/netfilter/nf_defrag_ipv6_hooks.o
  CC      kernel/trace/power-traces.o
  CC      fs/ext4/fsync.o
  CC      fs/fat/inode.o
  LD      drivers/input/keyboard/built-in.o
  CC      fs/ext3/ialloc.o
  CC      drivers/gpu/msm/z180_postmortem.o
  CC      drivers/input/touchscreen/melfas_ts.o
  CC      net/ipv6/netfilter/nf_conntrack_reasm.o
  CC      net/ipv6/netfilter/ip6t_REJECT.o
  LD      net/unix/unix.o
  CC      net/netfilter/nf_conntrack_ftp.o
  LD      net/unix/built-in.o
  CC      net/ipv4/netfilter/nf_nat_core.o
  CC      net/wireless/core.o
  CC      drivers/gpu/msm/z180_trace.o
  CC      fs/fuse/file.o
  CC      fs/fuse/inode.o
  CC      fs/ext4/ialloc.o
  CC      fs/fuse/control.o
  CC      net/sunrpc/auth_null.o
  CC      net/ipv4/netfilter/nf_nat_helper.o
  CC      kernel/trace/rpm-traces.o
  CC      fs/ext3/inode.o
  LD      drivers/gpu/msm/msm_kgsl_core.o
  LD      drivers/gpu/msm/msm_adreno.o
  LD      drivers/gpu/msm/msm_z180.o
  CC      fs/ext3/ioctl.o
  LD      drivers/gpu/msm/built-in.o
  CC      fs/ext3/namei.o
  LD      drivers/gpu/built-in.o
  LD      net/ipv6/netfilter/nf_conntrack_ipv6.o
  LD      net/ipv6/netfilter/nf_defrag_ipv6.o
  LD      net/ipv6/netfilter/built-in.o
  CC      net/ipv6/sit.o
  CC      net/sunrpc/auth_unix.o
  CC      drivers/iommu/iommu.o
  CC      fs/fat/misc.o
  LD      drivers/input/touchscreen/built-in.o
  CC      drivers/input/keyreset.o
  LD      net/netfilter/nf_conntrack_h323.o
  LD      kernel/trace/built-in.o
  CC      net/netfilter/nf_conntrack_irc.o
  CC      kernel/futex.o
  CC      fs/ext3/super.o
  CC      fs/ext3/symlink.o
  CC      net/ipv4/netfilter/nf_nat_proto_unknown.o
  CC      net/ipv4/netfilter/nf_nat_proto_common.o
  CC      drivers/iommu/msm_iommu.o
  CC      net/wireless/sysfs.o
  CC      fs/fat/namei_vfat.o
  CC      fs/ext3/hash.o
  CC      net/sunrpc/auth_generic.o
  LD      drivers/input/built-in.o
  CC      drivers/leds/ledtrig-sleep.o
  CC      fs/ext4/inode.o
  CC      fs/ext4/page-io.o
  CC      net/netfilter/nf_conntrack_broadcast.o
  LD      fs/fuse/fuse.o
  LD      fs/fuse/built-in.o
  CC      fs/jbd/transaction.o
  CC      fs/ext3/resize.o
  LD      drivers/leds/built-in.o
  CC      fs/ext4/ioctl.o
  CC      net/wireless/radiotap.o
  CC      net/ipv4/netfilter/nf_nat_proto_tcp.o
  CC      net/ipv6/ip6_tunnel.o
  CC      net/ipv4/netfilter/nf_nat_proto_udp.o
  CC      drivers/iommu/msm_iommu_dev.o
  CC      net/sunrpc/svc.o
  LD      fs/fat/fat.o
  LD      fs/fat/vfat.o
  LD      fs/fat/built-in.o
  CC      fs/jbd2/transaction.o
  CC      net/xfrm/xfrm_policy.o
  CC      net/netfilter/nf_conntrack_netbios_ns.o
  CC      fs/ext4/namei.o
  CC      net/ipv4/netfilter/nf_nat_proto_icmp.o
  CC      kernel/uid16.o
  CC      net/wireless/util.o
  CC      net/ipv4/netfilter/nf_defrag_ipv4.o
  CC      fs/ext3/ext3_jbd.o
  LD      drivers/iommu/built-in.o
  CC      fs/ext3/xattr.o
  CC      drivers/md/dm-uevent.o
  CC      net/netfilter/nf_conntrack_pptp.o
  CC      drivers/md/dm.o
  CC      fs/ext3/xattr_user.o
  CC      kernel/module.o
  CC      fs/jbd/commit.o
  CC      net/ipv4/netfilter/nf_nat_amanda.o
  CC      net/ipv6/addrconf_core.o
  CC      fs/ext3/xattr_trusted.o
  CC      drivers/md/dm-table.o
  CC      net/sunrpc/svcsock.o
  CC      drivers/media/media-devnode.o
  CC      drivers/mfd/pmic8058.o
  CC      net/wireless/reg.o
  CC      net/ipv4/netfilter/nf_nat_ftp.o
  CC      net/netfilter/nf_conntrack_sane.o
  CC      fs/jbd2/commit.o
  CC      net/ipv6/exthdrs_core.o
  CC      fs/ext4/super.o
  CC      drivers/media/radio/radio-tavarua.o
  CC      drivers/mfd/pmic8901.o
  LD      fs/ext3/ext3.o
  CC      net/ipv4/netfilter/nf_nat_h323.o
  LD      fs/ext3/built-in.o
  CC      net/netfilter/nf_conntrack_sip.o
  CC      fs/lockd/clntlock.o
  CC      drivers/md/dm-target.o
  CC      fs/ext4/symlink.o
  CC      net/ipv6/inet6_hashtables.o
  CC      fs/jbd/recovery.o
  CC      drivers/md/dm-linear.o
  LD      drivers/mfd/built-in.o
  CC      drivers/md/dm-stripe.o
  CC      net/xfrm/xfrm_state.o
  CC      net/sunrpc/svcauth.o
  CC      fs/ext4/hash.o
  CC      drivers/md/dm-ioctl.o
  CC      drivers/md/dm-io.o
  CC      net/ipv4/netfilter/nf_nat_irc.o
  CC      fs/jbd2/recovery.o
  CC      fs/jbd/checkpoint.o
  CC      net/wireless/scan.o
  CC      drivers/md/dm-kcopyd.o
  CC      kernel/kallsyms.o
  CC      net/sunrpc/svcauth_unix.o
  CC      fs/lockd/clntproc.o
  CC      fs/ext4/resize.o
  LD      net/ipv6/ipv6.o
  CC      net/ipv4/netfilter/nf_nat_pptp.o
  LD      net/ipv6/built-in.o
  CC      drivers/md/dm-sysfs.o
  CC      net/netfilter/nf_conntrack_tftp.o
  CC      fs/jbd2/checkpoint.o
  CC      net/sysctl_net.o
  CC      kernel/cgroup.o
  CC      fs/jbd/revoke.o
  CC      drivers/md/dm-crypt.o
  LD      drivers/media/radio/built-in.o
  GZIP    kernel/config_data.gz
  CC      kernel/res_counter.o
  LD      drivers/md/dm-mod.o
  CC      drivers/media/tdmb/tdmb.o
Using built-in specs.
  CC      net/ipv4/netfilter/nf_nat_sip.o
COLLECT_GCC=arm-eabi-gcc
COLLECT_LTO_WRAPPER=/home/cholokei/prebuilts/gcc/linux-x86/arm/arm-eabi-4.6/bin/../libexec/gcc/arm-eabi/4.6.x-google/lto-wrapper
Target: arm-eabi
Configured with: /tmp/android-15472/src/build/../gcc/gcc-4.6/configure --prefix=/usr/local --target=arm-eabi --host=x86_64-linux-gnu --build=x86_64-linux-gnu --with-gnu-as --with-gnu-ld --enable-languages=c,c++ --with-gmp=/tmp/android-15472/obj/temp-install --with-mpfr=/tmp/android-15472/obj/temp-install --with-mpc=/tmp/android-15472/obj/temp-install --without-ppl --without-cloog --disable-libssp --enable-threads --disable-nls --disable-libmudflap --disable-libgomp --disable-libstdc__-v3 --disable-sjlj-exceptions --disable-shared --disable-tls --disable-libitm --with-float=soft --with-fpu=vfp --with-arch=armv5te --enable-target-optspace --with-abi=aapcs --with-gcc-version=4.6 --with-binutils-version=2.21 --with-gmp-version=4.2.4 --with-mpfr-version=2.4.1 --with-gdb-version=7.3.x --with-arch=armv5te --with-sysroot=/tmp/android-15472/install/sysroot --with-prefix=/tmp/android-15472/install --with-gold-version=2.21 --enable-gold --disable-gold --disable-multilib --program-transform-name='s&^&arm-eabi-&'
Thread model: single
gcc version 4.6.x-google 20120106 (prerelease) (GCC) 
COLLECT_GCC_OPTIONS='-nostdinc' '-isystem' '/home/cholokei/prebuilts/gcc/linux-x86/arm/arm-eabi-4.6/bin/../lib/gcc/arm-eabi/4.6.x-google/include' '-I' '/home/cholokei/git/android_kernel_samsung_dalikt/arch/arm/include' '-I' 'arch/arm/include/generated' '-I' 'include' '-include' '/home/cholokei/git/android_kernel_samsung_dalikt/include/linux/kconfig.h' '-D' '__KERNEL__' '-mlittle-endian' '-I' 'arch/arm/mach-msm/include' '-Wall' '-Wundef' '-Wstrict-prototypes' '-Wno-trigraphs' '-fno-strict-aliasing' '-fno-common' '-Wno-format-security' '-fno-delete-null-pointer-checks' '-Os' '-marm' '-fno-dwarf2-cfi-asm' '-mabi=aapcs-linux' '-mno-thumb-interwork' '-funwind-tables' '-D' '__LINUX_ARM_ARCH__=7' '-march=armv7-a' '-msoft-float' '-U' 'arm' '-Wframe-larger-than=1024' '-fno-stack-protector' '-Wno-unused-but-set-variable' '-fomit-frame-pointer' '-g' '-Wdeclaration-after-statement' '-Wno-pointer-sign' '-fno-strict-overflow' '-fconserve-stack' '-I' 'drivers/media/tdmb' '-v' '-I' 'drivers/media/tdmb/t3900' '-I' 'drivers/media/tdmb/fc8050' '-D' 'KBUILD_STR(s)=#s' '-D' 'KBUILD_BASENAME=KBUILD_STR(tdmb)' '-D' 'KBUILD_MODNAME=KBUILD_STR(tdmb)' '-c' '-o' 'drivers/media/tdmb/.tmp_tdmb.o' '-mfpu=vfp'
 /home/cholokei/prebuilts/gcc/linux-x86/arm/arm-eabi-4.6/bin/../libexec/gcc/arm-eabi/4.6.x-google/cc1 -quiet -nostdinc -v -I /home/cholokei/git/android_kernel_samsung_dalikt/arch/arm/include -I arch/arm/include/generated -I include -I arch/arm/mach-msm/include -I drivers/media/tdmb -I drivers/media/tdmb/t3900 -I drivers/media/tdmb/fc8050 -iprefix /home/cholokei/prebuilts/gcc/linux-x86/arm/arm-eabi-4.6/bin/../lib/gcc/arm-eabi/4.6.x-google/ -D__USES_INITFINI__ -D __KERNEL__ -D __LINUX_ARM_ARCH__=7 -U arm -D KBUILD_STR(s)=#s -D KBUILD_BASENAME=KBUILD_STR(tdmb) -D KBUILD_MODNAME=KBUILD_STR(tdmb) -isystem /home/cholokei/prebuilts/gcc/linux-x86/arm/arm-eabi-4.6/bin/../lib/gcc/arm-eabi/4.6.x-google/include -include /home/cholokei/git/android_kernel_samsung_dalikt/include/linux/kconfig.h -MD drivers/media/tdmb/.tdmb.o.d drivers/media/tdmb/tdmb.c -quiet -dumpbase tdmb.c -mlittle-endian -marm -mabi=aapcs-linux -mno-thumb-interwork -march=armv7-a -msoft-float -mfpu=vfp -auxbase-strip drivers/media/tdmb/.tmp_tdmb.o -g -Os -Wall -Wundef -Wstrict-prototypes -Wno-trigraphs -Wno-format-security -Wframe-larger-than=1024 -Wno-unused-but-set-variable -Wdeclaration-after-statement -Wno-pointer-sign -version -fno-strict-aliasing -fno-common -fno-delete-null-pointer-checks -fno-dwarf2-cfi-asm -funwind-tables -fno-stack-protector -fomit-frame-pointer -fno-strict-overflow -fconserve-stack -o /tmp/cca7EtWX.s
GNU C (GCC) version 4.6.x-google 20120106 (prerelease) (arm-eabi)
	compiled by GNU C version 4.4.3, GMP version 4.2.4, MPFR version 2.4.1, MPC version 0.8.1
GGC heuristics: --param ggc-min-expand=100 --param ggc-min-heapsize=131072
#include "..." search starts here:
#include <...> search starts here:
 /home/cholokei/git/android_kernel_samsung_dalikt/arch/arm/include
 arch/arm/include/generated
 include
 arch/arm/mach-msm/include
 drivers/media/tdmb
 drivers/media/tdmb/t3900
 drivers/media/tdmb/fc8050
 /home/cholokei/prebuilts/gcc/linux-x86/arm/arm-eabi-4.6/bin/../lib/gcc/arm-eabi/4.6.x-google/include
End of search list.
GNU C (GCC) version 4.6.x-google 20120106 (prerelease) (arm-eabi)
	compiled by GNU C version 4.4.3, GMP version 4.2.4, MPFR version 2.4.1, MPC version 0.8.1
GGC heuristics: --param ggc-min-expand=100 --param ggc-min-heapsize=131072
Compiler executable checksum: 7e0a3541f55243241c747ff83ef85799
drivers/media/tdmb/tdmb.c: In function 'tdmb_mmap':
drivers/media/tdmb/tdmb.c:208:2: warning: format '%lx' expects argument of type 'long unsigned int', but argument 5 has type 'pgprot_t' [-Wformat]
  CC      drivers/media/rc/keymaps/rc-lirc.o
  CC      fs/jbd2/revoke.o
  CC      net/netfilter/nf_tproxy_core.o
  CC      kernel/audit.o
  CC      net/activity_stats.o
  CC      fs/jbd/journal.o
  CC      fs/lockd/clntxdr.o
COLLECT_GCC_OPTIONS='-nostdinc' '-isystem' '/home/cholokei/prebuilts/gcc/linux-x86/arm/arm-eabi-4.6/bin/../lib/gcc/arm-eabi/4.6.x-google/include' '-I' '/home/cholokei/git/android_kernel_samsung_dalikt/arch/arm/include' '-I' 'arch/arm/include/generated' '-I' 'include' '-include' '/home/cholokei/git/android_kernel_samsung_dalikt/include/linux/kconfig.h' '-D' '__KERNEL__' '-mlittle-endian' '-I' 'arch/arm/mach-msm/include' '-Wall' '-Wundef' '-Wstrict-prototypes' '-Wno-trigraphs' '-fno-strict-aliasing' '-fno-common' '-Wno-format-security' '-fno-delete-null-pointer-checks' '-Os' '-marm' '-fno-dwarf2-cfi-asm' '-mabi=aapcs-linux' '-mno-thumb-interwork' '-funwind-tables' '-D' '__LINUX_ARM_ARCH__=7' '-march=armv7-a' '-msoft-float' '-U' 'arm' '-Wframe-larger-than=1024' '-fno-stack-protector' '-Wno-unused-but-set-variable' '-fomit-frame-pointer' '-g' '-Wdeclaration-after-statement' '-Wno-pointer-sign' '-fno-strict-overflow' '-fconserve-stack' '-I' 'drivers/media/tdmb' '-v' '-I' 'drivers/media/tdmb/t3900' '-I' 'drivers/media/tdmb/fc8050' '-D' 'KBUILD_STR(s)=#s' '-D' 'KBUILD_BASENAME=KBUILD_STR(tdmb)' '-D' 'KBUILD_MODNAME=KBUILD_STR(tdmb)' '-c' '-o' 'drivers/media/tdmb/.tmp_tdmb.o' '-mfpu=vfp'
 /home/cholokei/prebuilts/gcc/linux-x86/arm/arm-eabi-4.6/bin/../lib/gcc/arm-eabi/4.6.x-google/../../../../arm-eabi/bin/as -v -I /home/cholokei/git/android_kernel_samsung_dalikt/arch/arm/include -I arch/arm/include/generated -I include -I arch/arm/mach-msm/include -I drivers/media/tdmb -I drivers/media/tdmb/t3900 -I drivers/media/tdmb/fc8050 -EL -march=armv7-a -mfloat-abi=soft -mfpu=vfp -meabi=5 -o drivers/media/tdmb/.tmp_tdmb.o /tmp/cca7EtWX.s
GNU assembler version 2.21 (arm-eabi) using BFD version (GNU Binutils) 2.21
  CC      net/sunrpc/addr.o
COMPILER_PATH=/home/cholokei/prebuilts/gcc/linux-x86/arm/arm-eabi-4.6/bin/../libexec/gcc/arm-eabi/4.6.x-google/:/home/cholokei/prebuilts/gcc/linux-x86/arm/arm-eabi-4.6/bin/../libexec/gcc/:/home/cholokei/prebuilts/gcc/linux-x86/arm/arm-eabi-4.6/bin/../lib/gcc/arm-eabi/4.6.x-google/../../../../arm-eabi/bin/
LIBRARY_PATH=/home/cholokei/prebuilts/gcc/linux-x86/arm/arm-eabi-4.6/bin/../lib/gcc/arm-eabi/4.6.x-google/:/home/cholokei/prebuilts/gcc/linux-x86/arm/arm-eabi-4.6/bin/../lib/gcc/:/home/cholokei/prebuilts/gcc/linux-x86/arm/arm-eabi-4.6/bin/../lib/gcc/arm-eabi/4.6.x-google/../../../../arm-eabi/lib/
COLLECT_GCC_OPTIONS='-nostdinc' '-isystem' '/home/cholokei/prebuilts/gcc/linux-x86/arm/arm-eabi-4.6/bin/../lib/gcc/arm-eabi/4.6.x-google/include' '-I' '/home/cholokei/git/android_kernel_samsung_dalikt/arch/arm/include' '-I' 'arch/arm/include/generated' '-I' 'include' '-include' '/home/cholokei/git/android_kernel_samsung_dalikt/include/linux/kconfig.h' '-D' '__KERNEL__' '-mlittle-endian' '-I' 'arch/arm/mach-msm/include' '-Wall' '-Wundef' '-Wstrict-prototypes' '-Wno-trigraphs' '-fno-strict-aliasing' '-fno-common' '-Wno-format-security' '-fno-delete-null-pointer-checks' '-Os' '-marm' '-fno-dwarf2-cfi-asm' '-mabi=aapcs-linux' '-mno-thumb-interwork' '-funwind-tables' '-D' '__LINUX_ARM_ARCH__=7' '-march=armv7-a' '-msoft-float' '-U' 'arm' '-Wframe-larger-than=1024' '-fno-stack-protector' '-Wno-unused-but-set-variable' '-fomit-frame-pointer' '-g' '-Wdeclaration-after-statement' '-Wno-pointer-sign' '-fno-strict-overflow' '-fconserve-stack' '-I' 'drivers/media/tdmb' '-v' '-I' 'drivers/media/tdmb/t3900' '-I' 'drivers/media/tdmb/fc8050' '-D' 'KBUILD_STR(s)=#s' '-D' 'KBUILD_BASENAME=KBUILD_STR(tdmb)' '-D' 'KBUILD_MODNAME=KBUILD_STR(tdmb)' '-c' '-o' 'drivers/media/tdmb/.tmp_tdmb.o' '-mfpu=vfp'
  LD      drivers/media/rc/keymaps/built-in.o
  CC      drivers/media/tdmb/tdmb_data.o
Using built-in specs.
COLLECT_GCC=arm-eabi-gcc
COLLECT_LTO_WRAPPER=/home/cholokei/prebuilts/gcc/linux-x86/arm/arm-eabi-4.6/bin/../libexec/gcc/arm-eabi/4.6.x-google/lto-wrapper
Target: arm-eabi
Configured with: /tmp/android-15472/src/build/../gcc/gcc-4.6/configure --prefix=/usr/local --target=arm-eabi --host=x86_64-linux-gnu --build=x86_64-linux-gnu --with-gnu-as --with-gnu-ld --enable-languages=c,c++ --with-gmp=/tmp/android-15472/obj/temp-install --with-mpfr=/tmp/android-15472/obj/temp-install --with-mpc=/tmp/android-15472/obj/temp-install --without-ppl --without-cloog --disable-libssp --enable-threads --disable-nls --disable-libmudflap --disable-libgomp --disable-libstdc__-v3 --disable-sjlj-exceptions --disable-shared --disable-tls --disable-libitm --with-float=soft --with-fpu=vfp --with-arch=armv5te --enable-target-optspace --with-abi=aapcs --with-gcc-version=4.6 --with-binutils-version=2.21 --with-gmp-version=4.2.4 --with-mpfr-version=2.4.1 --with-gdb-version=7.3.x --with-arch=armv5te --with-sysroot=/tmp/android-15472/install/sysroot --with-prefix=/tmp/android-15472/install --with-gold-version=2.21 --enable-gold --disable-gold --disable-multilib --program-transform-name='s&^&arm-eabi-&'
Thread model: single
gcc version 4.6.x-google 20120106 (prerelease) (GCC) 
COLLECT_GCC_OPTIONS='-nostdinc' '-isystem' '/home/cholokei/prebuilts/gcc/linux-x86/arm/arm-eabi-4.6/bin/../lib/gcc/arm-eabi/4.6.x-google/include' '-I' '/home/cholokei/git/android_kernel_samsung_dalikt/arch/arm/include' '-I' 'arch/arm/include/generated' '-I' 'include' '-include' '/home/cholokei/git/android_kernel_samsung_dalikt/include/linux/kconfig.h' '-D' '__KERNEL__' '-mlittle-endian' '-I' 'arch/arm/mach-msm/include' '-Wall' '-Wundef' '-Wstrict-prototypes' '-Wno-trigraphs' '-fno-strict-aliasing' '-fno-common' '-Wno-format-security' '-fno-delete-null-pointer-checks' '-Os' '-marm' '-fno-dwarf2-cfi-asm' '-mabi=aapcs-linux' '-mno-thumb-interwork' '-funwind-tables' '-D' '__LINUX_ARM_ARCH__=7' '-march=armv7-a' '-msoft-float' '-U' 'arm' '-Wframe-larger-than=1024' '-fno-stack-protector' '-Wno-unused-but-set-variable' '-fomit-frame-pointer' '-g' '-Wdeclaration-after-statement' '-Wno-pointer-sign' '-fno-strict-overflow' '-fconserve-stack' '-I' 'drivers/media/tdmb' '-v' '-I' 'drivers/media/tdmb/t3900' '-I' 'drivers/media/tdmb/fc8050' '-D' 'KBUILD_STR(s)=#s' '-D' 'KBUILD_BASENAME=KBUILD_STR(tdmb_data)' '-D' 'KBUILD_MODNAME=KBUILD_STR(tdmb_data)' '-c' '-o' 'drivers/media/tdmb/.tmp_tdmb_data.o' '-mfpu=vfp'
 /home/cholokei/prebuilts/gcc/linux-x86/arm/arm-eabi-4.6/bin/../libexec/gcc/arm-eabi/4.6.x-google/cc1 -quiet -nostdinc -v -I /home/cholokei/git/android_kernel_samsung_dalikt/arch/arm/include -I arch/arm/include/generated -I include -I arch/arm/mach-msm/include -I drivers/media/tdmb -I drivers/media/tdmb/t3900 -I drivers/media/tdmb/fc8050 -iprefix /home/cholokei/prebuilts/gcc/linux-x86/arm/arm-eabi-4.6/bin/../lib/gcc/arm-eabi/4.6.x-google/ -D__USES_INITFINI__ -D __KERNEL__ -D __LINUX_ARM_ARCH__=7 -U arm -D KBUILD_STR(s)=#s -D KBUILD_BASENAME=KBUILD_STR(tdmb_data) -D KBUILD_MODNAME=KBUILD_STR(tdmb_data) -isystem /home/cholokei/prebuilts/gcc/linux-x86/arm/arm-eabi-4.6/bin/../lib/gcc/arm-eabi/4.6.x-google/include -include /home/cholokei/git/android_kernel_samsung_dalikt/include/linux/kconfig.h -MD drivers/media/tdmb/.tdmb_data.o.d drivers/media/tdmb/tdmb_data.c -quiet -dumpbase tdmb_data.c -mlittle-endian -marm -mabi=aapcs-linux -mno-thumb-interwork -march=armv7-a -msoft-float -mfpu=vfp -auxbase-strip drivers/media/tdmb/.tmp_tdmb_data.o -g -Os -Wall -Wundef -Wstrict-prototypes -Wno-trigraphs -Wno-format-security -Wframe-larger-than=1024 -Wno-unused-but-set-variable -Wdeclaration-after-statement -Wno-pointer-sign -version -fno-strict-aliasing -fno-common -fno-delete-null-pointer-checks -fno-dwarf2-cfi-asm -funwind-tables -fno-stack-protector -fomit-frame-pointer -fno-strict-overflow -fconserve-stack -o /tmp/ccA4jR6p.s
GNU C (GCC) version 4.6.x-google 20120106 (prerelease) (arm-eabi)
	compiled by GNU C version 4.4.3, GMP version 4.2.4, MPFR version 2.4.1, MPC version 0.8.1
GGC heuristics: --param ggc-min-expand=100 --param ggc-min-heapsize=131072
#include "..." search starts here:
#include <...> search starts here:
 /home/cholokei/git/android_kernel_samsung_dalikt/arch/arm/include
 arch/arm/include/generated
 include
 arch/arm/mach-msm/include
 drivers/media/tdmb
 drivers/media/tdmb/t3900
 drivers/media/tdmb/fc8050
 /home/cholokei/prebuilts/gcc/linux-x86/arm/arm-eabi-4.6/bin/../lib/gcc/arm-eabi/4.6.x-google/include
End of search list.
GNU C (GCC) version 4.6.x-google 20120106 (prerelease) (arm-eabi)
	compiled by GNU C version 4.4.3, GMP version 4.2.4, MPFR version 2.4.1, MPC version 0.8.1
GGC heuristics: --param ggc-min-expand=100 --param ggc-min-heapsize=131072
Compiler executable checksum: 7e0a3541f55243241c747ff83ef85799
  CC      net/wireless/nl80211.o
  CC      fs/ext4/extents.o
  CC      drivers/media/rc/rc-main.o
  CC      drivers/media/rc/ir-raw.o
  CC      net/ipv4/netfilter/nf_nat_tftp.o
  CC      fs/jbd2/journal.o
COLLECT_GCC_OPTIONS='-nostdinc' '-isystem' '/home/cholokei/prebuilts/gcc/linux-x86/arm/arm-eabi-4.6/bin/../lib/gcc/arm-eabi/4.6.x-google/include' '-I' '/home/cholokei/git/android_kernel_samsung_dalikt/arch/arm/include' '-I' 'arch/arm/include/generated' '-I' 'include' '-include' '/home/cholokei/git/android_kernel_samsung_dalikt/include/linux/kconfig.h' '-D' '__KERNEL__' '-mlittle-endian' '-I' 'arch/arm/mach-msm/include' '-Wall' '-Wundef' '-Wstrict-prototypes' '-Wno-trigraphs' '-fno-strict-aliasing' '-fno-common' '-Wno-format-security' '-fno-delete-null-pointer-checks' '-Os' '-marm' '-fno-dwarf2-cfi-asm' '-mabi=aapcs-linux' '-mno-thumb-interwork' '-funwind-tables' '-D' '__LINUX_ARM_ARCH__=7' '-march=armv7-a' '-msoft-float' '-U' 'arm' '-Wframe-larger-than=1024' '-fno-stack-protector' '-Wno-unused-but-set-variable' '-fomit-frame-pointer' '-g' '-Wdeclaration-after-statement' '-Wno-pointer-sign' '-fno-strict-overflow' '-fconserve-stack' '-I' 'drivers/media/tdmb' '-v' '-I' 'drivers/media/tdmb/t3900' '-I' 'drivers/media/tdmb/fc8050' '-D' 'KBUILD_STR(s)=#s' '-D' 'KBUILD_BASENAME=KBUILD_STR(tdmb_data)' '-D' 'KBUILD_MODNAME=KBUILD_STR(tdmb_data)' '-c' '-o' 'drivers/media/tdmb/.tmp_tdmb_data.o' '-mfpu=vfp'
 /home/cholokei/prebuilts/gcc/linux-x86/arm/arm-eabi-4.6/bin/../lib/gcc/arm-eabi/4.6.x-google/../../../../arm-eabi/bin/as -v -I /home/cholokei/git/android_kernel_samsung_dalikt/arch/arm/include -I arch/arm/include/generated -I include -I arch/arm/mach-msm/include -I drivers/media/tdmb -I drivers/media/tdmb/t3900 -I drivers/media/tdmb/fc8050 -EL -march=armv7-a -mfloat-abi=soft -mfpu=vfp -meabi=5 -o drivers/media/tdmb/.tmp_tdmb_data.o /tmp/ccA4jR6p.s
GNU assembler version 2.21 (arm-eabi) using BFD version (GNU Binutils) 2.21
  CC      net/xfrm/xfrm_hash.o
COMPILER_PATH=/home/cholokei/prebuilts/gcc/linux-x86/arm/arm-eabi-4.6/bin/../libexec/gcc/arm-eabi/4.6.x-google/:/home/cholokei/prebuilts/gcc/linux-x86/arm/arm-eabi-4.6/bin/../libexec/gcc/:/home/cholokei/prebuilts/gcc/linux-x86/arm/arm-eabi-4.6/bin/../lib/gcc/arm-eabi/4.6.x-google/../../../../arm-eabi/bin/
LIBRARY_PATH=/home/cholokei/prebuilts/gcc/linux-x86/arm/arm-eabi-4.6/bin/../lib/gcc/arm-eabi/4.6.x-google/:/home/cholokei/prebuilts/gcc/linux-x86/arm/arm-eabi-4.6/bin/../lib/gcc/:/home/cholokei/prebuilts/gcc/linux-x86/arm/arm-eabi-4.6/bin/../lib/gcc/arm-eabi/4.6.x-google/../../../../arm-eabi/lib/
COLLECT_GCC_OPTIONS='-nostdinc' '-isystem' '/home/cholokei/prebuilts/gcc/linux-x86/arm/arm-eabi-4.6/bin/../lib/gcc/arm-eabi/4.6.x-google/include' '-I' '/home/cholokei/git/android_kernel_samsung_dalikt/arch/arm/include' '-I' 'arch/arm/include/generated' '-I' 'include' '-include' '/home/cholokei/git/android_kernel_samsung_dalikt/include/linux/kconfig.h' '-D' '__KERNEL__' '-mlittle-endian' '-I' 'arch/arm/mach-msm/include' '-Wall' '-Wundef' '-Wstrict-prototypes' '-Wno-trigraphs' '-fno-strict-aliasing' '-fno-common' '-Wno-format-security' '-fno-delete-null-pointer-checks' '-Os' '-marm' '-fno-dwarf2-cfi-asm' '-mabi=aapcs-linux' '-mno-thumb-interwork' '-funwind-tables' '-D' '__LINUX_ARM_ARCH__=7' '-march=armv7-a' '-msoft-float' '-U' 'arm' '-Wframe-larger-than=1024' '-fno-stack-protector' '-Wno-unused-but-set-variable' '-fomit-frame-pointer' '-g' '-Wdeclaration-after-statement' '-Wno-pointer-sign' '-fno-strict-overflow' '-fconserve-stack' '-I' 'drivers/media/tdmb' '-v' '-I' 'drivers/media/tdmb/t3900' '-I' 'drivers/media/tdmb/fc8050' '-D' 'KBUILD_STR(s)=#s' '-D' 'KBUILD_BASENAME=KBUILD_STR(tdmb_data)' '-D' 'KBUILD_MODNAME=KBUILD_STR(tdmb_data)' '-c' '-o' 'drivers/media/tdmb/.tmp_tdmb_data.o' '-mfpu=vfp'
  CC      net/netfilter/x_tables.o
  CC      drivers/media/tdmb/tdmb_port_t3900.o
Using built-in specs.
COLLECT_GCC=arm-eabi-gcc
COLLECT_LTO_WRAPPER=/home/cholokei/prebuilts/gcc/linux-x86/arm/arm-eabi-4.6/bin/../libexec/gcc/arm-eabi/4.6.x-google/lto-wrapper
Target: arm-eabi
Configured with: /tmp/android-15472/src/build/../gcc/gcc-4.6/configure --prefix=/usr/local --target=arm-eabi --host=x86_64-linux-gnu --build=x86_64-linux-gnu --with-gnu-as --with-gnu-ld --enable-languages=c,c++ --with-gmp=/tmp/android-15472/obj/temp-install --with-mpfr=/tmp/android-15472/obj/temp-install --with-mpc=/tmp/android-15472/obj/temp-install --without-ppl --without-cloog --disable-libssp --enable-threads --disable-nls --disable-libmudflap --disable-libgomp --disable-libstdc__-v3 --disable-sjlj-exceptions --disable-shared --disable-tls --disable-libitm --with-float=soft --with-fpu=vfp --with-arch=armv5te --enable-target-optspace --with-abi=aapcs --with-gcc-version=4.6 --with-binutils-version=2.21 --with-gmp-version=4.2.4 --with-mpfr-version=2.4.1 --with-gdb-version=7.3.x --with-arch=armv5te --with-sysroot=/tmp/android-15472/install/sysroot --with-prefix=/tmp/android-15472/install --with-gold-version=2.21 --enable-gold --disable-gold --disable-multilib --program-transform-name='s&^&arm-eabi-&'
Thread model: single
gcc version 4.6.x-google 20120106 (prerelease) (GCC) 
COLLECT_GCC_OPTIONS='-nostdinc' '-isystem' '/home/cholokei/prebuilts/gcc/linux-x86/arm/arm-eabi-4.6/bin/../lib/gcc/arm-eabi/4.6.x-google/include' '-I' '/home/cholokei/git/android_kernel_samsung_dalikt/arch/arm/include' '-I' 'arch/arm/include/generated' '-I' 'include' '-include' '/home/cholokei/git/android_kernel_samsung_dalikt/include/linux/kconfig.h' '-D' '__KERNEL__' '-mlittle-endian' '-I' 'arch/arm/mach-msm/include' '-Wall' '-Wundef' '-Wstrict-prototypes' '-Wno-trigraphs' '-fno-strict-aliasing' '-fno-common' '-Wno-format-security' '-fno-delete-null-pointer-checks' '-Os' '-marm' '-fno-dwarf2-cfi-asm' '-mabi=aapcs-linux' '-mno-thumb-interwork' '-funwind-tables' '-D' '__LINUX_ARM_ARCH__=7' '-march=armv7-a' '-msoft-float' '-U' 'arm' '-Wframe-larger-than=1024' '-fno-stack-protector' '-Wno-unused-but-set-variable' '-fomit-frame-pointer' '-g' '-Wdeclaration-after-statement' '-Wno-pointer-sign' '-fno-strict-overflow' '-fconserve-stack' '-I' 'drivers/media/tdmb' '-v' '-I' 'drivers/media/tdmb/t3900' '-I' 'drivers/media/tdmb/fc8050' '-D' 'KBUILD_STR(s)=#s' '-D' 'KBUILD_BASENAME=KBUILD_STR(tdmb_port_t3900)' '-D' 'KBUILD_MODNAME=KBUILD_STR(tdmb_port_t3900)' '-c' '-o' 'drivers/media/tdmb/.tmp_tdmb_port_t3900.o' '-mfpu=vfp'
 /home/cholokei/prebuilts/gcc/linux-x86/arm/arm-eabi-4.6/bin/../libexec/gcc/arm-eabi/4.6.x-google/cc1 -quiet -nostdinc -v -I /home/cholokei/git/android_kernel_samsung_dalikt/arch/arm/include -I arch/arm/include/generated -I include -I arch/arm/mach-msm/include -I drivers/media/tdmb -I drivers/media/tdmb/t3900 -I drivers/media/tdmb/fc8050 -iprefix /home/cholokei/prebuilts/gcc/linux-x86/arm/arm-eabi-4.6/bin/../lib/gcc/arm-eabi/4.6.x-google/ -D__USES_INITFINI__ -D __KERNEL__ -D __LINUX_ARM_ARCH__=7 -U arm -D KBUILD_STR(s)=#s -D KBUILD_BASENAME=KBUILD_STR(tdmb_port_t3900) -D KBUILD_MODNAME=KBUILD_STR(tdmb_port_t3900) -isystem /home/cholokei/prebuilts/gcc/linux-x86/arm/arm-eabi-4.6/bin/../lib/gcc/arm-eabi/4.6.x-google/include -include /home/cholokei/git/android_kernel_samsung_dalikt/include/linux/kconfig.h -MD drivers/media/tdmb/.tdmb_port_t3900.o.d drivers/media/tdmb/tdmb_port_t3900.c -quiet -dumpbase tdmb_port_t3900.c -mlittle-endian -marm -mabi=aapcs-linux -mno-thumb-interwork -march=armv7-a -msoft-float -mfpu=vfp -auxbase-strip drivers/media/tdmb/.tmp_tdmb_port_t3900.o -g -Os -Wall -Wundef -Wstrict-prototypes -Wno-trigraphs -Wno-format-security -Wframe-larger-than=1024 -Wno-unused-but-set-variable -Wdeclaration-after-statement -Wno-pointer-sign -version -fno-strict-aliasing -fno-common -fno-delete-null-pointer-checks -fno-dwarf2-cfi-asm -funwind-tables -fno-stack-protector -fomit-frame-pointer -fno-strict-overflow -fconserve-stack -o /tmp/ccnz3KlN.s
GNU C (GCC) version 4.6.x-google 20120106 (prerelease) (arm-eabi)
	compiled by GNU C version 4.4.3, GMP version 4.2.4, MPFR version 2.4.1, MPC version 0.8.1
GGC heuristics: --param ggc-min-expand=100 --param ggc-min-heapsize=131072
#include "..." search starts here:
#include <...> search starts here:
 /home/cholokei/git/android_kernel_samsung_dalikt/arch/arm/include
 arch/arm/include/generated
 include
 arch/arm/mach-msm/include
 drivers/media/tdmb
 drivers/media/tdmb/t3900
 drivers/media/tdmb/fc8050
 /home/cholokei/prebuilts/gcc/linux-x86/arm/arm-eabi-4.6/bin/../lib/gcc/arm-eabi/4.6.x-google/include
End of search list.
GNU C (GCC) version 4.6.x-google 20120106 (prerelease) (arm-eabi)
	compiled by GNU C version 4.4.3, GMP version 4.2.4, MPFR version 2.4.1, MPC version 0.8.1
GGC heuristics: --param ggc-min-expand=100 --param ggc-min-heapsize=131072
Compiler executable checksum: 7e0a3541f55243241c747ff83ef85799
  LD      drivers/md/built-in.o
  CC      fs/lockd/host.o
  CC      drivers/misc/pmem.o
  CC      net/xfrm/xfrm_input.o
  CC      net/sunrpc/rpcb_clnt.o
  CC      drivers/media/rc/lirc_dev.o
  CC      net/ipv4/netfilter/nf_nat_proto_dccp.o
COLLECT_GCC_OPTIONS='-nostdinc' '-isystem' '/home/cholokei/prebuilts/gcc/linux-x86/arm/arm-eabi-4.6/bin/../lib/gcc/arm-eabi/4.6.x-google/include' '-I' '/home/cholokei/git/android_kernel_samsung_dalikt/arch/arm/include' '-I' 'arch/arm/include/generated' '-I' 'include' '-include' '/home/cholokei/git/android_kernel_samsung_dalikt/include/linux/kconfig.h' '-D' '__KERNEL__' '-mlittle-endian' '-I' 'arch/arm/mach-msm/include' '-Wall' '-Wundef' '-Wstrict-prototypes' '-Wno-trigraphs' '-fno-strict-aliasing' '-fno-common' '-Wno-format-security' '-fno-delete-null-pointer-checks' '-Os' '-marm' '-fno-dwarf2-cfi-asm' '-mabi=aapcs-linux' '-mno-thumb-interwork' '-funwind-tables' '-D' '__LINUX_ARM_ARCH__=7' '-march=armv7-a' '-msoft-float' '-U' 'arm' '-Wframe-larger-than=1024' '-fno-stack-protector' '-Wno-unused-but-set-variable' '-fomit-frame-pointer' '-g' '-Wdeclaration-after-statement' '-Wno-pointer-sign' '-fno-strict-overflow' '-fconserve-stack' '-I' 'drivers/media/tdmb' '-v' '-I' 'drivers/media/tdmb/t3900' '-I' 'drivers/media/tdmb/fc8050' '-D' 'KBUILD_STR(s)=#s' '-D' 'KBUILD_BASENAME=KBUILD_STR(tdmb_port_t3900)' '-D' 'KBUILD_MODNAME=KBUILD_STR(tdmb_port_t3900)' '-c' '-o' 'drivers/media/tdmb/.tmp_tdmb_port_t3900.o' '-mfpu=vfp'
 /home/cholokei/prebuilts/gcc/linux-x86/arm/arm-eabi-4.6/bin/../lib/gcc/arm-eabi/4.6.x-google/../../../../arm-eabi/bin/as -v -I /home/cholokei/git/android_kernel_samsung_dalikt/arch/arm/include -I arch/arm/include/generated -I include -I arch/arm/mach-msm/include -I drivers/media/tdmb -I drivers/media/tdmb/t3900 -I drivers/media/tdmb/fc8050 -EL -march=armv7-a -mfloat-abi=soft -mfpu=vfp -meabi=5 -o drivers/media/tdmb/.tmp_tdmb_port_t3900.o /tmp/ccnz3KlN.s
GNU assembler version 2.21 (arm-eabi) using BFD version (GNU Binutils) 2.21
COMPILER_PATH=/home/cholokei/prebuilts/gcc/linux-x86/arm/arm-eabi-4.6/bin/../libexec/gcc/arm-eabi/4.6.x-google/:/home/cholokei/prebuilts/gcc/linux-x86/arm/arm-eabi-4.6/bin/../libexec/gcc/:/home/cholokei/prebuilts/gcc/linux-x86/arm/arm-eabi-4.6/bin/../lib/gcc/arm-eabi/4.6.x-google/../../../../arm-eabi/bin/
LIBRARY_PATH=/home/cholokei/prebuilts/gcc/linux-x86/arm/arm-eabi-4.6/bin/../lib/gcc/arm-eabi/4.6.x-google/:/home/cholokei/prebuilts/gcc/linux-x86/arm/arm-eabi-4.6/bin/../lib/gcc/:/home/cholokei/prebuilts/gcc/linux-x86/arm/arm-eabi-4.6/bin/../lib/gcc/arm-eabi/4.6.x-google/../../../../arm-eabi/lib/
COLLECT_GCC_OPTIONS='-nostdinc' '-isystem' '/home/cholokei/prebuilts/gcc/linux-x86/arm/arm-eabi-4.6/bin/../lib/gcc/arm-eabi/4.6.x-google/include' '-I' '/home/cholokei/git/android_kernel_samsung_dalikt/arch/arm/include' '-I' 'arch/arm/include/generated' '-I' 'include' '-include' '/home/cholokei/git/android_kernel_samsung_dalikt/include/linux/kconfig.h' '-D' '__KERNEL__' '-mlittle-endian' '-I' 'arch/arm/mach-msm/include' '-Wall' '-Wundef' '-Wstrict-prototypes' '-Wno-trigraphs' '-fno-strict-aliasing' '-fno-common' '-Wno-format-security' '-fno-delete-null-pointer-checks' '-Os' '-marm' '-fno-dwarf2-cfi-asm' '-mabi=aapcs-linux' '-mno-thumb-interwork' '-funwind-tables' '-D' '__LINUX_ARM_ARCH__=7' '-march=armv7-a' '-msoft-float' '-U' 'arm' '-Wframe-larger-than=1024' '-fno-stack-protector' '-Wno-unused-but-set-variable' '-fomit-frame-pointer' '-g' '-Wdeclaration-after-statement' '-Wno-pointer-sign' '-fno-strict-overflow' '-fconserve-stack' '-I' 'drivers/media/tdmb' '-v' '-I' 'drivers/media/tdmb/t3900' '-I' 'drivers/media/tdmb/fc8050' '-D' 'KBUILD_STR(s)=#s' '-D' 'KBUILD_BASENAME=KBUILD_STR(tdmb_port_t3900)' '-D' 'KBUILD_MODNAME=KBUILD_STR(tdmb_port_t3900)' '-c' '-o' 'drivers/media/tdmb/.tmp_tdmb_port_t3900.o' '-mfpu=vfp'
  CC      drivers/media/rc/ir-nec-decoder.o
  CC      drivers/media/tdmb/t3900/INC_FICDEC.o
  CC      kernel/auditfilter.o
  CC      drivers/media/rc/ir-rc5-decoder.o
  CC      net/ipv4/netfilter/nf_nat_proto_gre.o
  CC      fs/lockd/svc.o
  CC      net/xfrm/xfrm_output.o
  CC      net/ipv4/netfilter/nf_nat_proto_udplite.o
  CC      drivers/media/rc/ir-rc6-decoder.o
  CC      net/sunrpc/timer.o
  LD      fs/jbd/jbd.o
  LD      fs/jbd/built-in.o
  CC      net/netfilter/xt_tcpudp.o
  CC      kernel/auditsc.o
  CC      drivers/media/tdmb/t3900/INC_INTERFACE.o
  CC      fs/ext4/ext4_jbd2.o
  CC      drivers/media/rc/ir-jvc-decoder.o
  CC      net/ipv4/netfilter/nf_nat_proto_sctp.o
  CC      fs/ext4/migrate.o
  CC      kernel/audit_watch.o
  CC      drivers/media/rc/ir-sony-decoder.o
  CC      drivers/misc/tspdrv/tspdrv.o
  CC      fs/lockd/svclock.o
  CC      net/sunrpc/xdr.o
  CC      net/xfrm/xfrm_algo.o
  CC      drivers/media/tdmb/t3900/INC_PROCESS.o
  CC      fs/ext4/mballoc.o
  CC      net/netfilter/xt_mark.o
  CC      drivers/media/rc/ir-rc5-sz-decoder.o
  LD      fs/jbd2/jbd2.o
  LD      fs/jbd2/built-in.o
  CC      fs/ext4/block_validity.o
  CC      net/ipv4/netfilter/ip_tables.o
  CC      kernel/audit_tree.o
  CC      fs/nfs/client.o
  LD      drivers/misc/tspdrv/built-in.o
  CC      drivers/media/rc/ir-sanyo-decoder.o
  CC      drivers/misc/ak8975.o
  CC      net/netfilter/xt_connmark.o
  CC      fs/ext4/move_extent.o
  CC      drivers/media/rc/ir-mce_kbd-decoder.o
  CC      net/sunrpc/sunrpc_syms.o
  CC      net/xfrm/xfrm_sysctl.o
  CC      fs/lockd/svcshare.o
  CC      fs/ext4/mmp.o
  CC      drivers/misc/pmic8058-xoadc.o
  CC      net/netfilter/xt_CLASSIFY.o
  CC      kernel/kprobes.o
  CC      drivers/media/rc/ir-lirc-codec.o
  CC      drivers/media/tdmb/t3900/INC_RF_CTRL500.o
  CC      net/xfrm/xfrm_replay.o
  CC      fs/ext4/indirect.o
  CC      net/netfilter/xt_CONNSECMARK.o
  CC      fs/lockd/svcproc.o
  CC      kernel/hung_task.o
  CC      kernel/watchdog.o
  CC      net/sunrpc/cache.o
  CC      net/ipv4/netfilter/iptable_filter.o
  CC      net/ipv4/netfilter/iptable_mangle.o
  LD      drivers/media/tdmb/t3900/built-in.o
  LD      drivers/media/rc/rc-core.o
  LD      drivers/media/tdmb/built-in.o
  LD      drivers/media/rc/built-in.o
  CC      drivers/misc/sec_misc.o
  CC [M]  drivers/misc/tsif.o
  LD      drivers/media/media.o
  CC      fs/nfs_common/nfsacl.o
  CC      drivers/media/video/v4l2-dev.o
  CC      net/netfilter/xt_NFLOG.o
  CC      fs/nfs/dir.o
  CC      fs/nfs/file.o
  CC      fs/lockd/svcsubs.o
  CC      fs/nfs/getroot.o
  LD      fs/nfs_common/nfs_acl.o
  LD      fs/nfs_common/built-in.o
  LD      net/ipv4/netfilter/iptable_nat.o
  CC      fs/nfs/inode.o
  CC      net/ipv4/netfilter/iptable_raw.o
  CC      net/ipv4/netfilter/iptable_security.o
  CC      net/xfrm/xfrm_user.o
  CC      net/wireless/mlme.o
  CC      kernel/elfcore.o
  CC      net/netfilter/xt_NFQUEUE.o
  CC      net/xfrm/xfrm_ipcomp.o
  CHK     kernel/config_data.h
  CC      drivers/media/video/v4l2-common.o
  UPD     kernel/config_data.h
  CC      kernel/configs.o
  CC      net/wireless/ibss.o
  CC      net/ipv4/netfilter/ipt_ah.o
  LD      drivers/misc/built-in.o
  CC      drivers/mmc/card/block.o
  LD      kernel/built-in.o
  LD [M]  drivers/misc/msm_tsif.o
  CC      net/ipv4/netfilter/ipt_MASQUERADE.o
  CC      net/netfilter/xt_TCPMSS.o
  CC      fs/lockd/mon.o
  CC      fs/lockd/xdr.o
  CC      fs/lockd/grace.o
  CC      net/sunrpc/rpc_pipe.o
  CC      net/ipv4/netfilter/ipt_NETMAP.o
  CC      drivers/media/video/videobuf2-core.o
  CC      net/ipv4/netfilter/ipt_REDIRECT.o
  CC      net/sunrpc/svc_xprt.o
  CC      net/wireless/sme.o
  CC      fs/lockd/clnt4xdr.o
  CC      net/netfilter/xt_IDLETIMER.o
  CC      net/wireless/chan.o
  CC      net/wireless/ethtool.o
  CC      fs/lockd/xdr4.o
  CC      fs/lockd/svc4proc.o
  CC      net/ipv4/netfilter/ipt_REJECT.o
  CC      fs/nfs/super.o
  CC      net/sunrpc/stats.o
  CC      fs/ext4/xattr.o
  LD      net/xfrm/built-in.o
  CC      net/wireless/mesh.o
  CC      net/wireless/wext-compat.o
  CC      net/netfilter/xt_comment.o
  CC      fs/nfs/nfs2xdr.o
  CC      net/wireless/wext-sme.o
  CC      net/ipv4/netfilter/arp_tables.o
  CC      drivers/mmc/card/queue.o
  CC [M]  drivers/mmc/card/mmc_test.o
  LD      fs/lockd/lockd.o
  LD      fs/lockd/built-in.o
  CC      net/wireless/wext-core.o
  CC      net/sunrpc/sysctl.o
  CC      drivers/media/video/videobuf2-memops.o
  CC      net/netfilter/xt_connlimit.o
  CC      fs/notify/inotify/inotify_user.o
  CC      net/wireless/wext-proc.o
  CC      net/sunrpc/auth_gss/auth_gss.o
  CC      net/sunrpc/auth_gss/gss_generic_token.o
  CC      net/sunrpc/auth_gss/gss_mech_switch.o
  CC      fs/nfs/direct.o
  CC      net/ipv4/tcp_cubic.o
  CC      net/ipv4/xfrm4_policy.o
  CC      drivers/media/video/videobuf2-vmalloc.o
  CC      fs/ext4/xattr_user.o
  CC      net/ipv4/xfrm4_state.o
  CC      fs/nfs/pagelist.o
  LD      fs/notify/inotify/built-in.o
  LD      fs/notify/built-in.o
  CC      net/netfilter/xt_conntrack.o
  CC      fs/nfs/proc.o
  LD      net/wireless/cfg80211.o
  LD      net/wireless/built-in.o
  CC      fs/nfs/read.o
  CC      fs/proc/mmu.o
  CC      fs/nfs/symlink.o
  CC      fs/ext4/xattr_trusted.o
  CC      net/ipv4/netfilter/arpt_mangle.o
  CC      drivers/media/video/videobuf2-dma-contig.o
  CC      net/ipv4/xfrm4_input.o
  CC      net/ipv4/xfrm4_output.o
  CC      fs/proc/task_mmu.o
  CC      drivers/media/video/videobuf2-dma-sg.o
  CC      drivers/net/dummy.o
  CC      fs/ext4/acl.o
  CC      fs/nfs/unlink.o
  CC      net/ipv4/netfilter/arptable_filter.o
  CC      net/netfilter/xt_ecn.o
  CC      drivers/media/video/videobuf2-msm-mem.o
  LD      drivers/mmc/card/mmc_block.o
  CC      fs/nfs/write.o
  LD      drivers/mmc/card/built-in.o
  CC      drivers/mmc/host/msm_sdcc.o
  CC      drivers/mmc/core/core.o
  CC      net/sunrpc/auth_gss/svcauth_gss.o
  CC      net/netfilter/xt_hashlimit.o
  CC      fs/nfs/namespace.o
  CC      drivers/net/mii.o
  LD      net/ipv4/netfilter/nf_conntrack_ipv4.o
  LD      net/ipv4/netfilter/nf_nat.o
  LD      net/ipv4/netfilter/built-in.o
  CC [M]  net/ipv4/tcp_westwood.o
  CC      fs/proc/inode.o
  CC [M]  net/ipv4/tcp_htcp.o
  CC      fs/ext4/xattr_security.o
  CC      fs/proc/root.o
  CC      drivers/mmc/core/host.o
  CC      net/netfilter/xt_helper.o
  CC [M]  drivers/media/video/gspca/gspca.o
  CC      fs/nfs/mount_clnt.o
  CC      fs/proc/base.o
  LD      fs/ext4/ext4.o
  LD      fs/ext4/built-in.o
  CC      net/netfilter/xt_hl.o
  CC      fs/nfs/dns_resolve.o
  LD      net/ipv4/built-in.o
  CC      fs/nfs/cache_lib.o
  CC      fs/ramfs/inode.o
  CC      drivers/net/Space.o
  CC      fs/sysfs/inode.o
  CC      drivers/mmc/core/mmc_ops.o
  CC      net/netfilter/xt_iprange.o
  CC      net/netfilter/xt_length.o
  CC      fs/nfs/nfs3proc.o
  CC      fs/nfs/nfs3xdr.o
  CC      fs/ramfs/file-mmu.o
  CC      net/netfilter/xt_limit.o
  CC      drivers/net/loopback.o
  CC      fs/sysfs/mount.o
  LD      net/sunrpc/auth_gss/auth_rpcgss.o
  LD      net/sunrpc/auth_gss/built-in.o
  LD      net/sunrpc/sunrpc.o
  CC      drivers/net/ethernet/msm/msm_rmnet.o
  LD      fs/ramfs/ramfs.o
  LD      fs/ramfs/built-in.o
  CC      fs/sysfs/bin.o
  CC      drivers/mmc/core/sd_ops.o
  LD      net/sunrpc/built-in.o
  CC      drivers/media/video/ir-kbd-i2c.o
  CC      net/netfilter/xt_mac.o
  CC      drivers/mmc/core/sdio_ops.o
  CC      drivers/media/video/uvc/uvc_queue.o
  CC      drivers/media/video/uvc/uvc_v4l2.o
  CC      net/netfilter/xt_multiport.o
  LD [M]  drivers/media/video/gspca/gspca_main.o
  CC      net/netfilter/xt_pkttype.o
  CC      drivers/net/ethernet/smsc/smc91x.o
  CC      drivers/net/ethernet/smsc/smc911x.o
  LD      fs/sysfs/built-in.o
  CC      fs/eventpoll.o
  CC      net/netfilter/xt_policy.o
  LD      drivers/mmc/core/mmc_core.o
  CC      net/netfilter/xt_qtaguid.o
  LD      drivers/mmc/core/built-in.o
  CC      fs/nfs/nfs3acl.o
  LD      drivers/media/video/videodev.o
  CC      net/netfilter/xt_quota.o
  CC      net/netfilter/xt_quota2.o
  CC      net/netfilter/xt_socket.o
  LD      drivers/net/ethernet/msm/built-in.o
  CC      net/netfilter/xt_state.o
  CC      drivers/net/ethernet/smsc/smsc911x.o
  CC      net/netfilter/xt_statistic.o
  CC      fs/proc/generic.o
  CC      fs/nfs/nfs4proc.o
  CC      net/netfilter/xt_string.o
  CC      net/netfilter/xt_time.o
  CC      drivers/media/video/uvc/uvc_isight.o
  CC      net/netfilter/xt_u32.o
  CC      fs/nfs/nfs4xdr.o
  LD      net/netfilter/netfilter.o
  CC      fs/nfs/nfs4state.o
  CC      fs/nfs/nfs4renewd.o
  CC      fs/nfs/delegation.o
  CC      fs/nfs/idmap.o
  LD      drivers/media/video/uvc/uvcvideo.o
  LD      drivers/media/video/uvc/built-in.o
  CC      fs/signalfd.o
  LD      drivers/media/video/built-in.o
  CC      fs/timerfd.o
  LD      drivers/media/built-in.o
  LD      drivers/mmc/host/built-in.o
  CC      fs/proc/array.o
  LD      drivers/mmc/built-in.o
  CC      drivers/regulator/core.o
  CC      drivers/power/smb328a_charger.o
  CC      fs/eventfd.o
  CC      drivers/scsi/scsi.o
  CC      fs/nfs/callback.o
  CC      fs/aio.o
  CC      fs/locks.o
  CC      fs/nfs/callback_xdr.o
  CC      fs/proc/loadavg.o
  CC      fs/binfmt_elf.o
  CC      fs/nfs/callback_proc.o
  LD      drivers/power/built-in.o
  LD      net/netfilter/built-in.o
  CC      fs/nfs/nfs4namespace.o
  CC      fs/nfs/sysctl.o
  CC      fs/proc/meminfo.o
  LD      net/built-in.o
  CC      fs/proc/stat.o
  CC      drivers/net/phy/phy.o
  CC      fs/mbcache.o
  CC      drivers/net/phy/phy_device.o
  CC      drivers/net/phy/mdio_bus.o
  CC      drivers/scsi/hosts.o
  CC      drivers/spi/spi_qsd.o
  CC      fs/proc/namespaces.o
  CC      drivers/staging/android/binder.o
  CC      drivers/staging/android/ashmem.o
  CC      drivers/staging/android/persistent_ram.o
  CC      fs/proc/proc_sysctl.o
  CC      drivers/net/ppp/ppp_generic.o
  LD      fs/nfs/nfs.o
  CC      fs/dcookies.o
  LD      fs/nfs/built-in.o
  CC      fs/proc/proc_net.o
  CC      drivers/thermal/thermal_sys.o
  CC      drivers/net/slip/slip.o
  CC      drivers/tty/tty_io.o
  CC      drivers/regulator/dummy.o
  CC      drivers/usb/core/usb.o
  LD      drivers/net/phy/libphy.o
  CC      drivers/scsi/scsi_ioctl.o
  LD      drivers/net/phy/built-in.o
  CC      drivers/usb/core/hcd.o
  CC      drivers/net/usb/asix.o
  CC      drivers/regulator/fixed-helper.o
  CC      drivers/staging/android/lowmemorykiller.o
  CC      drivers/regulator/pmic8058-regulator.o
  CC      fs/proc/page.o
  CC      drivers/regulator/pmic8901-regulator.o
  CC      drivers/scsi/constants.o
  CC      drivers/scsi/scsicam.o
  CC      drivers/scsi/scsi_error.o
  CC      drivers/usb/core/message.o
  LD      fs/proc/proc.o
  LD      drivers/thermal/built-in.o
  CC      drivers/net/slip/slhc.o
  CC      drivers/net/usb/cdc_ether.o
  LD      fs/proc/built-in.o
  CC      drivers/net/ppp/ppp_async.o
  LD      drivers/regulator/built-in.o
  LD      fs/built-in.o
  CC      drivers/video/fbmem.o
  CC      drivers/video/fbmon.o
  CC      drivers/scsi/scsi_lib.o
  LD      drivers/spi/built-in.o
  CC      drivers/scsi/scsi_lib_dma.o
  CC      drivers/tty/n_tty.o
  CC      drivers/tty/tty_ioctl.o
  CC      drivers/scsi/scsi_scan.o
  CC      drivers/tty/tty_ldisc.o
  LD      drivers/net/ethernet/smsc/built-in.o
  CC      drivers/usb/core/buffer.o
  LD      drivers/net/ethernet/built-in.o
  CC      drivers/net/ppp/ppp_mppe.o
  CC      drivers/net/wireless/bcmdhd/aiutils.o
  CC      drivers/net/tun.o
  CC      drivers/scsi/scsi_sysfs.o
  CC      drivers/net/wireless/bcmdhd/bcmsdh_sdmmc_linux.o
  CC      drivers/net/usb/net1080.o
  CC      drivers/usb/core/devio.o
  CC      drivers/usb/gadget/udc-core.o
  CC      drivers/net/ppp/pppox.o
  CC      drivers/scsi/scsi_devinfo.o
  LD      drivers/net/slip/built-in.o
  CC      drivers/net/usb/cdc_subset.o
  CC      drivers/tty/pty.o
  CC      drivers/video/console/dummycon.o
  CC      drivers/usb/gadget/msm72k_udc.o
  CC      drivers/usb/core/devices.o
  CC      drivers/net/wireless/bcmdhd/dhd_linux.o
  CC      drivers/video/console/fbcon.o
  CC      drivers/scsi/scsi_proc.o
  CC      drivers/net/usb/zaurus.o
  LD      drivers/staging/android/built-in.o
  CC      drivers/video/console/bitblit.o
  LD      drivers/staging/built-in.o
  CC      drivers/video/console/softcursor.o
  CC      drivers/net/ppp/pppolac.o
  CC      drivers/scsi/scsi_trace.o
  CC      drivers/scsi/scsi_pm.o
  CC      drivers/scsi/scsi_tgt_lib.o
  CC      drivers/tty/sysrq.o
  CC      drivers/tty/serial/msm_serial_hs.o
  CC      drivers/scsi/scsi_tgt_if.o
  CC      drivers/scsi/sd.o
  CC      drivers/scsi/sg.o
  CC      drivers/net/usb/usbnet.o
  CC      drivers/scsi/ch.o
  CC      drivers/net/usb/cdc_ncm.o
  CC      drivers/net/wireless/bcmdhd/siutils.o
  CC      drivers/net/wireless/bcmdhd/bcmutils.o
  CC      drivers/net/ppp/pppopns.o
  LD      drivers/usb/core/usbcore.o
  LD      drivers/usb/core/built-in.o
  CC      drivers/usb/host/ehci-hcd.o
  CC      drivers/tty/vt/vt_ioctl.o
  CC      drivers/net/wireless/bcmdhd/dhd_linux_sched.o
  CC      drivers/net/wireless/bcmdhd/dhd_sdio.o
  LD      drivers/net/ppp/built-in.o
  CC      drivers/net/wireless/bcmdhd/bcmwifi_channels.o
  CC      drivers/tty/vt/vc_screen.o
  CC      drivers/tty/vt/selection.o
  CC      drivers/tty/vt/keyboard.o
  CC      drivers/usb/gadget/android.o
  CC      drivers/net/wireless/bcmdhd/bcmevent.o
  LD      drivers/video/console/built-in.o
  LD      drivers/net/usb/built-in.o
  CC      drivers/tty/vt/consolemap.o
  CC      drivers/net/wireless/bcmdhd/hndpmu.o
  CC      drivers/net/wireless/bcmdhd/bcmsdh.o
  CC      drivers/tty/vt/vt.o
  LD      drivers/tty/serial/built-in.o
  CC      drivers/net/wireless/bcmdhd/dhd_cdc.o
  CC      drivers/usb/otg/msm72k_otg.o
  CC      drivers/video/msm/msm_fb.o
  CC      drivers/net/wireless/bcmdhd/bcmsdh_linux.o
  CC      drivers/video/msm/logo.o
  CC      drivers/usb/storage/alauda.o
  CC      drivers/video/msm/mdp.o
  LD      drivers/scsi/scsi_mod.o
  LD      drivers/scsi/scsi_tgt.o
  LD      drivers/scsi/sd_mod.o
  LD      drivers/scsi/built-in.o
  CC      drivers/video/msm/mdp_debugfs.o
  CC      drivers/video/msm/mdp4_util.o
  CC      drivers/net/wireless/bcmdhd/dhd_common.o
  CC      drivers/usb/storage/cypress_atacb.o
  CC      drivers/video/msm/mdp4_video_enhance.o
  CC      drivers/net/wireless/bcmdhd/linux_osl.o
  CC      drivers/usb/storage/datafab.o
  CC      drivers/usb/storage/freecom.o
  CC      drivers/net/wireless/bcmdhd/bcmsdh_sdmmc.o
  CC      drivers/video/msm/mdp4_overlay.o
  CC      drivers/video/msm/mdp4_overlay_lcdc.o
  CC      drivers/net/wireless/bcmdhd/dhd_custom_gpio.o
  CC      drivers/net/wireless/bcmdhd/sbutils.o
  CC      drivers/usb/storage/isd200.o
  CC      drivers/video/msm/mdp4_overlay_dsi_video.o
  CC      drivers/usb/storage/jumpshot.o
  CC      drivers/video/msm/mdp4_overlay_dsi_cmd.o
  CC      drivers/net/wireless/bcmdhd/wldev_common.o
  CC      drivers/net/wireless/bcmdhd/wl_android.o
  CC      drivers/video/msm/mdp4_dtv.o
  CC      drivers/net/wireless/bcmdhd/wl_cfg80211.o
  LD      drivers/usb/host/built-in.o
  LD      drivers/usb/otg/built-in.o
  CC      drivers/video/msm/mdp4_overlay_dtv.o
  CC      drivers/usb/storage/karma.o
  CC      drivers/video/msm/mdp_dma.o
  CC      drivers/net/wireless/bcmdhd/wl_cfgp2p.o
  CC      drivers/usb/storage/onetouch.o
  CC      drivers/usb/storage/sddr09.o
  LD      drivers/tty/vt/built-in.o
  LD      drivers/tty/built-in.o
  CC      drivers/usb/storage/sddr55.o
  CC      drivers/net/wireless/bcmdhd/wl_linux_mon.o
  CC      drivers/video/msm/mdp_dma_s.o
drivers/net/wireless/bcmdhd/wl_cfg80211.c:6727:12: warning: 'wl_add_remove_eventmsg' defined but not used [-Wunused-function]
drivers/net/wireless/bcmdhd/wl_cfg80211.c:792:1: warning: 'wl_validate_wps_ie' defined but not used [-Wunused-function]
drivers/net/wireless/bcmdhd/wl_cfg80211.c:3941:1: warning: 'wl_validate_opensecurity' defined but not used [-Wunused-function]
drivers/net/wireless/bcmdhd/wl_cfg80211.c:3968:1: warning: 'wl_validate_wpa2ie' defined but not used [-Wunused-function]
drivers/net/wireless/bcmdhd/wl_cfg80211.c:4081:1: warning: 'wl_validate_wpaie' defined but not used [-Wunused-function]
  CC      drivers/usb/storage/shuttle_usbat.o
  CC      drivers/video/msm/mdp_vsync.o
  CC      drivers/usb/storage/scsiglue.o
  CC      drivers/net/wireless/bcmdhd/dhd_cfg80211.o
  CC      drivers/video/msm/mdp_cursor.o
  CC      drivers/video/msm/mdp_dma_tv.o
  CC      drivers/video/msm/msm_dss_io_8x60.o
  CC      drivers/video/msm/mipi_dsi.o
  CC      drivers/usb/storage/protocol.o
  CC      drivers/video/msm/mipi_dsi_host.o
  CC      drivers/video/msm/mipi_s6e8aa0_hd720.o
  CC      drivers/video/msm/sec_mipi_lcd_esd_refresh.o
  CC      drivers/usb/storage/transport.o
  CC      drivers/usb/storage/usb.o
  CC      drivers/usb/storage/initializers.o
  CC      drivers/usb/storage/sierra_ms.o
  CC      drivers/video/msm/msm_fb_panel.o
  CC      drivers/usb/storage/option_ms.o
  CC      drivers/video/msm/mipi_s6e8aa0_hd720_pt.o
  CC      drivers/video/msm/hdmi_msm.o
  CC      drivers/video/msm/external_common.o
  CC      drivers/video/msm/vidc/common/init/vidc_init.o
  CC      drivers/video/msm/vidc/common/vcd/vcd_api.o
  CC      drivers/video/msm/vidc/common/vcd/vcd_power_sm.o
  CC      drivers/video/msm/vidc/common/vcd/vcd_client_sm.o
  CC      drivers/video/msm/vidc/common/vcd/vcd_device_sm.o
  CC      drivers/video/msm/vidc/common/vcd/vcd_scheduler.o
  CC      drivers/video/msm/vidc/common/vcd/vcd_sub.o
  CC      drivers/video/msm/vidc/1080p/ddl/vcd_ddl_helper.o
  CC      drivers/video/msm/vidc/1080p/ddl/vcd_ddl_utils.o
  LD      drivers/usb/storage/usb-storage.o
  LD      drivers/usb/storage/ums-alauda.o
  LD      drivers/usb/storage/ums-cypress.o
  CC      drivers/video/msm/vidc/1080p/ddl/vcd_ddl_interrupt_handler.o
  LD      drivers/usb/storage/ums-datafab.o
  LD      drivers/usb/storage/ums-freecom.o
  LD      drivers/usb/storage/ums-isd200.o
  LD      drivers/usb/storage/ums-jumpshot.o
  CC      drivers/video/msm/vidc/1080p/ddl/vcd_ddl_properties.o
  LD      drivers/usb/storage/ums-karma.o
  LD      drivers/usb/storage/ums-onetouch.o
  LD      drivers/usb/storage/ums-sddr09.o
  LD      drivers/usb/storage/ums-sddr55.o
  LD      drivers/usb/storage/ums-usbat.o
  LD      drivers/usb/storage/built-in.o
  CC      drivers/video/msm/vidc/1080p/ddl/vcd_ddl_errors.o
  CC      drivers/video/msm/vidc/1080p/ddl/vcd_ddl_shared_mem.o
  LD      drivers/video/msm/msm_mipi.o
  CC      drivers/video/msm/vidc/1080p/ddl/vcd_ddl_vidc.o
  CC      drivers/video/msm/vidc/1080p/ddl/vcd_ddl.o
  CC      drivers/video/msm/vidc/1080p/ddl/vcd_ddl_metadata.o
  CC      drivers/video/msm/vidc/1080p/resource_tracker/vcd_res_tracker.o
  CC      drivers/video/msm/vidc/common/dec/vdec.o
  CC      drivers/video/msm/vidc/common/enc/venc.o
  CC      drivers/video/msm/vidc/common/enc/venc_internal.o
  LD      drivers/video/msm/vidc/vidc.o
  LD      drivers/video/msm/vidc/vidc_vdec.o
  LD      drivers/video/msm/vidc/vidc_venc.o
  LD      drivers/video/msm/vidc/built-in.o
  LD      drivers/net/wireless/bcmdhd/bcmdhd.o
  LD      drivers/video/msm/built-in.o
  LD      drivers/net/wireless/bcmdhd/built-in.o
  LD      drivers/net/wireless/built-in.o
  LD      drivers/video/fb.o
  LD      drivers/net/built-in.o
  LD      drivers/video/built-in.o
  LD      drivers/usb/gadget/g_android.o
  LD      drivers/usb/gadget/built-in.o
  LD      drivers/usb/built-in.o
  LD      drivers/built-in.o
  LD      vmlinux.o
  MODPOST vmlinux.o
  GEN     .version
  CHK     include/generated/compile.h
  UPD     include/generated/compile.h
  CC      init/version.o
  LD      init/built-in.o
  LD      .tmp_vmlinux1
arch/arm/mach-msm/built-in.o: In function `avs_disable_local':
/home/cholokei/git/android_kernel_samsung_dalikt/arch/arm/mach-msm/avs.c:79: undefined reference to `msm_spm_get_vdd'
make: *** [.tmp_vmlinux1] 오류 1
