Script started on 2014년 05월 26일 (월) 오전 12시 34분 26초
scripts/kconfig/conf --silentoldconfig Kconfig
  CHK     include/linux/version.h
  CHK     include/generated/utsrelease.h
make[1]: `include/generated/mach-types.h'는 이미 갱신되었습니다.
  CALL    scripts/checksyscalls.sh
  CHK     include/generated/compile.h
  GZIP    kernel/config_data.gz
  CC      arch/arm/mach-msm/restart.o
  CHK     kernel/config_data.h
  LD      arch/arm/mach-msm/built-in.o
  LD      vmlinux.o
  MODPOST vmlinux.o
  GEN     .version
  CHK     include/generated/compile.h
  UPD     include/generated/compile.h
  CC      init/version.o
  LD      init/built-in.o
  LD      .tmp_vmlinux1
arch/arm/mach-msm/built-in.o: In function `msm8x60_init':
/home/cholokei/git/android_kernel_samsung_dalikt/arch/arm/mach-msm/board-msm8x60_dali.c:17398: undefined reference to `sec_get_lpm_mode'
drivers/built-in.o: In function `FSA9480_CheckAndHookAudioDock':
/home/cholokei/git/android_kernel_samsung_dalikt/drivers/misc/fsa9480.c:276: undefined reference to `sec_get_lpm_mode'
make: *** [.tmp_vmlinux1] 오류 1
