Script started on 2014년 04월 20일 (일) 오전 01시 30분 08초
scripts/kconfig/conf --silentoldconfig Kconfig
  CHK     include/linux/version.h
  CHK     include/generated/utsrelease.h
  UPD     include/generated/utsrelease.h
make[1]: `include/generated/mach-types.h'는 이미 갱신되었습니다.
  CALL    scripts/checksyscalls.sh
  CC      arch/arm/vfp/vfpmodule.o
  AS      arch/arm/vfp/entry.o
  AS      arch/arm/vfp/vfphw.o
  CC      arch/arm/vfp/vfpsingle.o
  CC      arch/arm/vfp/vfpdouble.o
  CC      arch/arm/mm/dma-mapping.o
  CC      arch/arm/kernel/elf.o
  CC      arch/arm/mm/extable.o
  AS      arch/arm/kernel/entry-armv.o
  AS      arch/arm/kernel/entry-common.o
  CC      arch/arm/kernel/irq.o
  CC      arch/arm/mm/fault.o
  CC      arch/arm/kernel/opcodes.o
  CC      arch/arm/common/gic.o
  CHK     include/generated/compile.h
  LD      arch/arm/net/built-in.o
  CC      arch/arm/common/cpaccess.o
  CC      arch/arm/kernel/process.o
  CC      arch/arm/kernel/ptrace.o
  CC      arch/arm/kernel/return_address.o
  CC      arch/arm/mach-msm/io.o
  CC      init/version.o
  CC      arch/arm/mm/init.o
  CC      arch/arm/kernel/sched_clock.o
  CC      arch/arm/kernel/setup.o
  LD      init/built-in.o
  CC      arch/arm/perfmon/perf-function-hooks.o
arch/arm/kernel/return_address.c:62:2: warning: #warning "TODO: return_address should use unwind tables" [-Wcpp]
  CC      arch/arm/kernel/signal.o
arch/arm/kernel/return_address.c:62:2: warning: #warning "TODO: return_address should use unwind tables" [-Wcpp]
  CC      arch/arm/kernel/stacktrace.o
  CC      arch/arm/kernel/sys_arm.o
  CC      arch/arm/kernel/time.o
  LD      arch/arm/perfmon/built-in.o
  CC      arch/arm/kernel/traps.o
  CC      arch/arm/mach-msm/dma.o
  CC      arch/arm/mach-msm/memory.o
  CC      arch/arm/kernel/cpuidle.o
  LD      arch/arm/vfp/vfp.o
  LD      arch/arm/vfp/built-in.o
  CC      arch/arm/kernel/armksyms.o
  CC      arch/arm/kernel/module.o
  CC      kernel/sys.o
  AS      arch/arm/kernel/sleep.o
  CC      arch/arm/mach-msm/timer.o
  CC      arch/arm/kernel/suspend.o
  CC      arch/arm/kernel/smp.o
  CC      arch/arm/kernel/smp_tlb.o
  CC      arch/arm/mm/iomap.o
  LD      arch/arm/common/built-in.o
  CC      arch/arm/kernel/smp_scu.o
  CC      arch/arm/kernel/kprobes.o
  CC      arch/arm/mach-msm/clock.o
  CC      arch/arm/kernel/kprobes-common.o
  CC      arch/arm/kernel/patch.o
  CC      arch/arm/kernel/kprobes-arm.o
  CC      arch/arm/mach-msm/clock-voter.o
  CC      arch/arm/mm/fault-armv.o
  CC      arch/arm/kernel/unwind.o
  CC      arch/arm/mach-msm/clock-dummy.o
  CC      arch/arm/kernel/swp_emulate.o
  CC      arch/arm/kernel/hw_breakpoint.o
  CC      arch/arm/kernel/pmu.o
  CC      arch/arm/kernel/perf_event.o
  CC      arch/arm/mm/flush.o
  CC      arch/arm/mach-msm/modem_notifier.o
  CC      arch/arm/kernel/topology.o
  CC      arch/arm/oprofile/common.o
  CC      arch/arm/mach-msm/subsystem_map.o
  CC      arch/arm/kernel/io.o
  CC      arch/arm/mach-msm/cpufreq.o
  AS      arch/arm/kernel/head.o
  CC      arch/arm/kernel/init_task.o
  CC      arch/arm/mach-msm/nohlt.o
  LD      arch/arm/lib/built-in.o
  AS      arch/arm/lib/ashldi3.o
  LD      arch/arm/oprofile/oprofile.o
  LD      arch/arm/oprofile/built-in.o
  AS      arch/arm/lib/ashrdi3.o
  AS      arch/arm/lib/backtrace.o
  CC      arch/arm/mach-msm/clock-debug.o
  CC      arch/arm/mm/idmap.o
  AS      arch/arm/lib/call_with_stack.o
  CC      arch/arm/mach-msm/acpuclock.o
  AS      arch/arm/lib/changebit.o
  AS      arch/arm/lib/clear_user.o
  AS      arch/arm/lib/clearbit.o
  AS      arch/arm/lib/copy_from_user.o
  CC      arch/arm/mm/ioremap.o
  AS      arch/arm/lib/copy_page.o
  AS      arch/arm/lib/copy_to_user.o
  CC      arch/arm/mach-msm/pmu.o
  AS      arch/arm/lib/csumipv6.o
  AS      arch/arm/lib/csumpartial.o
  CC      arch/arm/mach-msm/perf_event_msm_l2.o
  CC      arch/arm/mm/mmap.o
  AS      arch/arm/lib/csumpartialcopy.o
  CC      drivers/gpu/ion/ion_cp_heap.o
  CC      arch/arm/mm/pgd.o
  AS      arch/arm/lib/csumpartialcopyuser.o
  CC      arch/arm/mach-msm/perf_debug.o
  CC      arch/arm/mm/mmu.o
  CC      drivers/gpu/ion/msm/msm_ion.o
  CC      arch/arm/lib/delay.o
  AS      arch/arm/mach-msm/headsmp.o
  LD      arch/arm/kernel/built-in.o
  CC      arch/arm/mach-msm/platsmp.o
  CC      arch/arm/mach-msm/hotplug.o
  AS      arch/arm/mach-msm/idle-v7.o
  CC      arch/arm/mach-msm/jtag.o
  CC      kernel/module.o
  AS      arch/arm/lib/div64.o
  AS      arch/arm/lib/findbit.o
  AS      arch/arm/lib/getuser.o
  CC      arch/arm/mach-msm/etm.o
  CC      arch/arm/mach-msm/scm.o
  CC      kernel/trace/trace.o
  AS      arch/arm/lib/io-readsb.o
  AS      arch/arm/lib/io-readsl.o
  AS      arch/arm/lib/io-readsw-armv4.o
  AS      arch/arm/lib/io-writesb.o
  AS      arch/arm/lib/io-writesl.o
  AS      arch/arm/lib/io-writesw-armv4.o
  AS      arch/arm/lib/lib1funcs.o
  LD      drivers/gpu/ion/msm/built-in.o
  AS      arch/arm/lib/lshrdi3.o
  LD      drivers/gpu/ion/built-in.o
  AS      arch/arm/lib/memchr.o
  AS      arch/arm/lib/memcpy.o
  AS      arch/arm/lib/memmove.o
  CC      arch/arm/mm/vmregion.o
  CC      arch/arm/mm/proc-syms.o
  AS      arch/arm/lib/memset.o
  AS      arch/arm/lib/memzero.o
  AS      arch/arm/lib/muldi3.o
  LD      drivers/gpu/built-in.o
  AS      arch/arm/lib/putuser.o
  AS      arch/arm/lib/setbit.o
  AS      arch/arm/lib/strchr.o
  AS      arch/arm/lib/strncpy_from_user.o
  AS      arch/arm/lib/strnlen_user.o
  AS      arch/arm/lib/strrchr.o
  CC      arch/arm/mach-msm/scm-boot.o
  AS      arch/arm/lib/testchangebit.o
  CC      arch/arm/mach-msm/scm-io.o
  AS      arch/arm/lib/testclearbit.o
  AS      arch/arm/lib/testsetbit.o
  CC      arch/arm/mach-msm/peripheral-loader.o
  AS      arch/arm/lib/ucmpdi2.o
  AR      arch/arm/lib/lib.a
  CC      arch/arm/mach-msm/scm-pas.o
  CC      arch/arm/mm/alignment.o
  CC      arch/arm/mm/highmem.o
  AS      arch/arm/mm/abort-ev7.o
  CC      arch/arm/mach-msm/pil-q6v3.o
  CC      arch/arm/mach-msm/pil-tzapps.o
  CC      arch/arm/mach-msm/pil-modem.o
  AS      arch/arm/mm/pabort-v7.o
  CC      arch/arm/mach-msm/smem_log.o
  CC      arch/arm/mach-msm/smd.o
  CC      arch/arm/mach-msm/smd_debug.o
  CC      arch/arm/mach-msm/remote_spinlock.o
  CC      arch/arm/mach-msm/smd_private.o
  CC      arch/arm/mach-msm/socinfo.o
  AS      arch/arm/mm/cache-v7.o
  CC      arch/arm/mach-msm/smd_tty.o
  CC      arch/arm/mach-msm/smd_pkt.o
  CC      arch/arm/mm/copypage-v6.o
  CC      arch/arm/mach-msm/msm_dsps.o
  CC      arch/arm/mach-msm/smd_rpcrouter.o
  CC      arch/arm/mm/context.o
  CC      arch/arm/mach-msm/smd_rpcrouter_device.o
  CC      arch/arm/mach-msm/smd_rpc_sym.o
  CC      arch/arm/mach-msm/smd_rpcrouter_servers.o
  AS      arch/arm/mm/tlb-v7.o
  AS      arch/arm/mm/proc-v7.o
  CC      arch/arm/mach-msm/smd_rpcrouter_clients.o
  LD      arch/arm/mm/built-in.o
  CC      arch/arm/mach-msm/smd_rpcrouter_xdr.o
  CC      arch/arm/mach-msm/rpcrouter_smd_xprt.o
  CC      arch/arm/mach-msm/ping_mdm_rpc_client.o
  CC      arch/arm/mach-msm/ping_apps_server.o
  CC      arch/arm/mach-msm/oem_rapi_client.o
  CC      arch/arm/mach-msm/dal.o
  CC      arch/arm/mach-msm/msm_bus/msm_bus_core.o
  CC      arch/arm/mach-msm/qdsp6v2/audio_dev_ctl.o
  CC      arch/arm/mach-msm/pm-boot.o
  CC      arch/arm/mach-msm/pm-8x60.o
  CC      arch/arm/mach-msm/pm-data.o
  CC      arch/arm/mach-msm/qdsp6v2/board-msm8x60-audio.o
  CC      arch/arm/mach-msm/pm-stats.o
  CC      arch/arm/mach-msm/spm.o
  CC      arch/arm/mach-msm/msm_bus/msm_bus_fabric.o
  CC      arch/arm/mach-msm/devices-msm8x60.o
  GZIP    kernel/config_data.gz
  CC      arch/arm/mach-msm/msm_bus/msm_bus_config.o
  CC      arch/arm/mach-msm/clock-local.o
  CC      arch/arm/mach-msm/clock-8x60.o
  CC      arch/arm/mach-msm/qdsp6v2/snddev_icodec.o
  CC      drivers/video/msm/vidc/1080p/ddl/vcd_ddl_helper.o
  CC      arch/arm/mach-msm/acpuclock-8x60.o
  CC      arch/arm/mach-msm/clock-pll.o
  LD      kernel/trace/built-in.o
  CC      arch/arm/mach-msm/msm_bus/msm_bus_arb.o
  CC      arch/arm/mach-msm/clock-rpm.o
  CHK     kernel/config_data.h
  UPD     kernel/config_data.h
  CC      kernel/configs.o
  CC      arch/arm/mach-msm/msm_bus/msm_bus_bimc.o
  CC      arch/arm/mach-msm/qdsp6v2/snddev_ecodec.o
  CC      arch/arm/mach-msm/saw-regulator.o
  CC      arch/arm/mach-msm/footswitch-8x60.o
  CC      arch/arm/mach-msm/rpm-regulator.o
  LD      kernel/built-in.o
  CC      arch/arm/mach-msm/rpm-regulator-8660.o
  CC      arch/arm/mach-msm/subsystem_notif.o
  CC      arch/arm/mach-msm/qdsp6v2/snddev_mi2s.o
  CC      arch/arm/mach-msm/qdsp6v2/snddev_virtual.o
  CC      arch/arm/mach-msm/subsystem_restart.o
  CC      arch/arm/mach-msm/qdsp6v2/pcm_out.o
  CC      arch/arm/mach-msm/ramdump.o
  CC      arch/arm/mach-msm/msm_bus/msm_bus_noc.o
  CC      arch/arm/mach-msm/qdsp6v2/pcm_in.o
  CC      arch/arm/mach-msm/modem-8660.o
  CC      drivers/video/msm/vidc/1080p/ddl/vcd_ddl.o
  CC      arch/arm/mach-msm/lpass-8660.o
  CC      arch/arm/mach-msm/qdsp6v2/fm.o
  CC      arch/arm/mach-msm/sec_switch.o
  CC      arch/arm/mach-msm/msm_bus/msm_bus_of.o
  CC      arch/arm/mach-msm/msm_bus/msm_bus_rpm.o
  CC      arch/arm/mach-msm/sysmon.o
  CC      arch/arm/mach-msm/qdsp6v2/audio_lpa.o
  CC      arch/arm/mach-msm/cpuidle.o
  CC      drivers/video/msm/vidc/1080p/resource_tracker/vcd_res_tracker.o
  CC      arch/arm/mach-msm/qdsp6v2/q6voice.o
  CC      arch/arm/mach-msm/msm_bus/msm_bus_board_8660.o
  CC      arch/arm/mach-msm/msm_watchdog.o
  AS      arch/arm/mach-msm/msm_watchdog_asm.o
  CC      arch/arm/mach-msm/qdsp6v2/snddev_hdmi.o
  CC      arch/arm/mach-msm/board-msm8x60_dali.o
  CC      arch/arm/mach-msm/qdsp6v2/audio_mvs.o
  CC      arch/arm/mach-msm/mdm.o
  CC      arch/arm/mach-msm/rmt_storage_client.o
  CC      arch/arm/mach-msm/msm_bus/msm_bus_dbg.o
  CC      arch/arm/mach-msm/rpm.o
  CC      arch/arm/mach-msm/qdsp6v2/lpa_if_hdmi.o
  CC      arch/arm/mach-msm/qdsp6v2/apr.o
  CC      arch/arm/mach-msm/qdsp6v2/apr_v1.o
  CC      arch/arm/mach-msm/qdsp6v2/apr_tal.o
  CC      arch/arm/mach-msm/rpm_resources.o
  CC      arch/arm/mach-msm/mpm.o
arch/arm/mach-msm/board-msm8x60_dali.c:4881:2: warning: initialization from incompatible pointer type [enabled by default]
arch/arm/mach-msm/board-msm8x60_dali.c:4881:2: warning: (near initialization for 'fsa9480_pdata.otg_cb') [enabled by default]
arch/arm/mach-msm/board-msm8x60_dali.c:4882:2: warning: initialization from incompatible pointer type [enabled by default]
arch/arm/mach-msm/board-msm8x60_dali.c:4882:2: warning: (near initialization for 'fsa9480_pdata.usb_cb') [enabled by default]
arch/arm/mach-msm/board-msm8x60_dali.c:4883:2: warning: initialization from incompatible pointer type [enabled by default]
arch/arm/mach-msm/board-msm8x60_dali.c:4883:2: warning: (near initialization for 'fsa9480_pdata.charger_cb') [enabled by default]
arch/arm/mach-msm/board-msm8x60_dali.c:4884:2: warning: initialization from incompatible pointer type [enabled by default]
arch/arm/mach-msm/board-msm8x60_dali.c:4884:2: warning: (near initialization for 'fsa9480_pdata.jig_cb') [enabled by default]
arch/arm/mach-msm/board-msm8x60_dali.c:4885:2: warning: initialization from incompatible pointer type [enabled by default]
arch/arm/mach-msm/board-msm8x60_dali.c:4885:2: warning: (near initialization for 'fsa9480_pdata.deskdock_cb') [enabled by default]
arch/arm/mach-msm/board-msm8x60_dali.c:4886:2: warning: initialization from incompatible pointer type [enabled by default]
arch/arm/mach-msm/board-msm8x60_dali.c:4886:2: warning: (near initialization for 'fsa9480_pdata.cardock_cb') [enabled by default]
arch/arm/mach-msm/board-msm8x60_dali.c:4889:2: warning: initialization from incompatible pointer type [enabled by default]
arch/arm/mach-msm/board-msm8x60_dali.c:4889:2: warning: (near initialization for 'fsa9480_pdata.mhl_cb') [enabled by default]
  CC      arch/arm/mach-msm/rpm_stats.o
  CC      arch/arm/mach-msm/qdsp6v2/q6core.o
  LD      drivers/video/msm/vidc/vidc.o
  CC      arch/arm/mach-msm/rpm_master_stat.o
  LD      drivers/video/msm/vidc/vidc_vdec.o
  LD      drivers/video/msm/vidc/vidc_venc.o
  CC      arch/arm/mach-msm/rpm_log.o
  CC      arch/arm/mach-msm/tz_log.o
  LD      drivers/video/msm/vidc/built-in.o
  LD      drivers/video/msm/built-in.o
  LD      arch/arm/mach-msm/msm_bus/built-in.o
  CC      arch/arm/mach-msm/msm_xo.o
  CC      arch/arm/mach-msm/qdsp6v2/dsp_debug.o
  CC      arch/arm/mach-msm/qdsp6v2/audio_acdb.o
  LD      drivers/video/built-in.o
  CC      arch/arm/mach-msm/qdsp6v2/aac_in.o
  LD      drivers/built-in.o
  CC      arch/arm/mach-msm/gpiomux-8x60_dali.o
  CC      arch/arm/mach-msm/gpiomux-v2.o
  CC      arch/arm/mach-msm/gpiomux.o
  CC      arch/arm/mach-msm/msm_rq_stats.o
  CC      arch/arm/mach-msm/qdsp6v2/qcelp_in.o
  CC      arch/arm/mach-msm/msm_show_resume_irq.o
  CC      arch/arm/mach-msm/restart.o
  CC      arch/arm/mach-msm/sec_debug.o
  CC      arch/arm/mach-msm/sec_getlog.o
  CC      arch/arm/mach-msm/sec_gaf.o
  CC      arch/arm/mach-msm/sec_last_log.o
  CC      arch/arm/mach-msm/board-bluetooth-bcm4330.o
  CC [M]  arch/arm/mach-msm/dal_remotetest.o
  CC [M]  arch/arm/mach-msm/dma_test.o
  CC [M]  arch/arm/mach-msm/msm-buspm-dev.o
  LD      arch/arm/mach-msm/msm-etm.o
  CC      arch/arm/mach-msm/qdsp6v2/evrc_in.o
  CC      arch/arm/mach-msm/qdsp6v2/amrnb_in.o
  CC      arch/arm/mach-msm/qdsp6v2/audio_utils.o
  CC      arch/arm/mach-msm/qdsp6v2/audio_wma.o
  CC      arch/arm/mach-msm/qdsp6v2/audio_wmapro.o
  CC      arch/arm/mach-msm/qdsp6v2/audio_aac.o
  CC      arch/arm/mach-msm/qdsp6v2/audio_multi_aac.o
  CC      arch/arm/mach-msm/qdsp6v2/audio_utils_aio.o
  CC      arch/arm/mach-msm/qdsp6v2/rtac.o
  CC      arch/arm/mach-msm/qdsp6v2/q6audio_v1.o
  CC      arch/arm/mach-msm/qdsp6v2/q6audio_v1_aio.o
  CC      arch/arm/mach-msm/qdsp6v2/audio_mp3.o
  CC      arch/arm/mach-msm/qdsp6v2/audio_amrnb.o
  CC      arch/arm/mach-msm/qdsp6v2/audio_amrwb.o
  CC      arch/arm/mach-msm/qdsp6v2/audio_amrwbplus.o
  CC      arch/arm/mach-msm/qdsp6v2/audio_evrc.o
  CC      arch/arm/mach-msm/qdsp6v2/audio_qcelp.o
  CC      arch/arm/mach-msm/qdsp6v2/amrwb_in.o
  LD      arch/arm/mach-msm/qdsp6v2/built-in.o
  LD      arch/arm/mach-msm/built-in.o
  LD      vmlinux.o
  MODPOST vmlinux.o
  GEN     .version
  CHK     include/generated/compile.h
  UPD     include/generated/compile.h
  CC      init/version.o
  LD      init/built-in.o
  LD      .tmp_vmlinux1
  KSYM    .tmp_kallsyms1.S
  AS      .tmp_kallsyms1.o
  LD      .tmp_vmlinux2
  KSYM    .tmp_kallsyms2.S
  AS      .tmp_kallsyms2.o
  LD      vmlinux
  SYSMAP  System.map
  SYSMAP  .tmp_System.map
  OBJCOPY arch/arm/boot/Image
  Building modules, stage 2.
  MODPOST 21 modules
  Kernel: arch/arm/boot/Image is ready
  AS      arch/arm/boot/compressed/head.o
  CC      arch/arm/boot/compressed/misc.o
  CC      arch/arm/boot/compressed/decompress.o
  GZIP    arch/arm/boot/compressed/piggy.gzip
  AS      arch/arm/boot/compressed/lib1funcs.o
  CC      arch/arm/boot/compressed/string.o
  AS      arch/arm/boot/compressed/ashldi3.o
  CC      arch/arm/mach-msm/dal_remotetest.mod.o
  CC      arch/arm/mach-msm/dma_test.mod.o
  CC      arch/arm/mach-msm/msm-buspm-dev.mod.o
  CC      block/test-iosched.mod.o
  CC      crypto/ansi_cprng.mod.o
  CC      drivers/crypto/msm/qce.mod.o
  CC      drivers/crypto/msm/qcedev.mod.o
  CC      drivers/crypto/msm/qcrypto.mod.o
  CC      drivers/hid/hid-logitech-dj.mod.o
  CC      drivers/input/evbug.mod.o
  CC      drivers/media/video/gspca/gspca_main.mod.o
  CC      drivers/misc/msm_tsif.mod.o
  CC      drivers/misc/tsif_chrdev.mod.o
  CC      drivers/mmc/card/mmc_test.mod.o
  CC      drivers/scsi/scsi_wait_scan.mod.o
  CC      drivers/spi/spidev.mod.o
  CC      drivers/video/backlight/lcd.mod.o
  CC      net/ipv4/tcp_htcp.mod.o
  CC      net/ipv4/tcp_westwood.mod.o
  CC      net/sched/cls_flow.mod.o
  CC      net/sched/sch_dsmark.mod.o
  LD [M]  arch/arm/mach-msm/dal_remotetest.ko
  LD [M]  arch/arm/mach-msm/dma_test.ko
  LD [M]  arch/arm/mach-msm/msm-buspm-dev.ko
  LD [M]  block/test-iosched.ko
  LD [M]  crypto/ansi_cprng.ko
  LD [M]  drivers/crypto/msm/qce.ko
  LD [M]  drivers/crypto/msm/qcedev.ko
  LD [M]  drivers/crypto/msm/qcrypto.ko
  LD [M]  drivers/hid/hid-logitech-dj.ko
  LD [M]  drivers/input/evbug.ko
  LD [M]  drivers/media/video/gspca/gspca_main.ko
  LD [M]  drivers/misc/msm_tsif.ko
  LD [M]  drivers/misc/tsif_chrdev.ko
  LD [M]  drivers/mmc/card/mmc_test.ko
  LD [M]  drivers/spi/spidev.ko
  LD [M]  net/ipv4/tcp_htcp.ko
  LD [M]  drivers/video/backlight/lcd.ko
  LD [M]  drivers/scsi/scsi_wait_scan.ko
  LD [M]  net/sched/sch_dsmark.ko
  LD [M]  net/sched/cls_flow.ko
  LD [M]  net/ipv4/tcp_westwood.ko
  AS      arch/arm/boot/compressed/piggy.gzip.o
  LD      arch/arm/boot/compressed/vmlinux
  OBJCOPY arch/arm/boot/zImage
  Kernel: arch/arm/boot/zImage is ready
